[0.583s] Invoking command in '/home/robousr/workspace/proyecto/Planar/build/example_interfaces': CMAKE_PREFIX_PATH=/home/robousr/workspace/proyecto/Planar/install/example_description:/home/robousr/workspace/proyecto/Planar/install/example_control:/home/robousr/workspace/proyecto/Planar/install/example_bringup:/opt/ros/humble /usr/bin/cmake /home/robousr/workspace/proyecto/Planar/src/example_interfaces -DAMENT_CMAKE_SYMLINK_INSTALL=1 -DCMAKE_INSTALL_PREFIX=/home/robousr/workspace/proyecto/Planar/install/example_interfaces
[0.624s] -- The C compiler identification is GNU 11.4.0
[0.673s] -- The CXX compiler identification is GNU 11.4.0
[0.676s] -- Detecting C compiler ABI info
[0.735s] -- Detecting C compiler ABI info - done
[0.738s] -- Check for working C compiler: /usr/bin/cc - skipped
[0.738s] -- Detecting C compile features
[0.739s] -- Detecting C compile features - done
[0.741s] -- Detecting CXX compiler ABI info
[0.807s] -- Detecting CXX compiler ABI info - done
[0.812s] -- Check for working CXX compiler: /usr/bin/c++ - skipped
[0.812s] -- Detecting CXX compile features
[0.812s] -- Detecting CXX compile features - done
[0.815s] -- Found ament_cmake: 1.3.11 (/opt/ros/humble/share/ament_cmake/cmake)
[1.200s] -- Found Python3: /home/robousr/.pyenv/shims/python3 (found version "3.10.12") found components: Interpreter 
[1.301s] -- Override CMake install command with custom implementation using symlinks instead of copying resources
[1.326s] -- Found rosidl_default_generators: 1.2.0 (/opt/ros/humble/share/rosidl_default_generators/cmake)
[1.329s] -- Using all available rosidl_typesupport_c: rosidl_typesupport_fastrtps_c;rosidl_typesupport_introspection_c
[1.334s] -- Found rosidl_adapter: 3.1.6 (/opt/ros/humble/share/rosidl_adapter/cmake)
[1.368s] -- Using all available rosidl_typesupport_cpp: rosidl_typesupport_fastrtps_cpp;rosidl_typesupport_introspection_cpp
[1.393s] -- Found builtin_interfaces: 1.2.1 (/opt/ros/humble/share/builtin_interfaces/cmake)
[1.722s] -- Found ament_cmake_ros: 0.10.0 (/opt/ros/humble/share/ament_cmake_ros/cmake)
[1.984s] -- Using all available rosidl_typesupport_c: rosidl_typesupport_fastrtps_c;rosidl_typesupport_introspection_c
[2.319s] -- Using all available rosidl_typesupport_cpp: rosidl_typesupport_fastrtps_cpp;rosidl_typesupport_introspection_cpp
[2.377s] -- Found PythonInterp: /home/robousr/.pyenv/shims/python3 (found suitable version "3.10.12", minimum required is "3.6") 
[2.379s] -- Found python_cmake_module: 0.10.0 (/opt/ros/humble/share/python_cmake_module/cmake)
[2.438s] -- Found PythonLibs: /usr/lib/x86_64-linux-gnu/libpython3.10.so (found suitable version "3.10.12", minimum required is "3.5") 
[2.438s] -- Using PYTHON_EXECUTABLE: /home/robousr/.pyenv/shims/python3
[2.438s] -- Using PYTHON_INCLUDE_DIRS: /usr/include/python3.10
[2.438s] -- Using PYTHON_LIBRARIES: /usr/lib/x86_64-linux-gnu/libpython3.10.so
[2.498s] -- Found PythonExtra: .so  
[2.572s] -- Found ament_lint_auto: 0.12.12 (/opt/ros/humble/share/ament_lint_auto/cmake)
[2.587s] -- Added test 'lint_cmake' to check CMake code style
[2.587s] -- Added test 'xmllint' to check XML markup files
[2.590s] -- Configuring done
[2.612s] -- Generating done
[2.619s] -- Build files have been written to: /home/robousr/workspace/proyecto/Planar/build/example_interfaces
[2.624s] Invoked command in '/home/robousr/workspace/proyecto/Planar/build/example_interfaces' returned '0': CMAKE_PREFIX_PATH=/home/robousr/workspace/proyecto/Planar/install/example_description:/home/robousr/workspace/proyecto/Planar/install/example_control:/home/robousr/workspace/proyecto/Planar/install/example_bringup:/opt/ros/humble /usr/bin/cmake /home/robousr/workspace/proyecto/Planar/src/example_interfaces -DAMENT_CMAKE_SYMLINK_INSTALL=1 -DCMAKE_INSTALL_PREFIX=/home/robousr/workspace/proyecto/Planar/install/example_interfaces
[2.625s] Invoking command in '/home/robousr/workspace/proyecto/Planar/build/example_interfaces': CMAKE_PREFIX_PATH=/home/robousr/workspace/proyecto/Planar/install/example_description:/home/robousr/workspace/proyecto/Planar/install/example_control:/home/robousr/workspace/proyecto/Planar/install/example_bringup:/opt/ros/humble /usr/bin/cmake --build /home/robousr/workspace/proyecto/Planar/build/example_interfaces -- -j4 -l4
[2.662s] [  3%] [34m[1mGenerating C code for ROS interfaces[0m
[2.669s] [  6%] [34m[1mGenerating C++ code for ROS interfaces[0m
[2.677s] [  6%] Built target ament_cmake_python_symlink_example_interfaces
[2.883s] [  6%] Built target example_interfaces__cpp
[2.889s] [  9%] [34m[1mGenerating C++ type support dispatch for ROS interfaces[0m
[2.895s] [ 12%] [34m[1mGenerating C++ type support for eProsima Fast-RTPS[0m
[2.916s] [ 16%] [32mBuilding C object CMakeFiles/example_interfaces__rosidl_generator_c.dir/rosidl_generator_c/example_interfaces/msg/detail/example_msg__functions.c.o[0m
[2.958s] running egg_info
[2.958s] creating example_interfaces.egg-info
[2.959s] writing example_interfaces.egg-info/PKG-INFO
[2.959s] writing dependency_links to example_interfaces.egg-info/dependency_links.txt
[2.959s] writing top-level names to example_interfaces.egg-info/top_level.txt
[2.959s] writing manifest file 'example_interfaces.egg-info/SOURCES.txt'
[2.961s] reading manifest file 'example_interfaces.egg-info/SOURCES.txt'
[2.962s] writing manifest file 'example_interfaces.egg-info/SOURCES.txt'
[2.980s] [ 19%] [32m[1mLinking C shared library libexample_interfaces__rosidl_generator_c.so[0m
[2.988s] [ 19%] Built target ament_cmake_python_build_example_interfaces_egg
[3.009s] [ 22%] [34m[1mGenerating C++ introspection for ROS interfaces[0m
[3.020s] [ 22%] Built target example_interfaces__rosidl_generator_c
[3.035s] [ 25%] [34m[1mGenerating C type support for eProsima Fast-RTPS[0m
[3.125s] [ 29%] [32mBuilding CXX object CMakeFiles/example_interfaces__rosidl_typesupport_cpp.dir/rosidl_typesupport_cpp/example_interfaces/msg/example_msg__type_support.cpp.o[0m
[3.129s] [ 32%] [32mBuilding CXX object CMakeFiles/example_interfaces__rosidl_typesupport_fastrtps_cpp.dir/rosidl_typesupport_fastrtps_cpp/example_interfaces/msg/detail/dds_fastrtps/example_msg__type_support.cpp.o[0m
[3.258s] [ 35%] [32mBuilding CXX object CMakeFiles/example_interfaces__rosidl_typesupport_introspection_cpp.dir/rosidl_typesupport_introspection_cpp/example_interfaces/msg/detail/example_msg__type_support.cpp.o[0m
[3.265s] [ 38%] [32mBuilding CXX object CMakeFiles/example_interfaces__rosidl_typesupport_fastrtps_c.dir/rosidl_typesupport_fastrtps_c/example_interfaces/msg/detail/example_msg__type_support_c.cpp.o[0m
[3.306s] [ 41%] [32m[1mLinking CXX shared library libexample_interfaces__rosidl_typesupport_cpp.so[0m
[3.341s] [ 41%] Built target example_interfaces__rosidl_typesupport_cpp
[3.350s] [ 45%] [34m[1mGenerating C introspection for ROS interfaces[0m
[3.395s] [ 48%] [32m[1mLinking CXX shared library libexample_interfaces__rosidl_typesupport_fastrtps_cpp.so[0m
[3.455s] [ 48%] Built target example_interfaces__rosidl_typesupport_fastrtps_cpp
[3.464s] [ 51%] [34m[1mGenerating C type support dispatch for ROS interfaces[0m
[3.499s] [ 54%] [32m[1mLinking CXX shared library libexample_interfaces__rosidl_typesupport_fastrtps_c.so[0m
[3.524s] [ 58%] [32m[1mLinking CXX shared library libexample_interfaces__rosidl_typesupport_introspection_cpp.so[0m
[3.557s] [ 58%] Built target example_interfaces__rosidl_typesupport_fastrtps_c
[3.567s] [ 61%] [32mBuilding C object CMakeFiles/example_interfaces__rosidl_typesupport_introspection_c.dir/rosidl_typesupport_introspection_c/example_interfaces/msg/detail/example_msg__type_support.c.o[0m
[3.577s] [ 61%] Built target example_interfaces__rosidl_typesupport_introspection_cpp
[3.594s] [ 64%] [32m[1mLinking C shared library libexample_interfaces__rosidl_typesupport_introspection_c.so[0m
[3.618s] [ 64%] Built target example_interfaces__rosidl_typesupport_introspection_c
[3.645s] [ 67%] [32mBuilding CXX object CMakeFiles/example_interfaces__rosidl_typesupport_c.dir/rosidl_typesupport_c/example_interfaces/msg/example_msg__type_support.cpp.o[0m
[3.668s] [ 70%] [32m[1mLinking CXX shared library libexample_interfaces__rosidl_typesupport_c.so[0m
[3.697s] [ 70%] Built target example_interfaces__rosidl_typesupport_c
[3.711s] [ 70%] Built target example_interfaces
[3.726s] [ 74%] [34m[1mGenerating Python code for ROS interfaces[0m
[3.919s] [ 74%] Built target example_interfaces__py
[3.935s] [ 77%] [32mBuilding C object CMakeFiles/example_interfaces__rosidl_generator_py.dir/rosidl_generator_py/example_interfaces/msg/_example_msg_s.c.o[0m
[4.001s] [ 80%] [32m[1mLinking C shared library rosidl_generator_py/example_interfaces/libexample_interfaces__rosidl_generator_py.so[0m
[4.031s] [ 80%] Built target example_interfaces__rosidl_generator_py
[4.049s] [ 87%] [32mBuilding C object CMakeFiles/example_interfaces__rosidl_typesupport_fastrtps_c__pyext.dir/rosidl_generator_py/example_interfaces/_example_interfaces_s.ep.rosidl_typesupport_fastrtps_c.c.o[0m
[4.049s] [ 87%] [32mBuilding C object CMakeFiles/example_interfaces__rosidl_typesupport_introspection_c__pyext.dir/rosidl_generator_py/example_interfaces/_example_interfaces_s.ep.rosidl_typesupport_introspection_c.c.o[0m
[4.049s] [ 90%] [32mBuilding C object CMakeFiles/example_interfaces__rosidl_typesupport_c__pyext.dir/rosidl_generator_py/example_interfaces/_example_interfaces_s.ep.rosidl_typesupport_c.c.o[0m
[4.117s] [ 96%] [32m[1mLinking C shared library rosidl_generator_py/example_interfaces/example_interfaces_s__rosidl_typesupport_fastrtps_c.cpython-310-x86_64-linux-gnu.so[0m
[4.117s] [ 96%] [32m[1mLinking C shared library rosidl_generator_py/example_interfaces/example_interfaces_s__rosidl_typesupport_c.cpython-310-x86_64-linux-gnu.so[0m
[4.118s] [100%] [32m[1mLinking C shared library rosidl_generator_py/example_interfaces/example_interfaces_s__rosidl_typesupport_introspection_c.cpython-310-x86_64-linux-gnu.so[0m
[4.147s] [100%] Built target example_interfaces__rosidl_typesupport_c__pyext
[4.147s] [100%] Built target example_interfaces__rosidl_typesupport_introspection_c__pyext
[4.147s] [100%] Built target example_interfaces__rosidl_typesupport_fastrtps_c__pyext
[4.155s] Invoked command in '/home/robousr/workspace/proyecto/Planar/build/example_interfaces' returned '0': CMAKE_PREFIX_PATH=/home/robousr/workspace/proyecto/Planar/install/example_description:/home/robousr/workspace/proyecto/Planar/install/example_control:/home/robousr/workspace/proyecto/Planar/install/example_bringup:/opt/ros/humble /usr/bin/cmake --build /home/robousr/workspace/proyecto/Planar/build/example_interfaces -- -j4 -l4
[4.162s] Invoking command in '/home/robousr/workspace/proyecto/Planar/build/example_interfaces': CMAKE_PREFIX_PATH=/home/robousr/workspace/proyecto/Planar/install/example_description:/home/robousr/workspace/proyecto/Planar/install/example_control:/home/robousr/workspace/proyecto/Planar/install/example_bringup:/opt/ros/humble /usr/bin/cmake --install /home/robousr/workspace/proyecto/Planar/build/example_interfaces
[4.166s] -- Install configuration: ""
[4.167s] -- Execute custom install script
[4.167s] -- Symlinking: /home/robousr/workspace/proyecto/Planar/install/example_interfaces/share/ament_index/resource_index/rosidl_interfaces/example_interfaces
[4.174s] -- Symlinking: /home/robousr/workspace/proyecto/Planar/install/example_interfaces/include/example_interfaces/example_interfaces/msg/detail/example_msg__functions.h
[4.179s] -- Symlinking: /home/robousr/workspace/proyecto/Planar/install/example_interfaces/include/example_interfaces/example_interfaces/msg/detail/example_msg__struct.h
[4.185s] -- Symlinking: /home/robousr/workspace/proyecto/Planar/install/example_interfaces/include/example_interfaces/example_interfaces/msg/detail/example_msg__type_support.h
[4.190s] -- Symlinking: /home/robousr/workspace/proyecto/Planar/install/example_interfaces/include/example_interfaces/example_interfaces/msg/example_msg.h
[4.196s] -- Symlinking: /home/robousr/workspace/proyecto/Planar/install/example_interfaces/include/example_interfaces/example_interfaces/msg/rosidl_generator_c__visibility_control.h
[4.202s] -- Symlinking: /home/robousr/workspace/proyecto/Planar/install/example_interfaces/share/example_interfaces/environment/library_path.sh
[4.209s] -- Symlinking: /home/robousr/workspace/proyecto/Planar/install/example_interfaces/share/example_interfaces/environment/library_path.dsv
[4.214s] -- Symlinking: /home/robousr/workspace/proyecto/Planar/install/example_interfaces/include/example_interfaces/example_interfaces/msg/detail/example_msg__rosidl_typesupport_fastrtps_c.h
[4.220s] -- Symlinking: /home/robousr/workspace/proyecto/Planar/install/example_interfaces/include/example_interfaces/example_interfaces/msg/rosidl_typesupport_fastrtps_c__visibility_control.h
[4.225s] -- Symlinking: /home/robousr/workspace/proyecto/Planar/install/example_interfaces/include/example_interfaces/example_interfaces/msg/detail/example_msg__rosidl_typesupport_introspection_c.h
[4.232s] -- Symlinking: /home/robousr/workspace/proyecto/Planar/install/example_interfaces/include/example_interfaces/example_interfaces/msg/rosidl_typesupport_introspection_c__visibility_control.h
[4.238s] -- Symlinking: /home/robousr/workspace/proyecto/Planar/install/example_interfaces/include/example_interfaces/example_interfaces/msg/detail/example_msg__builder.hpp
[4.245s] -- Symlinking: /home/robousr/workspace/proyecto/Planar/install/example_interfaces/include/example_interfaces/example_interfaces/msg/detail/example_msg__struct.hpp
[4.251s] -- Symlinking: /home/robousr/workspace/proyecto/Planar/install/example_interfaces/include/example_interfaces/example_interfaces/msg/detail/example_msg__traits.hpp
[4.257s] -- Symlinking: /home/robousr/workspace/proyecto/Planar/install/example_interfaces/include/example_interfaces/example_interfaces/msg/detail/example_msg__type_support.hpp
[4.262s] -- Symlinking: /home/robousr/workspace/proyecto/Planar/install/example_interfaces/include/example_interfaces/example_interfaces/msg/example_msg.hpp
[4.268s] -- Symlinking: /home/robousr/workspace/proyecto/Planar/install/example_interfaces/include/example_interfaces/example_interfaces/msg/rosidl_generator_cpp__visibility_control.hpp
[4.275s] -- Symlinking: /home/robousr/workspace/proyecto/Planar/install/example_interfaces/include/example_interfaces/example_interfaces/msg/detail/example_msg__rosidl_typesupport_fastrtps_cpp.hpp
[4.280s] -- Symlinking: /home/robousr/workspace/proyecto/Planar/install/example_interfaces/include/example_interfaces/example_interfaces/msg/rosidl_typesupport_fastrtps_cpp__visibility_control.h
[4.286s] -- Symlinking: /home/robousr/workspace/proyecto/Planar/install/example_interfaces/include/example_interfaces/example_interfaces/msg/detail/example_msg__rosidl_typesupport_introspection_cpp.hpp
[4.292s] -- Symlinking: /home/robousr/workspace/proyecto/Planar/install/example_interfaces/share/example_interfaces/environment/pythonpath.sh
[4.297s] -- Symlinking: /home/robousr/workspace/proyecto/Planar/install/example_interfaces/share/example_interfaces/environment/pythonpath.dsv
[4.303s] -- Symlinking: /home/robousr/workspace/proyecto/Planar/install/example_interfaces/local/lib/python3.10/dist-packages/example_interfaces-0.0.0-py3.10.egg-info/PKG-INFO
[4.309s] -- Symlinking: /home/robousr/workspace/proyecto/Planar/install/example_interfaces/local/lib/python3.10/dist-packages/example_interfaces-0.0.0-py3.10.egg-info/SOURCES.txt
[4.314s] -- Symlinking: /home/robousr/workspace/proyecto/Planar/install/example_interfaces/local/lib/python3.10/dist-packages/example_interfaces-0.0.0-py3.10.egg-info/dependency_links.txt
[4.319s] -- Symlinking: /home/robousr/workspace/proyecto/Planar/install/example_interfaces/local/lib/python3.10/dist-packages/example_interfaces-0.0.0-py3.10.egg-info/top_level.txt
[4.325s] -- Symlinking: /home/robousr/workspace/proyecto/Planar/install/example_interfaces/local/lib/python3.10/dist-packages/example_interfaces/__init__.py
[4.332s] -- Symlinking: /home/robousr/workspace/proyecto/Planar/install/example_interfaces/local/lib/python3.10/dist-packages/example_interfaces/_example_interfaces_s.ep.rosidl_typesupport_c.c
[4.338s] -- Symlinking: /home/robousr/workspace/proyecto/Planar/install/example_interfaces/local/lib/python3.10/dist-packages/example_interfaces/_example_interfaces_s.ep.rosidl_typesupport_fastrtps_c.c
[4.344s] -- Symlinking: /home/robousr/workspace/proyecto/Planar/install/example_interfaces/local/lib/python3.10/dist-packages/example_interfaces/_example_interfaces_s.ep.rosidl_typesupport_introspection_c.c
[4.350s] -- Symlinking: /home/robousr/workspace/proyecto/Planar/install/example_interfaces/local/lib/python3.10/dist-packages/example_interfaces/example_interfaces_s__rosidl_typesupport_c.cpython-310-x86_64-linux-gnu.so
[4.356s] -- Symlinking: /home/robousr/workspace/proyecto/Planar/install/example_interfaces/local/lib/python3.10/dist-packages/example_interfaces/example_interfaces_s__rosidl_typesupport_fastrtps_c.cpython-310-x86_64-linux-gnu.so
[4.362s] -- Symlinking: /home/robousr/workspace/proyecto/Planar/install/example_interfaces/local/lib/python3.10/dist-packages/example_interfaces/example_interfaces_s__rosidl_typesupport_introspection_c.cpython-310-x86_64-linux-gnu.so
[4.367s] -- Symlinking: /home/robousr/workspace/proyecto/Planar/install/example_interfaces/local/lib/python3.10/dist-packages/example_interfaces/libexample_interfaces__rosidl_generator_py.so
[4.372s] -- Symlinking: /home/robousr/workspace/proyecto/Planar/install/example_interfaces/local/lib/python3.10/dist-packages/example_interfaces/msg/__init__.py
[4.378s] -- Symlinking: /home/robousr/workspace/proyecto/Planar/install/example_interfaces/local/lib/python3.10/dist-packages/example_interfaces/msg/_example_msg.py
[4.383s] -- Symlinking: /home/robousr/workspace/proyecto/Planar/install/example_interfaces/local/lib/python3.10/dist-packages/example_interfaces/msg/_example_msg_s.c
[4.388s] -- Up-to-date symlink: /home/robousr/workspace/proyecto/Planar/install/example_interfaces/local/lib/python3.10/dist-packages/example_interfaces/example_interfaces_s__rosidl_typesupport_fastrtps_c.cpython-310-x86_64-linux-gnu.so
[4.389s] -- Up-to-date symlink: /home/robousr/workspace/proyecto/Planar/install/example_interfaces/local/lib/python3.10/dist-packages/example_interfaces/example_interfaces_s__rosidl_typesupport_introspection_c.cpython-310-x86_64-linux-gnu.so
[4.389s] -- Up-to-date symlink: /home/robousr/workspace/proyecto/Planar/install/example_interfaces/local/lib/python3.10/dist-packages/example_interfaces/example_interfaces_s__rosidl_typesupport_c.cpython-310-x86_64-linux-gnu.so
[4.389s] -- Symlinking: /home/robousr/workspace/proyecto/Planar/install/example_interfaces/share/example_interfaces/msg/ExampleMsg.idl
[4.395s] -- Symlinking: /home/robousr/workspace/proyecto/Planar/install/example_interfaces/share/example_interfaces/msg/ExampleMsg.msg
[4.401s] -- Symlinking: /home/robousr/workspace/proyecto/Planar/install/example_interfaces/share/ament_index/resource_index/package_run_dependencies/example_interfaces
[4.406s] -- Symlinking: /home/robousr/workspace/proyecto/Planar/install/example_interfaces/share/ament_index/resource_index/parent_prefix_path/example_interfaces
[4.412s] -- Symlinking: /home/robousr/workspace/proyecto/Planar/install/example_interfaces/share/example_interfaces/environment/ament_prefix_path.sh
[4.417s] -- Symlinking: /home/robousr/workspace/proyecto/Planar/install/example_interfaces/share/example_interfaces/environment/ament_prefix_path.dsv
[4.423s] -- Symlinking: /home/robousr/workspace/proyecto/Planar/install/example_interfaces/share/example_interfaces/environment/path.sh
[4.429s] -- Symlinking: /home/robousr/workspace/proyecto/Planar/install/example_interfaces/share/example_interfaces/environment/path.dsv
[4.434s] -- Symlinking: /home/robousr/workspace/proyecto/Planar/install/example_interfaces/share/example_interfaces/local_setup.bash
[4.440s] -- Symlinking: /home/robousr/workspace/proyecto/Planar/install/example_interfaces/share/example_interfaces/local_setup.sh
[4.447s] -- Symlinking: /home/robousr/workspace/proyecto/Planar/install/example_interfaces/share/example_interfaces/local_setup.zsh
[4.452s] -- Symlinking: /home/robousr/workspace/proyecto/Planar/install/example_interfaces/share/example_interfaces/local_setup.dsv
[4.459s] -- Symlinking: /home/robousr/workspace/proyecto/Planar/install/example_interfaces/share/example_interfaces/package.dsv
[4.465s] -- Symlinking: /home/robousr/workspace/proyecto/Planar/install/example_interfaces/share/ament_index/resource_index/packages/example_interfaces
[4.470s] -- Symlinking: /home/robousr/workspace/proyecto/Planar/install/example_interfaces/share/example_interfaces/cmake/rosidl_cmake-extras.cmake
[4.476s] -- Symlinking: /home/robousr/workspace/proyecto/Planar/install/example_interfaces/share/example_interfaces/cmake/ament_cmake_export_dependencies-extras.cmake
[4.481s] -- Symlinking: /home/robousr/workspace/proyecto/Planar/install/example_interfaces/share/example_interfaces/cmake/ament_cmake_export_include_directories-extras.cmake
[4.487s] -- Symlinking: /home/robousr/workspace/proyecto/Planar/install/example_interfaces/share/example_interfaces/cmake/ament_cmake_export_libraries-extras.cmake
[4.493s] -- Symlinking: /home/robousr/workspace/proyecto/Planar/install/example_interfaces/share/example_interfaces/cmake/ament_cmake_export_targets-extras.cmake
[4.498s] -- Symlinking: /home/robousr/workspace/proyecto/Planar/install/example_interfaces/share/example_interfaces/cmake/rosidl_cmake_export_typesupport_targets-extras.cmake
[4.504s] -- Symlinking: /home/robousr/workspace/proyecto/Planar/install/example_interfaces/share/example_interfaces/cmake/rosidl_cmake_export_typesupport_libraries-extras.cmake
[4.509s] -- Symlinking: /home/robousr/workspace/proyecto/Planar/install/example_interfaces/share/example_interfaces/cmake/example_interfacesConfig.cmake
[4.514s] -- Symlinking: /home/robousr/workspace/proyecto/Planar/install/example_interfaces/share/example_interfaces/cmake/example_interfacesConfig-version.cmake
[4.520s] -- Symlinking: /home/robousr/workspace/proyecto/Planar/install/example_interfaces/share/example_interfaces/package.xml
[4.526s] -- Installing: /home/robousr/workspace/proyecto/Planar/install/example_interfaces/lib/libexample_interfaces__rosidl_generator_c.so
[4.526s] -- Set runtime path of "/home/robousr/workspace/proyecto/Planar/install/example_interfaces/lib/libexample_interfaces__rosidl_generator_c.so" to ""
[4.526s] -- Installing: /home/robousr/workspace/proyecto/Planar/install/example_interfaces/lib/libexample_interfaces__rosidl_typesupport_fastrtps_c.so
[4.526s] -- Set runtime path of "/home/robousr/workspace/proyecto/Planar/install/example_interfaces/lib/libexample_interfaces__rosidl_typesupport_fastrtps_c.so" to ""
[4.526s] -- Installing: /home/robousr/workspace/proyecto/Planar/install/example_interfaces/lib/libexample_interfaces__rosidl_typesupport_introspection_c.so
[4.527s] -- Set runtime path of "/home/robousr/workspace/proyecto/Planar/install/example_interfaces/lib/libexample_interfaces__rosidl_typesupport_introspection_c.so" to ""
[4.527s] -- Installing: /home/robousr/workspace/proyecto/Planar/install/example_interfaces/lib/libexample_interfaces__rosidl_typesupport_c.so
[4.527s] -- Set runtime path of "/home/robousr/workspace/proyecto/Planar/install/example_interfaces/lib/libexample_interfaces__rosidl_typesupport_c.so" to ""
[4.527s] -- Installing: /home/robousr/workspace/proyecto/Planar/install/example_interfaces/lib/libexample_interfaces__rosidl_typesupport_fastrtps_cpp.so
[4.528s] -- Set runtime path of "/home/robousr/workspace/proyecto/Planar/install/example_interfaces/lib/libexample_interfaces__rosidl_typesupport_fastrtps_cpp.so" to ""
[4.528s] -- Installing: /home/robousr/workspace/proyecto/Planar/install/example_interfaces/lib/libexample_interfaces__rosidl_typesupport_introspection_cpp.so
[4.528s] -- Set runtime path of "/home/robousr/workspace/proyecto/Planar/install/example_interfaces/lib/libexample_interfaces__rosidl_typesupport_introspection_cpp.so" to ""
[4.529s] -- Installing: /home/robousr/workspace/proyecto/Planar/install/example_interfaces/lib/libexample_interfaces__rosidl_typesupport_cpp.so
[4.529s] -- Set runtime path of "/home/robousr/workspace/proyecto/Planar/install/example_interfaces/lib/libexample_interfaces__rosidl_typesupport_cpp.so" to ""
[4.590s] Listing '/home/robousr/workspace/proyecto/Planar/install/example_interfaces/local/lib/python3.10/dist-packages/example_interfaces'...
[4.590s] Compiling '/home/robousr/workspace/proyecto/Planar/install/example_interfaces/local/lib/python3.10/dist-packages/example_interfaces/__init__.py'...
[4.590s] Listing '/home/robousr/workspace/proyecto/Planar/install/example_interfaces/local/lib/python3.10/dist-packages/example_interfaces/msg'...
[4.590s] Compiling '/home/robousr/workspace/proyecto/Planar/install/example_interfaces/local/lib/python3.10/dist-packages/example_interfaces/msg/__init__.py'...
[4.590s] Compiling '/home/robousr/workspace/proyecto/Planar/install/example_interfaces/local/lib/python3.10/dist-packages/example_interfaces/msg/_example_msg.py'...
[4.593s] -- Installing: /home/robousr/workspace/proyecto/Planar/install/example_interfaces/lib/libexample_interfaces__rosidl_generator_py.so
[4.593s] -- Set runtime path of "/home/robousr/workspace/proyecto/Planar/install/example_interfaces/lib/libexample_interfaces__rosidl_generator_py.so" to ""
[4.593s] -- Installing: /home/robousr/workspace/proyecto/Planar/install/example_interfaces/share/example_interfaces/cmake/export_example_interfaces__rosidl_generator_cExport.cmake
[4.593s] -- Installing: /home/robousr/workspace/proyecto/Planar/install/example_interfaces/share/example_interfaces/cmake/export_example_interfaces__rosidl_generator_cExport-noconfig.cmake
[4.593s] -- Installing: /home/robousr/workspace/proyecto/Planar/install/example_interfaces/share/example_interfaces/cmake/export_example_interfaces__rosidl_typesupport_fastrtps_cExport.cmake
[4.593s] -- Installing: /home/robousr/workspace/proyecto/Planar/install/example_interfaces/share/example_interfaces/cmake/export_example_interfaces__rosidl_typesupport_fastrtps_cExport-noconfig.cmake
[4.593s] -- Installing: /home/robousr/workspace/proyecto/Planar/install/example_interfaces/share/example_interfaces/cmake/example_interfaces__rosidl_typesupport_introspection_cExport.cmake
[4.593s] -- Installing: /home/robousr/workspace/proyecto/Planar/install/example_interfaces/share/example_interfaces/cmake/example_interfaces__rosidl_typesupport_introspection_cExport-noconfig.cmake
[4.594s] -- Installing: /home/robousr/workspace/proyecto/Planar/install/example_interfaces/share/example_interfaces/cmake/example_interfaces__rosidl_typesupport_cExport.cmake
[4.594s] -- Installing: /home/robousr/workspace/proyecto/Planar/install/example_interfaces/share/example_interfaces/cmake/example_interfaces__rosidl_typesupport_cExport-noconfig.cmake
[4.594s] -- Installing: /home/robousr/workspace/proyecto/Planar/install/example_interfaces/share/example_interfaces/cmake/export_example_interfaces__rosidl_generator_cppExport.cmake
[4.594s] -- Installing: /home/robousr/workspace/proyecto/Planar/install/example_interfaces/share/example_interfaces/cmake/export_example_interfaces__rosidl_typesupport_fastrtps_cppExport.cmake
[4.594s] -- Installing: /home/robousr/workspace/proyecto/Planar/install/example_interfaces/share/example_interfaces/cmake/export_example_interfaces__rosidl_typesupport_fastrtps_cppExport-noconfig.cmake
[4.594s] -- Installing: /home/robousr/workspace/proyecto/Planar/install/example_interfaces/share/example_interfaces/cmake/example_interfaces__rosidl_typesupport_introspection_cppExport.cmake
[4.594s] -- Installing: /home/robousr/workspace/proyecto/Planar/install/example_interfaces/share/example_interfaces/cmake/example_interfaces__rosidl_typesupport_introspection_cppExport-noconfig.cmake
[4.594s] -- Installing: /home/robousr/workspace/proyecto/Planar/install/example_interfaces/share/example_interfaces/cmake/example_interfaces__rosidl_typesupport_cppExport.cmake
[4.594s] -- Installing: /home/robousr/workspace/proyecto/Planar/install/example_interfaces/share/example_interfaces/cmake/example_interfaces__rosidl_typesupport_cppExport-noconfig.cmake
[4.594s] -- Installing: /home/robousr/workspace/proyecto/Planar/install/example_interfaces/share/example_interfaces/cmake/export_example_interfaces__rosidl_generator_pyExport.cmake
[4.595s] -- Installing: /home/robousr/workspace/proyecto/Planar/install/example_interfaces/share/example_interfaces/cmake/export_example_interfaces__rosidl_generator_pyExport-noconfig.cmake
[4.596s] Invoked command in '/home/robousr/workspace/proyecto/Planar/build/example_interfaces' returned '0': CMAKE_PREFIX_PATH=/home/robousr/workspace/proyecto/Planar/install/example_description:/home/robousr/workspace/proyecto/Planar/install/example_control:/home/robousr/workspace/proyecto/Planar/install/example_bringup:/opt/ros/humble /usr/bin/cmake --install /home/robousr/workspace/proyecto/Planar/build/example_interfaces
