[0.044s] DEBUG:colcon:Command line arguments: ['/usr/bin/colcon', 'build', '--symlink-install']
[0.044s] DEBUG:colcon:Parsed command line arguments: Namespace(log_base=None, log_level=None, verb_name='build', build_base='build', install_base='install', merge_install=False, symlink_install=True, test_result_base=None, continue_on_error=False, executor='parallel', parallel_workers=32, event_handlers=None, ignore_user_meta=False, metas=['./colcon.meta'], base_paths=['.'], packages_ignore=None, packages_ignore_regex=None, paths=None, packages_up_to=None, packages_up_to_regex=None, packages_above=None, packages_above_and_dependencies=None, packages_above_depth=None, packages_select_by_dep=None, packages_skip_by_dep=None, packages_skip_up_to=None, packages_select_build_failed=False, packages_skip_build_finished=False, packages_select_test_failures=False, packages_skip_test_passed=False, packages_select=None, packages_skip=None, packages_select_regex=None, packages_skip_regex=None, packages_start=None, packages_end=None, allow_overriding=[], cmake_args=None, cmake_target=None, cmake_target_skip_unavailable=False, cmake_clean_cache=False, cmake_clean_first=False, cmake_force_configure=False, ament_cmake_args=None, catkin_cmake_args=None, catkin_skip_building_tests=False, verb_parser=<colcon_defaults.argument_parser.defaults.DefaultArgumentsDecorator object at 0x7680eadd6fe0>, verb_extension=<colcon_core.verb.build.BuildVerb object at 0x7680eaf9cac0>, main=<bound method BuildVerb.main of <colcon_core.verb.build.BuildVerb object at 0x7680eaf9cac0>>)
[0.114s] Level 1:colcon.colcon_core.package_discovery:discover_packages(colcon_meta) check parameters
[0.114s] Level 1:colcon.colcon_core.package_discovery:discover_packages(recursive) check parameters
[0.114s] Level 1:colcon.colcon_core.package_discovery:discover_packages(ignore) check parameters
[0.114s] Level 1:colcon.colcon_core.package_discovery:discover_packages(path) check parameters
[0.114s] Level 1:colcon.colcon_core.package_discovery:discover_packages(colcon_meta) discover
[0.114s] Level 1:colcon.colcon_core.package_discovery:discover_packages(recursive) discover
[0.114s] INFO:colcon.colcon_core.package_discovery:Crawling recursively for packages in '/home/julio/Repo_Robotica_2026_2/Robotica-2026-2'
[0.114s] Level 1:colcon.colcon_core.package_identification:_identify(.) by extensions ['ignore', 'ignore_ament_install']
[0.114s] Level 1:colcon.colcon_core.package_identification:_identify(.) by extension 'ignore'
[0.114s] Level 1:colcon.colcon_core.package_identification:_identify(.) by extension 'ignore_ament_install'
[0.114s] Level 1:colcon.colcon_core.package_identification:_identify(.) by extensions ['colcon_pkg']
[0.114s] Level 1:colcon.colcon_core.package_identification:_identify(.) by extension 'colcon_pkg'
[0.114s] Level 1:colcon.colcon_core.package_identification:_identify(.) by extensions ['colcon_meta']
[0.114s] Level 1:colcon.colcon_core.package_identification:_identify(.) by extension 'colcon_meta'
[0.114s] Level 1:colcon.colcon_core.package_identification:_identify(.) by extensions ['ros']
[0.114s] Level 1:colcon.colcon_core.package_identification:_identify(.) by extension 'ros'
[0.118s] Level 1:colcon.colcon_core.package_identification:_identify(.) by extensions ['cmake', 'python']
[0.118s] Level 1:colcon.colcon_core.package_identification:_identify(.) by extension 'cmake'
[0.118s] Level 1:colcon.colcon_core.package_identification:_identify(.) by extension 'python'
[0.119s] Level 1:colcon.colcon_core.package_identification:_identify(.) by extensions ['python_setup_py']
[0.119s] Level 1:colcon.colcon_core.package_identification:_identify(.) by extension 'python_setup_py'
[0.119s] Level 1:colcon.colcon_core.package_identification:_identify(build) by extensions ['ignore', 'ignore_ament_install']
[0.119s] Level 1:colcon.colcon_core.package_identification:_identify(build) by extension 'ignore'
[0.119s] Level 1:colcon.colcon_core.package_identification:_identify(build) ignored
[0.119s] Level 1:colcon.colcon_core.package_identification:_identify(install) by extensions ['ignore', 'ignore_ament_install']
[0.119s] Level 1:colcon.colcon_core.package_identification:_identify(install) by extension 'ignore'
[0.119s] Level 1:colcon.colcon_core.package_identification:_identify(install) ignored
[0.119s] Level 1:colcon.colcon_core.package_identification:_identify(log) by extensions ['ignore', 'ignore_ament_install']
[0.119s] Level 1:colcon.colcon_core.package_identification:_identify(log) by extension 'ignore'
[0.119s] Level 1:colcon.colcon_core.package_identification:_identify(log) ignored
[0.119s] Level 1:colcon.colcon_core.package_identification:_identify(practica_1) by extensions ['ignore', 'ignore_ament_install']
[0.119s] Level 1:colcon.colcon_core.package_identification:_identify(practica_1) by extension 'ignore'
[0.119s] Level 1:colcon.colcon_core.package_identification:_identify(practica_1) by extension 'ignore_ament_install'
[0.119s] Level 1:colcon.colcon_core.package_identification:_identify(practica_1) by extensions ['colcon_pkg']
[0.119s] Level 1:colcon.colcon_core.package_identification:_identify(practica_1) by extension 'colcon_pkg'
[0.119s] Level 1:colcon.colcon_core.package_identification:_identify(practica_1) by extensions ['colcon_meta']
[0.119s] Level 1:colcon.colcon_core.package_identification:_identify(practica_1) by extension 'colcon_meta'
[0.119s] Level 1:colcon.colcon_core.package_identification:_identify(practica_1) by extensions ['ros']
[0.119s] Level 1:colcon.colcon_core.package_identification:_identify(practica_1) by extension 'ros'
[0.119s] Level 1:colcon.colcon_core.package_identification:_identify(practica_1) by extensions ['cmake', 'python']
[0.119s] Level 1:colcon.colcon_core.package_identification:_identify(practica_1) by extension 'cmake'
[0.119s] Level 1:colcon.colcon_core.package_identification:_identify(practica_1) by extension 'python'
[0.119s] Level 1:colcon.colcon_core.package_identification:_identify(practica_1) by extensions ['python_setup_py']
[0.119s] Level 1:colcon.colcon_core.package_identification:_identify(practica_1) by extension 'python_setup_py'
[0.119s] Level 1:colcon.colcon_core.package_identification:_identify(practica_1/images) by extensions ['ignore', 'ignore_ament_install']
[0.119s] Level 1:colcon.colcon_core.package_identification:_identify(practica_1/images) by extension 'ignore'
[0.119s] Level 1:colcon.colcon_core.package_identification:_identify(practica_1/images) by extension 'ignore_ament_install'
[0.119s] Level 1:colcon.colcon_core.package_identification:_identify(practica_1/images) by extensions ['colcon_pkg']
[0.119s] Level 1:colcon.colcon_core.package_identification:_identify(practica_1/images) by extension 'colcon_pkg'
[0.119s] Level 1:colcon.colcon_core.package_identification:_identify(practica_1/images) by extensions ['colcon_meta']
[0.119s] Level 1:colcon.colcon_core.package_identification:_identify(practica_1/images) by extension 'colcon_meta'
[0.119s] Level 1:colcon.colcon_core.package_identification:_identify(practica_1/images) by extensions ['ros']
[0.119s] Level 1:colcon.colcon_core.package_identification:_identify(practica_1/images) by extension 'ros'
[0.119s] Level 1:colcon.colcon_core.package_identification:_identify(practica_1/images) by extensions ['cmake', 'python']
[0.119s] Level 1:colcon.colcon_core.package_identification:_identify(practica_1/images) by extension 'cmake'
[0.119s] Level 1:colcon.colcon_core.package_identification:_identify(practica_1/images) by extension 'python'
[0.119s] Level 1:colcon.colcon_core.package_identification:_identify(practica_1/images) by extensions ['python_setup_py']
[0.119s] Level 1:colcon.colcon_core.package_identification:_identify(practica_1/images) by extension 'python_setup_py'
[0.119s] Level 1:colcon.colcon_core.package_identification:_identify(practica_2) by extensions ['ignore', 'ignore_ament_install']
[0.119s] Level 1:colcon.colcon_core.package_identification:_identify(practica_2) by extension 'ignore'
[0.119s] Level 1:colcon.colcon_core.package_identification:_identify(practica_2) by extension 'ignore_ament_install'
[0.119s] Level 1:colcon.colcon_core.package_identification:_identify(practica_2) by extensions ['colcon_pkg']
[0.119s] Level 1:colcon.colcon_core.package_identification:_identify(practica_2) by extension 'colcon_pkg'
[0.119s] Level 1:colcon.colcon_core.package_identification:_identify(practica_2) by extensions ['colcon_meta']
[0.119s] Level 1:colcon.colcon_core.package_identification:_identify(practica_2) by extension 'colcon_meta'
[0.119s] Level 1:colcon.colcon_core.package_identification:_identify(practica_2) by extensions ['ros']
[0.119s] Level 1:colcon.colcon_core.package_identification:_identify(practica_2) by extension 'ros'
[0.119s] Level 1:colcon.colcon_core.package_identification:_identify(practica_2) by extensions ['cmake', 'python']
[0.119s] Level 1:colcon.colcon_core.package_identification:_identify(practica_2) by extension 'cmake'
[0.119s] Level 1:colcon.colcon_core.package_identification:_identify(practica_2) by extension 'python'
[0.119s] Level 1:colcon.colcon_core.package_identification:_identify(practica_2) by extensions ['python_setup_py']
[0.119s] Level 1:colcon.colcon_core.package_identification:_identify(practica_2) by extension 'python_setup_py'
[0.120s] Level 1:colcon.colcon_core.package_identification:_identify(practica_2/practica_2) by extensions ['ignore', 'ignore_ament_install']
[0.120s] Level 1:colcon.colcon_core.package_identification:_identify(practica_2/practica_2) by extension 'ignore'
[0.120s] Level 1:colcon.colcon_core.package_identification:_identify(practica_2/practica_2) by extension 'ignore_ament_install'
[0.120s] Level 1:colcon.colcon_core.package_identification:_identify(practica_2/practica_2) by extensions ['colcon_pkg']
[0.120s] Level 1:colcon.colcon_core.package_identification:_identify(practica_2/practica_2) by extension 'colcon_pkg'
[0.120s] Level 1:colcon.colcon_core.package_identification:_identify(practica_2/practica_2) by extensions ['colcon_meta']
[0.120s] Level 1:colcon.colcon_core.package_identification:_identify(practica_2/practica_2) by extension 'colcon_meta'
[0.120s] Level 1:colcon.colcon_core.package_identification:_identify(practica_2/practica_2) by extensions ['ros']
[0.120s] Level 1:colcon.colcon_core.package_identification:_identify(practica_2/practica_2) by extension 'ros'
[0.120s] Level 1:colcon.colcon_core.package_identification:_identify(practica_2/practica_2) by extensions ['cmake', 'python']
[0.120s] Level 1:colcon.colcon_core.package_identification:_identify(practica_2/practica_2) by extension 'cmake'
[0.120s] Level 1:colcon.colcon_core.package_identification:_identify(practica_2/practica_2) by extension 'python'
[0.120s] Level 1:colcon.colcon_core.package_identification:_identify(practica_2/practica_2) by extensions ['python_setup_py']
[0.120s] Level 1:colcon.colcon_core.package_identification:_identify(practica_2/practica_2) by extension 'python_setup_py'
[0.120s] Level 1:colcon.colcon_core.package_identification:_identify(practica_2/practica_2/imagenes) by extensions ['ignore', 'ignore_ament_install']
[0.120s] Level 1:colcon.colcon_core.package_identification:_identify(practica_2/practica_2/imagenes) by extension 'ignore'
[0.120s] Level 1:colcon.colcon_core.package_identification:_identify(practica_2/practica_2/imagenes) by extension 'ignore_ament_install'
[0.120s] Level 1:colcon.colcon_core.package_identification:_identify(practica_2/practica_2/imagenes) by extensions ['colcon_pkg']
[0.120s] Level 1:colcon.colcon_core.package_identification:_identify(practica_2/practica_2/imagenes) by extension 'colcon_pkg'
[0.120s] Level 1:colcon.colcon_core.package_identification:_identify(practica_2/practica_2/imagenes) by extensions ['colcon_meta']
[0.120s] Level 1:colcon.colcon_core.package_identification:_identify(practica_2/practica_2/imagenes) by extension 'colcon_meta'
[0.120s] Level 1:colcon.colcon_core.package_identification:_identify(practica_2/practica_2/imagenes) by extensions ['ros']
[0.120s] Level 1:colcon.colcon_core.package_identification:_identify(practica_2/practica_2/imagenes) by extension 'ros'
[0.120s] Level 1:colcon.colcon_core.package_identification:_identify(practica_2/practica_2/imagenes) by extensions ['cmake', 'python']
[0.120s] Level 1:colcon.colcon_core.package_identification:_identify(practica_2/practica_2/imagenes) by extension 'cmake'
[0.120s] Level 1:colcon.colcon_core.package_identification:_identify(practica_2/practica_2/imagenes) by extension 'python'
[0.120s] Level 1:colcon.colcon_core.package_identification:_identify(practica_2/practica_2/imagenes) by extensions ['python_setup_py']
[0.120s] Level 1:colcon.colcon_core.package_identification:_identify(practica_2/practica_2/imagenes) by extension 'python_setup_py'
[0.120s] Level 1:colcon.colcon_core.package_identification:_identify(src) by extensions ['ignore', 'ignore_ament_install']
[0.120s] Level 1:colcon.colcon_core.package_identification:_identify(src) by extension 'ignore'
[0.120s] Level 1:colcon.colcon_core.package_identification:_identify(src) by extension 'ignore_ament_install'
[0.120s] Level 1:colcon.colcon_core.package_identification:_identify(src) by extensions ['colcon_pkg']
[0.120s] Level 1:colcon.colcon_core.package_identification:_identify(src) by extension 'colcon_pkg'
[0.120s] Level 1:colcon.colcon_core.package_identification:_identify(src) by extensions ['colcon_meta']
[0.120s] Level 1:colcon.colcon_core.package_identification:_identify(src) by extension 'colcon_meta'
[0.120s] Level 1:colcon.colcon_core.package_identification:_identify(src) by extensions ['ros']
[0.120s] Level 1:colcon.colcon_core.package_identification:_identify(src) by extension 'ros'
[0.120s] Level 1:colcon.colcon_core.package_identification:_identify(src) by extensions ['cmake', 'python']
[0.120s] Level 1:colcon.colcon_core.package_identification:_identify(src) by extension 'cmake'
[0.120s] Level 1:colcon.colcon_core.package_identification:_identify(src) by extension 'python'
[0.120s] Level 1:colcon.colcon_core.package_identification:_identify(src) by extensions ['python_setup_py']
[0.120s] Level 1:colcon.colcon_core.package_identification:_identify(src) by extension 'python_setup_py'
[0.120s] Level 1:colcon.colcon_core.package_identification:_identify(src/rrr_bringup) by extensions ['ignore', 'ignore_ament_install']
[0.120s] Level 1:colcon.colcon_core.package_identification:_identify(src/rrr_bringup) by extension 'ignore'
[0.120s] Level 1:colcon.colcon_core.package_identification:_identify(src/rrr_bringup) by extension 'ignore_ament_install'
[0.120s] Level 1:colcon.colcon_core.package_identification:_identify(src/rrr_bringup) by extensions ['colcon_pkg']
[0.120s] Level 1:colcon.colcon_core.package_identification:_identify(src/rrr_bringup) by extension 'colcon_pkg'
[0.120s] Level 1:colcon.colcon_core.package_identification:_identify(src/rrr_bringup) by extensions ['colcon_meta']
[0.120s] Level 1:colcon.colcon_core.package_identification:_identify(src/rrr_bringup) by extension 'colcon_meta'
[0.120s] Level 1:colcon.colcon_core.package_identification:_identify(src/rrr_bringup) by extensions ['ros']
[0.120s] Level 1:colcon.colcon_core.package_identification:_identify(src/rrr_bringup) by extension 'ros'
[0.121s] DEBUG:colcon.colcon_core.package_identification:Package 'src/rrr_bringup' with type 'ros.ament_python' and name 'rrr_bringup'
[0.121s] Level 1:colcon.colcon_core.package_identification:_identify(src/rrr_control) by extensions ['ignore', 'ignore_ament_install']
[0.121s] Level 1:colcon.colcon_core.package_identification:_identify(src/rrr_control) by extension 'ignore'
[0.121s] Level 1:colcon.colcon_core.package_identification:_identify(src/rrr_control) by extension 'ignore_ament_install'
[0.121s] Level 1:colcon.colcon_core.package_identification:_identify(src/rrr_control) by extensions ['colcon_pkg']
[0.121s] Level 1:colcon.colcon_core.package_identification:_identify(src/rrr_control) by extension 'colcon_pkg'
[0.121s] Level 1:colcon.colcon_core.package_identification:_identify(src/rrr_control) by extensions ['colcon_meta']
[0.121s] Level 1:colcon.colcon_core.package_identification:_identify(src/rrr_control) by extension 'colcon_meta'
[0.122s] Level 1:colcon.colcon_core.package_identification:_identify(src/rrr_control) by extensions ['ros']
[0.122s] Level 1:colcon.colcon_core.package_identification:_identify(src/rrr_control) by extension 'ros'
[0.122s] DEBUG:colcon.colcon_core.package_identification:Package 'src/rrr_control' with type 'ros.ament_python' and name 'rrr_control'
[0.122s] Level 1:colcon.colcon_core.package_identification:_identify(src/rrr_description) by extensions ['ignore', 'ignore_ament_install']
[0.122s] Level 1:colcon.colcon_core.package_identification:_identify(src/rrr_description) by extension 'ignore'
[0.122s] Level 1:colcon.colcon_core.package_identification:_identify(src/rrr_description) by extension 'ignore_ament_install'
[0.122s] Level 1:colcon.colcon_core.package_identification:_identify(src/rrr_description) by extensions ['colcon_pkg']
[0.122s] Level 1:colcon.colcon_core.package_identification:_identify(src/rrr_description) by extension 'colcon_pkg'
[0.122s] Level 1:colcon.colcon_core.package_identification:_identify(src/rrr_description) by extensions ['colcon_meta']
[0.122s] Level 1:colcon.colcon_core.package_identification:_identify(src/rrr_description) by extension 'colcon_meta'
[0.122s] Level 1:colcon.colcon_core.package_identification:_identify(src/rrr_description) by extensions ['ros']
[0.122s] Level 1:colcon.colcon_core.package_identification:_identify(src/rrr_description) by extension 'ros'
[0.122s] DEBUG:colcon.colcon_core.package_identification:Package 'src/rrr_description' with type 'ros.ament_python' and name 'rrr_description'
[0.122s] Level 1:colcon.colcon_core.package_identification:_identify(src/rrr_rviz) by extensions ['ignore', 'ignore_ament_install']
[0.122s] Level 1:colcon.colcon_core.package_identification:_identify(src/rrr_rviz) by extension 'ignore'
[0.122s] Level 1:colcon.colcon_core.package_identification:_identify(src/rrr_rviz) by extension 'ignore_ament_install'
[0.122s] Level 1:colcon.colcon_core.package_identification:_identify(src/rrr_rviz) by extensions ['colcon_pkg']
[0.122s] Level 1:colcon.colcon_core.package_identification:_identify(src/rrr_rviz) by extension 'colcon_pkg'
[0.122s] Level 1:colcon.colcon_core.package_identification:_identify(src/rrr_rviz) by extensions ['colcon_meta']
[0.122s] Level 1:colcon.colcon_core.package_identification:_identify(src/rrr_rviz) by extension 'colcon_meta'
[0.122s] Level 1:colcon.colcon_core.package_identification:_identify(src/rrr_rviz) by extensions ['ros']
[0.122s] Level 1:colcon.colcon_core.package_identification:_identify(src/rrr_rviz) by extension 'ros'
[0.122s] DEBUG:colcon.colcon_core.package_identification:Package 'src/rrr_rviz' with type 'ros.ament_python' and name 'rrr_rviz'
[0.122s] Level 1:colcon.colcon_core.package_discovery:discover_packages(recursive) using defaults
[0.122s] Level 1:colcon.colcon_core.package_discovery:discover_packages(ignore) discover
[0.122s] Level 1:colcon.colcon_core.package_discovery:discover_packages(ignore) using defaults
[0.122s] Level 1:colcon.colcon_core.package_discovery:discover_packages(path) discover
[0.122s] Level 1:colcon.colcon_core.package_discovery:discover_packages(path) using defaults
[0.135s] Level 1:colcon.colcon_core.package_discovery:discover_packages(prefix_path) check parameters
[0.135s] Level 1:colcon.colcon_core.package_discovery:discover_packages(prefix_path) discover
[0.136s] DEBUG:colcon.colcon_installed_package_information.package_discovery:Found 4 installed packages in /home/julio/Repo_Robotica_2026_2/Robotica-2026-2/install
[0.136s] DEBUG:colcon.colcon_installed_package_information.package_discovery:Found 313 installed packages in /opt/ros/humble
[0.137s] Level 1:colcon.colcon_core.package_discovery:discover_packages(prefix_path) using defaults
[0.153s] Level 5:colcon.colcon_core.verb:set package 'rrr_bringup' build argument 'cmake_args' from command line to 'None'
[0.153s] Level 5:colcon.colcon_core.verb:set package 'rrr_bringup' build argument 'cmake_target' from command line to 'None'
[0.153s] Level 5:colcon.colcon_core.verb:set package 'rrr_bringup' build argument 'cmake_target_skip_unavailable' from command line to 'False'
[0.153s] Level 5:colcon.colcon_core.verb:set package 'rrr_bringup' build argument 'cmake_clean_cache' from command line to 'False'
[0.153s] Level 5:colcon.colcon_core.verb:set package 'rrr_bringup' build argument 'cmake_clean_first' from command line to 'False'
[0.153s] Level 5:colcon.colcon_core.verb:set package 'rrr_bringup' build argument 'cmake_force_configure' from command line to 'False'
[0.153s] Level 5:colcon.colcon_core.verb:set package 'rrr_bringup' build argument 'ament_cmake_args' from command line to 'None'
[0.153s] Level 5:colcon.colcon_core.verb:set package 'rrr_bringup' build argument 'catkin_cmake_args' from command line to 'None'
[0.153s] Level 5:colcon.colcon_core.verb:set package 'rrr_bringup' build argument 'catkin_skip_building_tests' from command line to 'False'
[0.153s] DEBUG:colcon.colcon_core.verb:Building package 'rrr_bringup' with the following arguments: {'ament_cmake_args': None, 'build_base': '/home/julio/Repo_Robotica_2026_2/Robotica-2026-2/build/rrr_bringup', 'catkin_cmake_args': None, 'catkin_skip_building_tests': False, 'cmake_args': None, 'cmake_clean_cache': False, 'cmake_clean_first': False, 'cmake_force_configure': False, 'cmake_target': None, 'cmake_target_skip_unavailable': False, 'install_base': '/home/julio/Repo_Robotica_2026_2/Robotica-2026-2/install/rrr_bringup', 'merge_install': False, 'path': '/home/julio/Repo_Robotica_2026_2/Robotica-2026-2/src/rrr_bringup', 'symlink_install': True, 'test_result_base': None}
[0.153s] Level 5:colcon.colcon_core.verb:set package 'rrr_control' build argument 'cmake_args' from command line to 'None'
[0.153s] Level 5:colcon.colcon_core.verb:set package 'rrr_control' build argument 'cmake_target' from command line to 'None'
[0.153s] Level 5:colcon.colcon_core.verb:set package 'rrr_control' build argument 'cmake_target_skip_unavailable' from command line to 'False'
[0.153s] Level 5:colcon.colcon_core.verb:set package 'rrr_control' build argument 'cmake_clean_cache' from command line to 'False'
[0.153s] Level 5:colcon.colcon_core.verb:set package 'rrr_control' build argument 'cmake_clean_first' from command line to 'False'
[0.153s] Level 5:colcon.colcon_core.verb:set package 'rrr_control' build argument 'cmake_force_configure' from command line to 'False'
[0.153s] Level 5:colcon.colcon_core.verb:set package 'rrr_control' build argument 'ament_cmake_args' from command line to 'None'
[0.153s] Level 5:colcon.colcon_core.verb:set package 'rrr_control' build argument 'catkin_cmake_args' from command line to 'None'
[0.153s] Level 5:colcon.colcon_core.verb:set package 'rrr_control' build argument 'catkin_skip_building_tests' from command line to 'False'
[0.153s] DEBUG:colcon.colcon_core.verb:Building package 'rrr_control' with the following arguments: {'ament_cmake_args': None, 'build_base': '/home/julio/Repo_Robotica_2026_2/Robotica-2026-2/build/rrr_control', 'catkin_cmake_args': None, 'catkin_skip_building_tests': False, 'cmake_args': None, 'cmake_clean_cache': False, 'cmake_clean_first': False, 'cmake_force_configure': False, 'cmake_target': None, 'cmake_target_skip_unavailable': False, 'install_base': '/home/julio/Repo_Robotica_2026_2/Robotica-2026-2/install/rrr_control', 'merge_install': False, 'path': '/home/julio/Repo_Robotica_2026_2/Robotica-2026-2/src/rrr_control', 'symlink_install': True, 'test_result_base': None}
[0.153s] Level 5:colcon.colcon_core.verb:set package 'rrr_description' build argument 'cmake_args' from command line to 'None'
[0.153s] Level 5:colcon.colcon_core.verb:set package 'rrr_description' build argument 'cmake_target' from command line to 'None'
[0.153s] Level 5:colcon.colcon_core.verb:set package 'rrr_description' build argument 'cmake_target_skip_unavailable' from command line to 'False'
[0.153s] Level 5:colcon.colcon_core.verb:set package 'rrr_description' build argument 'cmake_clean_cache' from command line to 'False'
[0.153s] Level 5:colcon.colcon_core.verb:set package 'rrr_description' build argument 'cmake_clean_first' from command line to 'False'
[0.154s] Level 5:colcon.colcon_core.verb:set package 'rrr_description' build argument 'cmake_force_configure' from command line to 'False'
[0.154s] Level 5:colcon.colcon_core.verb:set package 'rrr_description' build argument 'ament_cmake_args' from command line to 'None'
[0.154s] Level 5:colcon.colcon_core.verb:set package 'rrr_description' build argument 'catkin_cmake_args' from command line to 'None'
[0.154s] Level 5:colcon.colcon_core.verb:set package 'rrr_description' build argument 'catkin_skip_building_tests' from command line to 'False'
[0.154s] DEBUG:colcon.colcon_core.verb:Building package 'rrr_description' with the following arguments: {'ament_cmake_args': None, 'build_base': '/home/julio/Repo_Robotica_2026_2/Robotica-2026-2/build/rrr_description', 'catkin_cmake_args': None, 'catkin_skip_building_tests': False, 'cmake_args': None, 'cmake_clean_cache': False, 'cmake_clean_first': False, 'cmake_force_configure': False, 'cmake_target': None, 'cmake_target_skip_unavailable': False, 'install_base': '/home/julio/Repo_Robotica_2026_2/Robotica-2026-2/install/rrr_description', 'merge_install': False, 'path': '/home/julio/Repo_Robotica_2026_2/Robotica-2026-2/src/rrr_description', 'symlink_install': True, 'test_result_base': None}
[0.154s] Level 5:colcon.colcon_core.verb:set package 'rrr_rviz' build argument 'cmake_args' from command line to 'None'
[0.154s] Level 5:colcon.colcon_core.verb:set package 'rrr_rviz' build argument 'cmake_target' from command line to 'None'
[0.154s] Level 5:colcon.colcon_core.verb:set package 'rrr_rviz' build argument 'cmake_target_skip_unavailable' from command line to 'False'
[0.154s] Level 5:colcon.colcon_core.verb:set package 'rrr_rviz' build argument 'cmake_clean_cache' from command line to 'False'
[0.154s] Level 5:colcon.colcon_core.verb:set package 'rrr_rviz' build argument 'cmake_clean_first' from command line to 'False'
[0.154s] Level 5:colcon.colcon_core.verb:set package 'rrr_rviz' build argument 'cmake_force_configure' from command line to 'False'
[0.154s] Level 5:colcon.colcon_core.verb:set package 'rrr_rviz' build argument 'ament_cmake_args' from command line to 'None'
[0.154s] Level 5:colcon.colcon_core.verb:set package 'rrr_rviz' build argument 'catkin_cmake_args' from command line to 'None'
[0.154s] Level 5:colcon.colcon_core.verb:set package 'rrr_rviz' build argument 'catkin_skip_building_tests' from command line to 'False'
[0.154s] DEBUG:colcon.colcon_core.verb:Building package 'rrr_rviz' with the following arguments: {'ament_cmake_args': None, 'build_base': '/home/julio/Repo_Robotica_2026_2/Robotica-2026-2/build/rrr_rviz', 'catkin_cmake_args': None, 'catkin_skip_building_tests': False, 'cmake_args': None, 'cmake_clean_cache': False, 'cmake_clean_first': False, 'cmake_force_configure': False, 'cmake_target': None, 'cmake_target_skip_unavailable': False, 'install_base': '/home/julio/Repo_Robotica_2026_2/Robotica-2026-2/install/rrr_rviz', 'merge_install': False, 'path': '/home/julio/Repo_Robotica_2026_2/Robotica-2026-2/src/rrr_rviz', 'symlink_install': True, 'test_result_base': None}
[0.154s] INFO:colcon.colcon_core.executor:Executing jobs using 'parallel' executor
[0.155s] DEBUG:colcon.colcon_parallel_executor.executor.parallel:run_until_complete
[0.155s] INFO:colcon.colcon_ros.task.ament_python.build:Building ROS package in '/home/julio/Repo_Robotica_2026_2/Robotica-2026-2/src/rrr_bringup' with build type 'ament_python'
[0.155s] Level 1:colcon.colcon_core.shell:create_environment_hook('rrr_bringup', 'ament_prefix_path')
[0.156s] INFO:colcon.colcon_core.plugin_system:Skipping extension 'colcon_core.shell.bat': Not used on non-Windows systems
[0.156s] INFO:colcon.colcon_core.shell:Creating environment hook '/home/julio/Repo_Robotica_2026_2/Robotica-2026-2/install/rrr_bringup/share/rrr_bringup/hook/ament_prefix_path.ps1'
[0.156s] INFO:colcon.colcon_core.shell:Creating environment descriptor '/home/julio/Repo_Robotica_2026_2/Robotica-2026-2/install/rrr_bringup/share/rrr_bringup/hook/ament_prefix_path.dsv'
[0.156s] INFO:colcon.colcon_core.shell:Creating environment hook '/home/julio/Repo_Robotica_2026_2/Robotica-2026-2/install/rrr_bringup/share/rrr_bringup/hook/ament_prefix_path.sh'
[0.157s] INFO:colcon.colcon_core.shell:Skip shell extension 'powershell' for command environment: Not usable outside of PowerShell
[0.157s] DEBUG:colcon.colcon_core.shell:Skip shell extension 'dsv' for command environment
[0.158s] INFO:colcon.colcon_ros.task.ament_python.build:Building ROS package in '/home/julio/Repo_Robotica_2026_2/Robotica-2026-2/src/rrr_control' with build type 'ament_python'
[0.159s] Level 1:colcon.colcon_core.shell:create_environment_hook('rrr_control', 'ament_prefix_path')
[0.159s] INFO:colcon.colcon_core.shell:Creating environment hook '/home/julio/Repo_Robotica_2026_2/Robotica-2026-2/install/rrr_control/share/rrr_control/hook/ament_prefix_path.ps1'
[0.159s] INFO:colcon.colcon_core.shell:Creating environment descriptor '/home/julio/Repo_Robotica_2026_2/Robotica-2026-2/install/rrr_control/share/rrr_control/hook/ament_prefix_path.dsv'
[0.159s] INFO:colcon.colcon_core.shell:Creating environment hook '/home/julio/Repo_Robotica_2026_2/Robotica-2026-2/install/rrr_control/share/rrr_control/hook/ament_prefix_path.sh'
[0.159s] INFO:colcon.colcon_core.shell:Skip shell extension 'powershell' for command environment: Not usable outside of PowerShell
[0.159s] DEBUG:colcon.colcon_core.shell:Skip shell extension 'dsv' for command environment
[0.161s] INFO:colcon.colcon_ros.task.ament_python.build:Building ROS package in '/home/julio/Repo_Robotica_2026_2/Robotica-2026-2/src/rrr_description' with build type 'ament_python'
[0.161s] Level 1:colcon.colcon_core.shell:create_environment_hook('rrr_description', 'ament_prefix_path')
[0.161s] INFO:colcon.colcon_core.shell:Creating environment hook '/home/julio/Repo_Robotica_2026_2/Robotica-2026-2/install/rrr_description/share/rrr_description/hook/ament_prefix_path.ps1'
[0.161s] INFO:colcon.colcon_core.shell:Creating environment descriptor '/home/julio/Repo_Robotica_2026_2/Robotica-2026-2/install/rrr_description/share/rrr_description/hook/ament_prefix_path.dsv'
[0.161s] INFO:colcon.colcon_core.shell:Creating environment hook '/home/julio/Repo_Robotica_2026_2/Robotica-2026-2/install/rrr_description/share/rrr_description/hook/ament_prefix_path.sh'
[0.161s] INFO:colcon.colcon_core.shell:Skip shell extension 'powershell' for command environment: Not usable outside of PowerShell
[0.161s] DEBUG:colcon.colcon_core.shell:Skip shell extension 'dsv' for command environment
[0.163s] INFO:colcon.colcon_ros.task.ament_python.build:Building ROS package in '/home/julio/Repo_Robotica_2026_2/Robotica-2026-2/src/rrr_rviz' with build type 'ament_python'
[0.163s] Level 1:colcon.colcon_core.shell:create_environment_hook('rrr_rviz', 'ament_prefix_path')
[0.163s] INFO:colcon.colcon_core.shell:Creating environment hook '/home/julio/Repo_Robotica_2026_2/Robotica-2026-2/install/rrr_rviz/share/rrr_rviz/hook/ament_prefix_path.ps1'
[0.163s] INFO:colcon.colcon_core.shell:Creating environment descriptor '/home/julio/Repo_Robotica_2026_2/Robotica-2026-2/install/rrr_rviz/share/rrr_rviz/hook/ament_prefix_path.dsv'
[0.163s] INFO:colcon.colcon_core.shell:Creating environment hook '/home/julio/Repo_Robotica_2026_2/Robotica-2026-2/install/rrr_rviz/share/rrr_rviz/hook/ament_prefix_path.sh'
[0.163s] INFO:colcon.colcon_core.shell:Skip shell extension 'powershell' for command environment: Not usable outside of PowerShell
[0.163s] DEBUG:colcon.colcon_core.shell:Skip shell extension 'dsv' for command environment
[0.275s] INFO:colcon.colcon_core.task.python.build:Building Python package in '/home/julio/Repo_Robotica_2026_2/Robotica-2026-2/src/rrr_bringup'
[0.275s] INFO:colcon.colcon_core.shell:Skip shell extension 'powershell' for command environment: Not usable outside of PowerShell
[0.275s] DEBUG:colcon.colcon_core.shell:Skip shell extension 'dsv' for command environment
[0.395s] INFO:colcon.colcon_core.task.python.build:Building Python package in '/home/julio/Repo_Robotica_2026_2/Robotica-2026-2/src/rrr_control'
[0.395s] INFO:colcon.colcon_core.shell:Skip shell extension 'powershell' for command environment: Not usable outside of PowerShell
[0.395s] DEBUG:colcon.colcon_core.shell:Skip shell extension 'dsv' for command environment
[0.514s] INFO:colcon.colcon_core.task.python.build:Building Python package in '/home/julio/Repo_Robotica_2026_2/Robotica-2026-2/src/rrr_description'
[0.514s] INFO:colcon.colcon_core.shell:Skip shell extension 'powershell' for command environment: Not usable outside of PowerShell
[0.514s] DEBUG:colcon.colcon_core.shell:Skip shell extension 'dsv' for command environment
[0.626s] INFO:colcon.colcon_core.task.python.build:Building Python package in '/home/julio/Repo_Robotica_2026_2/Robotica-2026-2/src/rrr_rviz'
[0.626s] INFO:colcon.colcon_core.shell:Skip shell extension 'powershell' for command environment: Not usable outside of PowerShell
[0.626s] DEBUG:colcon.colcon_core.shell:Skip shell extension 'dsv' for command environment
[0.819s] DEBUG:colcon.colcon_core.event_handler.log_command:Invoking command in '/home/julio/Repo_Robotica_2026_2/Robotica-2026-2/build/rrr_rviz': PYTHONPATH=/home/julio/Repo_Robotica_2026_2/Robotica-2026-2/build/rrr_rviz/prefix_override:/usr/lib/python3/dist-packages/colcon_core/task/python/colcon_distutils_commands:/home/julio/Repo_Robotica_2026_2/Robotica-2026-2/install/rrr_rviz/lib/python3.10/site-packages:${PYTHONPATH} /usr/bin/python3 -W ignore:setup.py install is deprecated -W ignore:easy_install command is deprecated setup.py develop --editable --build-directory /home/julio/Repo_Robotica_2026_2/Robotica-2026-2/build/rrr_rviz/build --no-deps symlink_data
[0.820s] DEBUG:colcon.colcon_core.event_handler.log_command:Invoking command in '/home/julio/Repo_Robotica_2026_2/Robotica-2026-2/build/rrr_control': PYTHONPATH=/home/julio/Repo_Robotica_2026_2/Robotica-2026-2/build/rrr_control/prefix_override:/usr/lib/python3/dist-packages/colcon_core/task/python/colcon_distutils_commands:/home/julio/Repo_Robotica_2026_2/Robotica-2026-2/install/rrr_control/lib/python3.10/site-packages:${PYTHONPATH} /usr/bin/python3 -W ignore:setup.py install is deprecated -W ignore:easy_install command is deprecated setup.py develop --editable --build-directory /home/julio/Repo_Robotica_2026_2/Robotica-2026-2/build/rrr_control/build --no-deps symlink_data
[0.820s] DEBUG:colcon.colcon_core.event_handler.log_command:Invoking command in '/home/julio/Repo_Robotica_2026_2/Robotica-2026-2/build/rrr_description': PYTHONPATH=/home/julio/Repo_Robotica_2026_2/Robotica-2026-2/build/rrr_description/prefix_override:/usr/lib/python3/dist-packages/colcon_core/task/python/colcon_distutils_commands:/home/julio/Repo_Robotica_2026_2/Robotica-2026-2/install/rrr_description/lib/python3.10/site-packages:${PYTHONPATH} /usr/bin/python3 -W ignore:setup.py install is deprecated -W ignore:easy_install command is deprecated setup.py develop --editable --build-directory /home/julio/Repo_Robotica_2026_2/Robotica-2026-2/build/rrr_description/build --no-deps symlink_data
[0.830s] DEBUG:colcon.colcon_core.event_handler.log_command:Invoking command in '/home/julio/Repo_Robotica_2026_2/Robotica-2026-2/build/rrr_bringup': PYTHONPATH=/home/julio/Repo_Robotica_2026_2/Robotica-2026-2/build/rrr_bringup/prefix_override:/usr/lib/python3/dist-packages/colcon_core/task/python/colcon_distutils_commands:/home/julio/Repo_Robotica_2026_2/Robotica-2026-2/install/rrr_bringup/lib/python3.10/site-packages:${PYTHONPATH} /usr/bin/python3 -W ignore:setup.py install is deprecated -W ignore:easy_install command is deprecated setup.py develop --editable --build-directory /home/julio/Repo_Robotica_2026_2/Robotica-2026-2/build/rrr_bringup/build --no-deps symlink_data
[1.074s] Level 1:colcon.colcon_core.shell:create_environment_hook('rrr_description', 'pythonpath_develop')
[1.075s] INFO:colcon.colcon_core.shell:Creating environment hook '/home/julio/Repo_Robotica_2026_2/Robotica-2026-2/build/rrr_description/share/rrr_description/hook/pythonpath_develop.ps1'
[1.075s] DEBUG:colcon.colcon_core.event_handler.log_command:Invoked command in '/home/julio/Repo_Robotica_2026_2/Robotica-2026-2/build/rrr_description' returned '0': PYTHONPATH=/home/julio/Repo_Robotica_2026_2/Robotica-2026-2/build/rrr_description/prefix_override:/usr/lib/python3/dist-packages/colcon_core/task/python/colcon_distutils_commands:/home/julio/Repo_Robotica_2026_2/Robotica-2026-2/install/rrr_description/lib/python3.10/site-packages:${PYTHONPATH} /usr/bin/python3 -W ignore:setup.py install is deprecated -W ignore:easy_install command is deprecated setup.py develop --editable --build-directory /home/julio/Repo_Robotica_2026_2/Robotica-2026-2/build/rrr_description/build --no-deps symlink_data
[1.075s] INFO:colcon.colcon_core.shell:Creating environment descriptor '/home/julio/Repo_Robotica_2026_2/Robotica-2026-2/build/rrr_description/share/rrr_description/hook/pythonpath_develop.dsv'
[1.076s] INFO:colcon.colcon_core.shell:Creating environment hook '/home/julio/Repo_Robotica_2026_2/Robotica-2026-2/build/rrr_description/share/rrr_description/hook/pythonpath_develop.sh'
[1.077s] Level 1:colcon.colcon_core.environment:checking '/home/julio/Repo_Robotica_2026_2/Robotica-2026-2/install/rrr_description' for CMake module files
[1.077s] Level 1:colcon.colcon_core.environment:checking '/home/julio/Repo_Robotica_2026_2/Robotica-2026-2/install/rrr_description' for CMake config files
[1.077s] Level 1:colcon.colcon_core.environment:checking '/home/julio/Repo_Robotica_2026_2/Robotica-2026-2/install/rrr_description/lib'
[1.078s] Level 1:colcon.colcon_core.environment:checking '/home/julio/Repo_Robotica_2026_2/Robotica-2026-2/install/rrr_description/bin'
[1.078s] Level 1:colcon.colcon_core.environment:checking '/home/julio/Repo_Robotica_2026_2/Robotica-2026-2/install/rrr_description/lib/pkgconfig/rrr_description.pc'
[1.078s] Level 1:colcon.colcon_core.environment:checking '/home/julio/Repo_Robotica_2026_2/Robotica-2026-2/install/rrr_description/lib/python3.10/site-packages'
[1.078s] Level 1:colcon.colcon_core.shell:create_environment_hook('rrr_description', 'pythonpath')
[1.078s] INFO:colcon.colcon_core.shell:Creating environment hook '/home/julio/Repo_Robotica_2026_2/Robotica-2026-2/install/rrr_description/share/rrr_description/hook/pythonpath.ps1'
[1.078s] INFO:colcon.colcon_core.shell:Creating environment descriptor '/home/julio/Repo_Robotica_2026_2/Robotica-2026-2/install/rrr_description/share/rrr_description/hook/pythonpath.dsv'
[1.078s] INFO:colcon.colcon_core.shell:Creating environment hook '/home/julio/Repo_Robotica_2026_2/Robotica-2026-2/install/rrr_description/share/rrr_description/hook/pythonpath.sh'
[1.079s] Level 1:colcon.colcon_core.environment:checking '/home/julio/Repo_Robotica_2026_2/Robotica-2026-2/install/rrr_description/bin'
[1.079s] Level 1:colcon.colcon_core.environment:create_environment_scripts_only(rrr_description)
[1.079s] INFO:colcon.colcon_core.shell:Creating package script '/home/julio/Repo_Robotica_2026_2/Robotica-2026-2/install/rrr_description/share/rrr_description/package.ps1'
[1.079s] INFO:colcon.colcon_core.shell:Creating package descriptor '/home/julio/Repo_Robotica_2026_2/Robotica-2026-2/install/rrr_description/share/rrr_description/package.dsv'
[1.080s] INFO:colcon.colcon_core.shell:Creating package script '/home/julio/Repo_Robotica_2026_2/Robotica-2026-2/install/rrr_description/share/rrr_description/package.sh'
[1.080s] INFO:colcon.colcon_core.shell:Creating package script '/home/julio/Repo_Robotica_2026_2/Robotica-2026-2/install/rrr_description/share/rrr_description/package.bash'
[1.081s] INFO:colcon.colcon_core.shell:Creating package script '/home/julio/Repo_Robotica_2026_2/Robotica-2026-2/install/rrr_description/share/rrr_description/package.zsh'
[1.081s] Level 1:colcon.colcon_core.environment:create_file_with_runtime_dependencies(/home/julio/Repo_Robotica_2026_2/Robotica-2026-2/install/rrr_description/share/colcon-core/packages/rrr_description)
[1.082s] Level 1:colcon.colcon_core.shell:create_environment_hook('rrr_control', 'pythonpath_develop')
[1.083s] INFO:colcon.colcon_core.shell:Creating environment hook '/home/julio/Repo_Robotica_2026_2/Robotica-2026-2/build/rrr_control/share/rrr_control/hook/pythonpath_develop.ps1'
[1.083s] DEBUG:colcon.colcon_core.event_handler.log_command:Invoked command in '/home/julio/Repo_Robotica_2026_2/Robotica-2026-2/build/rrr_control' returned '0': PYTHONPATH=/home/julio/Repo_Robotica_2026_2/Robotica-2026-2/build/rrr_control/prefix_override:/usr/lib/python3/dist-packages/colcon_core/task/python/colcon_distutils_commands:/home/julio/Repo_Robotica_2026_2/Robotica-2026-2/install/rrr_control/lib/python3.10/site-packages:${PYTHONPATH} /usr/bin/python3 -W ignore:setup.py install is deprecated -W ignore:easy_install command is deprecated setup.py develop --editable --build-directory /home/julio/Repo_Robotica_2026_2/Robotica-2026-2/build/rrr_control/build --no-deps symlink_data
[1.083s] INFO:colcon.colcon_core.shell:Creating environment descriptor '/home/julio/Repo_Robotica_2026_2/Robotica-2026-2/build/rrr_control/share/rrr_control/hook/pythonpath_develop.dsv'
[1.083s] INFO:colcon.colcon_core.shell:Creating environment hook '/home/julio/Repo_Robotica_2026_2/Robotica-2026-2/build/rrr_control/share/rrr_control/hook/pythonpath_develop.sh'
[1.084s] Level 1:colcon.colcon_core.environment:checking '/home/julio/Repo_Robotica_2026_2/Robotica-2026-2/install/rrr_control' for CMake module files
[1.084s] Level 1:colcon.colcon_core.environment:checking '/home/julio/Repo_Robotica_2026_2/Robotica-2026-2/install/rrr_control' for CMake config files
[1.085s] Level 1:colcon.colcon_core.environment:checking '/home/julio/Repo_Robotica_2026_2/Robotica-2026-2/install/rrr_control/lib'
[1.085s] Level 1:colcon.colcon_core.environment:checking '/home/julio/Repo_Robotica_2026_2/Robotica-2026-2/install/rrr_control/bin'
[1.085s] Level 1:colcon.colcon_core.environment:checking '/home/julio/Repo_Robotica_2026_2/Robotica-2026-2/install/rrr_control/lib/pkgconfig/rrr_control.pc'
[1.085s] Level 1:colcon.colcon_core.environment:checking '/home/julio/Repo_Robotica_2026_2/Robotica-2026-2/install/rrr_control/lib/python3.10/site-packages'
[1.085s] Level 1:colcon.colcon_core.shell:create_environment_hook('rrr_control', 'pythonpath')
[1.085s] INFO:colcon.colcon_core.shell:Creating environment hook '/home/julio/Repo_Robotica_2026_2/Robotica-2026-2/install/rrr_control/share/rrr_control/hook/pythonpath.ps1'
[1.085s] INFO:colcon.colcon_core.shell:Creating environment descriptor '/home/julio/Repo_Robotica_2026_2/Robotica-2026-2/install/rrr_control/share/rrr_control/hook/pythonpath.dsv'
[1.085s] INFO:colcon.colcon_core.shell:Creating environment hook '/home/julio/Repo_Robotica_2026_2/Robotica-2026-2/install/rrr_control/share/rrr_control/hook/pythonpath.sh'
[1.086s] Level 1:colcon.colcon_core.environment:checking '/home/julio/Repo_Robotica_2026_2/Robotica-2026-2/install/rrr_control/bin'
[1.086s] Level 1:colcon.colcon_core.environment:create_environment_scripts_only(rrr_control)
[1.086s] INFO:colcon.colcon_core.shell:Creating package script '/home/julio/Repo_Robotica_2026_2/Robotica-2026-2/install/rrr_control/share/rrr_control/package.ps1'
[1.086s] INFO:colcon.colcon_core.shell:Creating package descriptor '/home/julio/Repo_Robotica_2026_2/Robotica-2026-2/install/rrr_control/share/rrr_control/package.dsv'
[1.086s] INFO:colcon.colcon_core.shell:Creating package script '/home/julio/Repo_Robotica_2026_2/Robotica-2026-2/install/rrr_control/share/rrr_control/package.sh'
[1.086s] INFO:colcon.colcon_core.shell:Creating package script '/home/julio/Repo_Robotica_2026_2/Robotica-2026-2/install/rrr_control/share/rrr_control/package.bash'
[1.087s] INFO:colcon.colcon_core.shell:Creating package script '/home/julio/Repo_Robotica_2026_2/Robotica-2026-2/install/rrr_control/share/rrr_control/package.zsh'
[1.087s] Level 1:colcon.colcon_core.environment:create_file_with_runtime_dependencies(/home/julio/Repo_Robotica_2026_2/Robotica-2026-2/install/rrr_control/share/colcon-core/packages/rrr_control)
[1.087s] Level 1:colcon.colcon_core.shell:create_environment_hook('rrr_rviz', 'pythonpath_develop')
[1.087s] INFO:colcon.colcon_core.shell:Creating environment hook '/home/julio/Repo_Robotica_2026_2/Robotica-2026-2/build/rrr_rviz/share/rrr_rviz/hook/pythonpath_develop.ps1'
[1.087s] INFO:colcon.colcon_core.shell:Creating environment descriptor '/home/julio/Repo_Robotica_2026_2/Robotica-2026-2/build/rrr_rviz/share/rrr_rviz/hook/pythonpath_develop.dsv'
[1.087s] INFO:colcon.colcon_core.shell:Creating environment hook '/home/julio/Repo_Robotica_2026_2/Robotica-2026-2/build/rrr_rviz/share/rrr_rviz/hook/pythonpath_develop.sh'
[1.088s] DEBUG:colcon.colcon_core.event_handler.log_command:Invoked command in '/home/julio/Repo_Robotica_2026_2/Robotica-2026-2/build/rrr_rviz' returned '0': PYTHONPATH=/home/julio/Repo_Robotica_2026_2/Robotica-2026-2/build/rrr_rviz/prefix_override:/usr/lib/python3/dist-packages/colcon_core/task/python/colcon_distutils_commands:/home/julio/Repo_Robotica_2026_2/Robotica-2026-2/install/rrr_rviz/lib/python3.10/site-packages:${PYTHONPATH} /usr/bin/python3 -W ignore:setup.py install is deprecated -W ignore:easy_install command is deprecated setup.py develop --editable --build-directory /home/julio/Repo_Robotica_2026_2/Robotica-2026-2/build/rrr_rviz/build --no-deps symlink_data
[1.088s] Level 1:colcon.colcon_core.environment:checking '/home/julio/Repo_Robotica_2026_2/Robotica-2026-2/install/rrr_rviz' for CMake module files
[1.088s] Level 1:colcon.colcon_core.environment:checking '/home/julio/Repo_Robotica_2026_2/Robotica-2026-2/install/rrr_rviz' for CMake config files
[1.088s] Level 1:colcon.colcon_core.environment:checking '/home/julio/Repo_Robotica_2026_2/Robotica-2026-2/install/rrr_rviz/lib'
[1.089s] Level 1:colcon.colcon_core.environment:checking '/home/julio/Repo_Robotica_2026_2/Robotica-2026-2/install/rrr_rviz/bin'
[1.089s] Level 1:colcon.colcon_core.environment:checking '/home/julio/Repo_Robotica_2026_2/Robotica-2026-2/install/rrr_rviz/lib/pkgconfig/rrr_rviz.pc'
[1.089s] Level 1:colcon.colcon_core.environment:checking '/home/julio/Repo_Robotica_2026_2/Robotica-2026-2/install/rrr_rviz/lib/python3.10/site-packages'
[1.089s] Level 1:colcon.colcon_core.shell:create_environment_hook('rrr_rviz', 'pythonpath')
[1.089s] INFO:colcon.colcon_core.shell:Creating environment hook '/home/julio/Repo_Robotica_2026_2/Robotica-2026-2/install/rrr_rviz/share/rrr_rviz/hook/pythonpath.ps1'
[1.089s] INFO:colcon.colcon_core.shell:Creating environment descriptor '/home/julio/Repo_Robotica_2026_2/Robotica-2026-2/install/rrr_rviz/share/rrr_rviz/hook/pythonpath.dsv'
[1.089s] INFO:colcon.colcon_core.shell:Creating environment hook '/home/julio/Repo_Robotica_2026_2/Robotica-2026-2/install/rrr_rviz/share/rrr_rviz/hook/pythonpath.sh'
[1.089s] Level 1:colcon.colcon_core.environment:checking '/home/julio/Repo_Robotica_2026_2/Robotica-2026-2/install/rrr_rviz/bin'
[1.089s] Level 1:colcon.colcon_core.environment:create_environment_scripts_only(rrr_rviz)
[1.090s] INFO:colcon.colcon_core.shell:Creating package script '/home/julio/Repo_Robotica_2026_2/Robotica-2026-2/install/rrr_rviz/share/rrr_rviz/package.ps1'
[1.090s] INFO:colcon.colcon_core.shell:Creating package descriptor '/home/julio/Repo_Robotica_2026_2/Robotica-2026-2/install/rrr_rviz/share/rrr_rviz/package.dsv'
[1.090s] INFO:colcon.colcon_core.shell:Creating package script '/home/julio/Repo_Robotica_2026_2/Robotica-2026-2/install/rrr_rviz/share/rrr_rviz/package.sh'
[1.090s] INFO:colcon.colcon_core.shell:Creating package script '/home/julio/Repo_Robotica_2026_2/Robotica-2026-2/install/rrr_rviz/share/rrr_rviz/package.bash'
[1.090s] INFO:colcon.colcon_core.shell:Creating package script '/home/julio/Repo_Robotica_2026_2/Robotica-2026-2/install/rrr_rviz/share/rrr_rviz/package.zsh'
[1.090s] Level 1:colcon.colcon_core.environment:create_file_with_runtime_dependencies(/home/julio/Repo_Robotica_2026_2/Robotica-2026-2/install/rrr_rviz/share/colcon-core/packages/rrr_rviz)
[1.091s] Level 1:colcon.colcon_core.shell:create_environment_hook('rrr_bringup', 'pythonpath_develop')
[1.091s] INFO:colcon.colcon_core.shell:Creating environment hook '/home/julio/Repo_Robotica_2026_2/Robotica-2026-2/build/rrr_bringup/share/rrr_bringup/hook/pythonpath_develop.ps1'
[1.092s] DEBUG:colcon.colcon_core.event_handler.log_command:Invoked command in '/home/julio/Repo_Robotica_2026_2/Robotica-2026-2/build/rrr_bringup' returned '0': PYTHONPATH=/home/julio/Repo_Robotica_2026_2/Robotica-2026-2/build/rrr_bringup/prefix_override:/usr/lib/python3/dist-packages/colcon_core/task/python/colcon_distutils_commands:/home/julio/Repo_Robotica_2026_2/Robotica-2026-2/install/rrr_bringup/lib/python3.10/site-packages:${PYTHONPATH} /usr/bin/python3 -W ignore:setup.py install is deprecated -W ignore:easy_install command is deprecated setup.py develop --editable --build-directory /home/julio/Repo_Robotica_2026_2/Robotica-2026-2/build/rrr_bringup/build --no-deps symlink_data
[1.092s] INFO:colcon.colcon_core.shell:Creating environment descriptor '/home/julio/Repo_Robotica_2026_2/Robotica-2026-2/build/rrr_bringup/share/rrr_bringup/hook/pythonpath_develop.dsv'
[1.092s] INFO:colcon.colcon_core.shell:Creating environment hook '/home/julio/Repo_Robotica_2026_2/Robotica-2026-2/build/rrr_bringup/share/rrr_bringup/hook/pythonpath_develop.sh'
[1.093s] Level 1:colcon.colcon_core.environment:checking '/home/julio/Repo_Robotica_2026_2/Robotica-2026-2/install/rrr_bringup' for CMake module files
[1.093s] Level 1:colcon.colcon_core.environment:checking '/home/julio/Repo_Robotica_2026_2/Robotica-2026-2/install/rrr_bringup' for CMake config files
[1.093s] Level 1:colcon.colcon_core.environment:checking '/home/julio/Repo_Robotica_2026_2/Robotica-2026-2/install/rrr_bringup/lib'
[1.093s] Level 1:colcon.colcon_core.environment:checking '/home/julio/Repo_Robotica_2026_2/Robotica-2026-2/install/rrr_bringup/bin'
[1.094s] Level 1:colcon.colcon_core.environment:checking '/home/julio/Repo_Robotica_2026_2/Robotica-2026-2/install/rrr_bringup/lib/pkgconfig/rrr_bringup.pc'
[1.094s] Level 1:colcon.colcon_core.environment:checking '/home/julio/Repo_Robotica_2026_2/Robotica-2026-2/install/rrr_bringup/lib/python3.10/site-packages'
[1.094s] Level 1:colcon.colcon_core.shell:create_environment_hook('rrr_bringup', 'pythonpath')
[1.094s] INFO:colcon.colcon_core.shell:Creating environment hook '/home/julio/Repo_Robotica_2026_2/Robotica-2026-2/install/rrr_bringup/share/rrr_bringup/hook/pythonpath.ps1'
[1.094s] INFO:colcon.colcon_core.shell:Creating environment descriptor '/home/julio/Repo_Robotica_2026_2/Robotica-2026-2/install/rrr_bringup/share/rrr_bringup/hook/pythonpath.dsv'
[1.094s] INFO:colcon.colcon_core.shell:Creating environment hook '/home/julio/Repo_Robotica_2026_2/Robotica-2026-2/install/rrr_bringup/share/rrr_bringup/hook/pythonpath.sh'
[1.095s] Level 1:colcon.colcon_core.environment:checking '/home/julio/Repo_Robotica_2026_2/Robotica-2026-2/install/rrr_bringup/bin'
[1.095s] Level 1:colcon.colcon_core.environment:create_environment_scripts_only(rrr_bringup)
[1.095s] INFO:colcon.colcon_core.shell:Creating package script '/home/julio/Repo_Robotica_2026_2/Robotica-2026-2/install/rrr_bringup/share/rrr_bringup/package.ps1'
[1.095s] INFO:colcon.colcon_core.shell:Creating package descriptor '/home/julio/Repo_Robotica_2026_2/Robotica-2026-2/install/rrr_bringup/share/rrr_bringup/package.dsv'
[1.095s] INFO:colcon.colcon_core.shell:Creating package script '/home/julio/Repo_Robotica_2026_2/Robotica-2026-2/install/rrr_bringup/share/rrr_bringup/package.sh'
[1.096s] INFO:colcon.colcon_core.shell:Creating package script '/home/julio/Repo_Robotica_2026_2/Robotica-2026-2/install/rrr_bringup/share/rrr_bringup/package.bash'
[1.096s] INFO:colcon.colcon_core.shell:Creating package script '/home/julio/Repo_Robotica_2026_2/Robotica-2026-2/install/rrr_bringup/share/rrr_bringup/package.zsh'
[1.096s] Level 1:colcon.colcon_core.environment:create_file_with_runtime_dependencies(/home/julio/Repo_Robotica_2026_2/Robotica-2026-2/install/rrr_bringup/share/colcon-core/packages/rrr_bringup)
[1.096s] DEBUG:colcon.colcon_parallel_executor.executor.parallel:closing loop
[1.096s] DEBUG:colcon.colcon_parallel_executor.executor.parallel:loop closed
[1.096s] DEBUG:colcon.colcon_parallel_executor.executor.parallel:run_until_complete finished with '0'
[1.096s] DEBUG:colcon.colcon_core.event_reactor:joining thread
[1.099s] INFO:colcon.colcon_core.plugin_system:Skipping extension 'colcon_notification.desktop_notification.terminal_notifier': Not used on non-Darwin systems
[1.099s] INFO:colcon.colcon_core.plugin_system:Skipping extension 'colcon_notification.desktop_notification.win32': Not used on non-Windows systems
[1.099s] INFO:colcon.colcon_notification.desktop_notification:Sending desktop notification using 'notify2'
[1.107s] DEBUG:colcon.colcon_core.event_reactor:joined thread
[1.107s] INFO:colcon.colcon_core.shell:Creating prefix script '/home/julio/Repo_Robotica_2026_2/Robotica-2026-2/install/local_setup.ps1'
[1.108s] INFO:colcon.colcon_core.shell:Creating prefix util module '/home/julio/Repo_Robotica_2026_2/Robotica-2026-2/install/_local_setup_util_ps1.py'
[1.108s] INFO:colcon.colcon_core.shell:Creating prefix chain script '/home/julio/Repo_Robotica_2026_2/Robotica-2026-2/install/setup.ps1'
[1.108s] INFO:colcon.colcon_core.shell:Creating prefix script '/home/julio/Repo_Robotica_2026_2/Robotica-2026-2/install/local_setup.sh'
[1.109s] INFO:colcon.colcon_core.shell:Creating prefix util module '/home/julio/Repo_Robotica_2026_2/Robotica-2026-2/install/_local_setup_util_sh.py'
[1.109s] INFO:colcon.colcon_core.shell:Creating prefix chain script '/home/julio/Repo_Robotica_2026_2/Robotica-2026-2/install/setup.sh'
[1.109s] INFO:colcon.colcon_core.shell:Creating prefix script '/home/julio/Repo_Robotica_2026_2/Robotica-2026-2/install/local_setup.bash'
[1.110s] INFO:colcon.colcon_core.shell:Creating prefix chain script '/home/julio/Repo_Robotica_2026_2/Robotica-2026-2/install/setup.bash'
[1.110s] INFO:colcon.colcon_core.shell:Creating prefix script '/home/julio/Repo_Robotica_2026_2/Robotica-2026-2/install/local_setup.zsh'
[1.110s] INFO:colcon.colcon_core.shell:Creating prefix chain script '/home/julio/Repo_Robotica_2026_2/Robotica-2026-2/install/setup.zsh'
