[0.109s] DEBUG:colcon:Command line arguments: ['/usr/bin/colcon', 'build', '--symlink-install']
[0.109s] DEBUG:colcon:Parsed command line arguments: Namespace(log_base=None, log_level=None, verb_name='build', build_base='build', install_base='install', merge_install=False, symlink_install=True, test_result_base=None, continue_on_error=False, executor='parallel', parallel_workers=32, event_handlers=None, ignore_user_meta=False, metas=['./colcon.meta'], base_paths=['.'], packages_ignore=None, packages_ignore_regex=None, paths=None, packages_up_to=None, packages_up_to_regex=None, packages_above=None, packages_above_and_dependencies=None, packages_above_depth=None, packages_select_by_dep=None, packages_skip_by_dep=None, packages_skip_up_to=None, packages_select_build_failed=False, packages_skip_build_finished=False, packages_select_test_failures=False, packages_skip_test_passed=False, packages_select=None, packages_skip=None, packages_select_regex=None, packages_skip_regex=None, packages_start=None, packages_end=None, allow_overriding=[], cmake_args=None, cmake_target=None, cmake_target_skip_unavailable=False, cmake_clean_cache=False, cmake_clean_first=False, cmake_force_configure=False, ament_cmake_args=None, catkin_cmake_args=None, catkin_skip_building_tests=False, verb_parser=<colcon_defaults.argument_parser.defaults.DefaultArgumentsDecorator object at 0x7c3bfc66d720>, verb_extension=<colcon_core.verb.build.BuildVerb object at 0x7c3bfc75f1c0>, main=<bound method BuildVerb.main of <colcon_core.verb.build.BuildVerb object at 0x7c3bfc75f1c0>>)
[0.218s] Level 1:colcon.colcon_core.package_discovery:discover_packages(colcon_meta) check parameters
[0.218s] Level 1:colcon.colcon_core.package_discovery:discover_packages(recursive) check parameters
[0.218s] Level 1:colcon.colcon_core.package_discovery:discover_packages(ignore) check parameters
[0.218s] Level 1:colcon.colcon_core.package_discovery:discover_packages(path) check parameters
[0.218s] Level 1:colcon.colcon_core.package_discovery:discover_packages(colcon_meta) discover
[0.218s] Level 1:colcon.colcon_core.package_discovery:discover_packages(recursive) discover
[0.218s] INFO:colcon.colcon_core.package_discovery:Crawling recursively for packages in '/home/julio/Repo_Robotica_2026_2/Robotica-2026-2'
[0.218s] Level 1:colcon.colcon_core.package_identification:_identify(.) by extensions ['ignore', 'ignore_ament_install']
[0.218s] Level 1:colcon.colcon_core.package_identification:_identify(.) by extension 'ignore'
[0.218s] Level 1:colcon.colcon_core.package_identification:_identify(.) by extension 'ignore_ament_install'
[0.218s] Level 1:colcon.colcon_core.package_identification:_identify(.) by extensions ['colcon_pkg']
[0.218s] Level 1:colcon.colcon_core.package_identification:_identify(.) by extension 'colcon_pkg'
[0.218s] Level 1:colcon.colcon_core.package_identification:_identify(.) by extensions ['colcon_meta']
[0.218s] Level 1:colcon.colcon_core.package_identification:_identify(.) by extension 'colcon_meta'
[0.218s] Level 1:colcon.colcon_core.package_identification:_identify(.) by extensions ['ros']
[0.218s] Level 1:colcon.colcon_core.package_identification:_identify(.) by extension 'ros'
[0.223s] Level 1:colcon.colcon_core.package_identification:_identify(.) by extensions ['cmake', 'python']
[0.223s] Level 1:colcon.colcon_core.package_identification:_identify(.) by extension 'cmake'
[0.223s] Level 1:colcon.colcon_core.package_identification:_identify(.) by extension 'python'
[0.223s] Level 1:colcon.colcon_core.package_identification:_identify(.) by extensions ['python_setup_py']
[0.223s] Level 1:colcon.colcon_core.package_identification:_identify(.) by extension 'python_setup_py'
[0.223s] Level 1:colcon.colcon_core.package_identification:_identify(build) by extensions ['ignore', 'ignore_ament_install']
[0.223s] Level 1:colcon.colcon_core.package_identification:_identify(build) by extension 'ignore'
[0.223s] Level 1:colcon.colcon_core.package_identification:_identify(build) ignored
[0.223s] Level 1:colcon.colcon_core.package_identification:_identify(install) by extensions ['ignore', 'ignore_ament_install']
[0.223s] Level 1:colcon.colcon_core.package_identification:_identify(install) by extension 'ignore'
[0.223s] Level 1:colcon.colcon_core.package_identification:_identify(install) ignored
[0.223s] Level 1:colcon.colcon_core.package_identification:_identify(log) by extensions ['ignore', 'ignore_ament_install']
[0.223s] Level 1:colcon.colcon_core.package_identification:_identify(log) by extension 'ignore'
[0.223s] Level 1:colcon.colcon_core.package_identification:_identify(log) ignored
[0.223s] Level 1:colcon.colcon_core.package_identification:_identify(practica_1) by extensions ['ignore', 'ignore_ament_install']
[0.223s] Level 1:colcon.colcon_core.package_identification:_identify(practica_1) by extension 'ignore'
[0.223s] Level 1:colcon.colcon_core.package_identification:_identify(practica_1) by extension 'ignore_ament_install'
[0.223s] Level 1:colcon.colcon_core.package_identification:_identify(practica_1) by extensions ['colcon_pkg']
[0.223s] Level 1:colcon.colcon_core.package_identification:_identify(practica_1) by extension 'colcon_pkg'
[0.223s] Level 1:colcon.colcon_core.package_identification:_identify(practica_1) by extensions ['colcon_meta']
[0.223s] Level 1:colcon.colcon_core.package_identification:_identify(practica_1) by extension 'colcon_meta'
[0.223s] Level 1:colcon.colcon_core.package_identification:_identify(practica_1) by extensions ['ros']
[0.223s] Level 1:colcon.colcon_core.package_identification:_identify(practica_1) by extension 'ros'
[0.223s] Level 1:colcon.colcon_core.package_identification:_identify(practica_1) by extensions ['cmake', 'python']
[0.223s] Level 1:colcon.colcon_core.package_identification:_identify(practica_1) by extension 'cmake'
[0.223s] Level 1:colcon.colcon_core.package_identification:_identify(practica_1) by extension 'python'
[0.223s] Level 1:colcon.colcon_core.package_identification:_identify(practica_1) by extensions ['python_setup_py']
[0.223s] Level 1:colcon.colcon_core.package_identification:_identify(practica_1) by extension 'python_setup_py'
[0.224s] Level 1:colcon.colcon_core.package_identification:_identify(practica_1/images) by extensions ['ignore', 'ignore_ament_install']
[0.224s] Level 1:colcon.colcon_core.package_identification:_identify(practica_1/images) by extension 'ignore'
[0.224s] Level 1:colcon.colcon_core.package_identification:_identify(practica_1/images) by extension 'ignore_ament_install'
[0.224s] Level 1:colcon.colcon_core.package_identification:_identify(practica_1/images) by extensions ['colcon_pkg']
[0.224s] Level 1:colcon.colcon_core.package_identification:_identify(practica_1/images) by extension 'colcon_pkg'
[0.224s] Level 1:colcon.colcon_core.package_identification:_identify(practica_1/images) by extensions ['colcon_meta']
[0.224s] Level 1:colcon.colcon_core.package_identification:_identify(practica_1/images) by extension 'colcon_meta'
[0.224s] Level 1:colcon.colcon_core.package_identification:_identify(practica_1/images) by extensions ['ros']
[0.224s] Level 1:colcon.colcon_core.package_identification:_identify(practica_1/images) by extension 'ros'
[0.224s] Level 1:colcon.colcon_core.package_identification:_identify(practica_1/images) by extensions ['cmake', 'python']
[0.224s] Level 1:colcon.colcon_core.package_identification:_identify(practica_1/images) by extension 'cmake'
[0.224s] Level 1:colcon.colcon_core.package_identification:_identify(practica_1/images) by extension 'python'
[0.224s] Level 1:colcon.colcon_core.package_identification:_identify(practica_1/images) by extensions ['python_setup_py']
[0.224s] Level 1:colcon.colcon_core.package_identification:_identify(practica_1/images) by extension 'python_setup_py'
[0.224s] Level 1:colcon.colcon_core.package_identification:_identify(practica_2) by extensions ['ignore', 'ignore_ament_install']
[0.224s] Level 1:colcon.colcon_core.package_identification:_identify(practica_2) by extension 'ignore'
[0.224s] Level 1:colcon.colcon_core.package_identification:_identify(practica_2) by extension 'ignore_ament_install'
[0.225s] Level 1:colcon.colcon_core.package_identification:_identify(practica_2) by extensions ['colcon_pkg']
[0.225s] Level 1:colcon.colcon_core.package_identification:_identify(practica_2) by extension 'colcon_pkg'
[0.225s] Level 1:colcon.colcon_core.package_identification:_identify(practica_2) by extensions ['colcon_meta']
[0.225s] Level 1:colcon.colcon_core.package_identification:_identify(practica_2) by extension 'colcon_meta'
[0.225s] Level 1:colcon.colcon_core.package_identification:_identify(practica_2) by extensions ['ros']
[0.225s] Level 1:colcon.colcon_core.package_identification:_identify(practica_2) by extension 'ros'
[0.225s] Level 1:colcon.colcon_core.package_identification:_identify(practica_2) by extensions ['cmake', 'python']
[0.225s] Level 1:colcon.colcon_core.package_identification:_identify(practica_2) by extension 'cmake'
[0.225s] Level 1:colcon.colcon_core.package_identification:_identify(practica_2) by extension 'python'
[0.225s] Level 1:colcon.colcon_core.package_identification:_identify(practica_2) by extensions ['python_setup_py']
[0.225s] Level 1:colcon.colcon_core.package_identification:_identify(practica_2) by extension 'python_setup_py'
[0.225s] Level 1:colcon.colcon_core.package_identification:_identify(practica_2/practica_2) by extensions ['ignore', 'ignore_ament_install']
[0.225s] Level 1:colcon.colcon_core.package_identification:_identify(practica_2/practica_2) by extension 'ignore'
[0.225s] Level 1:colcon.colcon_core.package_identification:_identify(practica_2/practica_2) by extension 'ignore_ament_install'
[0.225s] Level 1:colcon.colcon_core.package_identification:_identify(practica_2/practica_2) by extensions ['colcon_pkg']
[0.225s] Level 1:colcon.colcon_core.package_identification:_identify(practica_2/practica_2) by extension 'colcon_pkg'
[0.225s] Level 1:colcon.colcon_core.package_identification:_identify(practica_2/practica_2) by extensions ['colcon_meta']
[0.225s] Level 1:colcon.colcon_core.package_identification:_identify(practica_2/practica_2) by extension 'colcon_meta'
[0.225s] Level 1:colcon.colcon_core.package_identification:_identify(practica_2/practica_2) by extensions ['ros']
[0.225s] Level 1:colcon.colcon_core.package_identification:_identify(practica_2/practica_2) by extension 'ros'
[0.225s] Level 1:colcon.colcon_core.package_identification:_identify(practica_2/practica_2) by extensions ['cmake', 'python']
[0.225s] Level 1:colcon.colcon_core.package_identification:_identify(practica_2/practica_2) by extension 'cmake'
[0.225s] Level 1:colcon.colcon_core.package_identification:_identify(practica_2/practica_2) by extension 'python'
[0.225s] Level 1:colcon.colcon_core.package_identification:_identify(practica_2/practica_2) by extensions ['python_setup_py']
[0.225s] Level 1:colcon.colcon_core.package_identification:_identify(practica_2/practica_2) by extension 'python_setup_py'
[0.226s] Level 1:colcon.colcon_core.package_identification:_identify(practica_2/practica_2/imagenes) by extensions ['ignore', 'ignore_ament_install']
[0.226s] Level 1:colcon.colcon_core.package_identification:_identify(practica_2/practica_2/imagenes) by extension 'ignore'
[0.226s] Level 1:colcon.colcon_core.package_identification:_identify(practica_2/practica_2/imagenes) by extension 'ignore_ament_install'
[0.226s] Level 1:colcon.colcon_core.package_identification:_identify(practica_2/practica_2/imagenes) by extensions ['colcon_pkg']
[0.226s] Level 1:colcon.colcon_core.package_identification:_identify(practica_2/practica_2/imagenes) by extension 'colcon_pkg'
[0.226s] Level 1:colcon.colcon_core.package_identification:_identify(practica_2/practica_2/imagenes) by extensions ['colcon_meta']
[0.226s] Level 1:colcon.colcon_core.package_identification:_identify(practica_2/practica_2/imagenes) by extension 'colcon_meta'
[0.226s] Level 1:colcon.colcon_core.package_identification:_identify(practica_2/practica_2/imagenes) by extensions ['ros']
[0.226s] Level 1:colcon.colcon_core.package_identification:_identify(practica_2/practica_2/imagenes) by extension 'ros'
[0.226s] Level 1:colcon.colcon_core.package_identification:_identify(practica_2/practica_2/imagenes) by extensions ['cmake', 'python']
[0.226s] Level 1:colcon.colcon_core.package_identification:_identify(practica_2/practica_2/imagenes) by extension 'cmake'
[0.226s] Level 1:colcon.colcon_core.package_identification:_identify(practica_2/practica_2/imagenes) by extension 'python'
[0.226s] Level 1:colcon.colcon_core.package_identification:_identify(practica_2/practica_2/imagenes) by extensions ['python_setup_py']
[0.226s] Level 1:colcon.colcon_core.package_identification:_identify(practica_2/practica_2/imagenes) by extension 'python_setup_py'
[0.226s] Level 1:colcon.colcon_core.package_identification:_identify(src) by extensions ['ignore', 'ignore_ament_install']
[0.226s] Level 1:colcon.colcon_core.package_identification:_identify(src) by extension 'ignore'
[0.226s] Level 1:colcon.colcon_core.package_identification:_identify(src) by extension 'ignore_ament_install'
[0.226s] Level 1:colcon.colcon_core.package_identification:_identify(src) by extensions ['colcon_pkg']
[0.226s] Level 1:colcon.colcon_core.package_identification:_identify(src) by extension 'colcon_pkg'
[0.226s] Level 1:colcon.colcon_core.package_identification:_identify(src) by extensions ['colcon_meta']
[0.226s] Level 1:colcon.colcon_core.package_identification:_identify(src) by extension 'colcon_meta'
[0.226s] Level 1:colcon.colcon_core.package_identification:_identify(src) by extensions ['ros']
[0.226s] Level 1:colcon.colcon_core.package_identification:_identify(src) by extension 'ros'
[0.226s] Level 1:colcon.colcon_core.package_identification:_identify(src) by extensions ['cmake', 'python']
[0.226s] Level 1:colcon.colcon_core.package_identification:_identify(src) by extension 'cmake'
[0.226s] Level 1:colcon.colcon_core.package_identification:_identify(src) by extension 'python'
[0.226s] Level 1:colcon.colcon_core.package_identification:_identify(src) by extensions ['python_setup_py']
[0.226s] Level 1:colcon.colcon_core.package_identification:_identify(src) by extension 'python_setup_py'
[0.226s] Level 1:colcon.colcon_core.package_identification:_identify(src/rrr_bringup) by extensions ['ignore', 'ignore_ament_install']
[0.226s] Level 1:colcon.colcon_core.package_identification:_identify(src/rrr_bringup) by extension 'ignore'
[0.226s] Level 1:colcon.colcon_core.package_identification:_identify(src/rrr_bringup) by extension 'ignore_ament_install'
[0.226s] Level 1:colcon.colcon_core.package_identification:_identify(src/rrr_bringup) by extensions ['colcon_pkg']
[0.226s] Level 1:colcon.colcon_core.package_identification:_identify(src/rrr_bringup) by extension 'colcon_pkg'
[0.226s] Level 1:colcon.colcon_core.package_identification:_identify(src/rrr_bringup) by extensions ['colcon_meta']
[0.226s] Level 1:colcon.colcon_core.package_identification:_identify(src/rrr_bringup) by extension 'colcon_meta'
[0.226s] Level 1:colcon.colcon_core.package_identification:_identify(src/rrr_bringup) by extensions ['ros']
[0.226s] Level 1:colcon.colcon_core.package_identification:_identify(src/rrr_bringup) by extension 'ros'
[0.228s] DEBUG:colcon.colcon_core.package_identification:Package 'src/rrr_bringup' with type 'ros.ament_python' and name 'rrr_bringup'
[0.228s] Level 1:colcon.colcon_core.package_identification:_identify(src/rrr_control) by extensions ['ignore', 'ignore_ament_install']
[0.228s] Level 1:colcon.colcon_core.package_identification:_identify(src/rrr_control) by extension 'ignore'
[0.228s] Level 1:colcon.colcon_core.package_identification:_identify(src/rrr_control) by extension 'ignore_ament_install'
[0.228s] Level 1:colcon.colcon_core.package_identification:_identify(src/rrr_control) by extensions ['colcon_pkg']
[0.228s] Level 1:colcon.colcon_core.package_identification:_identify(src/rrr_control) by extension 'colcon_pkg'
[0.228s] Level 1:colcon.colcon_core.package_identification:_identify(src/rrr_control) by extensions ['colcon_meta']
[0.228s] Level 1:colcon.colcon_core.package_identification:_identify(src/rrr_control) by extension 'colcon_meta'
[0.228s] Level 1:colcon.colcon_core.package_identification:_identify(src/rrr_control) by extensions ['ros']
[0.228s] Level 1:colcon.colcon_core.package_identification:_identify(src/rrr_control) by extension 'ros'
[0.229s] DEBUG:colcon.colcon_core.package_identification:Package 'src/rrr_control' with type 'ros.ament_python' and name 'rrr_control'
[0.229s] Level 1:colcon.colcon_core.package_identification:_identify(src/rrr_description) by extensions ['ignore', 'ignore_ament_install']
[0.229s] Level 1:colcon.colcon_core.package_identification:_identify(src/rrr_description) by extension 'ignore'
[0.229s] Level 1:colcon.colcon_core.package_identification:_identify(src/rrr_description) by extension 'ignore_ament_install'
[0.229s] Level 1:colcon.colcon_core.package_identification:_identify(src/rrr_description) by extensions ['colcon_pkg']
[0.229s] Level 1:colcon.colcon_core.package_identification:_identify(src/rrr_description) by extension 'colcon_pkg'
[0.229s] Level 1:colcon.colcon_core.package_identification:_identify(src/rrr_description) by extensions ['colcon_meta']
[0.229s] Level 1:colcon.colcon_core.package_identification:_identify(src/rrr_description) by extension 'colcon_meta'
[0.229s] Level 1:colcon.colcon_core.package_identification:_identify(src/rrr_description) by extensions ['ros']
[0.229s] Level 1:colcon.colcon_core.package_identification:_identify(src/rrr_description) by extension 'ros'
[0.229s] DEBUG:colcon.colcon_core.package_identification:Package 'src/rrr_description' with type 'ros.ament_python' and name 'rrr_description'
[0.229s] Level 1:colcon.colcon_core.package_identification:_identify(src/rrr_rviz) by extensions ['ignore', 'ignore_ament_install']
[0.229s] Level 1:colcon.colcon_core.package_identification:_identify(src/rrr_rviz) by extension 'ignore'
[0.229s] Level 1:colcon.colcon_core.package_identification:_identify(src/rrr_rviz) by extension 'ignore_ament_install'
[0.229s] Level 1:colcon.colcon_core.package_identification:_identify(src/rrr_rviz) by extensions ['colcon_pkg']
[0.229s] Level 1:colcon.colcon_core.package_identification:_identify(src/rrr_rviz) by extension 'colcon_pkg'
[0.229s] Level 1:colcon.colcon_core.package_identification:_identify(src/rrr_rviz) by extensions ['colcon_meta']
[0.229s] Level 1:colcon.colcon_core.package_identification:_identify(src/rrr_rviz) by extension 'colcon_meta'
[0.229s] Level 1:colcon.colcon_core.package_identification:_identify(src/rrr_rviz) by extensions ['ros']
[0.229s] Level 1:colcon.colcon_core.package_identification:_identify(src/rrr_rviz) by extension 'ros'
[0.229s] DEBUG:colcon.colcon_core.package_identification:Package 'src/rrr_rviz' with type 'ros.ament_python' and name 'rrr_rviz'
[0.229s] Level 1:colcon.colcon_core.package_discovery:discover_packages(recursive) using defaults
[0.229s] Level 1:colcon.colcon_core.package_discovery:discover_packages(ignore) discover
[0.229s] Level 1:colcon.colcon_core.package_discovery:discover_packages(ignore) using defaults
[0.229s] Level 1:colcon.colcon_core.package_discovery:discover_packages(path) discover
[0.229s] Level 1:colcon.colcon_core.package_discovery:discover_packages(path) using defaults
[0.252s] Level 1:colcon.colcon_core.package_discovery:discover_packages(prefix_path) check parameters
[0.252s] Level 1:colcon.colcon_core.package_discovery:discover_packages(prefix_path) discover
[0.254s] DEBUG:colcon.colcon_installed_package_information.package_discovery:Found 313 installed packages in /opt/ros/humble
[0.255s] Level 1:colcon.colcon_core.package_discovery:discover_packages(prefix_path) using defaults
[0.272s] Level 5:colcon.colcon_core.verb:set package 'rrr_bringup' build argument 'cmake_args' from command line to 'None'
[0.272s] Level 5:colcon.colcon_core.verb:set package 'rrr_bringup' build argument 'cmake_target' from command line to 'None'
[0.272s] Level 5:colcon.colcon_core.verb:set package 'rrr_bringup' build argument 'cmake_target_skip_unavailable' from command line to 'False'
[0.272s] Level 5:colcon.colcon_core.verb:set package 'rrr_bringup' build argument 'cmake_clean_cache' from command line to 'False'
[0.272s] Level 5:colcon.colcon_core.verb:set package 'rrr_bringup' build argument 'cmake_clean_first' from command line to 'False'
[0.272s] Level 5:colcon.colcon_core.verb:set package 'rrr_bringup' build argument 'cmake_force_configure' from command line to 'False'
[0.272s] Level 5:colcon.colcon_core.verb:set package 'rrr_bringup' build argument 'ament_cmake_args' from command line to 'None'
[0.272s] Level 5:colcon.colcon_core.verb:set package 'rrr_bringup' build argument 'catkin_cmake_args' from command line to 'None'
[0.272s] Level 5:colcon.colcon_core.verb:set package 'rrr_bringup' build argument 'catkin_skip_building_tests' from command line to 'False'
[0.272s] DEBUG:colcon.colcon_core.verb:Building package 'rrr_bringup' with the following arguments: {'ament_cmake_args': None, 'build_base': '/home/julio/Repo_Robotica_2026_2/Robotica-2026-2/build/rrr_bringup', 'catkin_cmake_args': None, 'catkin_skip_building_tests': False, 'cmake_args': None, 'cmake_clean_cache': False, 'cmake_clean_first': False, 'cmake_force_configure': False, 'cmake_target': None, 'cmake_target_skip_unavailable': False, 'install_base': '/home/julio/Repo_Robotica_2026_2/Robotica-2026-2/install/rrr_bringup', 'merge_install': False, 'path': '/home/julio/Repo_Robotica_2026_2/Robotica-2026-2/src/rrr_bringup', 'symlink_install': True, 'test_result_base': None}
[0.272s] Level 5:colcon.colcon_core.verb:set package 'rrr_control' build argument 'cmake_args' from command line to 'None'
[0.272s] Level 5:colcon.colcon_core.verb:set package 'rrr_control' build argument 'cmake_target' from command line to 'None'
[0.272s] Level 5:colcon.colcon_core.verb:set package 'rrr_control' build argument 'cmake_target_skip_unavailable' from command line to 'False'
[0.272s] Level 5:colcon.colcon_core.verb:set package 'rrr_control' build argument 'cmake_clean_cache' from command line to 'False'
[0.272s] Level 5:colcon.colcon_core.verb:set package 'rrr_control' build argument 'cmake_clean_first' from command line to 'False'
[0.272s] Level 5:colcon.colcon_core.verb:set package 'rrr_control' build argument 'cmake_force_configure' from command line to 'False'
[0.272s] Level 5:colcon.colcon_core.verb:set package 'rrr_control' build argument 'ament_cmake_args' from command line to 'None'
[0.272s] Level 5:colcon.colcon_core.verb:set package 'rrr_control' build argument 'catkin_cmake_args' from command line to 'None'
[0.272s] Level 5:colcon.colcon_core.verb:set package 'rrr_control' build argument 'catkin_skip_building_tests' from command line to 'False'
[0.272s] DEBUG:colcon.colcon_core.verb:Building package 'rrr_control' with the following arguments: {'ament_cmake_args': None, 'build_base': '/home/julio/Repo_Robotica_2026_2/Robotica-2026-2/build/rrr_control', 'catkin_cmake_args': None, 'catkin_skip_building_tests': False, 'cmake_args': None, 'cmake_clean_cache': False, 'cmake_clean_first': False, 'cmake_force_configure': False, 'cmake_target': None, 'cmake_target_skip_unavailable': False, 'install_base': '/home/julio/Repo_Robotica_2026_2/Robotica-2026-2/install/rrr_control', 'merge_install': False, 'path': '/home/julio/Repo_Robotica_2026_2/Robotica-2026-2/src/rrr_control', 'symlink_install': True, 'test_result_base': None}
[0.272s] Level 5:colcon.colcon_core.verb:set package 'rrr_description' build argument 'cmake_args' from command line to 'None'
[0.272s] Level 5:colcon.colcon_core.verb:set package 'rrr_description' build argument 'cmake_target' from command line to 'None'
[0.272s] Level 5:colcon.colcon_core.verb:set package 'rrr_description' build argument 'cmake_target_skip_unavailable' from command line to 'False'
[0.272s] Level 5:colcon.colcon_core.verb:set package 'rrr_description' build argument 'cmake_clean_cache' from command line to 'False'
[0.272s] Level 5:colcon.colcon_core.verb:set package 'rrr_description' build argument 'cmake_clean_first' from command line to 'False'
[0.272s] Level 5:colcon.colcon_core.verb:set package 'rrr_description' build argument 'cmake_force_configure' from command line to 'False'
[0.272s] Level 5:colcon.colcon_core.verb:set package 'rrr_description' build argument 'ament_cmake_args' from command line to 'None'
[0.272s] Level 5:colcon.colcon_core.verb:set package 'rrr_description' build argument 'catkin_cmake_args' from command line to 'None'
[0.272s] Level 5:colcon.colcon_core.verb:set package 'rrr_description' build argument 'catkin_skip_building_tests' from command line to 'False'
[0.272s] DEBUG:colcon.colcon_core.verb:Building package 'rrr_description' with the following arguments: {'ament_cmake_args': None, 'build_base': '/home/julio/Repo_Robotica_2026_2/Robotica-2026-2/build/rrr_description', 'catkin_cmake_args': None, 'catkin_skip_building_tests': False, 'cmake_args': None, 'cmake_clean_cache': False, 'cmake_clean_first': False, 'cmake_force_configure': False, 'cmake_target': None, 'cmake_target_skip_unavailable': False, 'install_base': '/home/julio/Repo_Robotica_2026_2/Robotica-2026-2/install/rrr_description', 'merge_install': False, 'path': '/home/julio/Repo_Robotica_2026_2/Robotica-2026-2/src/rrr_description', 'symlink_install': True, 'test_result_base': None}
[0.273s] Level 5:colcon.colcon_core.verb:set package 'rrr_rviz' build argument 'cmake_args' from command line to 'None'
[0.273s] Level 5:colcon.colcon_core.verb:set package 'rrr_rviz' build argument 'cmake_target' from command line to 'None'
[0.273s] Level 5:colcon.colcon_core.verb:set package 'rrr_rviz' build argument 'cmake_target_skip_unavailable' from command line to 'False'
[0.273s] Level 5:colcon.colcon_core.verb:set package 'rrr_rviz' build argument 'cmake_clean_cache' from command line to 'False'
[0.273s] Level 5:colcon.colcon_core.verb:set package 'rrr_rviz' build argument 'cmake_clean_first' from command line to 'False'
[0.273s] Level 5:colcon.colcon_core.verb:set package 'rrr_rviz' build argument 'cmake_force_configure' from command line to 'False'
[0.273s] Level 5:colcon.colcon_core.verb:set package 'rrr_rviz' build argument 'ament_cmake_args' from command line to 'None'
[0.273s] Level 5:colcon.colcon_core.verb:set package 'rrr_rviz' build argument 'catkin_cmake_args' from command line to 'None'
[0.273s] Level 5:colcon.colcon_core.verb:set package 'rrr_rviz' build argument 'catkin_skip_building_tests' from command line to 'False'
[0.273s] DEBUG:colcon.colcon_core.verb:Building package 'rrr_rviz' with the following arguments: {'ament_cmake_args': None, 'build_base': '/home/julio/Repo_Robotica_2026_2/Robotica-2026-2/build/rrr_rviz', 'catkin_cmake_args': None, 'catkin_skip_building_tests': False, 'cmake_args': None, 'cmake_clean_cache': False, 'cmake_clean_first': False, 'cmake_force_configure': False, 'cmake_target': None, 'cmake_target_skip_unavailable': False, 'install_base': '/home/julio/Repo_Robotica_2026_2/Robotica-2026-2/install/rrr_rviz', 'merge_install': False, 'path': '/home/julio/Repo_Robotica_2026_2/Robotica-2026-2/src/rrr_rviz', 'symlink_install': True, 'test_result_base': None}
[0.273s] INFO:colcon.colcon_core.executor:Executing jobs using 'parallel' executor
[0.273s] DEBUG:colcon.colcon_parallel_executor.executor.parallel:run_until_complete
[0.274s] INFO:colcon.colcon_ros.task.ament_python.build:Building ROS package in '/home/julio/Repo_Robotica_2026_2/Robotica-2026-2/src/rrr_bringup' with build type 'ament_python'
[0.274s] Level 1:colcon.colcon_core.shell:create_environment_hook('rrr_bringup', 'ament_prefix_path')
[0.278s] INFO:colcon.colcon_core.plugin_system:Skipping extension 'colcon_core.shell.bat': Not used on non-Windows systems
[0.278s] INFO:colcon.colcon_core.shell:Creating environment hook '/home/julio/Repo_Robotica_2026_2/Robotica-2026-2/install/rrr_bringup/share/rrr_bringup/hook/ament_prefix_path.ps1'
[0.279s] INFO:colcon.colcon_core.shell:Creating environment descriptor '/home/julio/Repo_Robotica_2026_2/Robotica-2026-2/install/rrr_bringup/share/rrr_bringup/hook/ament_prefix_path.dsv'
[0.279s] INFO:colcon.colcon_core.shell:Creating environment hook '/home/julio/Repo_Robotica_2026_2/Robotica-2026-2/install/rrr_bringup/share/rrr_bringup/hook/ament_prefix_path.sh'
[0.279s] INFO:colcon.colcon_core.shell:Skip shell extension 'powershell' for command environment: Not usable outside of PowerShell
[0.279s] DEBUG:colcon.colcon_core.shell:Skip shell extension 'dsv' for command environment
[0.281s] INFO:colcon.colcon_ros.task.ament_python.build:Building ROS package in '/home/julio/Repo_Robotica_2026_2/Robotica-2026-2/src/rrr_control' with build type 'ament_python'
[0.281s] Level 1:colcon.colcon_core.shell:create_environment_hook('rrr_control', 'ament_prefix_path')
[0.281s] INFO:colcon.colcon_core.shell:Creating environment hook '/home/julio/Repo_Robotica_2026_2/Robotica-2026-2/install/rrr_control/share/rrr_control/hook/ament_prefix_path.ps1'
[0.282s] INFO:colcon.colcon_core.shell:Creating environment descriptor '/home/julio/Repo_Robotica_2026_2/Robotica-2026-2/install/rrr_control/share/rrr_control/hook/ament_prefix_path.dsv'
[0.282s] INFO:colcon.colcon_core.shell:Creating environment hook '/home/julio/Repo_Robotica_2026_2/Robotica-2026-2/install/rrr_control/share/rrr_control/hook/ament_prefix_path.sh'
[0.282s] INFO:colcon.colcon_core.shell:Skip shell extension 'powershell' for command environment: Not usable outside of PowerShell
[0.282s] DEBUG:colcon.colcon_core.shell:Skip shell extension 'dsv' for command environment
[0.283s] INFO:colcon.colcon_ros.task.ament_python.build:Building ROS package in '/home/julio/Repo_Robotica_2026_2/Robotica-2026-2/src/rrr_description' with build type 'ament_python'
[0.283s] Level 1:colcon.colcon_core.shell:create_environment_hook('rrr_description', 'ament_prefix_path')
[0.283s] INFO:colcon.colcon_core.shell:Creating environment hook '/home/julio/Repo_Robotica_2026_2/Robotica-2026-2/install/rrr_description/share/rrr_description/hook/ament_prefix_path.ps1'
[0.284s] INFO:colcon.colcon_core.shell:Creating environment descriptor '/home/julio/Repo_Robotica_2026_2/Robotica-2026-2/install/rrr_description/share/rrr_description/hook/ament_prefix_path.dsv'
[0.284s] INFO:colcon.colcon_core.shell:Creating environment hook '/home/julio/Repo_Robotica_2026_2/Robotica-2026-2/install/rrr_description/share/rrr_description/hook/ament_prefix_path.sh'
[0.284s] INFO:colcon.colcon_core.shell:Skip shell extension 'powershell' for command environment: Not usable outside of PowerShell
[0.284s] DEBUG:colcon.colcon_core.shell:Skip shell extension 'dsv' for command environment
[0.285s] INFO:colcon.colcon_ros.task.ament_python.build:Building ROS package in '/home/julio/Repo_Robotica_2026_2/Robotica-2026-2/src/rrr_rviz' with build type 'ament_python'
[0.285s] Level 1:colcon.colcon_core.shell:create_environment_hook('rrr_rviz', 'ament_prefix_path')
[0.285s] INFO:colcon.colcon_core.shell:Creating environment hook '/home/julio/Repo_Robotica_2026_2/Robotica-2026-2/install/rrr_rviz/share/rrr_rviz/hook/ament_prefix_path.ps1'
[0.285s] INFO:colcon.colcon_core.shell:Creating environment descriptor '/home/julio/Repo_Robotica_2026_2/Robotica-2026-2/install/rrr_rviz/share/rrr_rviz/hook/ament_prefix_path.dsv'
[0.286s] INFO:colcon.colcon_core.shell:Creating environment hook '/home/julio/Repo_Robotica_2026_2/Robotica-2026-2/install/rrr_rviz/share/rrr_rviz/hook/ament_prefix_path.sh'
[0.286s] INFO:colcon.colcon_core.shell:Skip shell extension 'powershell' for command environment: Not usable outside of PowerShell
[0.286s] DEBUG:colcon.colcon_core.shell:Skip shell extension 'dsv' for command environment
[0.405s] INFO:colcon.colcon_core.task.python.build:Building Python package in '/home/julio/Repo_Robotica_2026_2/Robotica-2026-2/src/rrr_bringup'
[0.405s] INFO:colcon.colcon_core.shell:Skip shell extension 'powershell' for command environment: Not usable outside of PowerShell
[0.405s] DEBUG:colcon.colcon_core.shell:Skip shell extension 'dsv' for command environment
[0.515s] INFO:colcon.colcon_core.task.python.build:Building Python package in '/home/julio/Repo_Robotica_2026_2/Robotica-2026-2/src/rrr_control'
[0.515s] INFO:colcon.colcon_core.shell:Skip shell extension 'powershell' for command environment: Not usable outside of PowerShell
[0.515s] DEBUG:colcon.colcon_core.shell:Skip shell extension 'dsv' for command environment
[0.626s] INFO:colcon.colcon_core.task.python.build:Building Python package in '/home/julio/Repo_Robotica_2026_2/Robotica-2026-2/src/rrr_description'
[0.627s] INFO:colcon.colcon_core.shell:Skip shell extension 'powershell' for command environment: Not usable outside of PowerShell
[0.627s] DEBUG:colcon.colcon_core.shell:Skip shell extension 'dsv' for command environment
[0.738s] INFO:colcon.colcon_core.task.python.build:Building Python package in '/home/julio/Repo_Robotica_2026_2/Robotica-2026-2/src/rrr_rviz'
[0.739s] INFO:colcon.colcon_core.shell:Skip shell extension 'powershell' for command environment: Not usable outside of PowerShell
[0.739s] DEBUG:colcon.colcon_core.shell:Skip shell extension 'dsv' for command environment
[0.975s] DEBUG:colcon.colcon_core.event_handler.log_command:Invoking command in '/home/julio/Repo_Robotica_2026_2/Robotica-2026-2/build/rrr_bringup': PYTHONPATH=/home/julio/Repo_Robotica_2026_2/Robotica-2026-2/build/rrr_bringup/prefix_override:/usr/lib/python3/dist-packages/colcon_core/task/python/colcon_distutils_commands:/home/julio/Repo_Robotica_2026_2/Robotica-2026-2/install/rrr_bringup/lib/python3.10/site-packages:${PYTHONPATH} /usr/bin/python3 -W ignore:setup.py install is deprecated -W ignore:easy_install command is deprecated setup.py develop --editable --build-directory /home/julio/Repo_Robotica_2026_2/Robotica-2026-2/build/rrr_bringup/build --no-deps symlink_data
[0.976s] DEBUG:colcon.colcon_core.event_handler.log_command:Invoking command in '/home/julio/Repo_Robotica_2026_2/Robotica-2026-2/build/rrr_control': PYTHONPATH=/home/julio/Repo_Robotica_2026_2/Robotica-2026-2/build/rrr_control/prefix_override:/usr/lib/python3/dist-packages/colcon_core/task/python/colcon_distutils_commands:/home/julio/Repo_Robotica_2026_2/Robotica-2026-2/install/rrr_control/lib/python3.10/site-packages:${PYTHONPATH} /usr/bin/python3 -W ignore:setup.py install is deprecated -W ignore:easy_install command is deprecated setup.py develop --editable --build-directory /home/julio/Repo_Robotica_2026_2/Robotica-2026-2/build/rrr_control/build --no-deps symlink_data
[0.977s] DEBUG:colcon.colcon_core.event_handler.log_command:Invoking command in '/home/julio/Repo_Robotica_2026_2/Robotica-2026-2/build/rrr_rviz': PYTHONPATH=/home/julio/Repo_Robotica_2026_2/Robotica-2026-2/build/rrr_rviz/prefix_override:/usr/lib/python3/dist-packages/colcon_core/task/python/colcon_distutils_commands:/home/julio/Repo_Robotica_2026_2/Robotica-2026-2/install/rrr_rviz/lib/python3.10/site-packages:${PYTHONPATH} /usr/bin/python3 -W ignore:setup.py install is deprecated -W ignore:easy_install command is deprecated setup.py develop --editable --build-directory /home/julio/Repo_Robotica_2026_2/Robotica-2026-2/build/rrr_rviz/build --no-deps symlink_data
[0.977s] DEBUG:colcon.colcon_core.event_handler.log_command:Invoking command in '/home/julio/Repo_Robotica_2026_2/Robotica-2026-2/build/rrr_description': PYTHONPATH=/home/julio/Repo_Robotica_2026_2/Robotica-2026-2/build/rrr_description/prefix_override:/usr/lib/python3/dist-packages/colcon_core/task/python/colcon_distutils_commands:/home/julio/Repo_Robotica_2026_2/Robotica-2026-2/install/rrr_description/lib/python3.10/site-packages:${PYTHONPATH} /usr/bin/python3 -W ignore:setup.py install is deprecated -W ignore:easy_install command is deprecated setup.py develop --editable --build-directory /home/julio/Repo_Robotica_2026_2/Robotica-2026-2/build/rrr_description/build --no-deps symlink_data
[1.225s] Level 1:colcon.colcon_core.shell:create_environment_hook('rrr_bringup', 'pythonpath_develop')
[1.226s] DEBUG:colcon.colcon_core.event_handler.log_command:Invoked command in '/home/julio/Repo_Robotica_2026_2/Robotica-2026-2/build/rrr_bringup' returned '0': PYTHONPATH=/home/julio/Repo_Robotica_2026_2/Robotica-2026-2/build/rrr_bringup/prefix_override:/usr/lib/python3/dist-packages/colcon_core/task/python/colcon_distutils_commands:/home/julio/Repo_Robotica_2026_2/Robotica-2026-2/install/rrr_bringup/lib/python3.10/site-packages:${PYTHONPATH} /usr/bin/python3 -W ignore:setup.py install is deprecated -W ignore:easy_install command is deprecated setup.py develop --editable --build-directory /home/julio/Repo_Robotica_2026_2/Robotica-2026-2/build/rrr_bringup/build --no-deps symlink_data
[1.226s] INFO:colcon.colcon_core.shell:Creating environment hook '/home/julio/Repo_Robotica_2026_2/Robotica-2026-2/build/rrr_bringup/share/rrr_bringup/hook/pythonpath_develop.ps1'
[1.227s] INFO:colcon.colcon_core.shell:Creating environment descriptor '/home/julio/Repo_Robotica_2026_2/Robotica-2026-2/build/rrr_bringup/share/rrr_bringup/hook/pythonpath_develop.dsv'
[1.227s] INFO:colcon.colcon_core.shell:Creating environment hook '/home/julio/Repo_Robotica_2026_2/Robotica-2026-2/build/rrr_bringup/share/rrr_bringup/hook/pythonpath_develop.sh'
[1.233s] Level 1:colcon.colcon_core.environment:checking '/home/julio/Repo_Robotica_2026_2/Robotica-2026-2/install/rrr_bringup' for CMake module files
[1.233s] Level 1:colcon.colcon_core.environment:checking '/home/julio/Repo_Robotica_2026_2/Robotica-2026-2/install/rrr_bringup' for CMake config files
[1.233s] Level 1:colcon.colcon_core.environment:checking '/home/julio/Repo_Robotica_2026_2/Robotica-2026-2/install/rrr_bringup/lib'
[1.233s] Level 1:colcon.colcon_core.environment:checking '/home/julio/Repo_Robotica_2026_2/Robotica-2026-2/install/rrr_bringup/bin'
[1.233s] Level 1:colcon.colcon_core.environment:checking '/home/julio/Repo_Robotica_2026_2/Robotica-2026-2/install/rrr_bringup/lib/pkgconfig/rrr_bringup.pc'
[1.233s] Level 1:colcon.colcon_core.environment:checking '/home/julio/Repo_Robotica_2026_2/Robotica-2026-2/install/rrr_bringup/lib/python3.10/site-packages'
[1.233s] Level 1:colcon.colcon_core.shell:create_environment_hook('rrr_bringup', 'pythonpath')
[1.234s] INFO:colcon.colcon_core.shell:Creating environment hook '/home/julio/Repo_Robotica_2026_2/Robotica-2026-2/install/rrr_bringup/share/rrr_bringup/hook/pythonpath.ps1'
[1.234s] INFO:colcon.colcon_core.shell:Creating environment descriptor '/home/julio/Repo_Robotica_2026_2/Robotica-2026-2/install/rrr_bringup/share/rrr_bringup/hook/pythonpath.dsv'
[1.234s] INFO:colcon.colcon_core.shell:Creating environment hook '/home/julio/Repo_Robotica_2026_2/Robotica-2026-2/install/rrr_bringup/share/rrr_bringup/hook/pythonpath.sh'
[1.234s] Level 1:colcon.colcon_core.environment:checking '/home/julio/Repo_Robotica_2026_2/Robotica-2026-2/install/rrr_bringup/bin'
[1.234s] Level 1:colcon.colcon_core.environment:create_environment_scripts_only(rrr_bringup)
[1.235s] INFO:colcon.colcon_core.shell:Creating package script '/home/julio/Repo_Robotica_2026_2/Robotica-2026-2/install/rrr_bringup/share/rrr_bringup/package.ps1'
[1.235s] INFO:colcon.colcon_core.shell:Creating package descriptor '/home/julio/Repo_Robotica_2026_2/Robotica-2026-2/install/rrr_bringup/share/rrr_bringup/package.dsv'
[1.236s] INFO:colcon.colcon_core.shell:Creating package script '/home/julio/Repo_Robotica_2026_2/Robotica-2026-2/install/rrr_bringup/share/rrr_bringup/package.sh'
[1.236s] INFO:colcon.colcon_core.shell:Creating package script '/home/julio/Repo_Robotica_2026_2/Robotica-2026-2/install/rrr_bringup/share/rrr_bringup/package.bash'
[1.237s] INFO:colcon.colcon_core.shell:Creating package script '/home/julio/Repo_Robotica_2026_2/Robotica-2026-2/install/rrr_bringup/share/rrr_bringup/package.zsh'
[1.238s] Level 1:colcon.colcon_core.environment:create_file_with_runtime_dependencies(/home/julio/Repo_Robotica_2026_2/Robotica-2026-2/install/rrr_bringup/share/colcon-core/packages/rrr_bringup)
[1.239s] Level 1:colcon.colcon_core.shell:create_environment_hook('rrr_rviz', 'pythonpath_develop')
[1.239s] INFO:colcon.colcon_core.shell:Creating environment hook '/home/julio/Repo_Robotica_2026_2/Robotica-2026-2/build/rrr_rviz/share/rrr_rviz/hook/pythonpath_develop.ps1'
[1.239s] DEBUG:colcon.colcon_core.event_handler.log_command:Invoked command in '/home/julio/Repo_Robotica_2026_2/Robotica-2026-2/build/rrr_rviz' returned '0': PYTHONPATH=/home/julio/Repo_Robotica_2026_2/Robotica-2026-2/build/rrr_rviz/prefix_override:/usr/lib/python3/dist-packages/colcon_core/task/python/colcon_distutils_commands:/home/julio/Repo_Robotica_2026_2/Robotica-2026-2/install/rrr_rviz/lib/python3.10/site-packages:${PYTHONPATH} /usr/bin/python3 -W ignore:setup.py install is deprecated -W ignore:easy_install command is deprecated setup.py develop --editable --build-directory /home/julio/Repo_Robotica_2026_2/Robotica-2026-2/build/rrr_rviz/build --no-deps symlink_data
[1.240s] INFO:colcon.colcon_core.shell:Creating environment descriptor '/home/julio/Repo_Robotica_2026_2/Robotica-2026-2/build/rrr_rviz/share/rrr_rviz/hook/pythonpath_develop.dsv'
[1.240s] INFO:colcon.colcon_core.shell:Creating environment hook '/home/julio/Repo_Robotica_2026_2/Robotica-2026-2/build/rrr_rviz/share/rrr_rviz/hook/pythonpath_develop.sh'
[1.240s] Level 1:colcon.colcon_core.environment:checking '/home/julio/Repo_Robotica_2026_2/Robotica-2026-2/install/rrr_rviz' for CMake module files
[1.240s] Level 1:colcon.colcon_core.environment:checking '/home/julio/Repo_Robotica_2026_2/Robotica-2026-2/install/rrr_rviz' for CMake config files
[1.240s] Level 1:colcon.colcon_core.environment:checking '/home/julio/Repo_Robotica_2026_2/Robotica-2026-2/install/rrr_rviz/lib'
[1.240s] Level 1:colcon.colcon_core.environment:checking '/home/julio/Repo_Robotica_2026_2/Robotica-2026-2/install/rrr_rviz/bin'
[1.241s] Level 1:colcon.colcon_core.environment:checking '/home/julio/Repo_Robotica_2026_2/Robotica-2026-2/install/rrr_rviz/lib/pkgconfig/rrr_rviz.pc'
[1.241s] Level 1:colcon.colcon_core.environment:checking '/home/julio/Repo_Robotica_2026_2/Robotica-2026-2/install/rrr_rviz/lib/python3.10/site-packages'
[1.241s] Level 1:colcon.colcon_core.shell:create_environment_hook('rrr_rviz', 'pythonpath')
[1.241s] INFO:colcon.colcon_core.shell:Creating environment hook '/home/julio/Repo_Robotica_2026_2/Robotica-2026-2/install/rrr_rviz/share/rrr_rviz/hook/pythonpath.ps1'
[1.241s] INFO:colcon.colcon_core.shell:Creating environment descriptor '/home/julio/Repo_Robotica_2026_2/Robotica-2026-2/install/rrr_rviz/share/rrr_rviz/hook/pythonpath.dsv'
[1.241s] INFO:colcon.colcon_core.shell:Creating environment hook '/home/julio/Repo_Robotica_2026_2/Robotica-2026-2/install/rrr_rviz/share/rrr_rviz/hook/pythonpath.sh'
[1.241s] Level 1:colcon.colcon_core.environment:checking '/home/julio/Repo_Robotica_2026_2/Robotica-2026-2/install/rrr_rviz/bin'
[1.241s] Level 1:colcon.colcon_core.environment:create_environment_scripts_only(rrr_rviz)
[1.242s] INFO:colcon.colcon_core.shell:Creating package script '/home/julio/Repo_Robotica_2026_2/Robotica-2026-2/install/rrr_rviz/share/rrr_rviz/package.ps1'
[1.242s] INFO:colcon.colcon_core.shell:Creating package descriptor '/home/julio/Repo_Robotica_2026_2/Robotica-2026-2/install/rrr_rviz/share/rrr_rviz/package.dsv'
[1.242s] INFO:colcon.colcon_core.shell:Creating package script '/home/julio/Repo_Robotica_2026_2/Robotica-2026-2/install/rrr_rviz/share/rrr_rviz/package.sh'
[1.242s] INFO:colcon.colcon_core.shell:Creating package script '/home/julio/Repo_Robotica_2026_2/Robotica-2026-2/install/rrr_rviz/share/rrr_rviz/package.bash'
[1.242s] INFO:colcon.colcon_core.shell:Creating package script '/home/julio/Repo_Robotica_2026_2/Robotica-2026-2/install/rrr_rviz/share/rrr_rviz/package.zsh'
[1.242s] Level 1:colcon.colcon_core.environment:create_file_with_runtime_dependencies(/home/julio/Repo_Robotica_2026_2/Robotica-2026-2/install/rrr_rviz/share/colcon-core/packages/rrr_rviz)
[1.243s] Level 1:colcon.colcon_core.shell:create_environment_hook('rrr_control', 'pythonpath_develop')
[1.243s] INFO:colcon.colcon_core.shell:Creating environment hook '/home/julio/Repo_Robotica_2026_2/Robotica-2026-2/build/rrr_control/share/rrr_control/hook/pythonpath_develop.ps1'
[1.243s] DEBUG:colcon.colcon_core.event_handler.log_command:Invoked command in '/home/julio/Repo_Robotica_2026_2/Robotica-2026-2/build/rrr_control' returned '0': PYTHONPATH=/home/julio/Repo_Robotica_2026_2/Robotica-2026-2/build/rrr_control/prefix_override:/usr/lib/python3/dist-packages/colcon_core/task/python/colcon_distutils_commands:/home/julio/Repo_Robotica_2026_2/Robotica-2026-2/install/rrr_control/lib/python3.10/site-packages:${PYTHONPATH} /usr/bin/python3 -W ignore:setup.py install is deprecated -W ignore:easy_install command is deprecated setup.py develop --editable --build-directory /home/julio/Repo_Robotica_2026_2/Robotica-2026-2/build/rrr_control/build --no-deps symlink_data
[1.243s] INFO:colcon.colcon_core.shell:Creating environment descriptor '/home/julio/Repo_Robotica_2026_2/Robotica-2026-2/build/rrr_control/share/rrr_control/hook/pythonpath_develop.dsv'
[1.243s] INFO:colcon.colcon_core.shell:Creating environment hook '/home/julio/Repo_Robotica_2026_2/Robotica-2026-2/build/rrr_control/share/rrr_control/hook/pythonpath_develop.sh'
[1.244s] Level 1:colcon.colcon_core.environment:checking '/home/julio/Repo_Robotica_2026_2/Robotica-2026-2/install/rrr_control' for CMake module files
[1.244s] Level 1:colcon.colcon_core.environment:checking '/home/julio/Repo_Robotica_2026_2/Robotica-2026-2/install/rrr_control' for CMake config files
[1.244s] Level 1:colcon.colcon_core.environment:checking '/home/julio/Repo_Robotica_2026_2/Robotica-2026-2/install/rrr_control/lib'
[1.244s] Level 1:colcon.colcon_core.environment:checking '/home/julio/Repo_Robotica_2026_2/Robotica-2026-2/install/rrr_control/bin'
[1.244s] Level 1:colcon.colcon_core.environment:checking '/home/julio/Repo_Robotica_2026_2/Robotica-2026-2/install/rrr_control/lib/pkgconfig/rrr_control.pc'
[1.244s] Level 1:colcon.colcon_core.environment:checking '/home/julio/Repo_Robotica_2026_2/Robotica-2026-2/install/rrr_control/lib/python3.10/site-packages'
[1.244s] Level 1:colcon.colcon_core.shell:create_environment_hook('rrr_control', 'pythonpath')
[1.244s] INFO:colcon.colcon_core.shell:Creating environment hook '/home/julio/Repo_Robotica_2026_2/Robotica-2026-2/install/rrr_control/share/rrr_control/hook/pythonpath.ps1'
[1.244s] INFO:colcon.colcon_core.shell:Creating environment descriptor '/home/julio/Repo_Robotica_2026_2/Robotica-2026-2/install/rrr_control/share/rrr_control/hook/pythonpath.dsv'
[1.245s] INFO:colcon.colcon_core.shell:Creating environment hook '/home/julio/Repo_Robotica_2026_2/Robotica-2026-2/install/rrr_control/share/rrr_control/hook/pythonpath.sh'
[1.245s] Level 1:colcon.colcon_core.environment:checking '/home/julio/Repo_Robotica_2026_2/Robotica-2026-2/install/rrr_control/bin'
[1.245s] Level 1:colcon.colcon_core.environment:create_environment_scripts_only(rrr_control)
[1.245s] INFO:colcon.colcon_core.shell:Creating package script '/home/julio/Repo_Robotica_2026_2/Robotica-2026-2/install/rrr_control/share/rrr_control/package.ps1'
[1.245s] INFO:colcon.colcon_core.shell:Creating package descriptor '/home/julio/Repo_Robotica_2026_2/Robotica-2026-2/install/rrr_control/share/rrr_control/package.dsv'
[1.245s] INFO:colcon.colcon_core.shell:Creating package script '/home/julio/Repo_Robotica_2026_2/Robotica-2026-2/install/rrr_control/share/rrr_control/package.sh'
[1.246s] INFO:colcon.colcon_core.shell:Creating package script '/home/julio/Repo_Robotica_2026_2/Robotica-2026-2/install/rrr_control/share/rrr_control/package.bash'
[1.246s] INFO:colcon.colcon_core.shell:Creating package script '/home/julio/Repo_Robotica_2026_2/Robotica-2026-2/install/rrr_control/share/rrr_control/package.zsh'
[1.246s] Level 1:colcon.colcon_core.environment:create_file_with_runtime_dependencies(/home/julio/Repo_Robotica_2026_2/Robotica-2026-2/install/rrr_control/share/colcon-core/packages/rrr_control)
[1.246s] Level 1:colcon.colcon_core.shell:create_environment_hook('rrr_description', 'pythonpath_develop')
[1.246s] INFO:colcon.colcon_core.shell:Creating environment hook '/home/julio/Repo_Robotica_2026_2/Robotica-2026-2/build/rrr_description/share/rrr_description/hook/pythonpath_develop.ps1'
[1.246s] DEBUG:colcon.colcon_core.event_handler.log_command:Invoked command in '/home/julio/Repo_Robotica_2026_2/Robotica-2026-2/build/rrr_description' returned '0': PYTHONPATH=/home/julio/Repo_Robotica_2026_2/Robotica-2026-2/build/rrr_description/prefix_override:/usr/lib/python3/dist-packages/colcon_core/task/python/colcon_distutils_commands:/home/julio/Repo_Robotica_2026_2/Robotica-2026-2/install/rrr_description/lib/python3.10/site-packages:${PYTHONPATH} /usr/bin/python3 -W ignore:setup.py install is deprecated -W ignore:easy_install command is deprecated setup.py develop --editable --build-directory /home/julio/Repo_Robotica_2026_2/Robotica-2026-2/build/rrr_description/build --no-deps symlink_data
[1.247s] INFO:colcon.colcon_core.shell:Creating environment descriptor '/home/julio/Repo_Robotica_2026_2/Robotica-2026-2/build/rrr_description/share/rrr_description/hook/pythonpath_develop.dsv'
[1.247s] INFO:colcon.colcon_core.shell:Creating environment hook '/home/julio/Repo_Robotica_2026_2/Robotica-2026-2/build/rrr_description/share/rrr_description/hook/pythonpath_develop.sh'
[1.247s] Level 1:colcon.colcon_core.environment:checking '/home/julio/Repo_Robotica_2026_2/Robotica-2026-2/install/rrr_description' for CMake module files
[1.247s] Level 1:colcon.colcon_core.environment:checking '/home/julio/Repo_Robotica_2026_2/Robotica-2026-2/install/rrr_description' for CMake config files
[1.247s] Level 1:colcon.colcon_core.environment:checking '/home/julio/Repo_Robotica_2026_2/Robotica-2026-2/install/rrr_description/lib'
[1.247s] Level 1:colcon.colcon_core.environment:checking '/home/julio/Repo_Robotica_2026_2/Robotica-2026-2/install/rrr_description/bin'
[1.247s] Level 1:colcon.colcon_core.environment:checking '/home/julio/Repo_Robotica_2026_2/Robotica-2026-2/install/rrr_description/lib/pkgconfig/rrr_description.pc'
[1.247s] Level 1:colcon.colcon_core.environment:checking '/home/julio/Repo_Robotica_2026_2/Robotica-2026-2/install/rrr_description/lib/python3.10/site-packages'
[1.247s] Level 1:colcon.colcon_core.shell:create_environment_hook('rrr_description', 'pythonpath')
[1.247s] INFO:colcon.colcon_core.shell:Creating environment hook '/home/julio/Repo_Robotica_2026_2/Robotica-2026-2/install/rrr_description/share/rrr_description/hook/pythonpath.ps1'
[1.248s] INFO:colcon.colcon_core.shell:Creating environment descriptor '/home/julio/Repo_Robotica_2026_2/Robotica-2026-2/install/rrr_description/share/rrr_description/hook/pythonpath.dsv'
[1.248s] INFO:colcon.colcon_core.shell:Creating environment hook '/home/julio/Repo_Robotica_2026_2/Robotica-2026-2/install/rrr_description/share/rrr_description/hook/pythonpath.sh'
[1.248s] Level 1:colcon.colcon_core.environment:checking '/home/julio/Repo_Robotica_2026_2/Robotica-2026-2/install/rrr_description/bin'
[1.248s] Level 1:colcon.colcon_core.environment:create_environment_scripts_only(rrr_description)
[1.248s] INFO:colcon.colcon_core.shell:Creating package script '/home/julio/Repo_Robotica_2026_2/Robotica-2026-2/install/rrr_description/share/rrr_description/package.ps1'
[1.248s] INFO:colcon.colcon_core.shell:Creating package descriptor '/home/julio/Repo_Robotica_2026_2/Robotica-2026-2/install/rrr_description/share/rrr_description/package.dsv'
[1.249s] INFO:colcon.colcon_core.shell:Creating package script '/home/julio/Repo_Robotica_2026_2/Robotica-2026-2/install/rrr_description/share/rrr_description/package.sh'
[1.249s] INFO:colcon.colcon_core.shell:Creating package script '/home/julio/Repo_Robotica_2026_2/Robotica-2026-2/install/rrr_description/share/rrr_description/package.bash'
[1.249s] INFO:colcon.colcon_core.shell:Creating package script '/home/julio/Repo_Robotica_2026_2/Robotica-2026-2/install/rrr_description/share/rrr_description/package.zsh'
[1.249s] Level 1:colcon.colcon_core.environment:create_file_with_runtime_dependencies(/home/julio/Repo_Robotica_2026_2/Robotica-2026-2/install/rrr_description/share/colcon-core/packages/rrr_description)
[1.249s] DEBUG:colcon.colcon_parallel_executor.executor.parallel:closing loop
[1.249s] DEBUG:colcon.colcon_parallel_executor.executor.parallel:loop closed
[1.249s] DEBUG:colcon.colcon_parallel_executor.executor.parallel:run_until_complete finished with '0'
[1.249s] DEBUG:colcon.colcon_core.event_reactor:joining thread
[1.253s] INFO:colcon.colcon_core.plugin_system:Skipping extension 'colcon_notification.desktop_notification.terminal_notifier': Not used on non-Darwin systems
[1.253s] INFO:colcon.colcon_core.plugin_system:Skipping extension 'colcon_notification.desktop_notification.win32': Not used on non-Windows systems
[1.253s] INFO:colcon.colcon_notification.desktop_notification:Sending desktop notification using 'notify2'
[1.260s] DEBUG:colcon.colcon_core.event_reactor:joined thread
[1.261s] INFO:colcon.colcon_core.shell:Creating prefix script '/home/julio/Repo_Robotica_2026_2/Robotica-2026-2/install/local_setup.ps1'
[1.261s] INFO:colcon.colcon_core.shell:Creating prefix util module '/home/julio/Repo_Robotica_2026_2/Robotica-2026-2/install/_local_setup_util_ps1.py'
[1.262s] INFO:colcon.colcon_core.shell:Creating prefix chain script '/home/julio/Repo_Robotica_2026_2/Robotica-2026-2/install/setup.ps1'
[1.263s] INFO:colcon.colcon_core.shell:Creating prefix script '/home/julio/Repo_Robotica_2026_2/Robotica-2026-2/install/local_setup.sh'
[1.263s] INFO:colcon.colcon_core.shell:Creating prefix util module '/home/julio/Repo_Robotica_2026_2/Robotica-2026-2/install/_local_setup_util_sh.py'
[1.263s] INFO:colcon.colcon_core.shell:Creating prefix chain script '/home/julio/Repo_Robotica_2026_2/Robotica-2026-2/install/setup.sh'
[1.264s] INFO:colcon.colcon_core.shell:Creating prefix script '/home/julio/Repo_Robotica_2026_2/Robotica-2026-2/install/local_setup.bash'
[1.264s] INFO:colcon.colcon_core.shell:Creating prefix chain script '/home/julio/Repo_Robotica_2026_2/Robotica-2026-2/install/setup.bash'
[1.265s] INFO:colcon.colcon_core.shell:Creating prefix script '/home/julio/Repo_Robotica_2026_2/Robotica-2026-2/install/local_setup.zsh'
[1.265s] INFO:colcon.colcon_core.shell:Creating prefix chain script '/home/julio/Repo_Robotica_2026_2/Robotica-2026-2/install/setup.zsh'
