running develop
running egg_info
creating example_description.egg-info
writing example_description.egg-info/PKG-INFO
writing dependency_links to example_description.egg-info/dependency_links.txt
writing entry points to example_description.egg-info/entry_points.txt
writing requirements to example_description.egg-info/requires.txt
writing top-level names to example_description.egg-info/top_level.txt
writing manifest file 'example_description.egg-info/SOURCES.txt'
reading manifest file 'example_description.egg-info/SOURCES.txt'
writing manifest file 'example_description.egg-info/SOURCES.txt'
running build_ext
Creating /home/robousr/workspace/proyecto/Planar/install/example_description/lib/python3.10/site-packages/example-description.egg-link (link to .)

Installed /home/robousr/workspace/proyecto/Planar/build/example_description
running symlink_data
creating /home/robousr/workspace/proyecto/Planar/install/example_description/share/ament_index
creating /home/robousr/workspace/proyecto/Planar/install/example_description/share/ament_index/resource_index
creating /home/robousr/workspace/proyecto/Planar/install/example_description/share/ament_index/resource_index/packages
symbolically linking /home/robousr/workspace/proyecto/Planar/build/example_description/resource/example_description -> /home/robousr/workspace/proyecto/Planar/install/example_description/share/ament_index/resource_index/packages
symbolically linking /home/robousr/workspace/proyecto/Planar/build/example_description/package.xml -> /home/robousr/workspace/proyecto/Planar/install/example_description/share/example_description
creating /home/robousr/workspace/proyecto/Planar/install/example_description/share/example_description/urdf
symbolically linking /home/robousr/workspace/proyecto/Planar/build/example_description/urdf/robot1_planar.urdf -> /home/robousr/workspace/proyecto/Planar/install/example_description/share/example_description/urdf
creating /home/robousr/workspace/proyecto/Planar/install/example_description/share/example_description/rviz
symbolically linking /home/robousr/workspace/proyecto/Planar/build/example_description/rviz/rviz_config.rviz -> /home/robousr/workspace/proyecto/Planar/install/example_description/share/example_description/rviz
