[0.928s] Invoking command in '/home/robousr/workspace/proyecto/Planar/build/example_description': PYTHONPATH=/home/robousr/workspace/proyecto/Planar/build/example_description/prefix_override:/usr/lib/python3/dist-packages/colcon_core/task/python/colcon_distutils_commands:/home/robousr/workspace/proyecto/Planar/install/example_description/lib/python3.10/site-packages:${PYTHONPATH} /usr/bin/python3 -W ignore:setup.py install is deprecated -W ignore:easy_install command is deprecated setup.py develop --editable --build-directory /home/robousr/workspace/proyecto/Planar/build/example_description/build --no-deps symlink_data
[1.173s] running develop
[1.335s] running egg_info
[1.335s] creating example_description.egg-info
[1.335s] writing example_description.egg-info/PKG-INFO
[1.335s] writing dependency_links to example_description.egg-info/dependency_links.txt
[1.335s] writing entry points to example_description.egg-info/entry_points.txt
[1.335s] writing requirements to example_description.egg-info/requires.txt
[1.335s] writing top-level names to example_description.egg-info/top_level.txt
[1.335s] writing manifest file 'example_description.egg-info/SOURCES.txt'
[1.337s] reading manifest file 'example_description.egg-info/SOURCES.txt'
[1.337s] writing manifest file 'example_description.egg-info/SOURCES.txt'
[1.338s] running build_ext
[1.338s] Creating /home/robousr/workspace/proyecto/Planar/install/example_description/lib/python3.10/site-packages/example-description.egg-link (link to .)
[1.339s] 
[1.339s] Installed /home/robousr/workspace/proyecto/Planar/build/example_description
[1.339s] running symlink_data
[1.339s] creating /home/robousr/workspace/proyecto/Planar/install/example_description/share/ament_index
[1.339s] creating /home/robousr/workspace/proyecto/Planar/install/example_description/share/ament_index/resource_index
[1.340s] creating /home/robousr/workspace/proyecto/Planar/install/example_description/share/ament_index/resource_index/packages
[1.340s] symbolically linking /home/robousr/workspace/proyecto/Planar/build/example_description/resource/example_description -> /home/robousr/workspace/proyecto/Planar/install/example_description/share/ament_index/resource_index/packages
[1.340s] symbolically linking /home/robousr/workspace/proyecto/Planar/build/example_description/package.xml -> /home/robousr/workspace/proyecto/Planar/install/example_description/share/example_description
[1.340s] creating /home/robousr/workspace/proyecto/Planar/install/example_description/share/example_description/urdf
[1.340s] symbolically linking /home/robousr/workspace/proyecto/Planar/build/example_description/urdf/robot1_planar.urdf -> /home/robousr/workspace/proyecto/Planar/install/example_description/share/example_description/urdf
[1.340s] creating /home/robousr/workspace/proyecto/Planar/install/example_description/share/example_description/rviz
[1.340s] symbolically linking /home/robousr/workspace/proyecto/Planar/build/example_description/rviz/rviz_config.rviz -> /home/robousr/workspace/proyecto/Planar/install/example_description/share/example_description/rviz
[1.511s] Invoked command in '/home/robousr/workspace/proyecto/Planar/build/example_description' returned '0': PYTHONPATH=/home/robousr/workspace/proyecto/Planar/build/example_description/prefix_override:/usr/lib/python3/dist-packages/colcon_core/task/python/colcon_distutils_commands:/home/robousr/workspace/proyecto/Planar/install/example_description/lib/python3.10/site-packages:${PYTHONPATH} /usr/bin/python3 -W ignore:setup.py install is deprecated -W ignore:easy_install command is deprecated setup.py develop --editable --build-directory /home/robousr/workspace/proyecto/Planar/build/example_description/build --no-deps symlink_data
