running develop
running egg_info
creating rrr_description.egg-info
writing rrr_description.egg-info/PKG-INFO
writing dependency_links to rrr_description.egg-info/dependency_links.txt
writing entry points to rrr_description.egg-info/entry_points.txt
writing requirements to rrr_description.egg-info/requires.txt
writing top-level names to rrr_description.egg-info/top_level.txt
writing manifest file 'rrr_description.egg-info/SOURCES.txt'
reading manifest file 'rrr_description.egg-info/SOURCES.txt'
writing manifest file 'rrr_description.egg-info/SOURCES.txt'
running build_ext
Creating /home/julio/Repo_Robotica_2026_2/Robotica-2026-2/install/rrr_description/lib/python3.10/site-packages/rrr-description.egg-link (link to .)

Installed /home/julio/Repo_Robotica_2026_2/Robotica-2026-2/build/rrr_description
running symlink_data
creating /home/julio/Repo_Robotica_2026_2/Robotica-2026-2/install/rrr_description/share/ament_index
creating /home/julio/Repo_Robotica_2026_2/Robotica-2026-2/install/rrr_description/share/ament_index/resource_index
creating /home/julio/Repo_Robotica_2026_2/Robotica-2026-2/install/rrr_description/share/ament_index/resource_index/packages
symbolically linking /home/julio/Repo_Robotica_2026_2/Robotica-2026-2/build/rrr_description/resource/rrr_description -> /home/julio/Repo_Robotica_2026_2/Robotica-2026-2/install/rrr_description/share/ament_index/resource_index/packages
symbolically linking /home/julio/Repo_Robotica_2026_2/Robotica-2026-2/build/rrr_description/package.xml -> /home/julio/Repo_Robotica_2026_2/Robotica-2026-2/install/rrr_description/share/rrr_description
