[0.694s] Invoking command in '/home/julio/Repo_Robotica_2026_2/Robotica-2026-2/build/rrr_description': PYTHONPATH=/home/julio/Repo_Robotica_2026_2/Robotica-2026-2/build/rrr_description/prefix_override:/usr/lib/python3/dist-packages/colcon_core/task/python/colcon_distutils_commands:/home/julio/Repo_Robotica_2026_2/Robotica-2026-2/install/rrr_description/lib/python3.10/site-packages:${PYTHONPATH} /usr/bin/python3 -W ignore:setup.py install is deprecated -W ignore:easy_install command is deprecated setup.py develop --editable --build-directory /home/julio/Repo_Robotica_2026_2/Robotica-2026-2/build/rrr_description/build --no-deps symlink_data
[0.834s] running develop
[0.931s] running egg_info
[0.931s] creating rrr_description.egg-info
[0.931s] writing rrr_description.egg-info/PKG-INFO
[0.931s] writing dependency_links to rrr_description.egg-info/dependency_links.txt
[0.931s] writing entry points to rrr_description.egg-info/entry_points.txt
[0.931s] writing requirements to rrr_description.egg-info/requires.txt
[0.931s] writing top-level names to rrr_description.egg-info/top_level.txt
[0.931s] writing manifest file 'rrr_description.egg-info/SOURCES.txt'
[0.932s] reading manifest file 'rrr_description.egg-info/SOURCES.txt'
[0.932s] writing manifest file 'rrr_description.egg-info/SOURCES.txt'
[0.933s] running build_ext
[0.933s] Creating /home/julio/Repo_Robotica_2026_2/Robotica-2026-2/install/rrr_description/lib/python3.10/site-packages/rrr-description.egg-link (link to .)
[0.933s] 
[0.933s] Installed /home/julio/Repo_Robotica_2026_2/Robotica-2026-2/build/rrr_description
[0.933s] running symlink_data
[0.933s] creating /home/julio/Repo_Robotica_2026_2/Robotica-2026-2/install/rrr_description/share/ament_index
[0.934s] creating /home/julio/Repo_Robotica_2026_2/Robotica-2026-2/install/rrr_description/share/ament_index/resource_index
[0.934s] creating /home/julio/Repo_Robotica_2026_2/Robotica-2026-2/install/rrr_description/share/ament_index/resource_index/packages
[0.934s] symbolically linking /home/julio/Repo_Robotica_2026_2/Robotica-2026-2/build/rrr_description/resource/rrr_description -> /home/julio/Repo_Robotica_2026_2/Robotica-2026-2/install/rrr_description/share/ament_index/resource_index/packages
[0.934s] symbolically linking /home/julio/Repo_Robotica_2026_2/Robotica-2026-2/build/rrr_description/package.xml -> /home/julio/Repo_Robotica_2026_2/Robotica-2026-2/install/rrr_description/share/rrr_description
[0.963s] Invoked command in '/home/julio/Repo_Robotica_2026_2/Robotica-2026-2/build/rrr_description' returned '0': PYTHONPATH=/home/julio/Repo_Robotica_2026_2/Robotica-2026-2/build/rrr_description/prefix_override:/usr/lib/python3/dist-packages/colcon_core/task/python/colcon_distutils_commands:/home/julio/Repo_Robotica_2026_2/Robotica-2026-2/install/rrr_description/lib/python3.10/site-packages:${PYTHONPATH} /usr/bin/python3 -W ignore:setup.py install is deprecated -W ignore:easy_install command is deprecated setup.py develop --editable --build-directory /home/julio/Repo_Robotica_2026_2/Robotica-2026-2/build/rrr_description/build --no-deps symlink_data
