running develop
running egg_info
creating example_bringup.egg-info
writing example_bringup.egg-info/PKG-INFO
writing dependency_links to example_bringup.egg-info/dependency_links.txt
writing entry points to example_bringup.egg-info/entry_points.txt
writing requirements to example_bringup.egg-info/requires.txt
writing top-level names to example_bringup.egg-info/top_level.txt
writing manifest file 'example_bringup.egg-info/SOURCES.txt'
reading manifest file 'example_bringup.egg-info/SOURCES.txt'
writing manifest file 'example_bringup.egg-info/SOURCES.txt'
running build_ext
Creating /home/robousr/Semestre-2026-1/Workspaces/example_ws/src/install/example_bringup/lib/python3.10/site-packages/example-bringup.egg-link (link to .)

Installed /home/robousr/Semestre-2026-1/Workspaces/example_ws/src/build/example_bringup
running symlink_data
creating /home/robousr/Semestre-2026-1/Workspaces/example_ws/src/install/example_bringup/share/ament_index
creating /home/robousr/Semestre-2026-1/Workspaces/example_ws/src/install/example_bringup/share/ament_index/resource_index
creating /home/robousr/Semestre-2026-1/Workspaces/example_ws/src/install/example_bringup/share/ament_index/resource_index/packages
symbolically linking /home/robousr/Semestre-2026-1/Workspaces/example_ws/src/build/example_bringup/resource/example_bringup -> /home/robousr/Semestre-2026-1/Workspaces/example_ws/src/install/example_bringup/share/ament_index/resource_index/packages
symbolically linking /home/robousr/Semestre-2026-1/Workspaces/example_ws/src/build/example_bringup/package.xml -> /home/robousr/Semestre-2026-1/Workspaces/example_ws/src/install/example_bringup/share/example_bringup
creating /home/robousr/Semestre-2026-1/Workspaces/example_ws/src/install/example_bringup/share/example_bringup/launch
symbolically linking /home/robousr/Semestre-2026-1/Workspaces/example_ws/src/build/example_bringup/launch/rviz_bringup.launch.py -> /home/robousr/Semestre-2026-1/Workspaces/example_ws/src/install/example_bringup/share/example_bringup/launch
symbolically linking /home/robousr/Semestre-2026-1/Workspaces/example_ws/src/build/example_bringup/launch/controller.launch.py -> /home/robousr/Semestre-2026-1/Workspaces/example_ws/src/install/example_bringup/share/example_bringup/launch
symbolically linking /home/robousr/Semestre-2026-1/Workspaces/example_ws/src/build/example_bringup/launch/bringup_multi_robot.launch.py -> /home/robousr/Semestre-2026-1/Workspaces/example_ws/src/install/example_bringup/share/example_bringup/launch
