[2.856s] Invoking command in '/home/robousr/Semestre-2026-1/Workspaces/example_ws/src/build/example_bringup': PYTHONPATH=/home/robousr/Semestre-2026-1/Workspaces/example_ws/src/build/example_bringup/prefix_override:/usr/lib/python3/dist-packages/colcon_core/task/python/colcon_distutils_commands:/home/robousr/Semestre-2026-1/Workspaces/example_ws/src/install/example_bringup/lib/python3.10/site-packages:${PYTHONPATH} /usr/bin/python3 -W ignore:setup.py install is deprecated -W ignore:easy_install command is deprecated setup.py develop --editable --build-directory /home/robousr/Semestre-2026-1/Workspaces/example_ws/src/build/example_bringup/build --no-deps symlink_data
[3.554s] running develop
[4.023s] running egg_info
[4.024s] creating example_bringup.egg-info
[4.025s] writing example_bringup.egg-info/PKG-INFO
[4.025s] writing dependency_links to example_bringup.egg-info/dependency_links.txt
[4.025s] writing entry points to example_bringup.egg-info/entry_points.txt
[4.026s] writing requirements to example_bringup.egg-info/requires.txt
[4.029s] writing top-level names to example_bringup.egg-info/top_level.txt
[4.029s] writing manifest file 'example_bringup.egg-info/SOURCES.txt'
[4.030s] reading manifest file 'example_bringup.egg-info/SOURCES.txt'
[4.030s] writing manifest file 'example_bringup.egg-info/SOURCES.txt'
[4.033s] running build_ext
[4.033s] Creating /home/robousr/Semestre-2026-1/Workspaces/example_ws/src/install/example_bringup/lib/python3.10/site-packages/example-bringup.egg-link (link to .)
[4.034s] 
[4.034s] Installed /home/robousr/Semestre-2026-1/Workspaces/example_ws/src/build/example_bringup
[4.034s] running symlink_data
[4.034s] creating /home/robousr/Semestre-2026-1/Workspaces/example_ws/src/install/example_bringup/share/ament_index
[4.034s] creating /home/robousr/Semestre-2026-1/Workspaces/example_ws/src/install/example_bringup/share/ament_index/resource_index
[4.035s] creating /home/robousr/Semestre-2026-1/Workspaces/example_ws/src/install/example_bringup/share/ament_index/resource_index/packages
[4.035s] symbolically linking /home/robousr/Semestre-2026-1/Workspaces/example_ws/src/build/example_bringup/resource/example_bringup -> /home/robousr/Semestre-2026-1/Workspaces/example_ws/src/install/example_bringup/share/ament_index/resource_index/packages
[4.035s] symbolically linking /home/robousr/Semestre-2026-1/Workspaces/example_ws/src/build/example_bringup/package.xml -> /home/robousr/Semestre-2026-1/Workspaces/example_ws/src/install/example_bringup/share/example_bringup
[4.035s] creating /home/robousr/Semestre-2026-1/Workspaces/example_ws/src/install/example_bringup/share/example_bringup/launch
[4.035s] symbolically linking /home/robousr/Semestre-2026-1/Workspaces/example_ws/src/build/example_bringup/launch/rviz_bringup.launch.py -> /home/robousr/Semestre-2026-1/Workspaces/example_ws/src/install/example_bringup/share/example_bringup/launch
[4.035s] symbolically linking /home/robousr/Semestre-2026-1/Workspaces/example_ws/src/build/example_bringup/launch/controller.launch.py -> /home/robousr/Semestre-2026-1/Workspaces/example_ws/src/install/example_bringup/share/example_bringup/launch
[4.036s] symbolically linking /home/robousr/Semestre-2026-1/Workspaces/example_ws/src/build/example_bringup/launch/bringup_multi_robot.launch.py -> /home/robousr/Semestre-2026-1/Workspaces/example_ws/src/install/example_bringup/share/example_bringup/launch
[4.103s] Invoked command in '/home/robousr/Semestre-2026-1/Workspaces/example_ws/src/build/example_bringup' returned '0': PYTHONPATH=/home/robousr/Semestre-2026-1/Workspaces/example_ws/src/build/example_bringup/prefix_override:/usr/lib/python3/dist-packages/colcon_core/task/python/colcon_distutils_commands:/home/robousr/Semestre-2026-1/Workspaces/example_ws/src/install/example_bringup/lib/python3.10/site-packages:${PYTHONPATH} /usr/bin/python3 -W ignore:setup.py install is deprecated -W ignore:easy_install command is deprecated setup.py develop --editable --build-directory /home/robousr/Semestre-2026-1/Workspaces/example_ws/src/build/example_bringup/build --no-deps symlink_data
