-- The C compiler identification is GNU 11.4.0
-- The CXX compiler identification is GNU 11.4.0
-- Detecting C compiler ABI info
-- Detecting C compiler ABI info - done
-- Check for working C compiler: /usr/bin/cc - skipped
-- Detecting C compile features
-- Detecting C compile features - done
-- Detecting CXX compiler ABI info
-- Detecting CXX compiler ABI info - done
-- Check for working CXX compiler: /usr/bin/c++ - skipped
-- Detecting CXX compile features
-- Detecting CXX compile features - done
-- Found rosidl_default_generators: 1.2.0 (/opt/ros/humble/share/rosidl_default_generators/cmake)
-- Found ament_cmake_core: 1.3.12 (/opt/ros/humble/share/ament_cmake_core/cmake)
-- Found Python3: /home/robousr/.pyenv/shims/python3 (found version "3.10.12") found components: Interpreter 
-- Using all available rosidl_typesupport_c: rosidl_typesupport_fastrtps_c;rosidl_typesupport_introspection_c
-- Found rosidl_adapter: 3.1.7 (/opt/ros/humble/share/rosidl_adapter/cmake)
-- Using all available rosidl_typesupport_cpp: rosidl_typesupport_fastrtps_cpp;rosidl_typesupport_introspection_cpp
-- Found ament_cmake_ros: 0.10.0 (/opt/ros/humble/share/ament_cmake_ros/cmake)
-- Using all available rosidl_typesupport_c: rosidl_typesupport_fastrtps_c;rosidl_typesupport_introspection_c
-- Using all available rosidl_typesupport_cpp: rosidl_typesupport_fastrtps_cpp;rosidl_typesupport_introspection_cpp
-- Found PythonInterp: /home/robousr/.pyenv/shims/python3 (found suitable version "3.10.12", minimum required is "3.6") 
-- Found python_cmake_module: 0.10.0 (/opt/ros/humble/share/python_cmake_module/cmake)
-- Found PythonLibs: /usr/lib/x86_64-linux-gnu/libpython3.10.so (found suitable version "3.10.12", minimum required is "3.5") 
-- Using PYTHON_EXECUTABLE: /home/robousr/.pyenv/shims/python3
-- Using PYTHON_INCLUDE_DIRS: /usr/include/python3.10
-- Using PYTHON_LIBRARIES: /usr/lib/x86_64-linux-gnu/libpython3.10.so
-- Found PythonExtra: .so  
-- Configuring done
-- Generating done
-- Build files have been written to: /home/robousr/Semestre-2026-1/Workspaces/example_ws/src/build/click_to_motion_msgs
[  2%] [34m[1mGenerating C code for ROS interfaces[0m
[  5%] [34m[1mGenerating C++ code for ROS interfaces[0m
[  5%] Built target ament_cmake_python_copy_click_to_motion_msgs
running egg_info
creating click_to_motion_msgs.egg-info
writing click_to_motion_msgs.egg-info/PKG-INFO
writing dependency_links to click_to_motion_msgs.egg-info/dependency_links.txt
writing top-level names to click_to_motion_msgs.egg-info/top_level.txt
writing manifest file 'click_to_motion_msgs.egg-info/SOURCES.txt'
reading manifest file 'click_to_motion_msgs.egg-info/SOURCES.txt'
writing manifest file 'click_to_motion_msgs.egg-info/SOURCES.txt'
[  5%] Built target ament_cmake_python_build_click_to_motion_msgs_egg
[  5%] Built target click_to_motion_msgs__cpp
[  7%] [34m[1mGenerating C++ type support dispatch for ROS interfaces[0m
[ 10%] [34m[1mGenerating C++ type support for eProsima Fast-RTPS[0m
[ 12%] [34m[1mGenerating C++ introspection for ROS interfaces[0m
[ 15%] [32mBuilding C object CMakeFiles/click_to_motion_msgs__rosidl_generator_c.dir/rosidl_generator_c/click_to_motion_msgs/msg/detail/joint_control__functions.c.o[0m
[ 17%] [32mBuilding C object CMakeFiles/click_to_motion_msgs__rosidl_generator_c.dir/rosidl_generator_c/click_to_motion_msgs/msg/detail/workspace_position__functions.c.o[0m
[ 20%] [32m[1mLinking C shared library libclick_to_motion_msgs__rosidl_generator_c.so[0m
[ 20%] Built target click_to_motion_msgs__rosidl_generator_c
[ 23%] [34m[1mGenerating C type support for eProsima Fast-RTPS[0m
[ 25%] [34m[1mGenerating C introspection for ROS interfaces[0m
[ 28%] [34m[1mGenerating C type support dispatch for ROS interfaces[0m
[ 30%] [32mBuilding CXX object CMakeFiles/click_to_motion_msgs__rosidl_typesupport_cpp.dir/rosidl_typesupport_cpp/click_to_motion_msgs/msg/workspace_position__type_support.cpp.o[0m
[ 35%] [32mBuilding CXX object CMakeFiles/click_to_motion_msgs__rosidl_typesupport_cpp.dir/rosidl_typesupport_cpp/click_to_motion_msgs/msg/joint_control__type_support.cpp.o[0m
[ 35%] [32mBuilding CXX object CMakeFiles/click_to_motion_msgs__rosidl_typesupport_introspection_cpp.dir/rosidl_typesupport_introspection_cpp/click_to_motion_msgs/msg/detail/joint_control__type_support.cpp.o[0m
[ 38%] [32mBuilding CXX object CMakeFiles/click_to_motion_msgs__rosidl_typesupport_introspection_cpp.dir/rosidl_typesupport_introspection_cpp/click_to_motion_msgs/msg/detail/workspace_position__type_support.cpp.o[0m
[ 41%] [32mBuilding CXX object CMakeFiles/click_to_motion_msgs__rosidl_typesupport_fastrtps_cpp.dir/rosidl_typesupport_fastrtps_cpp/click_to_motion_msgs/msg/detail/dds_fastrtps/joint_control__type_support.cpp.o[0m
[ 43%] [32mBuilding CXX object CMakeFiles/click_to_motion_msgs__rosidl_typesupport_c.dir/rosidl_typesupport_c/click_to_motion_msgs/msg/joint_control__type_support.cpp.o[0m
[ 46%] [32mBuilding CXX object CMakeFiles/click_to_motion_msgs__rosidl_typesupport_c.dir/rosidl_typesupport_c/click_to_motion_msgs/msg/workspace_position__type_support.cpp.o[0m
[ 48%] [32mBuilding CXX object CMakeFiles/click_to_motion_msgs__rosidl_typesupport_fastrtps_c.dir/rosidl_typesupport_fastrtps_c/click_to_motion_msgs/msg/detail/joint_control__type_support_c.cpp.o[0m
[ 51%] [32m[1mLinking CXX shared library libclick_to_motion_msgs__rosidl_typesupport_c.so[0m
[ 53%] [32mBuilding C object CMakeFiles/click_to_motion_msgs__rosidl_typesupport_introspection_c.dir/rosidl_typesupport_introspection_c/click_to_motion_msgs/msg/detail/joint_control__type_support.c.o[0m
[ 56%] [32mBuilding C object CMakeFiles/click_to_motion_msgs__rosidl_typesupport_introspection_c.dir/rosidl_typesupport_introspection_c/click_to_motion_msgs/msg/detail/workspace_position__type_support.c.o[0m
[ 56%] Built target click_to_motion_msgs__rosidl_typesupport_c
[ 58%] [32mBuilding CXX object CMakeFiles/click_to_motion_msgs__rosidl_typesupport_fastrtps_cpp.dir/rosidl_typesupport_fastrtps_cpp/click_to_motion_msgs/msg/detail/dds_fastrtps/workspace_position__type_support.cpp.o[0m
[ 61%] [32m[1mLinking C shared library libclick_to_motion_msgs__rosidl_typesupport_introspection_c.so[0m
[ 64%] [32mBuilding CXX object CMakeFiles/click_to_motion_msgs__rosidl_typesupport_fastrtps_c.dir/rosidl_typesupport_fastrtps_c/click_to_motion_msgs/msg/detail/workspace_position__type_support_c.cpp.o[0m
[ 64%] Built target click_to_motion_msgs__rosidl_typesupport_introspection_c
[ 66%] [32m[1mLinking CXX shared library libclick_to_motion_msgs__rosidl_typesupport_cpp.so[0m
[ 66%] Built target click_to_motion_msgs__rosidl_typesupport_cpp
[ 69%] [32m[1mLinking CXX shared library libclick_to_motion_msgs__rosidl_typesupport_introspection_cpp.so[0m
[ 69%] Built target click_to_motion_msgs__rosidl_typesupport_introspection_cpp
[ 71%] [32m[1mLinking CXX shared library libclick_to_motion_msgs__rosidl_typesupport_fastrtps_c.so[0m
[ 74%] [32m[1mLinking CXX shared library libclick_to_motion_msgs__rosidl_typesupport_fastrtps_cpp.so[0m
[ 74%] Built target click_to_motion_msgs__rosidl_typesupport_fastrtps_c
[ 74%] Built target click_to_motion_msgs__rosidl_typesupport_fastrtps_cpp
[ 74%] Built target click_to_motion_msgs
[ 76%] [34m[1mGenerating Python code for ROS interfaces[0m
[ 76%] Built target click_to_motion_msgs__py
[ 79%] [32mBuilding C object CMakeFiles/click_to_motion_msgs__rosidl_generator_py.dir/rosidl_generator_py/click_to_motion_msgs/msg/_workspace_position_s.c.o[0m
[ 82%] [32mBuilding C object CMakeFiles/click_to_motion_msgs__rosidl_generator_py.dir/rosidl_generator_py/click_to_motion_msgs/msg/_joint_control_s.c.o[0m
[ 84%] [32m[1mLinking C shared library rosidl_generator_py/click_to_motion_msgs/libclick_to_motion_msgs__rosidl_generator_py.so[0m
[ 84%] Built target click_to_motion_msgs__rosidl_generator_py
[ 87%] [32mBuilding C object CMakeFiles/click_to_motion_msgs__rosidl_typesupport_introspection_c__pyext.dir/rosidl_generator_py/click_to_motion_msgs/_click_to_motion_msgs_s.ep.rosidl_typesupport_introspection_c.c.o[0m
[ 89%] [32mBuilding C object CMakeFiles/click_to_motion_msgs__rosidl_typesupport_fastrtps_c__pyext.dir/rosidl_generator_py/click_to_motion_msgs/_click_to_motion_msgs_s.ep.rosidl_typesupport_fastrtps_c.c.o[0m
[ 92%] [32mBuilding C object CMakeFiles/click_to_motion_msgs__rosidl_typesupport_c__pyext.dir/rosidl_generator_py/click_to_motion_msgs/_click_to_motion_msgs_s.ep.rosidl_typesupport_c.c.o[0m
[ 94%] [32m[1mLinking C shared library rosidl_generator_py/click_to_motion_msgs/click_to_motion_msgs_s__rosidl_typesupport_introspection_c.cpython-310-x86_64-linux-gnu.so[0m
[ 97%] [32m[1mLinking C shared library rosidl_generator_py/click_to_motion_msgs/click_to_motion_msgs_s__rosidl_typesupport_fastrtps_c.cpython-310-x86_64-linux-gnu.so[0m
[ 97%] Built target click_to_motion_msgs__rosidl_typesupport_introspection_c__pyext
[ 97%] Built target click_to_motion_msgs__rosidl_typesupport_fastrtps_c__pyext
[100%] [32m[1mLinking C shared library rosidl_generator_py/click_to_motion_msgs/click_to_motion_msgs_s__rosidl_typesupport_c.cpython-310-x86_64-linux-gnu.so[0m
[100%] Built target click_to_motion_msgs__rosidl_typesupport_c__pyext
-- Install configuration: ""
-- Installing: /home/robousr/Semestre-2026-1/Workspaces/example_ws/src/install/click_to_motion_msgs/share/ament_index/resource_index/rosidl_interfaces/click_to_motion_msgs
-- Installing: /home/robousr/Semestre-2026-1/Workspaces/example_ws/src/install/click_to_motion_msgs/include/click_to_motion_msgs/click_to_motion_msgs
-- Installing: /home/robousr/Semestre-2026-1/Workspaces/example_ws/src/install/click_to_motion_msgs/include/click_to_motion_msgs/click_to_motion_msgs/msg
-- Installing: /home/robousr/Semestre-2026-1/Workspaces/example_ws/src/install/click_to_motion_msgs/include/click_to_motion_msgs/click_to_motion_msgs/msg/rosidl_generator_c__visibility_control.h
-- Installing: /home/robousr/Semestre-2026-1/Workspaces/example_ws/src/install/click_to_motion_msgs/include/click_to_motion_msgs/click_to_motion_msgs/msg/detail
-- Installing: /home/robousr/Semestre-2026-1/Workspaces/example_ws/src/install/click_to_motion_msgs/include/click_to_motion_msgs/click_to_motion_msgs/msg/detail/workspace_position__functions.h
-- Installing: /home/robousr/Semestre-2026-1/Workspaces/example_ws/src/install/click_to_motion_msgs/include/click_to_motion_msgs/click_to_motion_msgs/msg/detail/workspace_position__struct.h
-- Installing: /home/robousr/Semestre-2026-1/Workspaces/example_ws/src/install/click_to_motion_msgs/include/click_to_motion_msgs/click_to_motion_msgs/msg/detail/workspace_position__functions.c
-- Installing: /home/robousr/Semestre-2026-1/Workspaces/example_ws/src/install/click_to_motion_msgs/include/click_to_motion_msgs/click_to_motion_msgs/msg/detail/workspace_position__type_support.h
-- Installing: /home/robousr/Semestre-2026-1/Workspaces/example_ws/src/install/click_to_motion_msgs/include/click_to_motion_msgs/click_to_motion_msgs/msg/detail/joint_control__functions.c
-- Installing: /home/robousr/Semestre-2026-1/Workspaces/example_ws/src/install/click_to_motion_msgs/include/click_to_motion_msgs/click_to_motion_msgs/msg/detail/joint_control__struct.h
-- Installing: /home/robousr/Semestre-2026-1/Workspaces/example_ws/src/install/click_to_motion_msgs/include/click_to_motion_msgs/click_to_motion_msgs/msg/detail/joint_control__type_support.h
-- Installing: /home/robousr/Semestre-2026-1/Workspaces/example_ws/src/install/click_to_motion_msgs/include/click_to_motion_msgs/click_to_motion_msgs/msg/detail/joint_control__functions.h
-- Installing: /home/robousr/Semestre-2026-1/Workspaces/example_ws/src/install/click_to_motion_msgs/include/click_to_motion_msgs/click_to_motion_msgs/msg/workspace_position.h
-- Installing: /home/robousr/Semestre-2026-1/Workspaces/example_ws/src/install/click_to_motion_msgs/include/click_to_motion_msgs/click_to_motion_msgs/msg/joint_control.h
-- Installing: /home/robousr/Semestre-2026-1/Workspaces/example_ws/src/install/click_to_motion_msgs/share/click_to_motion_msgs/environment/library_path.sh
-- Installing: /home/robousr/Semestre-2026-1/Workspaces/example_ws/src/install/click_to_motion_msgs/share/click_to_motion_msgs/environment/library_path.dsv
-- Installing: /home/robousr/Semestre-2026-1/Workspaces/example_ws/src/install/click_to_motion_msgs/lib/libclick_to_motion_msgs__rosidl_generator_c.so
-- Set runtime path of "/home/robousr/Semestre-2026-1/Workspaces/example_ws/src/install/click_to_motion_msgs/lib/libclick_to_motion_msgs__rosidl_generator_c.so" to ""
-- Up-to-date: /home/robousr/Semestre-2026-1/Workspaces/example_ws/src/install/click_to_motion_msgs/include/click_to_motion_msgs/click_to_motion_msgs
-- Up-to-date: /home/robousr/Semestre-2026-1/Workspaces/example_ws/src/install/click_to_motion_msgs/include/click_to_motion_msgs/click_to_motion_msgs/msg
-- Installing: /home/robousr/Semestre-2026-1/Workspaces/example_ws/src/install/click_to_motion_msgs/include/click_to_motion_msgs/click_to_motion_msgs/msg/rosidl_typesupport_fastrtps_c__visibility_control.h
-- Up-to-date: /home/robousr/Semestre-2026-1/Workspaces/example_ws/src/install/click_to_motion_msgs/include/click_to_motion_msgs/click_to_motion_msgs/msg/detail
-- Installing: /home/robousr/Semestre-2026-1/Workspaces/example_ws/src/install/click_to_motion_msgs/include/click_to_motion_msgs/click_to_motion_msgs/msg/detail/joint_control__rosidl_typesupport_fastrtps_c.h
-- Installing: /home/robousr/Semestre-2026-1/Workspaces/example_ws/src/install/click_to_motion_msgs/include/click_to_motion_msgs/click_to_motion_msgs/msg/detail/workspace_position__rosidl_typesupport_fastrtps_c.h
-- Installing: /home/robousr/Semestre-2026-1/Workspaces/example_ws/src/install/click_to_motion_msgs/lib/libclick_to_motion_msgs__rosidl_typesupport_fastrtps_c.so
-- Set runtime path of "/home/robousr/Semestre-2026-1/Workspaces/example_ws/src/install/click_to_motion_msgs/lib/libclick_to_motion_msgs__rosidl_typesupport_fastrtps_c.so" to ""
-- Up-to-date: /home/robousr/Semestre-2026-1/Workspaces/example_ws/src/install/click_to_motion_msgs/include/click_to_motion_msgs/click_to_motion_msgs
-- Up-to-date: /home/robousr/Semestre-2026-1/Workspaces/example_ws/src/install/click_to_motion_msgs/include/click_to_motion_msgs/click_to_motion_msgs/msg
-- Installing: /home/robousr/Semestre-2026-1/Workspaces/example_ws/src/install/click_to_motion_msgs/include/click_to_motion_msgs/click_to_motion_msgs/msg/rosidl_typesupport_introspection_c__visibility_control.h
-- Up-to-date: /home/robousr/Semestre-2026-1/Workspaces/example_ws/src/install/click_to_motion_msgs/include/click_to_motion_msgs/click_to_motion_msgs/msg/detail
-- Installing: /home/robousr/Semestre-2026-1/Workspaces/example_ws/src/install/click_to_motion_msgs/include/click_to_motion_msgs/click_to_motion_msgs/msg/detail/joint_control__type_support.c
-- Installing: /home/robousr/Semestre-2026-1/Workspaces/example_ws/src/install/click_to_motion_msgs/include/click_to_motion_msgs/click_to_motion_msgs/msg/detail/workspace_position__rosidl_typesupport_introspection_c.h
-- Installing: /home/robousr/Semestre-2026-1/Workspaces/example_ws/src/install/click_to_motion_msgs/include/click_to_motion_msgs/click_to_motion_msgs/msg/detail/joint_control__rosidl_typesupport_introspection_c.h
-- Installing: /home/robousr/Semestre-2026-1/Workspaces/example_ws/src/install/click_to_motion_msgs/include/click_to_motion_msgs/click_to_motion_msgs/msg/detail/workspace_position__type_support.c
-- Installing: /home/robousr/Semestre-2026-1/Workspaces/example_ws/src/install/click_to_motion_msgs/lib/libclick_to_motion_msgs__rosidl_typesupport_introspection_c.so
-- Set runtime path of "/home/robousr/Semestre-2026-1/Workspaces/example_ws/src/install/click_to_motion_msgs/lib/libclick_to_motion_msgs__rosidl_typesupport_introspection_c.so" to ""
-- Installing: /home/robousr/Semestre-2026-1/Workspaces/example_ws/src/install/click_to_motion_msgs/lib/libclick_to_motion_msgs__rosidl_typesupport_c.so
-- Set runtime path of "/home/robousr/Semestre-2026-1/Workspaces/example_ws/src/install/click_to_motion_msgs/lib/libclick_to_motion_msgs__rosidl_typesupport_c.so" to ""
-- Up-to-date: /home/robousr/Semestre-2026-1/Workspaces/example_ws/src/install/click_to_motion_msgs/include/click_to_motion_msgs/click_to_motion_msgs
-- Up-to-date: /home/robousr/Semestre-2026-1/Workspaces/example_ws/src/install/click_to_motion_msgs/include/click_to_motion_msgs/click_to_motion_msgs/msg
-- Installing: /home/robousr/Semestre-2026-1/Workspaces/example_ws/src/install/click_to_motion_msgs/include/click_to_motion_msgs/click_to_motion_msgs/msg/rosidl_generator_cpp__visibility_control.hpp
-- Installing: /home/robousr/Semestre-2026-1/Workspaces/example_ws/src/install/click_to_motion_msgs/include/click_to_motion_msgs/click_to_motion_msgs/msg/joint_control.hpp
-- Up-to-date: /home/robousr/Semestre-2026-1/Workspaces/example_ws/src/install/click_to_motion_msgs/include/click_to_motion_msgs/click_to_motion_msgs/msg/detail
-- Installing: /home/robousr/Semestre-2026-1/Workspaces/example_ws/src/install/click_to_motion_msgs/include/click_to_motion_msgs/click_to_motion_msgs/msg/detail/workspace_position__type_support.hpp
-- Installing: /home/robousr/Semestre-2026-1/Workspaces/example_ws/src/install/click_to_motion_msgs/include/click_to_motion_msgs/click_to_motion_msgs/msg/detail/joint_control__struct.hpp
-- Installing: /home/robousr/Semestre-2026-1/Workspaces/example_ws/src/install/click_to_motion_msgs/include/click_to_motion_msgs/click_to_motion_msgs/msg/detail/joint_control__type_support.hpp
-- Installing: /home/robousr/Semestre-2026-1/Workspaces/example_ws/src/install/click_to_motion_msgs/include/click_to_motion_msgs/click_to_motion_msgs/msg/detail/joint_control__builder.hpp
-- Installing: /home/robousr/Semestre-2026-1/Workspaces/example_ws/src/install/click_to_motion_msgs/include/click_to_motion_msgs/click_to_motion_msgs/msg/detail/workspace_position__builder.hpp
-- Installing: /home/robousr/Semestre-2026-1/Workspaces/example_ws/src/install/click_to_motion_msgs/include/click_to_motion_msgs/click_to_motion_msgs/msg/detail/workspace_position__struct.hpp
-- Installing: /home/robousr/Semestre-2026-1/Workspaces/example_ws/src/install/click_to_motion_msgs/include/click_to_motion_msgs/click_to_motion_msgs/msg/detail/workspace_position__traits.hpp
-- Installing: /home/robousr/Semestre-2026-1/Workspaces/example_ws/src/install/click_to_motion_msgs/include/click_to_motion_msgs/click_to_motion_msgs/msg/detail/joint_control__traits.hpp
-- Installing: /home/robousr/Semestre-2026-1/Workspaces/example_ws/src/install/click_to_motion_msgs/include/click_to_motion_msgs/click_to_motion_msgs/msg/workspace_position.hpp
-- Up-to-date: /home/robousr/Semestre-2026-1/Workspaces/example_ws/src/install/click_to_motion_msgs/include/click_to_motion_msgs/click_to_motion_msgs
-- Up-to-date: /home/robousr/Semestre-2026-1/Workspaces/example_ws/src/install/click_to_motion_msgs/include/click_to_motion_msgs/click_to_motion_msgs/msg
-- Installing: /home/robousr/Semestre-2026-1/Workspaces/example_ws/src/install/click_to_motion_msgs/include/click_to_motion_msgs/click_to_motion_msgs/msg/rosidl_typesupport_fastrtps_cpp__visibility_control.h
-- Up-to-date: /home/robousr/Semestre-2026-1/Workspaces/example_ws/src/install/click_to_motion_msgs/include/click_to_motion_msgs/click_to_motion_msgs/msg/detail
-- Installing: /home/robousr/Semestre-2026-1/Workspaces/example_ws/src/install/click_to_motion_msgs/include/click_to_motion_msgs/click_to_motion_msgs/msg/detail/joint_control__rosidl_typesupport_fastrtps_cpp.hpp
-- Installing: /home/robousr/Semestre-2026-1/Workspaces/example_ws/src/install/click_to_motion_msgs/include/click_to_motion_msgs/click_to_motion_msgs/msg/detail/dds_fastrtps
-- Installing: /home/robousr/Semestre-2026-1/Workspaces/example_ws/src/install/click_to_motion_msgs/include/click_to_motion_msgs/click_to_motion_msgs/msg/detail/workspace_position__rosidl_typesupport_fastrtps_cpp.hpp
-- Installing: /home/robousr/Semestre-2026-1/Workspaces/example_ws/src/install/click_to_motion_msgs/lib/libclick_to_motion_msgs__rosidl_typesupport_fastrtps_cpp.so
-- Set runtime path of "/home/robousr/Semestre-2026-1/Workspaces/example_ws/src/install/click_to_motion_msgs/lib/libclick_to_motion_msgs__rosidl_typesupport_fastrtps_cpp.so" to ""
-- Up-to-date: /home/robousr/Semestre-2026-1/Workspaces/example_ws/src/install/click_to_motion_msgs/include/click_to_motion_msgs/click_to_motion_msgs
-- Up-to-date: /home/robousr/Semestre-2026-1/Workspaces/example_ws/src/install/click_to_motion_msgs/include/click_to_motion_msgs/click_to_motion_msgs/msg
-- Up-to-date: /home/robousr/Semestre-2026-1/Workspaces/example_ws/src/install/click_to_motion_msgs/include/click_to_motion_msgs/click_to_motion_msgs/msg/detail
-- Installing: /home/robousr/Semestre-2026-1/Workspaces/example_ws/src/install/click_to_motion_msgs/include/click_to_motion_msgs/click_to_motion_msgs/msg/detail/joint_control__rosidl_typesupport_introspection_cpp.hpp
-- Installing: /home/robousr/Semestre-2026-1/Workspaces/example_ws/src/install/click_to_motion_msgs/include/click_to_motion_msgs/click_to_motion_msgs/msg/detail/joint_control__type_support.cpp
-- Installing: /home/robousr/Semestre-2026-1/Workspaces/example_ws/src/install/click_to_motion_msgs/include/click_to_motion_msgs/click_to_motion_msgs/msg/detail/workspace_position__rosidl_typesupport_introspection_cpp.hpp
-- Installing: /home/robousr/Semestre-2026-1/Workspaces/example_ws/src/install/click_to_motion_msgs/include/click_to_motion_msgs/click_to_motion_msgs/msg/detail/workspace_position__type_support.cpp
-- Installing: /home/robousr/Semestre-2026-1/Workspaces/example_ws/src/install/click_to_motion_msgs/lib/libclick_to_motion_msgs__rosidl_typesupport_introspection_cpp.so
-- Set runtime path of "/home/robousr/Semestre-2026-1/Workspaces/example_ws/src/install/click_to_motion_msgs/lib/libclick_to_motion_msgs__rosidl_typesupport_introspection_cpp.so" to ""
-- Installing: /home/robousr/Semestre-2026-1/Workspaces/example_ws/src/install/click_to_motion_msgs/lib/libclick_to_motion_msgs__rosidl_typesupport_cpp.so
-- Set runtime path of "/home/robousr/Semestre-2026-1/Workspaces/example_ws/src/install/click_to_motion_msgs/lib/libclick_to_motion_msgs__rosidl_typesupport_cpp.so" to ""
-- Installing: /home/robousr/Semestre-2026-1/Workspaces/example_ws/src/install/click_to_motion_msgs/share/click_to_motion_msgs/environment/pythonpath.sh
-- Installing: /home/robousr/Semestre-2026-1/Workspaces/example_ws/src/install/click_to_motion_msgs/share/click_to_motion_msgs/environment/pythonpath.dsv
-- Installing: /home/robousr/Semestre-2026-1/Workspaces/example_ws/src/install/click_to_motion_msgs/local/lib/python3.10/dist-packages/click_to_motion_msgs-0.0.0-py3.10.egg-info
-- Installing: /home/robousr/Semestre-2026-1/Workspaces/example_ws/src/install/click_to_motion_msgs/local/lib/python3.10/dist-packages/click_to_motion_msgs-0.0.0-py3.10.egg-info/dependency_links.txt
-- Installing: /home/robousr/Semestre-2026-1/Workspaces/example_ws/src/install/click_to_motion_msgs/local/lib/python3.10/dist-packages/click_to_motion_msgs-0.0.0-py3.10.egg-info/PKG-INFO
-- Installing: /home/robousr/Semestre-2026-1/Workspaces/example_ws/src/install/click_to_motion_msgs/local/lib/python3.10/dist-packages/click_to_motion_msgs-0.0.0-py3.10.egg-info/top_level.txt
-- Installing: /home/robousr/Semestre-2026-1/Workspaces/example_ws/src/install/click_to_motion_msgs/local/lib/python3.10/dist-packages/click_to_motion_msgs-0.0.0-py3.10.egg-info/SOURCES.txt
-- Installing: /home/robousr/Semestre-2026-1/Workspaces/example_ws/src/install/click_to_motion_msgs/local/lib/python3.10/dist-packages/click_to_motion_msgs
-- Installing: /home/robousr/Semestre-2026-1/Workspaces/example_ws/src/install/click_to_motion_msgs/local/lib/python3.10/dist-packages/click_to_motion_msgs/__init__.py
-- Installing: /home/robousr/Semestre-2026-1/Workspaces/example_ws/src/install/click_to_motion_msgs/local/lib/python3.10/dist-packages/click_to_motion_msgs/_click_to_motion_msgs_s.ep.rosidl_typesupport_fastrtps_c.c
-- Installing: /home/robousr/Semestre-2026-1/Workspaces/example_ws/src/install/click_to_motion_msgs/local/lib/python3.10/dist-packages/click_to_motion_msgs/_click_to_motion_msgs_s.ep.rosidl_typesupport_introspection_c.c
-- Installing: /home/robousr/Semestre-2026-1/Workspaces/example_ws/src/install/click_to_motion_msgs/local/lib/python3.10/dist-packages/click_to_motion_msgs/click_to_motion_msgs_s__rosidl_typesupport_fastrtps_c.cpython-310-x86_64-linux-gnu.so
-- Installing: /home/robousr/Semestre-2026-1/Workspaces/example_ws/src/install/click_to_motion_msgs/local/lib/python3.10/dist-packages/click_to_motion_msgs/click_to_motion_msgs_s__rosidl_typesupport_introspection_c.cpython-310-x86_64-linux-gnu.so
-- Installing: /home/robousr/Semestre-2026-1/Workspaces/example_ws/src/install/click_to_motion_msgs/local/lib/python3.10/dist-packages/click_to_motion_msgs/_click_to_motion_msgs_s.ep.rosidl_typesupport_c.c
-- Installing: /home/robousr/Semestre-2026-1/Workspaces/example_ws/src/install/click_to_motion_msgs/local/lib/python3.10/dist-packages/click_to_motion_msgs/libclick_to_motion_msgs__rosidl_generator_py.so
-- Installing: /home/robousr/Semestre-2026-1/Workspaces/example_ws/src/install/click_to_motion_msgs/local/lib/python3.10/dist-packages/click_to_motion_msgs/msg
-- Installing: /home/robousr/Semestre-2026-1/Workspaces/example_ws/src/install/click_to_motion_msgs/local/lib/python3.10/dist-packages/click_to_motion_msgs/msg/__init__.py
-- Installing: /home/robousr/Semestre-2026-1/Workspaces/example_ws/src/install/click_to_motion_msgs/local/lib/python3.10/dist-packages/click_to_motion_msgs/msg/_joint_control_s.c
-- Installing: /home/robousr/Semestre-2026-1/Workspaces/example_ws/src/install/click_to_motion_msgs/local/lib/python3.10/dist-packages/click_to_motion_msgs/msg/_workspace_position.py
-- Installing: /home/robousr/Semestre-2026-1/Workspaces/example_ws/src/install/click_to_motion_msgs/local/lib/python3.10/dist-packages/click_to_motion_msgs/msg/_joint_control.py
-- Installing: /home/robousr/Semestre-2026-1/Workspaces/example_ws/src/install/click_to_motion_msgs/local/lib/python3.10/dist-packages/click_to_motion_msgs/msg/_workspace_position_s.c
-- Installing: /home/robousr/Semestre-2026-1/Workspaces/example_ws/src/install/click_to_motion_msgs/local/lib/python3.10/dist-packages/click_to_motion_msgs/click_to_motion_msgs_s__rosidl_typesupport_c.cpython-310-x86_64-linux-gnu.so
Listing '/home/robousr/Semestre-2026-1/Workspaces/example_ws/src/install/click_to_motion_msgs/local/lib/python3.10/dist-packages/click_to_motion_msgs'...
Compiling '/home/robousr/Semestre-2026-1/Workspaces/example_ws/src/install/click_to_motion_msgs/local/lib/python3.10/dist-packages/click_to_motion_msgs/__init__.py'...
Listing '/home/robousr/Semestre-2026-1/Workspaces/example_ws/src/install/click_to_motion_msgs/local/lib/python3.10/dist-packages/click_to_motion_msgs/msg'...
Compiling '/home/robousr/Semestre-2026-1/Workspaces/example_ws/src/install/click_to_motion_msgs/local/lib/python3.10/dist-packages/click_to_motion_msgs/msg/__init__.py'...
Compiling '/home/robousr/Semestre-2026-1/Workspaces/example_ws/src/install/click_to_motion_msgs/local/lib/python3.10/dist-packages/click_to_motion_msgs/msg/_joint_control.py'...
Compiling '/home/robousr/Semestre-2026-1/Workspaces/example_ws/src/install/click_to_motion_msgs/local/lib/python3.10/dist-packages/click_to_motion_msgs/msg/_workspace_position.py'...
-- Installing: /home/robousr/Semestre-2026-1/Workspaces/example_ws/src/install/click_to_motion_msgs/local/lib/python3.10/dist-packages/click_to_motion_msgs/click_to_motion_msgs_s__rosidl_typesupport_fastrtps_c.cpython-310-x86_64-linux-gnu.so
-- Set runtime path of "/home/robousr/Semestre-2026-1/Workspaces/example_ws/src/install/click_to_motion_msgs/local/lib/python3.10/dist-packages/click_to_motion_msgs/click_to_motion_msgs_s__rosidl_typesupport_fastrtps_c.cpython-310-x86_64-linux-gnu.so" to ""
-- Installing: /home/robousr/Semestre-2026-1/Workspaces/example_ws/src/install/click_to_motion_msgs/local/lib/python3.10/dist-packages/click_to_motion_msgs/click_to_motion_msgs_s__rosidl_typesupport_introspection_c.cpython-310-x86_64-linux-gnu.so
-- Set runtime path of "/home/robousr/Semestre-2026-1/Workspaces/example_ws/src/install/click_to_motion_msgs/local/lib/python3.10/dist-packages/click_to_motion_msgs/click_to_motion_msgs_s__rosidl_typesupport_introspection_c.cpython-310-x86_64-linux-gnu.so" to ""
-- Installing: /home/robousr/Semestre-2026-1/Workspaces/example_ws/src/install/click_to_motion_msgs/local/lib/python3.10/dist-packages/click_to_motion_msgs/click_to_motion_msgs_s__rosidl_typesupport_c.cpython-310-x86_64-linux-gnu.so
-- Set runtime path of "/home/robousr/Semestre-2026-1/Workspaces/example_ws/src/install/click_to_motion_msgs/local/lib/python3.10/dist-packages/click_to_motion_msgs/click_to_motion_msgs_s__rosidl_typesupport_c.cpython-310-x86_64-linux-gnu.so" to ""
-- Installing: /home/robousr/Semestre-2026-1/Workspaces/example_ws/src/install/click_to_motion_msgs/lib/libclick_to_motion_msgs__rosidl_generator_py.so
-- Set runtime path of "/home/robousr/Semestre-2026-1/Workspaces/example_ws/src/install/click_to_motion_msgs/lib/libclick_to_motion_msgs__rosidl_generator_py.so" to ""
-- Installing: /home/robousr/Semestre-2026-1/Workspaces/example_ws/src/install/click_to_motion_msgs/share/click_to_motion_msgs/msg/JointControl.idl
-- Installing: /home/robousr/Semestre-2026-1/Workspaces/example_ws/src/install/click_to_motion_msgs/share/click_to_motion_msgs/msg/WorkspacePosition.idl
-- Installing: /home/robousr/Semestre-2026-1/Workspaces/example_ws/src/install/click_to_motion_msgs/share/click_to_motion_msgs/msg/JointControl.msg
-- Installing: /home/robousr/Semestre-2026-1/Workspaces/example_ws/src/install/click_to_motion_msgs/share/click_to_motion_msgs/msg/WorkspacePosition.msg
-- Installing: /home/robousr/Semestre-2026-1/Workspaces/example_ws/src/install/click_to_motion_msgs/share/ament_index/resource_index/package_run_dependencies/click_to_motion_msgs
-- Installing: /home/robousr/Semestre-2026-1/Workspaces/example_ws/src/install/click_to_motion_msgs/share/ament_index/resource_index/parent_prefix_path/click_to_motion_msgs
-- Installing: /home/robousr/Semestre-2026-1/Workspaces/example_ws/src/install/click_to_motion_msgs/share/click_to_motion_msgs/environment/ament_prefix_path.sh
-- Installing: /home/robousr/Semestre-2026-1/Workspaces/example_ws/src/install/click_to_motion_msgs/share/click_to_motion_msgs/environment/ament_prefix_path.dsv
-- Installing: /home/robousr/Semestre-2026-1/Workspaces/example_ws/src/install/click_to_motion_msgs/share/click_to_motion_msgs/environment/path.sh
-- Installing: /home/robousr/Semestre-2026-1/Workspaces/example_ws/src/install/click_to_motion_msgs/share/click_to_motion_msgs/environment/path.dsv
-- Installing: /home/robousr/Semestre-2026-1/Workspaces/example_ws/src/install/click_to_motion_msgs/share/click_to_motion_msgs/local_setup.bash
-- Installing: /home/robousr/Semestre-2026-1/Workspaces/example_ws/src/install/click_to_motion_msgs/share/click_to_motion_msgs/local_setup.sh
-- Installing: /home/robousr/Semestre-2026-1/Workspaces/example_ws/src/install/click_to_motion_msgs/share/click_to_motion_msgs/local_setup.zsh
-- Installing: /home/robousr/Semestre-2026-1/Workspaces/example_ws/src/install/click_to_motion_msgs/share/click_to_motion_msgs/local_setup.dsv
-- Installing: /home/robousr/Semestre-2026-1/Workspaces/example_ws/src/install/click_to_motion_msgs/share/click_to_motion_msgs/package.dsv
-- Installing: /home/robousr/Semestre-2026-1/Workspaces/example_ws/src/install/click_to_motion_msgs/share/ament_index/resource_index/packages/click_to_motion_msgs
-- Installing: /home/robousr/Semestre-2026-1/Workspaces/example_ws/src/install/click_to_motion_msgs/share/click_to_motion_msgs/cmake/export_click_to_motion_msgs__rosidl_generator_cExport.cmake
-- Installing: /home/robousr/Semestre-2026-1/Workspaces/example_ws/src/install/click_to_motion_msgs/share/click_to_motion_msgs/cmake/export_click_to_motion_msgs__rosidl_generator_cExport-noconfig.cmake
-- Installing: /home/robousr/Semestre-2026-1/Workspaces/example_ws/src/install/click_to_motion_msgs/share/click_to_motion_msgs/cmake/export_click_to_motion_msgs__rosidl_typesupport_fastrtps_cExport.cmake
-- Installing: /home/robousr/Semestre-2026-1/Workspaces/example_ws/src/install/click_to_motion_msgs/share/click_to_motion_msgs/cmake/export_click_to_motion_msgs__rosidl_typesupport_fastrtps_cExport-noconfig.cmake
-- Installing: /home/robousr/Semestre-2026-1/Workspaces/example_ws/src/install/click_to_motion_msgs/share/click_to_motion_msgs/cmake/click_to_motion_msgs__rosidl_typesupport_introspection_cExport.cmake
-- Installing: /home/robousr/Semestre-2026-1/Workspaces/example_ws/src/install/click_to_motion_msgs/share/click_to_motion_msgs/cmake/click_to_motion_msgs__rosidl_typesupport_introspection_cExport-noconfig.cmake
-- Installing: /home/robousr/Semestre-2026-1/Workspaces/example_ws/src/install/click_to_motion_msgs/share/click_to_motion_msgs/cmake/click_to_motion_msgs__rosidl_typesupport_cExport.cmake
-- Installing: /home/robousr/Semestre-2026-1/Workspaces/example_ws/src/install/click_to_motion_msgs/share/click_to_motion_msgs/cmake/click_to_motion_msgs__rosidl_typesupport_cExport-noconfig.cmake
-- Installing: /home/robousr/Semestre-2026-1/Workspaces/example_ws/src/install/click_to_motion_msgs/share/click_to_motion_msgs/cmake/export_click_to_motion_msgs__rosidl_generator_cppExport.cmake
-- Installing: /home/robousr/Semestre-2026-1/Workspaces/example_ws/src/install/click_to_motion_msgs/share/click_to_motion_msgs/cmake/export_click_to_motion_msgs__rosidl_typesupport_fastrtps_cppExport.cmake
-- Installing: /home/robousr/Semestre-2026-1/Workspaces/example_ws/src/install/click_to_motion_msgs/share/click_to_motion_msgs/cmake/export_click_to_motion_msgs__rosidl_typesupport_fastrtps_cppExport-noconfig.cmake
-- Installing: /home/robousr/Semestre-2026-1/Workspaces/example_ws/src/install/click_to_motion_msgs/share/click_to_motion_msgs/cmake/click_to_motion_msgs__rosidl_typesupport_introspection_cppExport.cmake
-- Installing: /home/robousr/Semestre-2026-1/Workspaces/example_ws/src/install/click_to_motion_msgs/share/click_to_motion_msgs/cmake/click_to_motion_msgs__rosidl_typesupport_introspection_cppExport-noconfig.cmake
-- Installing: /home/robousr/Semestre-2026-1/Workspaces/example_ws/src/install/click_to_motion_msgs/share/click_to_motion_msgs/cmake/click_to_motion_msgs__rosidl_typesupport_cppExport.cmake
-- Installing: /home/robousr/Semestre-2026-1/Workspaces/example_ws/src/install/click_to_motion_msgs/share/click_to_motion_msgs/cmake/click_to_motion_msgs__rosidl_typesupport_cppExport-noconfig.cmake
-- Installing: /home/robousr/Semestre-2026-1/Workspaces/example_ws/src/install/click_to_motion_msgs/share/click_to_motion_msgs/cmake/export_click_to_motion_msgs__rosidl_generator_pyExport.cmake
-- Installing: /home/robousr/Semestre-2026-1/Workspaces/example_ws/src/install/click_to_motion_msgs/share/click_to_motion_msgs/cmake/export_click_to_motion_msgs__rosidl_generator_pyExport-noconfig.cmake
-- Installing: /home/robousr/Semestre-2026-1/Workspaces/example_ws/src/install/click_to_motion_msgs/share/click_to_motion_msgs/cmake/rosidl_cmake-extras.cmake
-- Installing: /home/robousr/Semestre-2026-1/Workspaces/example_ws/src/install/click_to_motion_msgs/share/click_to_motion_msgs/cmake/ament_cmake_export_include_directories-extras.cmake
-- Installing: /home/robousr/Semestre-2026-1/Workspaces/example_ws/src/install/click_to_motion_msgs/share/click_to_motion_msgs/cmake/ament_cmake_export_libraries-extras.cmake
-- Installing: /home/robousr/Semestre-2026-1/Workspaces/example_ws/src/install/click_to_motion_msgs/share/click_to_motion_msgs/cmake/ament_cmake_export_targets-extras.cmake
-- Installing: /home/robousr/Semestre-2026-1/Workspaces/example_ws/src/install/click_to_motion_msgs/share/click_to_motion_msgs/cmake/rosidl_cmake_export_typesupport_targets-extras.cmake
-- Installing: /home/robousr/Semestre-2026-1/Workspaces/example_ws/src/install/click_to_motion_msgs/share/click_to_motion_msgs/cmake/ament_cmake_export_dependencies-extras.cmake
-- Installing: /home/robousr/Semestre-2026-1/Workspaces/example_ws/src/install/click_to_motion_msgs/share/click_to_motion_msgs/cmake/rosidl_cmake_export_typesupport_libraries-extras.cmake
-- Installing: /home/robousr/Semestre-2026-1/Workspaces/example_ws/src/install/click_to_motion_msgs/share/click_to_motion_msgs/cmake/click_to_motion_msgsConfig.cmake
-- Installing: /home/robousr/Semestre-2026-1/Workspaces/example_ws/src/install/click_to_motion_msgs/share/click_to_motion_msgs/cmake/click_to_motion_msgsConfig-version.cmake
-- Installing: /home/robousr/Semestre-2026-1/Workspaces/example_ws/src/install/click_to_motion_msgs/share/click_to_motion_msgs/package.xml
