[0.050s] Invoking command in '/home/robousr/Semestre-2026-1/Workspaces/example_ws/src/build/click_to_motion_msgs': /usr/bin/cmake /home/robousr/Semestre-2026-1/Workspaces/example_ws/src/click_to_motion_msgs -DCATKIN_INSTALL_INTO_PREFIX_ROOT=0 -DCATKIN_SYMLINK_INSTALL=ON -DCMAKE_INSTALL_PREFIX=/home/robousr/Semestre-2026-1/Workspaces/example_ws/src/install/click_to_motion_msgs
[1.419s] -- The C compiler identification is GNU 11.4.0
[1.419s] -- The CXX compiler identification is GNU 11.4.0
[1.419s] -- Detecting C compiler ABI info
[1.419s] -- Detecting C compiler ABI info - done
[1.419s] -- Check for working C compiler: /usr/bin/cc - skipped
[1.420s] -- Detecting C compile features
[1.420s] -- Detecting C compile features - done
[1.420s] -- Detecting CXX compiler ABI info
[1.421s] -- Detecting CXX compiler ABI info - done
[1.421s] -- Check for working CXX compiler: /usr/bin/c++ - skipped
[1.422s] -- Detecting CXX compile features
[1.422s] -- Detecting CXX compile features - done
[1.422s] -- Found rosidl_default_generators: 1.2.0 (/opt/ros/humble/share/rosidl_default_generators/cmake)
[1.422s] -- Found ament_cmake_core: 1.3.12 (/opt/ros/humble/share/ament_cmake_core/cmake)
[1.422s] -- Found Python3: /home/robousr/.pyenv/shims/python3 (found version "3.10.12") found components: Interpreter 
[1.422s] -- Using all available rosidl_typesupport_c: rosidl_typesupport_fastrtps_c;rosidl_typesupport_introspection_c
[1.422s] -- Found rosidl_adapter: 3.1.7 (/opt/ros/humble/share/rosidl_adapter/cmake)
[1.423s] -- Using all available rosidl_typesupport_cpp: rosidl_typesupport_fastrtps_cpp;rosidl_typesupport_introspection_cpp
[2.076s] -- Found ament_cmake_ros: 0.10.0 (/opt/ros/humble/share/ament_cmake_ros/cmake)
[2.717s] -- Using all available rosidl_typesupport_c: rosidl_typesupport_fastrtps_c;rosidl_typesupport_introspection_c
[3.462s] -- Using all available rosidl_typesupport_cpp: rosidl_typesupport_fastrtps_cpp;rosidl_typesupport_introspection_cpp
[3.565s] -- Found PythonInterp: /home/robousr/.pyenv/shims/python3 (found suitable version "3.10.12", minimum required is "3.6") 
[3.569s] -- Found python_cmake_module: 0.10.0 (/opt/ros/humble/share/python_cmake_module/cmake)
[3.718s] -- Found PythonLibs: /usr/lib/x86_64-linux-gnu/libpython3.10.so (found suitable version "3.10.12", minimum required is "3.5") 
[3.719s] -- Using PYTHON_EXECUTABLE: /home/robousr/.pyenv/shims/python3
[3.719s] -- Using PYTHON_INCLUDE_DIRS: /usr/include/python3.10
[3.720s] -- Using PYTHON_LIBRARIES: /usr/lib/x86_64-linux-gnu/libpython3.10.so
[3.844s] -- Found PythonExtra: .so  
[4.038s] -- Configuring done
[4.107s] -- Generating done
[4.112s] [33mCMake Warning:
[4.113s]   Manually-specified variables were not used by the project:
[4.113s] 
[4.113s]     CATKIN_INSTALL_INTO_PREFIX_ROOT
[4.113s]     CATKIN_SYMLINK_INSTALL
[4.113s] 
[4.114s] [0m
[4.130s] -- Build files have been written to: /home/robousr/Semestre-2026-1/Workspaces/example_ws/src/build/click_to_motion_msgs
[4.148s] Invoked command in '/home/robousr/Semestre-2026-1/Workspaces/example_ws/src/build/click_to_motion_msgs' returned '0': /usr/bin/cmake /home/robousr/Semestre-2026-1/Workspaces/example_ws/src/click_to_motion_msgs -DCATKIN_INSTALL_INTO_PREFIX_ROOT=0 -DCATKIN_SYMLINK_INSTALL=ON -DCMAKE_INSTALL_PREFIX=/home/robousr/Semestre-2026-1/Workspaces/example_ws/src/install/click_to_motion_msgs
[4.151s] Invoking command in '/home/robousr/Semestre-2026-1/Workspaces/example_ws/src/build/click_to_motion_msgs': /usr/bin/cmake --build /home/robousr/Semestre-2026-1/Workspaces/example_ws/src/build/click_to_motion_msgs -- -j8 -l8
[4.216s] [  2%] [34m[1mGenerating C code for ROS interfaces[0m
[4.233s] [  5%] [34m[1mGenerating C++ code for ROS interfaces[0m
[4.244s] [  5%] Built target ament_cmake_python_copy_click_to_motion_msgs
[4.978s] running egg_info
[4.979s] creating click_to_motion_msgs.egg-info
[4.980s] writing click_to_motion_msgs.egg-info/PKG-INFO
[4.981s] writing dependency_links to click_to_motion_msgs.egg-info/dependency_links.txt
[4.982s] writing top-level names to click_to_motion_msgs.egg-info/top_level.txt
[4.982s] writing manifest file 'click_to_motion_msgs.egg-info/SOURCES.txt'
[4.987s] reading manifest file 'click_to_motion_msgs.egg-info/SOURCES.txt'
[4.989s] writing manifest file 'click_to_motion_msgs.egg-info/SOURCES.txt'
[5.047s] [  5%] Built target ament_cmake_python_build_click_to_motion_msgs_egg
[5.153s] [  5%] Built target click_to_motion_msgs__cpp
[5.172s] [  7%] [34m[1mGenerating C++ type support dispatch for ROS interfaces[0m
[5.173s] [ 10%] [34m[1mGenerating C++ type support for eProsima Fast-RTPS[0m
[5.173s] [ 12%] [34m[1mGenerating C++ introspection for ROS interfaces[0m
[5.267s] [ 15%] [32mBuilding C object CMakeFiles/click_to_motion_msgs__rosidl_generator_c.dir/rosidl_generator_c/click_to_motion_msgs/msg/detail/joint_control__functions.c.o[0m
[5.267s] [ 17%] [32mBuilding C object CMakeFiles/click_to_motion_msgs__rosidl_generator_c.dir/rosidl_generator_c/click_to_motion_msgs/msg/detail/workspace_position__functions.c.o[0m
[5.384s] [ 20%] [32m[1mLinking C shared library libclick_to_motion_msgs__rosidl_generator_c.so[0m
[5.467s] [ 20%] Built target click_to_motion_msgs__rosidl_generator_c
[5.486s] [ 23%] [34m[1mGenerating C type support for eProsima Fast-RTPS[0m
[5.502s] [ 25%] [34m[1mGenerating C introspection for ROS interfaces[0m
[5.519s] [ 28%] [34m[1mGenerating C type support dispatch for ROS interfaces[0m
[6.136s] [ 30%] [32mBuilding CXX object CMakeFiles/click_to_motion_msgs__rosidl_typesupport_cpp.dir/rosidl_typesupport_cpp/click_to_motion_msgs/msg/workspace_position__type_support.cpp.o[0m
[6.175s] [ 35%] [32mBuilding CXX object CMakeFiles/click_to_motion_msgs__rosidl_typesupport_cpp.dir/rosidl_typesupport_cpp/click_to_motion_msgs/msg/joint_control__type_support.cpp.o[0m
[6.177s] [ 35%] [32mBuilding CXX object CMakeFiles/click_to_motion_msgs__rosidl_typesupport_introspection_cpp.dir/rosidl_typesupport_introspection_cpp/click_to_motion_msgs/msg/detail/joint_control__type_support.cpp.o[0m
[6.178s] [ 38%] [32mBuilding CXX object CMakeFiles/click_to_motion_msgs__rosidl_typesupport_introspection_cpp.dir/rosidl_typesupport_introspection_cpp/click_to_motion_msgs/msg/detail/workspace_position__type_support.cpp.o[0m
[6.455s] [ 41%] [32mBuilding CXX object CMakeFiles/click_to_motion_msgs__rosidl_typesupport_fastrtps_cpp.dir/rosidl_typesupport_fastrtps_cpp/click_to_motion_msgs/msg/detail/dds_fastrtps/joint_control__type_support.cpp.o[0m
[6.551s] [ 43%] [32mBuilding CXX object CMakeFiles/click_to_motion_msgs__rosidl_typesupport_c.dir/rosidl_typesupport_c/click_to_motion_msgs/msg/joint_control__type_support.cpp.o[0m
[6.689s] [ 46%] [32mBuilding CXX object CMakeFiles/click_to_motion_msgs__rosidl_typesupport_c.dir/rosidl_typesupport_c/click_to_motion_msgs/msg/workspace_position__type_support.cpp.o[0m
[6.784s] [ 48%] [32mBuilding CXX object CMakeFiles/click_to_motion_msgs__rosidl_typesupport_fastrtps_c.dir/rosidl_typesupport_fastrtps_c/click_to_motion_msgs/msg/detail/joint_control__type_support_c.cpp.o[0m
[6.812s] [ 51%] [32m[1mLinking CXX shared library libclick_to_motion_msgs__rosidl_typesupport_c.so[0m
[6.878s] [ 53%] [32mBuilding C object CMakeFiles/click_to_motion_msgs__rosidl_typesupport_introspection_c.dir/rosidl_typesupport_introspection_c/click_to_motion_msgs/msg/detail/joint_control__type_support.c.o[0m
[7.060s] [ 56%] [32mBuilding C object CMakeFiles/click_to_motion_msgs__rosidl_typesupport_introspection_c.dir/rosidl_typesupport_introspection_c/click_to_motion_msgs/msg/detail/workspace_position__type_support.c.o[0m
[7.133s] [ 56%] Built target click_to_motion_msgs__rosidl_typesupport_c
[7.189s] [ 58%] [32mBuilding CXX object CMakeFiles/click_to_motion_msgs__rosidl_typesupport_fastrtps_cpp.dir/rosidl_typesupport_fastrtps_cpp/click_to_motion_msgs/msg/detail/dds_fastrtps/workspace_position__type_support.cpp.o[0m
[7.239s] [ 61%] [32m[1mLinking C shared library libclick_to_motion_msgs__rosidl_typesupport_introspection_c.so[0m
[7.331s] [ 64%] [32mBuilding CXX object CMakeFiles/click_to_motion_msgs__rosidl_typesupport_fastrtps_c.dir/rosidl_typesupport_fastrtps_c/click_to_motion_msgs/msg/detail/workspace_position__type_support_c.cpp.o[0m
[7.368s] [ 64%] Built target click_to_motion_msgs__rosidl_typesupport_introspection_c
[7.596s] [ 66%] [32m[1mLinking CXX shared library libclick_to_motion_msgs__rosidl_typesupport_cpp.so[0m
[7.771s] [ 66%] Built target click_to_motion_msgs__rosidl_typesupport_cpp
[8.311s] [ 69%] [32m[1mLinking CXX shared library libclick_to_motion_msgs__rosidl_typesupport_introspection_cpp.so[0m
[8.539s] [ 69%] Built target click_to_motion_msgs__rosidl_typesupport_introspection_cpp
[8.557s] [ 71%] [32m[1mLinking CXX shared library libclick_to_motion_msgs__rosidl_typesupport_fastrtps_c.so[0m
[8.659s] [ 74%] [32m[1mLinking CXX shared library libclick_to_motion_msgs__rosidl_typesupport_fastrtps_cpp.so[0m
[8.793s] [ 74%] Built target click_to_motion_msgs__rosidl_typesupport_fastrtps_c
[8.822s] [ 74%] Built target click_to_motion_msgs__rosidl_typesupport_fastrtps_cpp
[8.863s] [ 74%] Built target click_to_motion_msgs
[8.898s] [ 76%] [34m[1mGenerating Python code for ROS interfaces[0m
[10.011s] [ 76%] Built target click_to_motion_msgs__py
[10.038s] [ 79%] [32mBuilding C object CMakeFiles/click_to_motion_msgs__rosidl_generator_py.dir/rosidl_generator_py/click_to_motion_msgs/msg/_workspace_position_s.c.o[0m
[10.040s] [ 82%] [32mBuilding C object CMakeFiles/click_to_motion_msgs__rosidl_generator_py.dir/rosidl_generator_py/click_to_motion_msgs/msg/_joint_control_s.c.o[0m
[10.250s] [ 84%] [32m[1mLinking C shared library rosidl_generator_py/click_to_motion_msgs/libclick_to_motion_msgs__rosidl_generator_py.so[0m
[10.314s] [ 84%] Built target click_to_motion_msgs__rosidl_generator_py
[10.345s] [ 87%] [32mBuilding C object CMakeFiles/click_to_motion_msgs__rosidl_typesupport_introspection_c__pyext.dir/rosidl_generator_py/click_to_motion_msgs/_click_to_motion_msgs_s.ep.rosidl_typesupport_introspection_c.c.o[0m
[10.346s] [ 89%] [32mBuilding C object CMakeFiles/click_to_motion_msgs__rosidl_typesupport_fastrtps_c__pyext.dir/rosidl_generator_py/click_to_motion_msgs/_click_to_motion_msgs_s.ep.rosidl_typesupport_fastrtps_c.c.o[0m
[10.346s] [ 92%] [32mBuilding C object CMakeFiles/click_to_motion_msgs__rosidl_typesupport_c__pyext.dir/rosidl_generator_py/click_to_motion_msgs/_click_to_motion_msgs_s.ep.rosidl_typesupport_c.c.o[0m
[10.470s] [ 94%] [32m[1mLinking C shared library rosidl_generator_py/click_to_motion_msgs/click_to_motion_msgs_s__rosidl_typesupport_introspection_c.cpython-310-x86_64-linux-gnu.so[0m
[10.477s] [ 97%] [32m[1mLinking C shared library rosidl_generator_py/click_to_motion_msgs/click_to_motion_msgs_s__rosidl_typesupport_fastrtps_c.cpython-310-x86_64-linux-gnu.so[0m
[10.513s] [ 97%] Built target click_to_motion_msgs__rosidl_typesupport_introspection_c__pyext
[10.523s] [ 97%] Built target click_to_motion_msgs__rosidl_typesupport_fastrtps_c__pyext
[10.541s] [100%] [32m[1mLinking C shared library rosidl_generator_py/click_to_motion_msgs/click_to_motion_msgs_s__rosidl_typesupport_c.cpython-310-x86_64-linux-gnu.so[0m
[10.584s] [100%] Built target click_to_motion_msgs__rosidl_typesupport_c__pyext
[10.600s] Invoked command in '/home/robousr/Semestre-2026-1/Workspaces/example_ws/src/build/click_to_motion_msgs' returned '0': /usr/bin/cmake --build /home/robousr/Semestre-2026-1/Workspaces/example_ws/src/build/click_to_motion_msgs -- -j8 -l8
[10.618s] Invoking command in '/home/robousr/Semestre-2026-1/Workspaces/example_ws/src/build/click_to_motion_msgs': /usr/bin/cmake --install /home/robousr/Semestre-2026-1/Workspaces/example_ws/src/build/click_to_motion_msgs
[10.632s] -- Install configuration: ""
[10.632s] -- Installing: /home/robousr/Semestre-2026-1/Workspaces/example_ws/src/install/click_to_motion_msgs/share/ament_index/resource_index/rosidl_interfaces/click_to_motion_msgs
[10.633s] -- Installing: /home/robousr/Semestre-2026-1/Workspaces/example_ws/src/install/click_to_motion_msgs/include/click_to_motion_msgs/click_to_motion_msgs
[10.633s] -- Installing: /home/robousr/Semestre-2026-1/Workspaces/example_ws/src/install/click_to_motion_msgs/include/click_to_motion_msgs/click_to_motion_msgs/msg
[10.633s] -- Installing: /home/robousr/Semestre-2026-1/Workspaces/example_ws/src/install/click_to_motion_msgs/include/click_to_motion_msgs/click_to_motion_msgs/msg/rosidl_generator_c__visibility_control.h
[10.633s] -- Installing: /home/robousr/Semestre-2026-1/Workspaces/example_ws/src/install/click_to_motion_msgs/include/click_to_motion_msgs/click_to_motion_msgs/msg/detail
[10.633s] -- Installing: /home/robousr/Semestre-2026-1/Workspaces/example_ws/src/install/click_to_motion_msgs/include/click_to_motion_msgs/click_to_motion_msgs/msg/detail/workspace_position__functions.h
[10.634s] -- Installing: /home/robousr/Semestre-2026-1/Workspaces/example_ws/src/install/click_to_motion_msgs/include/click_to_motion_msgs/click_to_motion_msgs/msg/detail/workspace_position__struct.h
[10.634s] -- Installing: /home/robousr/Semestre-2026-1/Workspaces/example_ws/src/install/click_to_motion_msgs/include/click_to_motion_msgs/click_to_motion_msgs/msg/detail/workspace_position__functions.c
[10.634s] -- Installing: /home/robousr/Semestre-2026-1/Workspaces/example_ws/src/install/click_to_motion_msgs/include/click_to_motion_msgs/click_to_motion_msgs/msg/detail/workspace_position__type_support.h
[10.634s] -- Installing: /home/robousr/Semestre-2026-1/Workspaces/example_ws/src/install/click_to_motion_msgs/include/click_to_motion_msgs/click_to_motion_msgs/msg/detail/joint_control__functions.c
[10.635s] -- Installing: /home/robousr/Semestre-2026-1/Workspaces/example_ws/src/install/click_to_motion_msgs/include/click_to_motion_msgs/click_to_motion_msgs/msg/detail/joint_control__struct.h
[10.635s] -- Installing: /home/robousr/Semestre-2026-1/Workspaces/example_ws/src/install/click_to_motion_msgs/include/click_to_motion_msgs/click_to_motion_msgs/msg/detail/joint_control__type_support.h
[10.635s] -- Installing: /home/robousr/Semestre-2026-1/Workspaces/example_ws/src/install/click_to_motion_msgs/include/click_to_motion_msgs/click_to_motion_msgs/msg/detail/joint_control__functions.h
[10.636s] -- Installing: /home/robousr/Semestre-2026-1/Workspaces/example_ws/src/install/click_to_motion_msgs/include/click_to_motion_msgs/click_to_motion_msgs/msg/workspace_position.h
[10.636s] -- Installing: /home/robousr/Semestre-2026-1/Workspaces/example_ws/src/install/click_to_motion_msgs/include/click_to_motion_msgs/click_to_motion_msgs/msg/joint_control.h
[10.636s] -- Installing: /home/robousr/Semestre-2026-1/Workspaces/example_ws/src/install/click_to_motion_msgs/share/click_to_motion_msgs/environment/library_path.sh
[10.636s] -- Installing: /home/robousr/Semestre-2026-1/Workspaces/example_ws/src/install/click_to_motion_msgs/share/click_to_motion_msgs/environment/library_path.dsv
[10.636s] -- Installing: /home/robousr/Semestre-2026-1/Workspaces/example_ws/src/install/click_to_motion_msgs/lib/libclick_to_motion_msgs__rosidl_generator_c.so
[10.637s] -- Set runtime path of "/home/robousr/Semestre-2026-1/Workspaces/example_ws/src/install/click_to_motion_msgs/lib/libclick_to_motion_msgs__rosidl_generator_c.so" to ""
[10.638s] -- Up-to-date: /home/robousr/Semestre-2026-1/Workspaces/example_ws/src/install/click_to_motion_msgs/include/click_to_motion_msgs/click_to_motion_msgs
[10.638s] -- Up-to-date: /home/robousr/Semestre-2026-1/Workspaces/example_ws/src/install/click_to_motion_msgs/include/click_to_motion_msgs/click_to_motion_msgs/msg
[10.638s] -- Installing: /home/robousr/Semestre-2026-1/Workspaces/example_ws/src/install/click_to_motion_msgs/include/click_to_motion_msgs/click_to_motion_msgs/msg/rosidl_typesupport_fastrtps_c__visibility_control.h
[10.638s] -- Up-to-date: /home/robousr/Semestre-2026-1/Workspaces/example_ws/src/install/click_to_motion_msgs/include/click_to_motion_msgs/click_to_motion_msgs/msg/detail
[10.638s] -- Installing: /home/robousr/Semestre-2026-1/Workspaces/example_ws/src/install/click_to_motion_msgs/include/click_to_motion_msgs/click_to_motion_msgs/msg/detail/joint_control__rosidl_typesupport_fastrtps_c.h
[10.639s] -- Installing: /home/robousr/Semestre-2026-1/Workspaces/example_ws/src/install/click_to_motion_msgs/include/click_to_motion_msgs/click_to_motion_msgs/msg/detail/workspace_position__rosidl_typesupport_fastrtps_c.h
[10.639s] -- Installing: /home/robousr/Semestre-2026-1/Workspaces/example_ws/src/install/click_to_motion_msgs/lib/libclick_to_motion_msgs__rosidl_typesupport_fastrtps_c.so
[10.643s] -- Set runtime path of "/home/robousr/Semestre-2026-1/Workspaces/example_ws/src/install/click_to_motion_msgs/lib/libclick_to_motion_msgs__rosidl_typesupport_fastrtps_c.so" to ""
[10.643s] -- Up-to-date: /home/robousr/Semestre-2026-1/Workspaces/example_ws/src/install/click_to_motion_msgs/include/click_to_motion_msgs/click_to_motion_msgs
[10.643s] -- Up-to-date: /home/robousr/Semestre-2026-1/Workspaces/example_ws/src/install/click_to_motion_msgs/include/click_to_motion_msgs/click_to_motion_msgs/msg
[10.643s] -- Installing: /home/robousr/Semestre-2026-1/Workspaces/example_ws/src/install/click_to_motion_msgs/include/click_to_motion_msgs/click_to_motion_msgs/msg/rosidl_typesupport_introspection_c__visibility_control.h
[10.643s] -- Up-to-date: /home/robousr/Semestre-2026-1/Workspaces/example_ws/src/install/click_to_motion_msgs/include/click_to_motion_msgs/click_to_motion_msgs/msg/detail
[10.644s] -- Installing: /home/robousr/Semestre-2026-1/Workspaces/example_ws/src/install/click_to_motion_msgs/include/click_to_motion_msgs/click_to_motion_msgs/msg/detail/joint_control__type_support.c
[10.644s] -- Installing: /home/robousr/Semestre-2026-1/Workspaces/example_ws/src/install/click_to_motion_msgs/include/click_to_motion_msgs/click_to_motion_msgs/msg/detail/workspace_position__rosidl_typesupport_introspection_c.h
[10.644s] -- Installing: /home/robousr/Semestre-2026-1/Workspaces/example_ws/src/install/click_to_motion_msgs/include/click_to_motion_msgs/click_to_motion_msgs/msg/detail/joint_control__rosidl_typesupport_introspection_c.h
[10.644s] -- Installing: /home/robousr/Semestre-2026-1/Workspaces/example_ws/src/install/click_to_motion_msgs/include/click_to_motion_msgs/click_to_motion_msgs/msg/detail/workspace_position__type_support.c
[10.644s] -- Installing: /home/robousr/Semestre-2026-1/Workspaces/example_ws/src/install/click_to_motion_msgs/lib/libclick_to_motion_msgs__rosidl_typesupport_introspection_c.so
[10.645s] -- Set runtime path of "/home/robousr/Semestre-2026-1/Workspaces/example_ws/src/install/click_to_motion_msgs/lib/libclick_to_motion_msgs__rosidl_typesupport_introspection_c.so" to ""
[10.645s] -- Installing: /home/robousr/Semestre-2026-1/Workspaces/example_ws/src/install/click_to_motion_msgs/lib/libclick_to_motion_msgs__rosidl_typesupport_c.so
[10.645s] -- Set runtime path of "/home/robousr/Semestre-2026-1/Workspaces/example_ws/src/install/click_to_motion_msgs/lib/libclick_to_motion_msgs__rosidl_typesupport_c.so" to ""
[10.645s] -- Up-to-date: /home/robousr/Semestre-2026-1/Workspaces/example_ws/src/install/click_to_motion_msgs/include/click_to_motion_msgs/click_to_motion_msgs
[10.645s] -- Up-to-date: /home/robousr/Semestre-2026-1/Workspaces/example_ws/src/install/click_to_motion_msgs/include/click_to_motion_msgs/click_to_motion_msgs/msg
[10.645s] -- Installing: /home/robousr/Semestre-2026-1/Workspaces/example_ws/src/install/click_to_motion_msgs/include/click_to_motion_msgs/click_to_motion_msgs/msg/rosidl_generator_cpp__visibility_control.hpp
[10.645s] -- Installing: /home/robousr/Semestre-2026-1/Workspaces/example_ws/src/install/click_to_motion_msgs/include/click_to_motion_msgs/click_to_motion_msgs/msg/joint_control.hpp
[10.646s] -- Up-to-date: /home/robousr/Semestre-2026-1/Workspaces/example_ws/src/install/click_to_motion_msgs/include/click_to_motion_msgs/click_to_motion_msgs/msg/detail
[10.646s] -- Installing: /home/robousr/Semestre-2026-1/Workspaces/example_ws/src/install/click_to_motion_msgs/include/click_to_motion_msgs/click_to_motion_msgs/msg/detail/workspace_position__type_support.hpp
[10.646s] -- Installing: /home/robousr/Semestre-2026-1/Workspaces/example_ws/src/install/click_to_motion_msgs/include/click_to_motion_msgs/click_to_motion_msgs/msg/detail/joint_control__struct.hpp
[10.646s] -- Installing: /home/robousr/Semestre-2026-1/Workspaces/example_ws/src/install/click_to_motion_msgs/include/click_to_motion_msgs/click_to_motion_msgs/msg/detail/joint_control__type_support.hpp
[10.646s] -- Installing: /home/robousr/Semestre-2026-1/Workspaces/example_ws/src/install/click_to_motion_msgs/include/click_to_motion_msgs/click_to_motion_msgs/msg/detail/joint_control__builder.hpp
[10.647s] -- Installing: /home/robousr/Semestre-2026-1/Workspaces/example_ws/src/install/click_to_motion_msgs/include/click_to_motion_msgs/click_to_motion_msgs/msg/detail/workspace_position__builder.hpp
[10.647s] -- Installing: /home/robousr/Semestre-2026-1/Workspaces/example_ws/src/install/click_to_motion_msgs/include/click_to_motion_msgs/click_to_motion_msgs/msg/detail/workspace_position__struct.hpp
[10.647s] -- Installing: /home/robousr/Semestre-2026-1/Workspaces/example_ws/src/install/click_to_motion_msgs/include/click_to_motion_msgs/click_to_motion_msgs/msg/detail/workspace_position__traits.hpp
[10.647s] -- Installing: /home/robousr/Semestre-2026-1/Workspaces/example_ws/src/install/click_to_motion_msgs/include/click_to_motion_msgs/click_to_motion_msgs/msg/detail/joint_control__traits.hpp
[10.647s] -- Installing: /home/robousr/Semestre-2026-1/Workspaces/example_ws/src/install/click_to_motion_msgs/include/click_to_motion_msgs/click_to_motion_msgs/msg/workspace_position.hpp
[10.647s] -- Up-to-date: /home/robousr/Semestre-2026-1/Workspaces/example_ws/src/install/click_to_motion_msgs/include/click_to_motion_msgs/click_to_motion_msgs
[10.647s] -- Up-to-date: /home/robousr/Semestre-2026-1/Workspaces/example_ws/src/install/click_to_motion_msgs/include/click_to_motion_msgs/click_to_motion_msgs/msg
[10.648s] -- Installing: /home/robousr/Semestre-2026-1/Workspaces/example_ws/src/install/click_to_motion_msgs/include/click_to_motion_msgs/click_to_motion_msgs/msg/rosidl_typesupport_fastrtps_cpp__visibility_control.h
[10.648s] -- Up-to-date: /home/robousr/Semestre-2026-1/Workspaces/example_ws/src/install/click_to_motion_msgs/include/click_to_motion_msgs/click_to_motion_msgs/msg/detail
[10.648s] -- Installing: /home/robousr/Semestre-2026-1/Workspaces/example_ws/src/install/click_to_motion_msgs/include/click_to_motion_msgs/click_to_motion_msgs/msg/detail/joint_control__rosidl_typesupport_fastrtps_cpp.hpp
[10.648s] -- Installing: /home/robousr/Semestre-2026-1/Workspaces/example_ws/src/install/click_to_motion_msgs/include/click_to_motion_msgs/click_to_motion_msgs/msg/detail/dds_fastrtps
[10.648s] -- Installing: /home/robousr/Semestre-2026-1/Workspaces/example_ws/src/install/click_to_motion_msgs/include/click_to_motion_msgs/click_to_motion_msgs/msg/detail/workspace_position__rosidl_typesupport_fastrtps_cpp.hpp
[10.648s] -- Installing: /home/robousr/Semestre-2026-1/Workspaces/example_ws/src/install/click_to_motion_msgs/lib/libclick_to_motion_msgs__rosidl_typesupport_fastrtps_cpp.so
[10.649s] -- Set runtime path of "/home/robousr/Semestre-2026-1/Workspaces/example_ws/src/install/click_to_motion_msgs/lib/libclick_to_motion_msgs__rosidl_typesupport_fastrtps_cpp.so" to ""
[10.649s] -- Up-to-date: /home/robousr/Semestre-2026-1/Workspaces/example_ws/src/install/click_to_motion_msgs/include/click_to_motion_msgs/click_to_motion_msgs
[10.649s] -- Up-to-date: /home/robousr/Semestre-2026-1/Workspaces/example_ws/src/install/click_to_motion_msgs/include/click_to_motion_msgs/click_to_motion_msgs/msg
[10.649s] -- Up-to-date: /home/robousr/Semestre-2026-1/Workspaces/example_ws/src/install/click_to_motion_msgs/include/click_to_motion_msgs/click_to_motion_msgs/msg/detail
[10.649s] -- Installing: /home/robousr/Semestre-2026-1/Workspaces/example_ws/src/install/click_to_motion_msgs/include/click_to_motion_msgs/click_to_motion_msgs/msg/detail/joint_control__rosidl_typesupport_introspection_cpp.hpp
[10.649s] -- Installing: /home/robousr/Semestre-2026-1/Workspaces/example_ws/src/install/click_to_motion_msgs/include/click_to_motion_msgs/click_to_motion_msgs/msg/detail/joint_control__type_support.cpp
[10.649s] -- Installing: /home/robousr/Semestre-2026-1/Workspaces/example_ws/src/install/click_to_motion_msgs/include/click_to_motion_msgs/click_to_motion_msgs/msg/detail/workspace_position__rosidl_typesupport_introspection_cpp.hpp
[10.650s] -- Installing: /home/robousr/Semestre-2026-1/Workspaces/example_ws/src/install/click_to_motion_msgs/include/click_to_motion_msgs/click_to_motion_msgs/msg/detail/workspace_position__type_support.cpp
[10.650s] -- Installing: /home/robousr/Semestre-2026-1/Workspaces/example_ws/src/install/click_to_motion_msgs/lib/libclick_to_motion_msgs__rosidl_typesupport_introspection_cpp.so
[10.650s] -- Set runtime path of "/home/robousr/Semestre-2026-1/Workspaces/example_ws/src/install/click_to_motion_msgs/lib/libclick_to_motion_msgs__rosidl_typesupport_introspection_cpp.so" to ""
[10.650s] -- Installing: /home/robousr/Semestre-2026-1/Workspaces/example_ws/src/install/click_to_motion_msgs/lib/libclick_to_motion_msgs__rosidl_typesupport_cpp.so
[10.651s] -- Set runtime path of "/home/robousr/Semestre-2026-1/Workspaces/example_ws/src/install/click_to_motion_msgs/lib/libclick_to_motion_msgs__rosidl_typesupport_cpp.so" to ""
[10.651s] -- Installing: /home/robousr/Semestre-2026-1/Workspaces/example_ws/src/install/click_to_motion_msgs/share/click_to_motion_msgs/environment/pythonpath.sh
[10.652s] -- Installing: /home/robousr/Semestre-2026-1/Workspaces/example_ws/src/install/click_to_motion_msgs/share/click_to_motion_msgs/environment/pythonpath.dsv
[10.652s] -- Installing: /home/robousr/Semestre-2026-1/Workspaces/example_ws/src/install/click_to_motion_msgs/local/lib/python3.10/dist-packages/click_to_motion_msgs-0.0.0-py3.10.egg-info
[10.652s] -- Installing: /home/robousr/Semestre-2026-1/Workspaces/example_ws/src/install/click_to_motion_msgs/local/lib/python3.10/dist-packages/click_to_motion_msgs-0.0.0-py3.10.egg-info/dependency_links.txt
[10.652s] -- Installing: /home/robousr/Semestre-2026-1/Workspaces/example_ws/src/install/click_to_motion_msgs/local/lib/python3.10/dist-packages/click_to_motion_msgs-0.0.0-py3.10.egg-info/PKG-INFO
[10.653s] -- Installing: /home/robousr/Semestre-2026-1/Workspaces/example_ws/src/install/click_to_motion_msgs/local/lib/python3.10/dist-packages/click_to_motion_msgs-0.0.0-py3.10.egg-info/top_level.txt
[10.653s] -- Installing: /home/robousr/Semestre-2026-1/Workspaces/example_ws/src/install/click_to_motion_msgs/local/lib/python3.10/dist-packages/click_to_motion_msgs-0.0.0-py3.10.egg-info/SOURCES.txt
[10.653s] -- Installing: /home/robousr/Semestre-2026-1/Workspaces/example_ws/src/install/click_to_motion_msgs/local/lib/python3.10/dist-packages/click_to_motion_msgs
[10.654s] -- Installing: /home/robousr/Semestre-2026-1/Workspaces/example_ws/src/install/click_to_motion_msgs/local/lib/python3.10/dist-packages/click_to_motion_msgs/__init__.py
[10.655s] -- Installing: /home/robousr/Semestre-2026-1/Workspaces/example_ws/src/install/click_to_motion_msgs/local/lib/python3.10/dist-packages/click_to_motion_msgs/_click_to_motion_msgs_s.ep.rosidl_typesupport_fastrtps_c.c
[10.655s] -- Installing: /home/robousr/Semestre-2026-1/Workspaces/example_ws/src/install/click_to_motion_msgs/local/lib/python3.10/dist-packages/click_to_motion_msgs/_click_to_motion_msgs_s.ep.rosidl_typesupport_introspection_c.c
[10.655s] -- Installing: /home/robousr/Semestre-2026-1/Workspaces/example_ws/src/install/click_to_motion_msgs/local/lib/python3.10/dist-packages/click_to_motion_msgs/click_to_motion_msgs_s__rosidl_typesupport_fastrtps_c.cpython-310-x86_64-linux-gnu.so
[10.655s] -- Installing: /home/robousr/Semestre-2026-1/Workspaces/example_ws/src/install/click_to_motion_msgs/local/lib/python3.10/dist-packages/click_to_motion_msgs/click_to_motion_msgs_s__rosidl_typesupport_introspection_c.cpython-310-x86_64-linux-gnu.so
[10.655s] -- Installing: /home/robousr/Semestre-2026-1/Workspaces/example_ws/src/install/click_to_motion_msgs/local/lib/python3.10/dist-packages/click_to_motion_msgs/_click_to_motion_msgs_s.ep.rosidl_typesupport_c.c
[10.656s] -- Installing: /home/robousr/Semestre-2026-1/Workspaces/example_ws/src/install/click_to_motion_msgs/local/lib/python3.10/dist-packages/click_to_motion_msgs/libclick_to_motion_msgs__rosidl_generator_py.so
[10.656s] -- Installing: /home/robousr/Semestre-2026-1/Workspaces/example_ws/src/install/click_to_motion_msgs/local/lib/python3.10/dist-packages/click_to_motion_msgs/msg
[10.656s] -- Installing: /home/robousr/Semestre-2026-1/Workspaces/example_ws/src/install/click_to_motion_msgs/local/lib/python3.10/dist-packages/click_to_motion_msgs/msg/__init__.py
[10.656s] -- Installing: /home/robousr/Semestre-2026-1/Workspaces/example_ws/src/install/click_to_motion_msgs/local/lib/python3.10/dist-packages/click_to_motion_msgs/msg/_joint_control_s.c
[10.656s] -- Installing: /home/robousr/Semestre-2026-1/Workspaces/example_ws/src/install/click_to_motion_msgs/local/lib/python3.10/dist-packages/click_to_motion_msgs/msg/_workspace_position.py
[10.656s] -- Installing: /home/robousr/Semestre-2026-1/Workspaces/example_ws/src/install/click_to_motion_msgs/local/lib/python3.10/dist-packages/click_to_motion_msgs/msg/_joint_control.py
[10.657s] -- Installing: /home/robousr/Semestre-2026-1/Workspaces/example_ws/src/install/click_to_motion_msgs/local/lib/python3.10/dist-packages/click_to_motion_msgs/msg/_workspace_position_s.c
[10.657s] -- Installing: /home/robousr/Semestre-2026-1/Workspaces/example_ws/src/install/click_to_motion_msgs/local/lib/python3.10/dist-packages/click_to_motion_msgs/click_to_motion_msgs_s__rosidl_typesupport_c.cpython-310-x86_64-linux-gnu.so
[10.792s] Listing '/home/robousr/Semestre-2026-1/Workspaces/example_ws/src/install/click_to_motion_msgs/local/lib/python3.10/dist-packages/click_to_motion_msgs'...
[10.792s] Compiling '/home/robousr/Semestre-2026-1/Workspaces/example_ws/src/install/click_to_motion_msgs/local/lib/python3.10/dist-packages/click_to_motion_msgs/__init__.py'...
[10.792s] Listing '/home/robousr/Semestre-2026-1/Workspaces/example_ws/src/install/click_to_motion_msgs/local/lib/python3.10/dist-packages/click_to_motion_msgs/msg'...
[10.794s] Compiling '/home/robousr/Semestre-2026-1/Workspaces/example_ws/src/install/click_to_motion_msgs/local/lib/python3.10/dist-packages/click_to_motion_msgs/msg/__init__.py'...
[10.794s] Compiling '/home/robousr/Semestre-2026-1/Workspaces/example_ws/src/install/click_to_motion_msgs/local/lib/python3.10/dist-packages/click_to_motion_msgs/msg/_joint_control.py'...
[10.794s] Compiling '/home/robousr/Semestre-2026-1/Workspaces/example_ws/src/install/click_to_motion_msgs/local/lib/python3.10/dist-packages/click_to_motion_msgs/msg/_workspace_position.py'...
[10.800s] -- Installing: /home/robousr/Semestre-2026-1/Workspaces/example_ws/src/install/click_to_motion_msgs/local/lib/python3.10/dist-packages/click_to_motion_msgs/click_to_motion_msgs_s__rosidl_typesupport_fastrtps_c.cpython-310-x86_64-linux-gnu.so
[10.800s] -- Set runtime path of "/home/robousr/Semestre-2026-1/Workspaces/example_ws/src/install/click_to_motion_msgs/local/lib/python3.10/dist-packages/click_to_motion_msgs/click_to_motion_msgs_s__rosidl_typesupport_fastrtps_c.cpython-310-x86_64-linux-gnu.so" to ""
[10.801s] -- Installing: /home/robousr/Semestre-2026-1/Workspaces/example_ws/src/install/click_to_motion_msgs/local/lib/python3.10/dist-packages/click_to_motion_msgs/click_to_motion_msgs_s__rosidl_typesupport_introspection_c.cpython-310-x86_64-linux-gnu.so
[10.802s] -- Set runtime path of "/home/robousr/Semestre-2026-1/Workspaces/example_ws/src/install/click_to_motion_msgs/local/lib/python3.10/dist-packages/click_to_motion_msgs/click_to_motion_msgs_s__rosidl_typesupport_introspection_c.cpython-310-x86_64-linux-gnu.so" to ""
[10.802s] -- Installing: /home/robousr/Semestre-2026-1/Workspaces/example_ws/src/install/click_to_motion_msgs/local/lib/python3.10/dist-packages/click_to_motion_msgs/click_to_motion_msgs_s__rosidl_typesupport_c.cpython-310-x86_64-linux-gnu.so
[10.803s] -- Set runtime path of "/home/robousr/Semestre-2026-1/Workspaces/example_ws/src/install/click_to_motion_msgs/local/lib/python3.10/dist-packages/click_to_motion_msgs/click_to_motion_msgs_s__rosidl_typesupport_c.cpython-310-x86_64-linux-gnu.so" to ""
[10.803s] -- Installing: /home/robousr/Semestre-2026-1/Workspaces/example_ws/src/install/click_to_motion_msgs/lib/libclick_to_motion_msgs__rosidl_generator_py.so
[10.806s] -- Set runtime path of "/home/robousr/Semestre-2026-1/Workspaces/example_ws/src/install/click_to_motion_msgs/lib/libclick_to_motion_msgs__rosidl_generator_py.so" to ""
[10.806s] -- Installing: /home/robousr/Semestre-2026-1/Workspaces/example_ws/src/install/click_to_motion_msgs/share/click_to_motion_msgs/msg/JointControl.idl
[10.806s] -- Installing: /home/robousr/Semestre-2026-1/Workspaces/example_ws/src/install/click_to_motion_msgs/share/click_to_motion_msgs/msg/WorkspacePosition.idl
[10.806s] -- Installing: /home/robousr/Semestre-2026-1/Workspaces/example_ws/src/install/click_to_motion_msgs/share/click_to_motion_msgs/msg/JointControl.msg
[10.807s] -- Installing: /home/robousr/Semestre-2026-1/Workspaces/example_ws/src/install/click_to_motion_msgs/share/click_to_motion_msgs/msg/WorkspacePosition.msg
[10.809s] -- Installing: /home/robousr/Semestre-2026-1/Workspaces/example_ws/src/install/click_to_motion_msgs/share/ament_index/resource_index/package_run_dependencies/click_to_motion_msgs
[10.809s] -- Installing: /home/robousr/Semestre-2026-1/Workspaces/example_ws/src/install/click_to_motion_msgs/share/ament_index/resource_index/parent_prefix_path/click_to_motion_msgs
[10.809s] -- Installing: /home/robousr/Semestre-2026-1/Workspaces/example_ws/src/install/click_to_motion_msgs/share/click_to_motion_msgs/environment/ament_prefix_path.sh
[10.809s] -- Installing: /home/robousr/Semestre-2026-1/Workspaces/example_ws/src/install/click_to_motion_msgs/share/click_to_motion_msgs/environment/ament_prefix_path.dsv
[10.809s] -- Installing: /home/robousr/Semestre-2026-1/Workspaces/example_ws/src/install/click_to_motion_msgs/share/click_to_motion_msgs/environment/path.sh
[10.809s] -- Installing: /home/robousr/Semestre-2026-1/Workspaces/example_ws/src/install/click_to_motion_msgs/share/click_to_motion_msgs/environment/path.dsv
[10.810s] -- Installing: /home/robousr/Semestre-2026-1/Workspaces/example_ws/src/install/click_to_motion_msgs/share/click_to_motion_msgs/local_setup.bash
[10.810s] -- Installing: /home/robousr/Semestre-2026-1/Workspaces/example_ws/src/install/click_to_motion_msgs/share/click_to_motion_msgs/local_setup.sh
[10.811s] -- Installing: /home/robousr/Semestre-2026-1/Workspaces/example_ws/src/install/click_to_motion_msgs/share/click_to_motion_msgs/local_setup.zsh
[10.811s] -- Installing: /home/robousr/Semestre-2026-1/Workspaces/example_ws/src/install/click_to_motion_msgs/share/click_to_motion_msgs/local_setup.dsv
[10.811s] -- Installing: /home/robousr/Semestre-2026-1/Workspaces/example_ws/src/install/click_to_motion_msgs/share/click_to_motion_msgs/package.dsv
[10.812s] -- Installing: /home/robousr/Semestre-2026-1/Workspaces/example_ws/src/install/click_to_motion_msgs/share/ament_index/resource_index/packages/click_to_motion_msgs
[10.812s] -- Installing: /home/robousr/Semestre-2026-1/Workspaces/example_ws/src/install/click_to_motion_msgs/share/click_to_motion_msgs/cmake/export_click_to_motion_msgs__rosidl_generator_cExport.cmake
[10.812s] -- Installing: /home/robousr/Semestre-2026-1/Workspaces/example_ws/src/install/click_to_motion_msgs/share/click_to_motion_msgs/cmake/export_click_to_motion_msgs__rosidl_generator_cExport-noconfig.cmake
[10.813s] -- Installing: /home/robousr/Semestre-2026-1/Workspaces/example_ws/src/install/click_to_motion_msgs/share/click_to_motion_msgs/cmake/export_click_to_motion_msgs__rosidl_typesupport_fastrtps_cExport.cmake
[10.813s] -- Installing: /home/robousr/Semestre-2026-1/Workspaces/example_ws/src/install/click_to_motion_msgs/share/click_to_motion_msgs/cmake/export_click_to_motion_msgs__rosidl_typesupport_fastrtps_cExport-noconfig.cmake
[10.813s] -- Installing: /home/robousr/Semestre-2026-1/Workspaces/example_ws/src/install/click_to_motion_msgs/share/click_to_motion_msgs/cmake/click_to_motion_msgs__rosidl_typesupport_introspection_cExport.cmake
[10.814s] -- Installing: /home/robousr/Semestre-2026-1/Workspaces/example_ws/src/install/click_to_motion_msgs/share/click_to_motion_msgs/cmake/click_to_motion_msgs__rosidl_typesupport_introspection_cExport-noconfig.cmake
[10.814s] -- Installing: /home/robousr/Semestre-2026-1/Workspaces/example_ws/src/install/click_to_motion_msgs/share/click_to_motion_msgs/cmake/click_to_motion_msgs__rosidl_typesupport_cExport.cmake
[10.814s] -- Installing: /home/robousr/Semestre-2026-1/Workspaces/example_ws/src/install/click_to_motion_msgs/share/click_to_motion_msgs/cmake/click_to_motion_msgs__rosidl_typesupport_cExport-noconfig.cmake
[10.815s] -- Installing: /home/robousr/Semestre-2026-1/Workspaces/example_ws/src/install/click_to_motion_msgs/share/click_to_motion_msgs/cmake/export_click_to_motion_msgs__rosidl_generator_cppExport.cmake
[10.815s] -- Installing: /home/robousr/Semestre-2026-1/Workspaces/example_ws/src/install/click_to_motion_msgs/share/click_to_motion_msgs/cmake/export_click_to_motion_msgs__rosidl_typesupport_fastrtps_cppExport.cmake
[10.815s] -- Installing: /home/robousr/Semestre-2026-1/Workspaces/example_ws/src/install/click_to_motion_msgs/share/click_to_motion_msgs/cmake/export_click_to_motion_msgs__rosidl_typesupport_fastrtps_cppExport-noconfig.cmake
[10.816s] -- Installing: /home/robousr/Semestre-2026-1/Workspaces/example_ws/src/install/click_to_motion_msgs/share/click_to_motion_msgs/cmake/click_to_motion_msgs__rosidl_typesupport_introspection_cppExport.cmake
[10.816s] -- Installing: /home/robousr/Semestre-2026-1/Workspaces/example_ws/src/install/click_to_motion_msgs/share/click_to_motion_msgs/cmake/click_to_motion_msgs__rosidl_typesupport_introspection_cppExport-noconfig.cmake
[10.816s] -- Installing: /home/robousr/Semestre-2026-1/Workspaces/example_ws/src/install/click_to_motion_msgs/share/click_to_motion_msgs/cmake/click_to_motion_msgs__rosidl_typesupport_cppExport.cmake
[10.817s] -- Installing: /home/robousr/Semestre-2026-1/Workspaces/example_ws/src/install/click_to_motion_msgs/share/click_to_motion_msgs/cmake/click_to_motion_msgs__rosidl_typesupport_cppExport-noconfig.cmake
[10.817s] -- Installing: /home/robousr/Semestre-2026-1/Workspaces/example_ws/src/install/click_to_motion_msgs/share/click_to_motion_msgs/cmake/export_click_to_motion_msgs__rosidl_generator_pyExport.cmake
[10.819s] -- Installing: /home/robousr/Semestre-2026-1/Workspaces/example_ws/src/install/click_to_motion_msgs/share/click_to_motion_msgs/cmake/export_click_to_motion_msgs__rosidl_generator_pyExport-noconfig.cmake
[10.820s] -- Installing: /home/robousr/Semestre-2026-1/Workspaces/example_ws/src/install/click_to_motion_msgs/share/click_to_motion_msgs/cmake/rosidl_cmake-extras.cmake
[10.821s] -- Installing: /home/robousr/Semestre-2026-1/Workspaces/example_ws/src/install/click_to_motion_msgs/share/click_to_motion_msgs/cmake/ament_cmake_export_include_directories-extras.cmake
[10.821s] -- Installing: /home/robousr/Semestre-2026-1/Workspaces/example_ws/src/install/click_to_motion_msgs/share/click_to_motion_msgs/cmake/ament_cmake_export_libraries-extras.cmake
[10.822s] -- Installing: /home/robousr/Semestre-2026-1/Workspaces/example_ws/src/install/click_to_motion_msgs/share/click_to_motion_msgs/cmake/ament_cmake_export_targets-extras.cmake
[10.822s] -- Installing: /home/robousr/Semestre-2026-1/Workspaces/example_ws/src/install/click_to_motion_msgs/share/click_to_motion_msgs/cmake/rosidl_cmake_export_typesupport_targets-extras.cmake
[10.823s] -- Installing: /home/robousr/Semestre-2026-1/Workspaces/example_ws/src/install/click_to_motion_msgs/share/click_to_motion_msgs/cmake/ament_cmake_export_dependencies-extras.cmake
[10.824s] -- Installing: /home/robousr/Semestre-2026-1/Workspaces/example_ws/src/install/click_to_motion_msgs/share/click_to_motion_msgs/cmake/rosidl_cmake_export_typesupport_libraries-extras.cmake
[10.824s] -- Installing: /home/robousr/Semestre-2026-1/Workspaces/example_ws/src/install/click_to_motion_msgs/share/click_to_motion_msgs/cmake/click_to_motion_msgsConfig.cmake
[10.824s] -- Installing: /home/robousr/Semestre-2026-1/Workspaces/example_ws/src/install/click_to_motion_msgs/share/click_to_motion_msgs/cmake/click_to_motion_msgsConfig-version.cmake
[10.825s] -- Installing: /home/robousr/Semestre-2026-1/Workspaces/example_ws/src/install/click_to_motion_msgs/share/click_to_motion_msgs/package.xml
[10.834s] Invoked command in '/home/robousr/Semestre-2026-1/Workspaces/example_ws/src/build/click_to_motion_msgs' returned '0': /usr/bin/cmake --install /home/robousr/Semestre-2026-1/Workspaces/example_ws/src/build/click_to_motion_msgs
