[0.072s] DEBUG:colcon:Command line arguments: ['/usr/bin/colcon', 'build', '--symlink-install', '--allow-overriding', 'example_interfaces']
[0.072s] DEBUG:colcon:Parsed command line arguments: Namespace(log_base=None, log_level=None, verb_name='build', build_base='build', install_base='install', merge_install=False, symlink_install=True, test_result_base=None, continue_on_error=False, executor='parallel', parallel_workers=4, event_handlers=None, ignore_user_meta=False, metas=['./colcon.meta'], base_paths=['.'], packages_ignore=None, packages_ignore_regex=None, paths=None, packages_up_to=None, packages_up_to_regex=None, packages_above=None, packages_above_and_dependencies=None, packages_above_depth=None, packages_select_by_dep=None, packages_skip_by_dep=None, packages_skip_up_to=None, packages_select_build_failed=False, packages_skip_build_finished=False, packages_select_test_failures=False, packages_skip_test_passed=False, packages_select=None, packages_skip=None, packages_select_regex=None, packages_skip_regex=None, packages_start=None, packages_end=None, allow_overriding=['example_interfaces'], cmake_args=None, cmake_target=None, cmake_target_skip_unavailable=False, cmake_clean_cache=False, cmake_clean_first=False, cmake_force_configure=False, ament_cmake_args=None, catkin_cmake_args=None, catkin_skip_building_tests=False, mixin_files=None, mixin=None, verb_parser=<colcon_mixin.mixin.mixin_argument.MixinArgumentDecorator object at 0x7ed0ac596230>, verb_extension=<colcon_core.verb.build.BuildVerb object at 0x7ed0ac595cf0>, main=<bound method BuildVerb.main of <colcon_core.verb.build.BuildVerb object at 0x7ed0ac595cf0>>, mixin_verb=('build',))
[0.190s] Level 1:colcon.colcon_core.package_discovery:discover_packages(colcon_meta) check parameters
[0.190s] Level 1:colcon.colcon_core.package_discovery:discover_packages(recursive) check parameters
[0.190s] Level 1:colcon.colcon_core.package_discovery:discover_packages(ignore) check parameters
[0.190s] Level 1:colcon.colcon_core.package_discovery:discover_packages(path) check parameters
[0.190s] Level 1:colcon.colcon_core.package_discovery:discover_packages(colcon_meta) discover
[0.190s] Level 1:colcon.colcon_core.package_discovery:discover_packages(recursive) discover
[0.190s] INFO:colcon.colcon_core.package_discovery:Crawling recursively for packages in '/home/robousr/workspace/proyecto/Spatial'
[0.190s] Level 1:colcon.colcon_core.package_identification:_identify(.) by extensions ['ignore', 'ignore_ament_install']
[0.191s] Level 1:colcon.colcon_core.package_identification:_identify(.) by extension 'ignore'
[0.191s] Level 1:colcon.colcon_core.package_identification:_identify(.) by extension 'ignore_ament_install'
[0.191s] Level 1:colcon.colcon_core.package_identification:_identify(.) by extensions ['colcon_pkg']
[0.191s] Level 1:colcon.colcon_core.package_identification:_identify(.) by extension 'colcon_pkg'
[0.191s] Level 1:colcon.colcon_core.package_identification:_identify(.) by extensions ['colcon_meta']
[0.191s] Level 1:colcon.colcon_core.package_identification:_identify(.) by extension 'colcon_meta'
[0.191s] Level 1:colcon.colcon_core.package_identification:_identify(.) by extensions ['ros']
[0.191s] Level 1:colcon.colcon_core.package_identification:_identify(.) by extension 'ros'
[0.201s] Level 1:colcon.colcon_core.package_identification:_identify(.) by extensions ['cmake', 'python']
[0.201s] Level 1:colcon.colcon_core.package_identification:_identify(.) by extension 'cmake'
[0.201s] Level 1:colcon.colcon_core.package_identification:_identify(.) by extension 'python'
[0.201s] Level 1:colcon.colcon_core.package_identification:_identify(.) by extensions ['python_setup_py']
[0.201s] Level 1:colcon.colcon_core.package_identification:_identify(.) by extension 'python_setup_py'
[0.201s] Level 1:colcon.colcon_core.package_identification:_identify(build) by extensions ['ignore', 'ignore_ament_install']
[0.202s] Level 1:colcon.colcon_core.package_identification:_identify(build) by extension 'ignore'
[0.202s] Level 1:colcon.colcon_core.package_identification:_identify(build) ignored
[0.202s] Level 1:colcon.colcon_core.package_identification:_identify(install) by extensions ['ignore', 'ignore_ament_install']
[0.202s] Level 1:colcon.colcon_core.package_identification:_identify(install) by extension 'ignore'
[0.202s] Level 1:colcon.colcon_core.package_identification:_identify(install) ignored
[0.202s] Level 1:colcon.colcon_core.package_identification:_identify(log) by extensions ['ignore', 'ignore_ament_install']
[0.202s] Level 1:colcon.colcon_core.package_identification:_identify(log) by extension 'ignore'
[0.202s] Level 1:colcon.colcon_core.package_identification:_identify(log) ignored
[0.202s] Level 1:colcon.colcon_core.package_identification:_identify(src) by extensions ['ignore', 'ignore_ament_install']
[0.202s] Level 1:colcon.colcon_core.package_identification:_identify(src) by extension 'ignore'
[0.202s] Level 1:colcon.colcon_core.package_identification:_identify(src) by extension 'ignore_ament_install'
[0.202s] Level 1:colcon.colcon_core.package_identification:_identify(src) by extensions ['colcon_pkg']
[0.202s] Level 1:colcon.colcon_core.package_identification:_identify(src) by extension 'colcon_pkg'
[0.202s] Level 1:colcon.colcon_core.package_identification:_identify(src) by extensions ['colcon_meta']
[0.202s] Level 1:colcon.colcon_core.package_identification:_identify(src) by extension 'colcon_meta'
[0.202s] Level 1:colcon.colcon_core.package_identification:_identify(src) by extensions ['ros']
[0.202s] Level 1:colcon.colcon_core.package_identification:_identify(src) by extension 'ros'
[0.202s] Level 1:colcon.colcon_core.package_identification:_identify(src) by extensions ['cmake', 'python']
[0.202s] Level 1:colcon.colcon_core.package_identification:_identify(src) by extension 'cmake'
[0.202s] Level 1:colcon.colcon_core.package_identification:_identify(src) by extension 'python'
[0.202s] Level 1:colcon.colcon_core.package_identification:_identify(src) by extensions ['python_setup_py']
[0.202s] Level 1:colcon.colcon_core.package_identification:_identify(src) by extension 'python_setup_py'
[0.202s] Level 1:colcon.colcon_core.package_identification:_identify(src/example_bringup) by extensions ['ignore', 'ignore_ament_install']
[0.202s] Level 1:colcon.colcon_core.package_identification:_identify(src/example_bringup) by extension 'ignore'
[0.202s] Level 1:colcon.colcon_core.package_identification:_identify(src/example_bringup) by extension 'ignore_ament_install'
[0.202s] Level 1:colcon.colcon_core.package_identification:_identify(src/example_bringup) by extensions ['colcon_pkg']
[0.202s] Level 1:colcon.colcon_core.package_identification:_identify(src/example_bringup) by extension 'colcon_pkg'
[0.202s] Level 1:colcon.colcon_core.package_identification:_identify(src/example_bringup) by extensions ['colcon_meta']
[0.203s] Level 1:colcon.colcon_core.package_identification:_identify(src/example_bringup) by extension 'colcon_meta'
[0.203s] Level 1:colcon.colcon_core.package_identification:_identify(src/example_bringup) by extensions ['ros']
[0.203s] Level 1:colcon.colcon_core.package_identification:_identify(src/example_bringup) by extension 'ros'
[0.204s] DEBUG:colcon.colcon_core.package_identification:Package 'src/example_bringup' with type 'ros.ament_python' and name 'example_bringup'
[0.204s] Level 1:colcon.colcon_core.package_identification:_identify(src/example_control) by extensions ['ignore', 'ignore_ament_install']
[0.204s] Level 1:colcon.colcon_core.package_identification:_identify(src/example_control) by extension 'ignore'
[0.204s] Level 1:colcon.colcon_core.package_identification:_identify(src/example_control) by extension 'ignore_ament_install'
[0.204s] Level 1:colcon.colcon_core.package_identification:_identify(src/example_control) by extensions ['colcon_pkg']
[0.204s] Level 1:colcon.colcon_core.package_identification:_identify(src/example_control) by extension 'colcon_pkg'
[0.204s] Level 1:colcon.colcon_core.package_identification:_identify(src/example_control) by extensions ['colcon_meta']
[0.204s] Level 1:colcon.colcon_core.package_identification:_identify(src/example_control) by extension 'colcon_meta'
[0.204s] Level 1:colcon.colcon_core.package_identification:_identify(src/example_control) by extensions ['ros']
[0.204s] Level 1:colcon.colcon_core.package_identification:_identify(src/example_control) by extension 'ros'
[0.205s] DEBUG:colcon.colcon_core.package_identification:Package 'src/example_control' with type 'ros.ament_python' and name 'example_control'
[0.205s] Level 1:colcon.colcon_core.package_identification:_identify(src/example_description) by extensions ['ignore', 'ignore_ament_install']
[0.205s] Level 1:colcon.colcon_core.package_identification:_identify(src/example_description) by extension 'ignore'
[0.205s] Level 1:colcon.colcon_core.package_identification:_identify(src/example_description) by extension 'ignore_ament_install'
[0.205s] Level 1:colcon.colcon_core.package_identification:_identify(src/example_description) by extensions ['colcon_pkg']
[0.205s] Level 1:colcon.colcon_core.package_identification:_identify(src/example_description) by extension 'colcon_pkg'
[0.205s] Level 1:colcon.colcon_core.package_identification:_identify(src/example_description) by extensions ['colcon_meta']
[0.205s] Level 1:colcon.colcon_core.package_identification:_identify(src/example_description) by extension 'colcon_meta'
[0.205s] Level 1:colcon.colcon_core.package_identification:_identify(src/example_description) by extensions ['ros']
[0.205s] Level 1:colcon.colcon_core.package_identification:_identify(src/example_description) by extension 'ros'
[0.205s] DEBUG:colcon.colcon_core.package_identification:Package 'src/example_description' with type 'ros.ament_python' and name 'example_description'
[0.205s] Level 1:colcon.colcon_core.package_identification:_identify(src/example_interfaces) by extensions ['ignore', 'ignore_ament_install']
[0.205s] Level 1:colcon.colcon_core.package_identification:_identify(src/example_interfaces) by extension 'ignore'
[0.205s] Level 1:colcon.colcon_core.package_identification:_identify(src/example_interfaces) by extension 'ignore_ament_install'
[0.205s] Level 1:colcon.colcon_core.package_identification:_identify(src/example_interfaces) by extensions ['colcon_pkg']
[0.205s] Level 1:colcon.colcon_core.package_identification:_identify(src/example_interfaces) by extension 'colcon_pkg'
[0.205s] Level 1:colcon.colcon_core.package_identification:_identify(src/example_interfaces) by extensions ['colcon_meta']
[0.205s] Level 1:colcon.colcon_core.package_identification:_identify(src/example_interfaces) by extension 'colcon_meta'
[0.205s] Level 1:colcon.colcon_core.package_identification:_identify(src/example_interfaces) by extensions ['ros']
[0.205s] Level 1:colcon.colcon_core.package_identification:_identify(src/example_interfaces) by extension 'ros'
[0.206s] DEBUG:colcon.colcon_core.package_identification:Package 'src/example_interfaces' with type 'ros.ament_cmake' and name 'example_interfaces'
[0.206s] Level 1:colcon.colcon_core.package_identification:_identify(src/example_pkg) by extensions ['ignore', 'ignore_ament_install']
[0.206s] Level 1:colcon.colcon_core.package_identification:_identify(src/example_pkg) by extension 'ignore'
[0.206s] Level 1:colcon.colcon_core.package_identification:_identify(src/example_pkg) by extension 'ignore_ament_install'
[0.206s] Level 1:colcon.colcon_core.package_identification:_identify(src/example_pkg) by extensions ['colcon_pkg']
[0.206s] Level 1:colcon.colcon_core.package_identification:_identify(src/example_pkg) by extension 'colcon_pkg'
[0.206s] Level 1:colcon.colcon_core.package_identification:_identify(src/example_pkg) by extensions ['colcon_meta']
[0.206s] Level 1:colcon.colcon_core.package_identification:_identify(src/example_pkg) by extension 'colcon_meta'
[0.206s] Level 1:colcon.colcon_core.package_identification:_identify(src/example_pkg) by extensions ['ros']
[0.206s] Level 1:colcon.colcon_core.package_identification:_identify(src/example_pkg) by extension 'ros'
[0.206s] DEBUG:colcon.colcon_core.package_identification:Package 'src/example_pkg' with type 'ros.ament_python' and name 'example_pkg'
[0.206s] Level 1:colcon.colcon_core.package_discovery:discover_packages(recursive) using defaults
[0.206s] Level 1:colcon.colcon_core.package_discovery:discover_packages(ignore) discover
[0.206s] Level 1:colcon.colcon_core.package_discovery:discover_packages(ignore) using defaults
[0.206s] Level 1:colcon.colcon_core.package_discovery:discover_packages(path) discover
[0.206s] Level 1:colcon.colcon_core.package_discovery:discover_packages(path) using defaults
[0.218s] Level 1:colcon.colcon_core.package_discovery:discover_packages(prefix_path) check parameters
[0.218s] Level 1:colcon.colcon_core.package_discovery:discover_packages(prefix_path) discover
[0.219s] DEBUG:colcon.colcon_installed_package_information.package_discovery:Found 5 installed packages in /home/robousr/workspace/proyecto/Planar/install
[0.221s] DEBUG:colcon.colcon_installed_package_information.package_discovery:Found 432 installed packages in /opt/ros/humble
[0.222s] Level 1:colcon.colcon_core.package_discovery:discover_packages(prefix_path) using defaults
[0.253s] Level 5:colcon.colcon_core.verb:set package 'example_bringup' build argument 'cmake_args' from command line to 'None'
[0.253s] Level 5:colcon.colcon_core.verb:set package 'example_bringup' build argument 'cmake_target' from command line to 'None'
[0.253s] Level 5:colcon.colcon_core.verb:set package 'example_bringup' build argument 'cmake_target_skip_unavailable' from command line to 'False'
[0.253s] Level 5:colcon.colcon_core.verb:set package 'example_bringup' build argument 'cmake_clean_cache' from command line to 'False'
[0.253s] Level 5:colcon.colcon_core.verb:set package 'example_bringup' build argument 'cmake_clean_first' from command line to 'False'
[0.253s] Level 5:colcon.colcon_core.verb:set package 'example_bringup' build argument 'cmake_force_configure' from command line to 'False'
[0.253s] Level 5:colcon.colcon_core.verb:set package 'example_bringup' build argument 'ament_cmake_args' from command line to 'None'
[0.253s] Level 5:colcon.colcon_core.verb:set package 'example_bringup' build argument 'catkin_cmake_args' from command line to 'None'
[0.253s] Level 5:colcon.colcon_core.verb:set package 'example_bringup' build argument 'catkin_skip_building_tests' from command line to 'False'
[0.253s] DEBUG:colcon.colcon_core.verb:Building package 'example_bringup' with the following arguments: {'ament_cmake_args': None, 'build_base': '/home/robousr/workspace/proyecto/Spatial/build/example_bringup', 'catkin_cmake_args': None, 'catkin_skip_building_tests': False, 'cmake_args': None, 'cmake_clean_cache': False, 'cmake_clean_first': False, 'cmake_force_configure': False, 'cmake_target': None, 'cmake_target_skip_unavailable': False, 'install_base': '/home/robousr/workspace/proyecto/Spatial/install/example_bringup', 'merge_install': False, 'path': '/home/robousr/workspace/proyecto/Spatial/src/example_bringup', 'symlink_install': True, 'test_result_base': None}
[0.253s] Level 5:colcon.colcon_core.verb:set package 'example_control' build argument 'cmake_args' from command line to 'None'
[0.253s] Level 5:colcon.colcon_core.verb:set package 'example_control' build argument 'cmake_target' from command line to 'None'
[0.253s] Level 5:colcon.colcon_core.verb:set package 'example_control' build argument 'cmake_target_skip_unavailable' from command line to 'False'
[0.253s] Level 5:colcon.colcon_core.verb:set package 'example_control' build argument 'cmake_clean_cache' from command line to 'False'
[0.253s] Level 5:colcon.colcon_core.verb:set package 'example_control' build argument 'cmake_clean_first' from command line to 'False'
[0.253s] Level 5:colcon.colcon_core.verb:set package 'example_control' build argument 'cmake_force_configure' from command line to 'False'
[0.254s] Level 5:colcon.colcon_core.verb:set package 'example_control' build argument 'ament_cmake_args' from command line to 'None'
[0.254s] Level 5:colcon.colcon_core.verb:set package 'example_control' build argument 'catkin_cmake_args' from command line to 'None'
[0.254s] Level 5:colcon.colcon_core.verb:set package 'example_control' build argument 'catkin_skip_building_tests' from command line to 'False'
[0.254s] DEBUG:colcon.colcon_core.verb:Building package 'example_control' with the following arguments: {'ament_cmake_args': None, 'build_base': '/home/robousr/workspace/proyecto/Spatial/build/example_control', 'catkin_cmake_args': None, 'catkin_skip_building_tests': False, 'cmake_args': None, 'cmake_clean_cache': False, 'cmake_clean_first': False, 'cmake_force_configure': False, 'cmake_target': None, 'cmake_target_skip_unavailable': False, 'install_base': '/home/robousr/workspace/proyecto/Spatial/install/example_control', 'merge_install': False, 'path': '/home/robousr/workspace/proyecto/Spatial/src/example_control', 'symlink_install': True, 'test_result_base': None}
[0.254s] Level 5:colcon.colcon_core.verb:set package 'example_description' build argument 'cmake_args' from command line to 'None'
[0.254s] Level 5:colcon.colcon_core.verb:set package 'example_description' build argument 'cmake_target' from command line to 'None'
[0.254s] Level 5:colcon.colcon_core.verb:set package 'example_description' build argument 'cmake_target_skip_unavailable' from command line to 'False'
[0.254s] Level 5:colcon.colcon_core.verb:set package 'example_description' build argument 'cmake_clean_cache' from command line to 'False'
[0.254s] Level 5:colcon.colcon_core.verb:set package 'example_description' build argument 'cmake_clean_first' from command line to 'False'
[0.254s] Level 5:colcon.colcon_core.verb:set package 'example_description' build argument 'cmake_force_configure' from command line to 'False'
[0.254s] Level 5:colcon.colcon_core.verb:set package 'example_description' build argument 'ament_cmake_args' from command line to 'None'
[0.254s] Level 5:colcon.colcon_core.verb:set package 'example_description' build argument 'catkin_cmake_args' from command line to 'None'
[0.254s] Level 5:colcon.colcon_core.verb:set package 'example_description' build argument 'catkin_skip_building_tests' from command line to 'False'
[0.254s] DEBUG:colcon.colcon_core.verb:Building package 'example_description' with the following arguments: {'ament_cmake_args': None, 'build_base': '/home/robousr/workspace/proyecto/Spatial/build/example_description', 'catkin_cmake_args': None, 'catkin_skip_building_tests': False, 'cmake_args': None, 'cmake_clean_cache': False, 'cmake_clean_first': False, 'cmake_force_configure': False, 'cmake_target': None, 'cmake_target_skip_unavailable': False, 'install_base': '/home/robousr/workspace/proyecto/Spatial/install/example_description', 'merge_install': False, 'path': '/home/robousr/workspace/proyecto/Spatial/src/example_description', 'symlink_install': True, 'test_result_base': None}
[0.254s] Level 5:colcon.colcon_core.verb:set package 'example_interfaces' build argument 'cmake_args' from command line to 'None'
[0.254s] Level 5:colcon.colcon_core.verb:set package 'example_interfaces' build argument 'cmake_target' from command line to 'None'
[0.254s] Level 5:colcon.colcon_core.verb:set package 'example_interfaces' build argument 'cmake_target_skip_unavailable' from command line to 'False'
[0.254s] Level 5:colcon.colcon_core.verb:set package 'example_interfaces' build argument 'cmake_clean_cache' from command line to 'False'
[0.254s] Level 5:colcon.colcon_core.verb:set package 'example_interfaces' build argument 'cmake_clean_first' from command line to 'False'
[0.254s] Level 5:colcon.colcon_core.verb:set package 'example_interfaces' build argument 'cmake_force_configure' from command line to 'False'
[0.254s] Level 5:colcon.colcon_core.verb:set package 'example_interfaces' build argument 'ament_cmake_args' from command line to 'None'
[0.254s] Level 5:colcon.colcon_core.verb:set package 'example_interfaces' build argument 'catkin_cmake_args' from command line to 'None'
[0.254s] Level 5:colcon.colcon_core.verb:set package 'example_interfaces' build argument 'catkin_skip_building_tests' from command line to 'False'
[0.254s] DEBUG:colcon.colcon_core.verb:Building package 'example_interfaces' with the following arguments: {'ament_cmake_args': None, 'build_base': '/home/robousr/workspace/proyecto/Spatial/build/example_interfaces', 'catkin_cmake_args': None, 'catkin_skip_building_tests': False, 'cmake_args': None, 'cmake_clean_cache': False, 'cmake_clean_first': False, 'cmake_force_configure': False, 'cmake_target': None, 'cmake_target_skip_unavailable': False, 'install_base': '/home/robousr/workspace/proyecto/Spatial/install/example_interfaces', 'merge_install': False, 'path': '/home/robousr/workspace/proyecto/Spatial/src/example_interfaces', 'symlink_install': True, 'test_result_base': None}
[0.254s] Level 5:colcon.colcon_core.verb:set package 'example_pkg' build argument 'cmake_args' from command line to 'None'
[0.254s] Level 5:colcon.colcon_core.verb:set package 'example_pkg' build argument 'cmake_target' from command line to 'None'
[0.254s] Level 5:colcon.colcon_core.verb:set package 'example_pkg' build argument 'cmake_target_skip_unavailable' from command line to 'False'
[0.254s] Level 5:colcon.colcon_core.verb:set package 'example_pkg' build argument 'cmake_clean_cache' from command line to 'False'
[0.254s] Level 5:colcon.colcon_core.verb:set package 'example_pkg' build argument 'cmake_clean_first' from command line to 'False'
[0.254s] Level 5:colcon.colcon_core.verb:set package 'example_pkg' build argument 'cmake_force_configure' from command line to 'False'
[0.254s] Level 5:colcon.colcon_core.verb:set package 'example_pkg' build argument 'ament_cmake_args' from command line to 'None'
[0.255s] Level 5:colcon.colcon_core.verb:set package 'example_pkg' build argument 'catkin_cmake_args' from command line to 'None'
[0.255s] Level 5:colcon.colcon_core.verb:set package 'example_pkg' build argument 'catkin_skip_building_tests' from command line to 'False'
[0.255s] DEBUG:colcon.colcon_core.verb:Building package 'example_pkg' with the following arguments: {'ament_cmake_args': None, 'build_base': '/home/robousr/workspace/proyecto/Spatial/build/example_pkg', 'catkin_cmake_args': None, 'catkin_skip_building_tests': False, 'cmake_args': None, 'cmake_clean_cache': False, 'cmake_clean_first': False, 'cmake_force_configure': False, 'cmake_target': None, 'cmake_target_skip_unavailable': False, 'install_base': '/home/robousr/workspace/proyecto/Spatial/install/example_pkg', 'merge_install': False, 'path': '/home/robousr/workspace/proyecto/Spatial/src/example_pkg', 'symlink_install': True, 'test_result_base': None}
[0.255s] INFO:colcon.colcon_core.executor:Executing jobs using 'parallel' executor
[0.256s] DEBUG:colcon.colcon_parallel_executor.executor.parallel:run_until_complete
[0.256s] INFO:colcon.colcon_ros.task.ament_python.build:Building ROS package in '/home/robousr/workspace/proyecto/Spatial/src/example_bringup' with build type 'ament_python'
[0.256s] Level 1:colcon.colcon_core.shell:create_environment_hook('example_bringup', 'ament_prefix_path')
[0.257s] INFO:colcon.colcon_core.plugin_system:Skipping extension 'colcon_core.shell.bat': Not used on non-Windows systems
[0.258s] INFO:colcon.colcon_core.shell:Creating environment hook '/home/robousr/workspace/proyecto/Spatial/install/example_bringup/share/example_bringup/hook/ament_prefix_path.ps1'
[0.258s] INFO:colcon.colcon_core.shell:Creating environment descriptor '/home/robousr/workspace/proyecto/Spatial/install/example_bringup/share/example_bringup/hook/ament_prefix_path.dsv'
[0.258s] INFO:colcon.colcon_core.shell:Creating environment hook '/home/robousr/workspace/proyecto/Spatial/install/example_bringup/share/example_bringup/hook/ament_prefix_path.sh'
[0.259s] INFO:colcon.colcon_core.shell:Skip shell extension 'powershell' for command environment: Not usable outside of PowerShell
[0.259s] DEBUG:colcon.colcon_core.shell:Skip shell extension 'dsv' for command environment
[0.262s] INFO:colcon.colcon_ros.task.ament_python.build:Building ROS package in '/home/robousr/workspace/proyecto/Spatial/src/example_control' with build type 'ament_python'
[0.262s] Level 1:colcon.colcon_core.shell:create_environment_hook('example_control', 'ament_prefix_path')
[0.263s] INFO:colcon.colcon_core.shell:Creating environment hook '/home/robousr/workspace/proyecto/Spatial/install/example_control/share/example_control/hook/ament_prefix_path.ps1'
[0.263s] INFO:colcon.colcon_core.shell:Creating environment descriptor '/home/robousr/workspace/proyecto/Spatial/install/example_control/share/example_control/hook/ament_prefix_path.dsv'
[0.263s] INFO:colcon.colcon_core.shell:Creating environment hook '/home/robousr/workspace/proyecto/Spatial/install/example_control/share/example_control/hook/ament_prefix_path.sh'
[0.264s] INFO:colcon.colcon_core.shell:Skip shell extension 'powershell' for command environment: Not usable outside of PowerShell
[0.264s] DEBUG:colcon.colcon_core.shell:Skip shell extension 'dsv' for command environment
[0.268s] INFO:colcon.colcon_ros.task.ament_python.build:Building ROS package in '/home/robousr/workspace/proyecto/Spatial/src/example_description' with build type 'ament_python'
[0.268s] Level 1:colcon.colcon_core.shell:create_environment_hook('example_description', 'ament_prefix_path')
[0.268s] INFO:colcon.colcon_core.shell:Creating environment hook '/home/robousr/workspace/proyecto/Spatial/install/example_description/share/example_description/hook/ament_prefix_path.ps1'
[0.269s] INFO:colcon.colcon_core.shell:Creating environment descriptor '/home/robousr/workspace/proyecto/Spatial/install/example_description/share/example_description/hook/ament_prefix_path.dsv'
[0.269s] INFO:colcon.colcon_core.shell:Creating environment hook '/home/robousr/workspace/proyecto/Spatial/install/example_description/share/example_description/hook/ament_prefix_path.sh'
[0.269s] INFO:colcon.colcon_core.shell:Skip shell extension 'powershell' for command environment: Not usable outside of PowerShell
[0.269s] DEBUG:colcon.colcon_core.shell:Skip shell extension 'dsv' for command environment
[0.272s] INFO:colcon.colcon_ros.task.ament_cmake.build:Building ROS package in '/home/robousr/workspace/proyecto/Spatial/src/example_interfaces' with build type 'ament_cmake'
[0.272s] INFO:colcon.colcon_cmake.task.cmake.build:Building CMake package in '/home/robousr/workspace/proyecto/Spatial/src/example_interfaces'
[0.273s] INFO:colcon.colcon_core.shell:Skip shell extension 'powershell' for command environment: Not usable outside of PowerShell
[0.273s] DEBUG:colcon.colcon_core.shell:Skip shell extension 'dsv' for command environment
[0.468s] INFO:colcon.colcon_core.task.python.build:Building Python package in '/home/robousr/workspace/proyecto/Spatial/src/example_bringup'
[0.468s] INFO:colcon.colcon_core.shell:Skip shell extension 'powershell' for command environment: Not usable outside of PowerShell
[0.468s] DEBUG:colcon.colcon_core.shell:Skip shell extension 'dsv' for command environment
[0.668s] INFO:colcon.colcon_core.task.python.build:Building Python package in '/home/robousr/workspace/proyecto/Spatial/src/example_control'
[0.668s] INFO:colcon.colcon_core.shell:Skip shell extension 'powershell' for command environment: Not usable outside of PowerShell
[0.668s] DEBUG:colcon.colcon_core.shell:Skip shell extension 'dsv' for command environment
[0.866s] INFO:colcon.colcon_core.task.python.build:Building Python package in '/home/robousr/workspace/proyecto/Spatial/src/example_description'
[0.866s] INFO:colcon.colcon_core.shell:Skip shell extension 'powershell' for command environment: Not usable outside of PowerShell
[0.866s] DEBUG:colcon.colcon_core.shell:Skip shell extension 'dsv' for command environment
[0.874s] DEBUG:colcon.colcon_core.event_handler.log_command:Invoking command in '/home/robousr/workspace/proyecto/Spatial/build/example_interfaces': CMAKE_PREFIX_PATH=${CMAKE_PREFIX_PATH}:/home/robousr/workspace/proyecto/Planar/install/example_pkg:/home/robousr/workspace/proyecto/Planar/install/example_description:/home/robousr/workspace/proyecto/Planar/install/example_control:/home/robousr/workspace/proyecto/Planar/install/example_bringup:/opt/ros/humble /usr/bin/cmake --build /home/robousr/workspace/proyecto/Spatial/build/example_interfaces -- -j4 -l4
[1.256s] DEBUG:colcon.colcon_core.event_handler.log_command:Invoking command in '/home/robousr/workspace/proyecto/Spatial/build/example_control': PYTHONPATH=/home/robousr/workspace/proyecto/Spatial/build/example_control/prefix_override:/usr/lib/python3/dist-packages/colcon_core/task/python/colcon_distutils_commands:/home/robousr/workspace/proyecto/Spatial/install/example_control/lib/python3.10/site-packages:${PYTHONPATH} /usr/bin/python3 -W ignore:setup.py install is deprecated -W ignore:easy_install command is deprecated setup.py develop --editable --build-directory /home/robousr/workspace/proyecto/Spatial/build/example_control/build --no-deps symlink_data
[1.294s] DEBUG:colcon.colcon_core.event_handler.log_command:Invoking command in '/home/robousr/workspace/proyecto/Spatial/build/example_bringup': PYTHONPATH=/home/robousr/workspace/proyecto/Spatial/build/example_bringup/prefix_override:/usr/lib/python3/dist-packages/colcon_core/task/python/colcon_distutils_commands:/home/robousr/workspace/proyecto/Spatial/install/example_bringup/lib/python3.10/site-packages:${PYTHONPATH} /usr/bin/python3 -W ignore:setup.py install is deprecated -W ignore:easy_install command is deprecated setup.py develop --editable --build-directory /home/robousr/workspace/proyecto/Spatial/build/example_bringup/build --no-deps symlink_data
[1.320s] DEBUG:colcon.colcon_core.event_handler.log_command:Invoking command in '/home/robousr/workspace/proyecto/Spatial/build/example_description': PYTHONPATH=/home/robousr/workspace/proyecto/Spatial/build/example_description/prefix_override:/usr/lib/python3/dist-packages/colcon_core/task/python/colcon_distutils_commands:/home/robousr/workspace/proyecto/Spatial/install/example_description/lib/python3.10/site-packages:${PYTHONPATH} /usr/bin/python3 -W ignore:setup.py install is deprecated -W ignore:easy_install command is deprecated setup.py develop --editable --build-directory /home/robousr/workspace/proyecto/Spatial/build/example_description/build --no-deps symlink_data
[1.398s] DEBUG:colcon.colcon_core.event_handler.log_command:Invoked command in '/home/robousr/workspace/proyecto/Spatial/build/example_interfaces' returned '0': CMAKE_PREFIX_PATH=${CMAKE_PREFIX_PATH}:/home/robousr/workspace/proyecto/Planar/install/example_pkg:/home/robousr/workspace/proyecto/Planar/install/example_description:/home/robousr/workspace/proyecto/Planar/install/example_control:/home/robousr/workspace/proyecto/Planar/install/example_bringup:/opt/ros/humble /usr/bin/cmake --build /home/robousr/workspace/proyecto/Spatial/build/example_interfaces -- -j4 -l4
[1.406s] DEBUG:colcon.colcon_core.event_handler.log_command:Invoking command in '/home/robousr/workspace/proyecto/Spatial/build/example_interfaces': CMAKE_PREFIX_PATH=${CMAKE_PREFIX_PATH}:/home/robousr/workspace/proyecto/Planar/install/example_pkg:/home/robousr/workspace/proyecto/Planar/install/example_description:/home/robousr/workspace/proyecto/Planar/install/example_control:/home/robousr/workspace/proyecto/Planar/install/example_bringup:/opt/ros/humble /usr/bin/cmake --install /home/robousr/workspace/proyecto/Spatial/build/example_interfaces
[1.515s] Level 1:colcon.colcon_core.environment:create_environment_scripts_only(example_interfaces)
[1.517s] Level 1:colcon.colcon_core.environment:checking '/home/robousr/workspace/proyecto/Spatial/install/example_interfaces' for CMake module files
[1.518s] Level 1:colcon.colcon_core.environment:checking '/home/robousr/workspace/proyecto/Spatial/install/example_interfaces' for CMake config files
[1.518s] DEBUG:colcon.colcon_core.event_handler.log_command:Invoked command in '/home/robousr/workspace/proyecto/Spatial/build/example_interfaces' returned '0': CMAKE_PREFIX_PATH=${CMAKE_PREFIX_PATH}:/home/robousr/workspace/proyecto/Planar/install/example_pkg:/home/robousr/workspace/proyecto/Planar/install/example_description:/home/robousr/workspace/proyecto/Planar/install/example_control:/home/robousr/workspace/proyecto/Planar/install/example_bringup:/opt/ros/humble /usr/bin/cmake --install /home/robousr/workspace/proyecto/Spatial/build/example_interfaces
[1.519s] Level 1:colcon.colcon_core.shell:create_environment_hook('example_interfaces', 'cmake_prefix_path')
[1.519s] INFO:colcon.colcon_core.shell:Creating environment hook '/home/robousr/workspace/proyecto/Spatial/install/example_interfaces/share/example_interfaces/hook/cmake_prefix_path.ps1'
[1.519s] INFO:colcon.colcon_core.shell:Creating environment descriptor '/home/robousr/workspace/proyecto/Spatial/install/example_interfaces/share/example_interfaces/hook/cmake_prefix_path.dsv'
[1.520s] INFO:colcon.colcon_core.shell:Creating environment hook '/home/robousr/workspace/proyecto/Spatial/install/example_interfaces/share/example_interfaces/hook/cmake_prefix_path.sh'
[1.521s] Level 1:colcon.colcon_core.environment:checking '/home/robousr/workspace/proyecto/Spatial/install/example_interfaces/lib'
[1.521s] Level 1:colcon.colcon_core.shell:create_environment_hook('example_interfaces', 'ld_library_path_lib')
[1.521s] INFO:colcon.colcon_core.shell:Creating environment hook '/home/robousr/workspace/proyecto/Spatial/install/example_interfaces/share/example_interfaces/hook/ld_library_path_lib.ps1'
[1.521s] INFO:colcon.colcon_core.shell:Creating environment descriptor '/home/robousr/workspace/proyecto/Spatial/install/example_interfaces/share/example_interfaces/hook/ld_library_path_lib.dsv'
[1.521s] INFO:colcon.colcon_core.shell:Creating environment hook '/home/robousr/workspace/proyecto/Spatial/install/example_interfaces/share/example_interfaces/hook/ld_library_path_lib.sh'
[1.522s] Level 1:colcon.colcon_core.environment:checking '/home/robousr/workspace/proyecto/Spatial/install/example_interfaces/bin'
[1.522s] Level 1:colcon.colcon_core.environment:checking '/home/robousr/workspace/proyecto/Spatial/install/example_interfaces/lib/pkgconfig/example_interfaces.pc'
[1.522s] Level 1:colcon.colcon_core.environment:checking '/home/robousr/workspace/proyecto/Spatial/install/example_interfaces/lib/python3.10/site-packages'
[1.522s] Level 1:colcon.colcon_core.environment:checking '/home/robousr/workspace/proyecto/Spatial/install/example_interfaces/bin'
[1.522s] INFO:colcon.colcon_core.shell:Creating package script '/home/robousr/workspace/proyecto/Spatial/install/example_interfaces/share/example_interfaces/package.ps1'
[1.523s] INFO:colcon.colcon_core.shell:Creating package descriptor '/home/robousr/workspace/proyecto/Spatial/install/example_interfaces/share/example_interfaces/package.dsv'
[1.523s] INFO:colcon.colcon_core.shell:Creating package script '/home/robousr/workspace/proyecto/Spatial/install/example_interfaces/share/example_interfaces/package.sh'
[1.524s] INFO:colcon.colcon_core.shell:Creating package script '/home/robousr/workspace/proyecto/Spatial/install/example_interfaces/share/example_interfaces/package.bash'
[1.524s] INFO:colcon.colcon_core.shell:Creating package script '/home/robousr/workspace/proyecto/Spatial/install/example_interfaces/share/example_interfaces/package.zsh'
[1.525s] Level 1:colcon.colcon_core.environment:create_file_with_runtime_dependencies(/home/robousr/workspace/proyecto/Spatial/install/example_interfaces/share/colcon-core/packages/example_interfaces)
[1.526s] Level 1:colcon.colcon_core.environment:create_environment_scripts_only(example_interfaces)
[1.526s] Level 1:colcon.colcon_core.environment:checking '/home/robousr/workspace/proyecto/Spatial/install/example_interfaces' for CMake module files
[1.526s] Level 1:colcon.colcon_core.environment:checking '/home/robousr/workspace/proyecto/Spatial/install/example_interfaces' for CMake config files
[1.527s] Level 1:colcon.colcon_core.shell:create_environment_hook('example_interfaces', 'cmake_prefix_path')
[1.527s] INFO:colcon.colcon_core.shell:Creating environment hook '/home/robousr/workspace/proyecto/Spatial/install/example_interfaces/share/example_interfaces/hook/cmake_prefix_path.ps1'
[1.527s] INFO:colcon.colcon_core.shell:Creating environment descriptor '/home/robousr/workspace/proyecto/Spatial/install/example_interfaces/share/example_interfaces/hook/cmake_prefix_path.dsv'
[1.527s] INFO:colcon.colcon_core.shell:Creating environment hook '/home/robousr/workspace/proyecto/Spatial/install/example_interfaces/share/example_interfaces/hook/cmake_prefix_path.sh'
[1.528s] Level 1:colcon.colcon_core.environment:checking '/home/robousr/workspace/proyecto/Spatial/install/example_interfaces/lib'
[1.528s] Level 1:colcon.colcon_core.shell:create_environment_hook('example_interfaces', 'ld_library_path_lib')
[1.528s] INFO:colcon.colcon_core.shell:Creating environment hook '/home/robousr/workspace/proyecto/Spatial/install/example_interfaces/share/example_interfaces/hook/ld_library_path_lib.ps1'
[1.528s] INFO:colcon.colcon_core.shell:Creating environment descriptor '/home/robousr/workspace/proyecto/Spatial/install/example_interfaces/share/example_interfaces/hook/ld_library_path_lib.dsv'
[1.529s] INFO:colcon.colcon_core.shell:Creating environment hook '/home/robousr/workspace/proyecto/Spatial/install/example_interfaces/share/example_interfaces/hook/ld_library_path_lib.sh'
[1.529s] Level 1:colcon.colcon_core.environment:checking '/home/robousr/workspace/proyecto/Spatial/install/example_interfaces/bin'
[1.529s] Level 1:colcon.colcon_core.environment:checking '/home/robousr/workspace/proyecto/Spatial/install/example_interfaces/lib/pkgconfig/example_interfaces.pc'
[1.529s] Level 1:colcon.colcon_core.environment:checking '/home/robousr/workspace/proyecto/Spatial/install/example_interfaces/lib/python3.10/site-packages'
[1.529s] Level 1:colcon.colcon_core.environment:checking '/home/robousr/workspace/proyecto/Spatial/install/example_interfaces/bin'
[1.530s] INFO:colcon.colcon_core.shell:Creating package script '/home/robousr/workspace/proyecto/Spatial/install/example_interfaces/share/example_interfaces/package.ps1'
[1.530s] INFO:colcon.colcon_core.shell:Creating package descriptor '/home/robousr/workspace/proyecto/Spatial/install/example_interfaces/share/example_interfaces/package.dsv'
[1.530s] INFO:colcon.colcon_core.shell:Creating package script '/home/robousr/workspace/proyecto/Spatial/install/example_interfaces/share/example_interfaces/package.sh'
[1.531s] INFO:colcon.colcon_core.shell:Creating package script '/home/robousr/workspace/proyecto/Spatial/install/example_interfaces/share/example_interfaces/package.bash'
[1.531s] INFO:colcon.colcon_core.shell:Creating package script '/home/robousr/workspace/proyecto/Spatial/install/example_interfaces/share/example_interfaces/package.zsh'
[1.531s] Level 1:colcon.colcon_core.environment:create_file_with_runtime_dependencies(/home/robousr/workspace/proyecto/Spatial/install/example_interfaces/share/colcon-core/packages/example_interfaces)
[1.532s] INFO:colcon.colcon_ros.task.ament_python.build:Building ROS package in '/home/robousr/workspace/proyecto/Spatial/src/example_pkg' with build type 'ament_python'
[1.532s] Level 1:colcon.colcon_core.shell:create_environment_hook('example_pkg', 'ament_prefix_path')
[1.532s] INFO:colcon.colcon_core.shell:Creating environment hook '/home/robousr/workspace/proyecto/Spatial/install/example_pkg/share/example_pkg/hook/ament_prefix_path.ps1'
[1.533s] INFO:colcon.colcon_core.shell:Creating environment descriptor '/home/robousr/workspace/proyecto/Spatial/install/example_pkg/share/example_pkg/hook/ament_prefix_path.dsv'
[1.533s] INFO:colcon.colcon_core.shell:Creating environment hook '/home/robousr/workspace/proyecto/Spatial/install/example_pkg/share/example_pkg/hook/ament_prefix_path.sh'
[1.533s] INFO:colcon.colcon_core.shell:Skip shell extension 'powershell' for command environment: Not usable outside of PowerShell
[1.533s] DEBUG:colcon.colcon_core.shell:Skip shell extension 'dsv' for command environment
[1.757s] INFO:colcon.colcon_core.task.python.build:Building Python package in '/home/robousr/workspace/proyecto/Spatial/src/example_pkg'
[1.757s] INFO:colcon.colcon_core.shell:Skip shell extension 'powershell' for command environment: Not usable outside of PowerShell
[1.757s] DEBUG:colcon.colcon_core.shell:Skip shell extension 'dsv' for command environment
[1.762s] Level 1:colcon.colcon_core.shell:create_environment_hook('example_description', 'pythonpath_develop')
[1.762s] INFO:colcon.colcon_core.shell:Creating environment hook '/home/robousr/workspace/proyecto/Spatial/build/example_description/share/example_description/hook/pythonpath_develop.ps1'
[1.763s] INFO:colcon.colcon_core.shell:Creating environment descriptor '/home/robousr/workspace/proyecto/Spatial/build/example_description/share/example_description/hook/pythonpath_develop.dsv'
[1.763s] INFO:colcon.colcon_core.shell:Creating environment hook '/home/robousr/workspace/proyecto/Spatial/build/example_description/share/example_description/hook/pythonpath_develop.sh'
[1.763s] DEBUG:colcon.colcon_core.event_handler.log_command:Invoked command in '/home/robousr/workspace/proyecto/Spatial/build/example_description' returned '0': PYTHONPATH=/home/robousr/workspace/proyecto/Spatial/build/example_description/prefix_override:/usr/lib/python3/dist-packages/colcon_core/task/python/colcon_distutils_commands:/home/robousr/workspace/proyecto/Spatial/install/example_description/lib/python3.10/site-packages:${PYTHONPATH} /usr/bin/python3 -W ignore:setup.py install is deprecated -W ignore:easy_install command is deprecated setup.py develop --editable --build-directory /home/robousr/workspace/proyecto/Spatial/build/example_description/build --no-deps symlink_data
[1.764s] Level 1:colcon.colcon_core.environment:checking '/home/robousr/workspace/proyecto/Spatial/install/example_description' for CMake module files
[1.764s] Level 1:colcon.colcon_core.environment:checking '/home/robousr/workspace/proyecto/Spatial/install/example_description' for CMake config files
[1.765s] Level 1:colcon.colcon_core.environment:checking '/home/robousr/workspace/proyecto/Spatial/install/example_description/lib'
[1.765s] Level 1:colcon.colcon_core.environment:checking '/home/robousr/workspace/proyecto/Spatial/install/example_description/bin'
[1.765s] Level 1:colcon.colcon_core.environment:checking '/home/robousr/workspace/proyecto/Spatial/install/example_description/lib/pkgconfig/example_description.pc'
[1.765s] Level 1:colcon.colcon_core.environment:checking '/home/robousr/workspace/proyecto/Spatial/install/example_description/lib/python3.10/site-packages'
[1.765s] Level 1:colcon.colcon_core.shell:create_environment_hook('example_description', 'pythonpath')
[1.765s] INFO:colcon.colcon_core.shell:Creating environment hook '/home/robousr/workspace/proyecto/Spatial/install/example_description/share/example_description/hook/pythonpath.ps1'
[1.765s] INFO:colcon.colcon_core.shell:Creating environment descriptor '/home/robousr/workspace/proyecto/Spatial/install/example_description/share/example_description/hook/pythonpath.dsv'
[1.765s] INFO:colcon.colcon_core.shell:Creating environment hook '/home/robousr/workspace/proyecto/Spatial/install/example_description/share/example_description/hook/pythonpath.sh'
[1.766s] Level 1:colcon.colcon_core.environment:checking '/home/robousr/workspace/proyecto/Spatial/install/example_description/bin'
[1.766s] Level 1:colcon.colcon_core.environment:create_environment_scripts_only(example_description)
[1.766s] INFO:colcon.colcon_core.shell:Creating package script '/home/robousr/workspace/proyecto/Spatial/install/example_description/share/example_description/package.ps1'
[1.766s] INFO:colcon.colcon_core.shell:Creating package descriptor '/home/robousr/workspace/proyecto/Spatial/install/example_description/share/example_description/package.dsv'
[1.767s] INFO:colcon.colcon_core.shell:Creating package script '/home/robousr/workspace/proyecto/Spatial/install/example_description/share/example_description/package.sh'
[1.767s] INFO:colcon.colcon_core.shell:Creating package script '/home/robousr/workspace/proyecto/Spatial/install/example_description/share/example_description/package.bash'
[1.767s] INFO:colcon.colcon_core.shell:Creating package script '/home/robousr/workspace/proyecto/Spatial/install/example_description/share/example_description/package.zsh'
[1.768s] Level 1:colcon.colcon_core.environment:create_file_with_runtime_dependencies(/home/robousr/workspace/proyecto/Spatial/install/example_description/share/colcon-core/packages/example_description)
[1.768s] Level 1:colcon.colcon_core.shell:create_environment_hook('example_control', 'pythonpath_develop')
[1.768s] INFO:colcon.colcon_core.shell:Creating environment hook '/home/robousr/workspace/proyecto/Spatial/build/example_control/share/example_control/hook/pythonpath_develop.ps1'
[1.768s] DEBUG:colcon.colcon_core.event_handler.log_command:Invoked command in '/home/robousr/workspace/proyecto/Spatial/build/example_control' returned '0': PYTHONPATH=/home/robousr/workspace/proyecto/Spatial/build/example_control/prefix_override:/usr/lib/python3/dist-packages/colcon_core/task/python/colcon_distutils_commands:/home/robousr/workspace/proyecto/Spatial/install/example_control/lib/python3.10/site-packages:${PYTHONPATH} /usr/bin/python3 -W ignore:setup.py install is deprecated -W ignore:easy_install command is deprecated setup.py develop --editable --build-directory /home/robousr/workspace/proyecto/Spatial/build/example_control/build --no-deps symlink_data
[1.769s] INFO:colcon.colcon_core.shell:Creating environment descriptor '/home/robousr/workspace/proyecto/Spatial/build/example_control/share/example_control/hook/pythonpath_develop.dsv'
[1.769s] INFO:colcon.colcon_core.shell:Creating environment hook '/home/robousr/workspace/proyecto/Spatial/build/example_control/share/example_control/hook/pythonpath_develop.sh'
[1.769s] Level 1:colcon.colcon_core.environment:checking '/home/robousr/workspace/proyecto/Spatial/install/example_control' for CMake module files
[1.770s] Level 1:colcon.colcon_core.environment:checking '/home/robousr/workspace/proyecto/Spatial/install/example_control' for CMake config files
[1.770s] Level 1:colcon.colcon_core.environment:checking '/home/robousr/workspace/proyecto/Spatial/install/example_control/lib'
[1.770s] Level 1:colcon.colcon_core.environment:checking '/home/robousr/workspace/proyecto/Spatial/install/example_control/bin'
[1.770s] Level 1:colcon.colcon_core.environment:checking '/home/robousr/workspace/proyecto/Spatial/install/example_control/lib/pkgconfig/example_control.pc'
[1.770s] Level 1:colcon.colcon_core.environment:checking '/home/robousr/workspace/proyecto/Spatial/install/example_control/lib/python3.10/site-packages'
[1.770s] Level 1:colcon.colcon_core.shell:create_environment_hook('example_control', 'pythonpath')
[1.770s] INFO:colcon.colcon_core.shell:Creating environment hook '/home/robousr/workspace/proyecto/Spatial/install/example_control/share/example_control/hook/pythonpath.ps1'
[1.771s] INFO:colcon.colcon_core.shell:Creating environment descriptor '/home/robousr/workspace/proyecto/Spatial/install/example_control/share/example_control/hook/pythonpath.dsv'
[1.771s] INFO:colcon.colcon_core.shell:Creating environment hook '/home/robousr/workspace/proyecto/Spatial/install/example_control/share/example_control/hook/pythonpath.sh'
[1.771s] Level 1:colcon.colcon_core.environment:checking '/home/robousr/workspace/proyecto/Spatial/install/example_control/bin'
[1.771s] Level 1:colcon.colcon_core.environment:create_environment_scripts_only(example_control)
[1.771s] INFO:colcon.colcon_core.shell:Creating package script '/home/robousr/workspace/proyecto/Spatial/install/example_control/share/example_control/package.ps1'
[1.772s] INFO:colcon.colcon_core.shell:Creating package descriptor '/home/robousr/workspace/proyecto/Spatial/install/example_control/share/example_control/package.dsv'
[1.772s] INFO:colcon.colcon_core.shell:Creating package script '/home/robousr/workspace/proyecto/Spatial/install/example_control/share/example_control/package.sh'
[1.772s] INFO:colcon.colcon_core.shell:Creating package script '/home/robousr/workspace/proyecto/Spatial/install/example_control/share/example_control/package.bash'
[1.773s] INFO:colcon.colcon_core.shell:Creating package script '/home/robousr/workspace/proyecto/Spatial/install/example_control/share/example_control/package.zsh'
[1.773s] Level 1:colcon.colcon_core.environment:create_file_with_runtime_dependencies(/home/robousr/workspace/proyecto/Spatial/install/example_control/share/colcon-core/packages/example_control)
[1.773s] Level 1:colcon.colcon_core.shell:create_environment_hook('example_bringup', 'pythonpath_develop')
[1.773s] INFO:colcon.colcon_core.shell:Creating environment hook '/home/robousr/workspace/proyecto/Spatial/build/example_bringup/share/example_bringup/hook/pythonpath_develop.ps1'
[1.774s] DEBUG:colcon.colcon_core.event_handler.log_command:Invoked command in '/home/robousr/workspace/proyecto/Spatial/build/example_bringup' returned '0': PYTHONPATH=/home/robousr/workspace/proyecto/Spatial/build/example_bringup/prefix_override:/usr/lib/python3/dist-packages/colcon_core/task/python/colcon_distutils_commands:/home/robousr/workspace/proyecto/Spatial/install/example_bringup/lib/python3.10/site-packages:${PYTHONPATH} /usr/bin/python3 -W ignore:setup.py install is deprecated -W ignore:easy_install command is deprecated setup.py develop --editable --build-directory /home/robousr/workspace/proyecto/Spatial/build/example_bringup/build --no-deps symlink_data
[1.774s] INFO:colcon.colcon_core.shell:Creating environment descriptor '/home/robousr/workspace/proyecto/Spatial/build/example_bringup/share/example_bringup/hook/pythonpath_develop.dsv'
[1.774s] INFO:colcon.colcon_core.shell:Creating environment hook '/home/robousr/workspace/proyecto/Spatial/build/example_bringup/share/example_bringup/hook/pythonpath_develop.sh'
[1.775s] Level 1:colcon.colcon_core.environment:checking '/home/robousr/workspace/proyecto/Spatial/install/example_bringup' for CMake module files
[1.775s] Level 1:colcon.colcon_core.environment:checking '/home/robousr/workspace/proyecto/Spatial/install/example_bringup' for CMake config files
[1.776s] Level 1:colcon.colcon_core.environment:checking '/home/robousr/workspace/proyecto/Spatial/install/example_bringup/lib'
[1.776s] Level 1:colcon.colcon_core.environment:checking '/home/robousr/workspace/proyecto/Spatial/install/example_bringup/bin'
[1.776s] Level 1:colcon.colcon_core.environment:checking '/home/robousr/workspace/proyecto/Spatial/install/example_bringup/lib/pkgconfig/example_bringup.pc'
[1.776s] Level 1:colcon.colcon_core.environment:checking '/home/robousr/workspace/proyecto/Spatial/install/example_bringup/lib/python3.10/site-packages'
[1.776s] Level 1:colcon.colcon_core.shell:create_environment_hook('example_bringup', 'pythonpath')
[1.776s] INFO:colcon.colcon_core.shell:Creating environment hook '/home/robousr/workspace/proyecto/Spatial/install/example_bringup/share/example_bringup/hook/pythonpath.ps1'
[1.776s] INFO:colcon.colcon_core.shell:Creating environment descriptor '/home/robousr/workspace/proyecto/Spatial/install/example_bringup/share/example_bringup/hook/pythonpath.dsv'
[1.776s] INFO:colcon.colcon_core.shell:Creating environment hook '/home/robousr/workspace/proyecto/Spatial/install/example_bringup/share/example_bringup/hook/pythonpath.sh'
[1.777s] Level 1:colcon.colcon_core.environment:checking '/home/robousr/workspace/proyecto/Spatial/install/example_bringup/bin'
[1.777s] Level 1:colcon.colcon_core.environment:create_environment_scripts_only(example_bringup)
[1.777s] INFO:colcon.colcon_core.shell:Creating package script '/home/robousr/workspace/proyecto/Spatial/install/example_bringup/share/example_bringup/package.ps1'
[1.777s] INFO:colcon.colcon_core.shell:Creating package descriptor '/home/robousr/workspace/proyecto/Spatial/install/example_bringup/share/example_bringup/package.dsv'
[1.778s] INFO:colcon.colcon_core.shell:Creating package script '/home/robousr/workspace/proyecto/Spatial/install/example_bringup/share/example_bringup/package.sh'
[1.778s] INFO:colcon.colcon_core.shell:Creating package script '/home/robousr/workspace/proyecto/Spatial/install/example_bringup/share/example_bringup/package.bash'
[1.778s] INFO:colcon.colcon_core.shell:Creating package script '/home/robousr/workspace/proyecto/Spatial/install/example_bringup/share/example_bringup/package.zsh'
[1.779s] Level 1:colcon.colcon_core.environment:create_file_with_runtime_dependencies(/home/robousr/workspace/proyecto/Spatial/install/example_bringup/share/colcon-core/packages/example_bringup)
[2.019s] DEBUG:colcon.colcon_core.event_handler.log_command:Invoking command in '/home/robousr/workspace/proyecto/Spatial/build/example_pkg': PYTHONPATH=/home/robousr/workspace/proyecto/Spatial/build/example_pkg/prefix_override:/usr/lib/python3/dist-packages/colcon_core/task/python/colcon_distutils_commands:/home/robousr/workspace/proyecto/Spatial/install/example_pkg/lib/python3.10/site-packages:${PYTHONPATH} /usr/bin/python3 -W ignore:setup.py install is deprecated -W ignore:easy_install command is deprecated setup.py develop --editable --build-directory /home/robousr/workspace/proyecto/Spatial/build/example_pkg/build --no-deps symlink_data
[2.352s] Level 1:colcon.colcon_core.shell:create_environment_hook('example_pkg', 'pythonpath_develop')
[2.352s] INFO:colcon.colcon_core.shell:Creating environment hook '/home/robousr/workspace/proyecto/Spatial/build/example_pkg/share/example_pkg/hook/pythonpath_develop.ps1'
[2.353s] DEBUG:colcon.colcon_core.event_handler.log_command:Invoked command in '/home/robousr/workspace/proyecto/Spatial/build/example_pkg' returned '0': PYTHONPATH=/home/robousr/workspace/proyecto/Spatial/build/example_pkg/prefix_override:/usr/lib/python3/dist-packages/colcon_core/task/python/colcon_distutils_commands:/home/robousr/workspace/proyecto/Spatial/install/example_pkg/lib/python3.10/site-packages:${PYTHONPATH} /usr/bin/python3 -W ignore:setup.py install is deprecated -W ignore:easy_install command is deprecated setup.py develop --editable --build-directory /home/robousr/workspace/proyecto/Spatial/build/example_pkg/build --no-deps symlink_data
[2.353s] INFO:colcon.colcon_core.shell:Creating environment descriptor '/home/robousr/workspace/proyecto/Spatial/build/example_pkg/share/example_pkg/hook/pythonpath_develop.dsv'
[2.354s] INFO:colcon.colcon_core.shell:Creating environment hook '/home/robousr/workspace/proyecto/Spatial/build/example_pkg/share/example_pkg/hook/pythonpath_develop.sh'
[2.354s] Level 1:colcon.colcon_core.environment:checking '/home/robousr/workspace/proyecto/Spatial/install/example_pkg' for CMake module files
[2.355s] Level 1:colcon.colcon_core.environment:checking '/home/robousr/workspace/proyecto/Spatial/install/example_pkg' for CMake config files
[2.355s] Level 1:colcon.colcon_core.environment:checking '/home/robousr/workspace/proyecto/Spatial/install/example_pkg/lib'
[2.355s] Level 1:colcon.colcon_core.environment:checking '/home/robousr/workspace/proyecto/Spatial/install/example_pkg/bin'
[2.355s] Level 1:colcon.colcon_core.environment:checking '/home/robousr/workspace/proyecto/Spatial/install/example_pkg/lib/pkgconfig/example_pkg.pc'
[2.355s] Level 1:colcon.colcon_core.environment:checking '/home/robousr/workspace/proyecto/Spatial/install/example_pkg/lib/python3.10/site-packages'
[2.355s] Level 1:colcon.colcon_core.shell:create_environment_hook('example_pkg', 'pythonpath')
[2.355s] INFO:colcon.colcon_core.shell:Creating environment hook '/home/robousr/workspace/proyecto/Spatial/install/example_pkg/share/example_pkg/hook/pythonpath.ps1'
[2.356s] INFO:colcon.colcon_core.shell:Creating environment descriptor '/home/robousr/workspace/proyecto/Spatial/install/example_pkg/share/example_pkg/hook/pythonpath.dsv'
[2.356s] INFO:colcon.colcon_core.shell:Creating environment hook '/home/robousr/workspace/proyecto/Spatial/install/example_pkg/share/example_pkg/hook/pythonpath.sh'
[2.356s] Level 1:colcon.colcon_core.environment:checking '/home/robousr/workspace/proyecto/Spatial/install/example_pkg/bin'
[2.357s] Level 1:colcon.colcon_core.environment:create_environment_scripts_only(example_pkg)
[2.357s] INFO:colcon.colcon_core.shell:Creating package script '/home/robousr/workspace/proyecto/Spatial/install/example_pkg/share/example_pkg/package.ps1'
[2.357s] INFO:colcon.colcon_core.shell:Creating package descriptor '/home/robousr/workspace/proyecto/Spatial/install/example_pkg/share/example_pkg/package.dsv'
[2.357s] INFO:colcon.colcon_core.shell:Creating package script '/home/robousr/workspace/proyecto/Spatial/install/example_pkg/share/example_pkg/package.sh'
[2.358s] INFO:colcon.colcon_core.shell:Creating package script '/home/robousr/workspace/proyecto/Spatial/install/example_pkg/share/example_pkg/package.bash'
[2.358s] INFO:colcon.colcon_core.shell:Creating package script '/home/robousr/workspace/proyecto/Spatial/install/example_pkg/share/example_pkg/package.zsh'
[2.358s] Level 1:colcon.colcon_core.environment:create_file_with_runtime_dependencies(/home/robousr/workspace/proyecto/Spatial/install/example_pkg/share/colcon-core/packages/example_pkg)
[2.359s] DEBUG:colcon.colcon_parallel_executor.executor.parallel:closing loop
[2.359s] DEBUG:colcon.colcon_parallel_executor.executor.parallel:loop closed
[2.359s] DEBUG:colcon.colcon_parallel_executor.executor.parallel:run_until_complete finished with '0'
[2.359s] DEBUG:colcon.colcon_core.event_reactor:joining thread
[2.363s] INFO:colcon.colcon_core.plugin_system:Skipping extension 'colcon_notification.desktop_notification.terminal_notifier': Not used on non-Darwin systems
[2.363s] INFO:colcon.colcon_core.plugin_system:Skipping extension 'colcon_notification.desktop_notification.win32': Not used on non-Windows systems
[2.363s] INFO:colcon.colcon_notification.desktop_notification:Sending desktop notification using 'notify2'
[2.370s] DEBUG:colcon.colcon_core.event_reactor:joined thread
[2.370s] INFO:colcon.colcon_core.shell:Creating prefix script '/home/robousr/workspace/proyecto/Spatial/install/local_setup.ps1'
[2.371s] INFO:colcon.colcon_core.shell:Creating prefix util module '/home/robousr/workspace/proyecto/Spatial/install/_local_setup_util_ps1.py'
[2.372s] INFO:colcon.colcon_core.shell:Creating prefix chain script '/home/robousr/workspace/proyecto/Spatial/install/setup.ps1'
[2.373s] INFO:colcon.colcon_core.shell:Creating prefix script '/home/robousr/workspace/proyecto/Spatial/install/local_setup.sh'
[2.373s] INFO:colcon.colcon_core.shell:Creating prefix util module '/home/robousr/workspace/proyecto/Spatial/install/_local_setup_util_sh.py'
[2.374s] INFO:colcon.colcon_core.shell:Creating prefix chain script '/home/robousr/workspace/proyecto/Spatial/install/setup.sh'
[2.374s] INFO:colcon.colcon_core.shell:Creating prefix script '/home/robousr/workspace/proyecto/Spatial/install/local_setup.bash'
[2.375s] INFO:colcon.colcon_core.shell:Creating prefix chain script '/home/robousr/workspace/proyecto/Spatial/install/setup.bash'
[2.376s] INFO:colcon.colcon_core.shell:Creating prefix script '/home/robousr/workspace/proyecto/Spatial/install/local_setup.zsh'
[2.376s] INFO:colcon.colcon_core.shell:Creating prefix chain script '/home/robousr/workspace/proyecto/Spatial/install/setup.zsh'
