running develop
running egg_info
creating click_to_motion.egg-info
writing click_to_motion.egg-info/PKG-INFO
writing dependency_links to click_to_motion.egg-info/dependency_links.txt
writing entry points to click_to_motion.egg-info/entry_points.txt
writing requirements to click_to_motion.egg-info/requires.txt
writing top-level names to click_to_motion.egg-info/top_level.txt
writing manifest file 'click_to_motion.egg-info/SOURCES.txt'
reading manifest file 'click_to_motion.egg-info/SOURCES.txt'
writing manifest file 'click_to_motion.egg-info/SOURCES.txt'
running build_ext
Creating /home/robousr/Semestre-2026-1/Workspaces/example_ws/src/install/click_to_motion/lib/python3.10/site-packages/click-to-motion.egg-link (link to .)
Installing click_to_motion_planar script to /home/robousr/Semestre-2026-1/Workspaces/example_ws/src/install/click_to_motion/lib/click_to_motion
Installing click_to_motion_spatial script to /home/robousr/Semestre-2026-1/Workspaces/example_ws/src/install/click_to_motion/lib/click_to_motion
Installing urdf_publisher script to /home/robousr/Semestre-2026-1/Workspaces/example_ws/src/install/click_to_motion/lib/click_to_motion

Installed /home/robousr/Semestre-2026-1/Workspaces/example_ws/src/build/click_to_motion
running symlink_data
creating /home/robousr/Semestre-2026-1/Workspaces/example_ws/src/install/click_to_motion/share/ament_index
creating /home/robousr/Semestre-2026-1/Workspaces/example_ws/src/install/click_to_motion/share/ament_index/resource_index
creating /home/robousr/Semestre-2026-1/Workspaces/example_ws/src/install/click_to_motion/share/ament_index/resource_index/packages
symbolically linking /home/robousr/Semestre-2026-1/Workspaces/example_ws/src/build/click_to_motion/resource/click_to_motion -> /home/robousr/Semestre-2026-1/Workspaces/example_ws/src/install/click_to_motion/share/ament_index/resource_index/packages
symbolically linking /home/robousr/Semestre-2026-1/Workspaces/example_ws/src/build/click_to_motion/package.xml -> /home/robousr/Semestre-2026-1/Workspaces/example_ws/src/install/click_to_motion/share/click_to_motion
creating /home/robousr/Semestre-2026-1/Workspaces/example_ws/src/install/click_to_motion/share/click_to_motion/urdf
symbolically linking /home/robousr/Semestre-2026-1/Workspaces/example_ws/src/build/click_to_motion/urdf/robot2_spatial.urdf -> /home/robousr/Semestre-2026-1/Workspaces/example_ws/src/install/click_to_motion/share/click_to_motion/urdf
symbolically linking /home/robousr/Semestre-2026-1/Workspaces/example_ws/src/build/click_to_motion/urdf/robot1_planar.urdf -> /home/robousr/Semestre-2026-1/Workspaces/example_ws/src/install/click_to_motion/share/click_to_motion/urdf
creating /home/robousr/Semestre-2026-1/Workspaces/example_ws/src/install/click_to_motion/share/click_to_motion/rviz
symbolically linking /home/robousr/Semestre-2026-1/Workspaces/example_ws/src/build/click_to_motion/rviz/two_robots.rviz -> /home/robousr/Semestre-2026-1/Workspaces/example_ws/src/install/click_to_motion/share/click_to_motion/rviz
symbolically linking /home/robousr/Semestre-2026-1/Workspaces/example_ws/src/build/click_to_motion/rviz/click_to_motion.rviz -> /home/robousr/Semestre-2026-1/Workspaces/example_ws/src/install/click_to_motion/share/click_to_motion/rviz
creating /home/robousr/Semestre-2026-1/Workspaces/example_ws/src/install/click_to_motion/share/click_to_motion/launch
symbolically linking /home/robousr/Semestre-2026-1/Workspaces/example_ws/src/build/click_to_motion/launch/two_robots_final.launch.py -> /home/robousr/Semestre-2026-1/Workspaces/example_ws/src/install/click_to_motion/share/click_to_motion/launch
symbolically linking /home/robousr/Semestre-2026-1/Workspaces/example_ws/src/build/click_to_motion/launch/click_to_motion_multi.launch.py -> /home/robousr/Semestre-2026-1/Workspaces/example_ws/src/install/click_to_motion/share/click_to_motion/launch
symbolically linking /home/robousr/Semestre-2026-1/Workspaces/example_ws/src/build/click_to_motion/launch/two_robots.launch.py -> /home/robousr/Semestre-2026-1/Workspaces/example_ws/src/install/click_to_motion/share/click_to_motion/launch
symbolically linking /home/robousr/Semestre-2026-1/Workspaces/example_ws/src/build/click_to_motion/launch/click_to_motion.launch.py -> /home/robousr/Semestre-2026-1/Workspaces/example_ws/src/install/click_to_motion/share/click_to_motion/launch
