[1.183s] Invoking command in '/home/robousr/Semestre-2026-1/Workspaces/example_ws/src/build/click_to_motion': CMAKE_PREFIX_PATH=/home/robousr/Semestre-2026-1/Workspaces/example_ws/src/install/click_to_motion_msgs LD_LIBRARY_PATH=/home/robousr/Semestre-2026-1/Workspaces/example_ws/src/install/click_to_motion_msgs/lib:${LD_LIBRARY_PATH} PKG_CONFIG_PATH=/home/robousr/Semestre-2026-1/Workspaces/example_ws/src/install/click_to_motion_msgs/lib/x86_64-linux-gnu/pkgconfig:/home/robousr/Semestre-2026-1/Workspaces/example_ws/src/install/click_to_motion_msgs/lib/pkgconfig PYTHONPATH=/home/robousr/Semestre-2026-1/Workspaces/example_ws/src/build/click_to_motion/prefix_override:/usr/lib/python3/dist-packages/colcon_core/task/python/colcon_distutils_commands:/home/robousr/Semestre-2026-1/Workspaces/example_ws/src/install/click_to_motion/lib/python3.10/site-packages:/home/robousr/Semestre-2026-1/Workspaces/example_ws/src/install/click_to_motion_msgs/local/lib/python3.10/dist-packages:${PYTHONPATH} ROS_PACKAGE_PATH=/home/robousr/Semestre-2026-1/Workspaces/example_ws/src/install/click_to_motion_msgs/share /usr/bin/python3 -W ignore:setup.py install is deprecated -W ignore:easy_install command is deprecated setup.py develop --editable --build-directory /home/robousr/Semestre-2026-1/Workspaces/example_ws/src/build/click_to_motion/build --no-deps symlink_data
[1.603s] running develop
[1.888s] running egg_info
[1.888s] creating click_to_motion.egg-info
[1.889s] writing click_to_motion.egg-info/PKG-INFO
[1.889s] writing dependency_links to click_to_motion.egg-info/dependency_links.txt
[1.889s] writing entry points to click_to_motion.egg-info/entry_points.txt
[1.889s] writing requirements to click_to_motion.egg-info/requires.txt
[1.889s] writing top-level names to click_to_motion.egg-info/top_level.txt
[1.890s] writing manifest file 'click_to_motion.egg-info/SOURCES.txt'
[1.893s] reading manifest file 'click_to_motion.egg-info/SOURCES.txt'
[1.894s] writing manifest file 'click_to_motion.egg-info/SOURCES.txt'
[1.895s] running build_ext
[1.896s] Creating /home/robousr/Semestre-2026-1/Workspaces/example_ws/src/install/click_to_motion/lib/python3.10/site-packages/click-to-motion.egg-link (link to .)
[1.897s] Installing click_to_motion_planar script to /home/robousr/Semestre-2026-1/Workspaces/example_ws/src/install/click_to_motion/lib/click_to_motion
[1.897s] Installing click_to_motion_spatial script to /home/robousr/Semestre-2026-1/Workspaces/example_ws/src/install/click_to_motion/lib/click_to_motion
[1.897s] Installing urdf_publisher script to /home/robousr/Semestre-2026-1/Workspaces/example_ws/src/install/click_to_motion/lib/click_to_motion
[1.897s] 
[1.898s] Installed /home/robousr/Semestre-2026-1/Workspaces/example_ws/src/build/click_to_motion
[1.898s] running symlink_data
[1.898s] creating /home/robousr/Semestre-2026-1/Workspaces/example_ws/src/install/click_to_motion/share/ament_index
[1.898s] creating /home/robousr/Semestre-2026-1/Workspaces/example_ws/src/install/click_to_motion/share/ament_index/resource_index
[1.899s] creating /home/robousr/Semestre-2026-1/Workspaces/example_ws/src/install/click_to_motion/share/ament_index/resource_index/packages
[1.899s] symbolically linking /home/robousr/Semestre-2026-1/Workspaces/example_ws/src/build/click_to_motion/resource/click_to_motion -> /home/robousr/Semestre-2026-1/Workspaces/example_ws/src/install/click_to_motion/share/ament_index/resource_index/packages
[1.899s] symbolically linking /home/robousr/Semestre-2026-1/Workspaces/example_ws/src/build/click_to_motion/package.xml -> /home/robousr/Semestre-2026-1/Workspaces/example_ws/src/install/click_to_motion/share/click_to_motion
[1.899s] creating /home/robousr/Semestre-2026-1/Workspaces/example_ws/src/install/click_to_motion/share/click_to_motion/urdf
[1.899s] symbolically linking /home/robousr/Semestre-2026-1/Workspaces/example_ws/src/build/click_to_motion/urdf/robot2_spatial.urdf -> /home/robousr/Semestre-2026-1/Workspaces/example_ws/src/install/click_to_motion/share/click_to_motion/urdf
[1.899s] symbolically linking /home/robousr/Semestre-2026-1/Workspaces/example_ws/src/build/click_to_motion/urdf/robot1_planar.urdf -> /home/robousr/Semestre-2026-1/Workspaces/example_ws/src/install/click_to_motion/share/click_to_motion/urdf
[1.900s] creating /home/robousr/Semestre-2026-1/Workspaces/example_ws/src/install/click_to_motion/share/click_to_motion/rviz
[1.900s] symbolically linking /home/robousr/Semestre-2026-1/Workspaces/example_ws/src/build/click_to_motion/rviz/two_robots.rviz -> /home/robousr/Semestre-2026-1/Workspaces/example_ws/src/install/click_to_motion/share/click_to_motion/rviz
[1.900s] symbolically linking /home/robousr/Semestre-2026-1/Workspaces/example_ws/src/build/click_to_motion/rviz/click_to_motion.rviz -> /home/robousr/Semestre-2026-1/Workspaces/example_ws/src/install/click_to_motion/share/click_to_motion/rviz
[1.900s] creating /home/robousr/Semestre-2026-1/Workspaces/example_ws/src/install/click_to_motion/share/click_to_motion/launch
[1.900s] symbolically linking /home/robousr/Semestre-2026-1/Workspaces/example_ws/src/build/click_to_motion/launch/two_robots_final.launch.py -> /home/robousr/Semestre-2026-1/Workspaces/example_ws/src/install/click_to_motion/share/click_to_motion/launch
[1.900s] symbolically linking /home/robousr/Semestre-2026-1/Workspaces/example_ws/src/build/click_to_motion/launch/click_to_motion_multi.launch.py -> /home/robousr/Semestre-2026-1/Workspaces/example_ws/src/install/click_to_motion/share/click_to_motion/launch
[1.901s] symbolically linking /home/robousr/Semestre-2026-1/Workspaces/example_ws/src/build/click_to_motion/launch/two_robots.launch.py -> /home/robousr/Semestre-2026-1/Workspaces/example_ws/src/install/click_to_motion/share/click_to_motion/launch
[1.901s] symbolically linking /home/robousr/Semestre-2026-1/Workspaces/example_ws/src/build/click_to_motion/launch/click_to_motion.launch.py -> /home/robousr/Semestre-2026-1/Workspaces/example_ws/src/install/click_to_motion/share/click_to_motion/launch
[1.958s] Invoked command in '/home/robousr/Semestre-2026-1/Workspaces/example_ws/src/build/click_to_motion' returned '0': CMAKE_PREFIX_PATH=/home/robousr/Semestre-2026-1/Workspaces/example_ws/src/install/click_to_motion_msgs LD_LIBRARY_PATH=/home/robousr/Semestre-2026-1/Workspaces/example_ws/src/install/click_to_motion_msgs/lib:${LD_LIBRARY_PATH} PKG_CONFIG_PATH=/home/robousr/Semestre-2026-1/Workspaces/example_ws/src/install/click_to_motion_msgs/lib/x86_64-linux-gnu/pkgconfig:/home/robousr/Semestre-2026-1/Workspaces/example_ws/src/install/click_to_motion_msgs/lib/pkgconfig PYTHONPATH=/home/robousr/Semestre-2026-1/Workspaces/example_ws/src/build/click_to_motion/prefix_override:/usr/lib/python3/dist-packages/colcon_core/task/python/colcon_distutils_commands:/home/robousr/Semestre-2026-1/Workspaces/example_ws/src/install/click_to_motion/lib/python3.10/site-packages:/home/robousr/Semestre-2026-1/Workspaces/example_ws/src/install/click_to_motion_msgs/local/lib/python3.10/dist-packages:${PYTHONPATH} ROS_PACKAGE_PATH=/home/robousr/Semestre-2026-1/Workspaces/example_ws/src/install/click_to_motion_msgs/share /usr/bin/python3 -W ignore:setup.py install is deprecated -W ignore:easy_install command is deprecated setup.py develop --editable --build-directory /home/robousr/Semestre-2026-1/Workspaces/example_ws/src/build/click_to_motion/build --no-deps symlink_data
