[0.691s] Invoking command in '/home/julio/Repo_Robotica_2026_2/Robotica-2026-2/build/rrr_rviz': PYTHONPATH=/home/julio/Repo_Robotica_2026_2/Robotica-2026-2/build/rrr_rviz/prefix_override:/usr/lib/python3/dist-packages/colcon_core/task/python/colcon_distutils_commands:/home/julio/Repo_Robotica_2026_2/Robotica-2026-2/install/rrr_rviz/lib/python3.10/site-packages:${PYTHONPATH} /usr/bin/python3 -W ignore:setup.py install is deprecated -W ignore:easy_install command is deprecated setup.py develop --editable --build-directory /home/julio/Repo_Robotica_2026_2/Robotica-2026-2/build/rrr_rviz/build --no-deps symlink_data
[0.832s] running develop
[0.927s] running egg_info
[0.927s] creating rrr_rviz.egg-info
[0.927s] writing rrr_rviz.egg-info/PKG-INFO
[0.927s] writing dependency_links to rrr_rviz.egg-info/dependency_links.txt
[0.927s] writing entry points to rrr_rviz.egg-info/entry_points.txt
[0.927s] writing requirements to rrr_rviz.egg-info/requires.txt
[0.927s] writing top-level names to rrr_rviz.egg-info/top_level.txt
[0.927s] writing manifest file 'rrr_rviz.egg-info/SOURCES.txt'
[0.928s] reading manifest file 'rrr_rviz.egg-info/SOURCES.txt'
[0.929s] writing manifest file 'rrr_rviz.egg-info/SOURCES.txt'
[0.929s] running build_ext
[0.929s] Creating /home/julio/Repo_Robotica_2026_2/Robotica-2026-2/install/rrr_rviz/lib/python3.10/site-packages/rrr-rviz.egg-link (link to .)
[0.929s] 
[0.929s] Installed /home/julio/Repo_Robotica_2026_2/Robotica-2026-2/build/rrr_rviz
[0.929s] running symlink_data
[0.929s] creating /home/julio/Repo_Robotica_2026_2/Robotica-2026-2/install/rrr_rviz/share/ament_index
[0.930s] creating /home/julio/Repo_Robotica_2026_2/Robotica-2026-2/install/rrr_rviz/share/ament_index/resource_index
[0.930s] creating /home/julio/Repo_Robotica_2026_2/Robotica-2026-2/install/rrr_rviz/share/ament_index/resource_index/packages
[0.930s] symbolically linking /home/julio/Repo_Robotica_2026_2/Robotica-2026-2/build/rrr_rviz/resource/rrr_rviz -> /home/julio/Repo_Robotica_2026_2/Robotica-2026-2/install/rrr_rviz/share/ament_index/resource_index/packages
[0.930s] symbolically linking /home/julio/Repo_Robotica_2026_2/Robotica-2026-2/build/rrr_rviz/package.xml -> /home/julio/Repo_Robotica_2026_2/Robotica-2026-2/install/rrr_rviz/share/rrr_rviz
[0.954s] Invoked command in '/home/julio/Repo_Robotica_2026_2/Robotica-2026-2/build/rrr_rviz' returned '0': PYTHONPATH=/home/julio/Repo_Robotica_2026_2/Robotica-2026-2/build/rrr_rviz/prefix_override:/usr/lib/python3/dist-packages/colcon_core/task/python/colcon_distutils_commands:/home/julio/Repo_Robotica_2026_2/Robotica-2026-2/install/rrr_rviz/lib/python3.10/site-packages:${PYTHONPATH} /usr/bin/python3 -W ignore:setup.py install is deprecated -W ignore:easy_install command is deprecated setup.py develop --editable --build-directory /home/julio/Repo_Robotica_2026_2/Robotica-2026-2/build/rrr_rviz/build --no-deps symlink_data
