[0.485s] Invoking command in '/home/robousr/workspace/proyecto/Planar/build/example_pkg': PYTHONPATH=/home/robousr/workspace/proyecto/Planar/build/example_pkg/prefix_override:/usr/lib/python3/dist-packages/colcon_core/task/python/colcon_distutils_commands:/home/robousr/workspace/proyecto/Planar/install/example_pkg/lib/python3.10/site-packages:${PYTHONPATH} /usr/bin/python3 -W ignore:setup.py install is deprecated -W ignore:easy_install command is deprecated setup.py develop --editable --build-directory /home/robousr/workspace/proyecto/Planar/build/example_pkg/build --no-deps symlink_data
[0.692s] running develop
[0.826s] running egg_info
[0.826s] creating example_pkg.egg-info
[0.826s] writing example_pkg.egg-info/PKG-INFO
[0.826s] writing dependency_links to example_pkg.egg-info/dependency_links.txt
[0.826s] writing entry points to example_pkg.egg-info/entry_points.txt
[0.827s] writing requirements to example_pkg.egg-info/requires.txt
[0.827s] writing top-level names to example_pkg.egg-info/top_level.txt
[0.828s] writing manifest file 'example_pkg.egg-info/SOURCES.txt'
[0.828s] reading manifest file 'example_pkg.egg-info/SOURCES.txt'
[0.828s] writing manifest file 'example_pkg.egg-info/SOURCES.txt'
[0.830s] running build_ext
[0.830s] Creating /home/robousr/workspace/proyecto/Planar/install/example_pkg/lib/python3.10/site-packages/example-pkg.egg-link (link to .)
[0.830s] Installing publisher_node script to /home/robousr/workspace/proyecto/Planar/install/example_pkg/lib/example_pkg
[0.830s] Installing subscriber_node script to /home/robousr/workspace/proyecto/Planar/install/example_pkg/lib/example_pkg
[0.830s] 
[0.831s] Installed /home/robousr/workspace/proyecto/Planar/build/example_pkg
[0.831s] running symlink_data
[0.831s] creating /home/robousr/workspace/proyecto/Planar/install/example_pkg/share/ament_index
[0.831s] creating /home/robousr/workspace/proyecto/Planar/install/example_pkg/share/ament_index/resource_index
[0.831s] creating /home/robousr/workspace/proyecto/Planar/install/example_pkg/share/ament_index/resource_index/packages
[0.831s] symbolically linking /home/robousr/workspace/proyecto/Planar/build/example_pkg/resource/example_pkg -> /home/robousr/workspace/proyecto/Planar/install/example_pkg/share/ament_index/resource_index/packages
[0.831s] symbolically linking /home/robousr/workspace/proyecto/Planar/build/example_pkg/package.xml -> /home/robousr/workspace/proyecto/Planar/install/example_pkg/share/example_pkg
[0.831s] creating /home/robousr/workspace/proyecto/Planar/install/example_pkg/share/example_pkg/launch
[0.831s] symbolically linking /home/robousr/workspace/proyecto/Planar/build/example_pkg/launch/launcher_copy.launch.py -> /home/robousr/workspace/proyecto/Planar/install/example_pkg/share/example_pkg/launch
[0.831s] symbolically linking /home/robousr/workspace/proyecto/Planar/build/example_pkg/launch/launcher.launch.py -> /home/robousr/workspace/proyecto/Planar/install/example_pkg/share/example_pkg/launch
[0.849s] Invoked command in '/home/robousr/workspace/proyecto/Planar/build/example_pkg' returned '0': PYTHONPATH=/home/robousr/workspace/proyecto/Planar/build/example_pkg/prefix_override:/usr/lib/python3/dist-packages/colcon_core/task/python/colcon_distutils_commands:/home/robousr/workspace/proyecto/Planar/install/example_pkg/lib/python3.10/site-packages:${PYTHONPATH} /usr/bin/python3 -W ignore:setup.py install is deprecated -W ignore:easy_install command is deprecated setup.py develop --editable --build-directory /home/robousr/workspace/proyecto/Planar/build/example_pkg/build --no-deps symlink_data
