[2.853s] Invoking command in '/home/robousr/Semestre-2026-1/Workspaces/example_ws/src/build/example_control': PYTHONPATH=/home/robousr/Semestre-2026-1/Workspaces/example_ws/src/build/example_control/prefix_override:/usr/lib/python3/dist-packages/colcon_core/task/python/colcon_distutils_commands:/home/robousr/Semestre-2026-1/Workspaces/example_ws/src/install/example_control/lib/python3.10/site-packages:${PYTHONPATH} /usr/bin/python3 -W ignore:setup.py install is deprecated -W ignore:easy_install command is deprecated setup.py develop --editable --build-directory /home/robousr/Semestre-2026-1/Workspaces/example_ws/src/build/example_control/build --no-deps symlink_data
[3.398s] running develop
[3.847s] running egg_info
[3.848s] creating example_control.egg-info
[3.848s] writing example_control.egg-info/PKG-INFO
[3.849s] writing dependency_links to example_control.egg-info/dependency_links.txt
[3.850s] writing entry points to example_control.egg-info/entry_points.txt
[3.850s] writing requirements to example_control.egg-info/requires.txt
[3.851s] writing top-level names to example_control.egg-info/top_level.txt
[3.851s] writing manifest file 'example_control.egg-info/SOURCES.txt'
[3.855s] reading manifest file 'example_control.egg-info/SOURCES.txt'
[3.857s] writing manifest file 'example_control.egg-info/SOURCES.txt'
[3.860s] running build_ext
[3.861s] Creating /home/robousr/Semestre-2026-1/Workspaces/example_ws/src/install/example_control/lib/python3.10/site-packages/example-control.egg-link (link to .)
[3.862s] Installing controller_manager script to /home/robousr/Semestre-2026-1/Workspaces/example_ws/src/install/example_control/lib/example_control
[3.864s] Installing hardware_interface script to /home/robousr/Semestre-2026-1/Workspaces/example_ws/src/install/example_control/lib/example_control
[3.864s] Installing manipulator_controller script to /home/robousr/Semestre-2026-1/Workspaces/example_ws/src/install/example_control/lib/example_control
[3.865s] 
[3.865s] Installed /home/robousr/Semestre-2026-1/Workspaces/example_ws/src/build/example_control
[3.865s] running symlink_data
[3.866s] creating /home/robousr/Semestre-2026-1/Workspaces/example_ws/src/install/example_control/share/ament_index
[3.866s] creating /home/robousr/Semestre-2026-1/Workspaces/example_ws/src/install/example_control/share/ament_index/resource_index
[3.866s] creating /home/robousr/Semestre-2026-1/Workspaces/example_ws/src/install/example_control/share/ament_index/resource_index/packages
[3.867s] symbolically linking /home/robousr/Semestre-2026-1/Workspaces/example_ws/src/build/example_control/resource/example_control -> /home/robousr/Semestre-2026-1/Workspaces/example_ws/src/install/example_control/share/ament_index/resource_index/packages
[3.867s] symbolically linking /home/robousr/Semestre-2026-1/Workspaces/example_ws/src/build/example_control/package.xml -> /home/robousr/Semestre-2026-1/Workspaces/example_ws/src/install/example_control/share/example_control
[3.958s] Invoked command in '/home/robousr/Semestre-2026-1/Workspaces/example_ws/src/build/example_control' returned '0': PYTHONPATH=/home/robousr/Semestre-2026-1/Workspaces/example_ws/src/build/example_control/prefix_override:/usr/lib/python3/dist-packages/colcon_core/task/python/colcon_distutils_commands:/home/robousr/Semestre-2026-1/Workspaces/example_ws/src/install/example_control/lib/python3.10/site-packages:${PYTHONPATH} /usr/bin/python3 -W ignore:setup.py install is deprecated -W ignore:easy_install command is deprecated setup.py develop --editable --build-directory /home/robousr/Semestre-2026-1/Workspaces/example_ws/src/build/example_control/build --no-deps symlink_data
