running develop
running egg_info
creating rrr_bringup.egg-info
writing rrr_bringup.egg-info/PKG-INFO
writing dependency_links to rrr_bringup.egg-info/dependency_links.txt
writing entry points to rrr_bringup.egg-info/entry_points.txt
writing requirements to rrr_bringup.egg-info/requires.txt
writing top-level names to rrr_bringup.egg-info/top_level.txt
writing manifest file 'rrr_bringup.egg-info/SOURCES.txt'
reading manifest file 'rrr_bringup.egg-info/SOURCES.txt'
writing manifest file 'rrr_bringup.egg-info/SOURCES.txt'
running build_ext
Creating /home/julio/Repo_Robotica_2026_2/Robotica-2026-2/install/rrr_bringup/lib/python3.10/site-packages/rrr-bringup.egg-link (link to .)

Installed /home/julio/Repo_Robotica_2026_2/Robotica-2026-2/build/rrr_bringup
running symlink_data
creating /home/julio/Repo_Robotica_2026_2/Robotica-2026-2/install/rrr_bringup/share/ament_index
creating /home/julio/Repo_Robotica_2026_2/Robotica-2026-2/install/rrr_bringup/share/ament_index/resource_index
creating /home/julio/Repo_Robotica_2026_2/Robotica-2026-2/install/rrr_bringup/share/ament_index/resource_index/packages
symbolically linking /home/julio/Repo_Robotica_2026_2/Robotica-2026-2/build/rrr_bringup/resource/rrr_bringup -> /home/julio/Repo_Robotica_2026_2/Robotica-2026-2/install/rrr_bringup/share/ament_index/resource_index/packages
symbolically linking /home/julio/Repo_Robotica_2026_2/Robotica-2026-2/build/rrr_bringup/package.xml -> /home/julio/Repo_Robotica_2026_2/Robotica-2026-2/install/rrr_bringup/share/rrr_bringup
