[0.701s] Invoking command in '/home/julio/Repo_Robotica_2026_2/Robotica-2026-2/build/rrr_bringup': PYTHONPATH=/home/julio/Repo_Robotica_2026_2/Robotica-2026-2/build/rrr_bringup/prefix_override:/usr/lib/python3/dist-packages/colcon_core/task/python/colcon_distutils_commands:/home/julio/Repo_Robotica_2026_2/Robotica-2026-2/install/rrr_bringup/lib/python3.10/site-packages:${PYTHONPATH} /usr/bin/python3 -W ignore:setup.py install is deprecated -W ignore:easy_install command is deprecated setup.py develop --editable --build-directory /home/julio/Repo_Robotica_2026_2/Robotica-2026-2/build/rrr_bringup/build --no-deps symlink_data
[0.837s] running develop
[0.933s] running egg_info
[0.933s] creating rrr_bringup.egg-info
[0.933s] writing rrr_bringup.egg-info/PKG-INFO
[0.933s] writing dependency_links to rrr_bringup.egg-info/dependency_links.txt
[0.933s] writing entry points to rrr_bringup.egg-info/entry_points.txt
[0.933s] writing requirements to rrr_bringup.egg-info/requires.txt
[0.933s] writing top-level names to rrr_bringup.egg-info/top_level.txt
[0.933s] writing manifest file 'rrr_bringup.egg-info/SOURCES.txt'
[0.934s] reading manifest file 'rrr_bringup.egg-info/SOURCES.txt'
[0.934s] writing manifest file 'rrr_bringup.egg-info/SOURCES.txt'
[0.935s] running build_ext
[0.935s] Creating /home/julio/Repo_Robotica_2026_2/Robotica-2026-2/install/rrr_bringup/lib/python3.10/site-packages/rrr-bringup.egg-link (link to .)
[0.935s] 
[0.935s] Installed /home/julio/Repo_Robotica_2026_2/Robotica-2026-2/build/rrr_bringup
[0.935s] running symlink_data
[0.936s] creating /home/julio/Repo_Robotica_2026_2/Robotica-2026-2/install/rrr_bringup/share/ament_index
[0.936s] creating /home/julio/Repo_Robotica_2026_2/Robotica-2026-2/install/rrr_bringup/share/ament_index/resource_index
[0.936s] creating /home/julio/Repo_Robotica_2026_2/Robotica-2026-2/install/rrr_bringup/share/ament_index/resource_index/packages
[0.936s] symbolically linking /home/julio/Repo_Robotica_2026_2/Robotica-2026-2/build/rrr_bringup/resource/rrr_bringup -> /home/julio/Repo_Robotica_2026_2/Robotica-2026-2/install/rrr_bringup/share/ament_index/resource_index/packages
[0.936s] symbolically linking /home/julio/Repo_Robotica_2026_2/Robotica-2026-2/build/rrr_bringup/package.xml -> /home/julio/Repo_Robotica_2026_2/Robotica-2026-2/install/rrr_bringup/share/rrr_bringup
[0.952s] Invoked command in '/home/julio/Repo_Robotica_2026_2/Robotica-2026-2/build/rrr_bringup' returned '0': PYTHONPATH=/home/julio/Repo_Robotica_2026_2/Robotica-2026-2/build/rrr_bringup/prefix_override:/usr/lib/python3/dist-packages/colcon_core/task/python/colcon_distutils_commands:/home/julio/Repo_Robotica_2026_2/Robotica-2026-2/install/rrr_bringup/lib/python3.10/site-packages:${PYTHONPATH} /usr/bin/python3 -W ignore:setup.py install is deprecated -W ignore:easy_install command is deprecated setup.py develop --editable --build-directory /home/julio/Repo_Robotica_2026_2/Robotica-2026-2/build/rrr_bringup/build --no-deps symlink_data
