[2.843s] Invoking command in '/home/robousr/Semestre-2026-1/Workspaces/example_ws/src/build/example_pkg': PYTHONPATH=/home/robousr/Semestre-2026-1/Workspaces/example_ws/src/build/example_pkg/prefix_override:/usr/lib/python3/dist-packages/colcon_core/task/python/colcon_distutils_commands:/home/robousr/Semestre-2026-1/Workspaces/example_ws/src/install/example_pkg/lib/python3.10/site-packages:${PYTHONPATH} /usr/bin/python3 -W ignore:setup.py install is deprecated -W ignore:easy_install command is deprecated setup.py develop --editable --build-directory /home/robousr/Semestre-2026-1/Workspaces/example_ws/src/build/example_pkg/build --no-deps symlink_data
[3.539s] running develop
[4.018s] running egg_info
[4.020s] creating example_pkg.egg-info
[4.020s] writing example_pkg.egg-info/PKG-INFO
[4.021s] writing dependency_links to example_pkg.egg-info/dependency_links.txt
[4.021s] writing entry points to example_pkg.egg-info/entry_points.txt
[4.021s] writing requirements to example_pkg.egg-info/requires.txt
[4.021s] writing top-level names to example_pkg.egg-info/top_level.txt
[4.021s] writing manifest file 'example_pkg.egg-info/SOURCES.txt'
[4.025s] reading manifest file 'example_pkg.egg-info/SOURCES.txt'
[4.026s] writing manifest file 'example_pkg.egg-info/SOURCES.txt'
[4.029s] running build_ext
[4.030s] Creating /home/robousr/Semestre-2026-1/Workspaces/example_ws/src/install/example_pkg/lib/python3.10/site-packages/example-pkg.egg-link (link to .)
[4.032s] Installing publisher_node script to /home/robousr/Semestre-2026-1/Workspaces/example_ws/src/install/example_pkg/lib/example_pkg
[4.032s] Installing subscriber_node script to /home/robousr/Semestre-2026-1/Workspaces/example_ws/src/install/example_pkg/lib/example_pkg
[4.032s] 
[4.033s] Installed /home/robousr/Semestre-2026-1/Workspaces/example_ws/src/build/example_pkg
[4.033s] running symlink_data
[4.033s] creating /home/robousr/Semestre-2026-1/Workspaces/example_ws/src/install/example_pkg/share/ament_index
[4.033s] creating /home/robousr/Semestre-2026-1/Workspaces/example_ws/src/install/example_pkg/share/ament_index/resource_index
[4.033s] creating /home/robousr/Semestre-2026-1/Workspaces/example_ws/src/install/example_pkg/share/ament_index/resource_index/packages
[4.033s] symbolically linking /home/robousr/Semestre-2026-1/Workspaces/example_ws/src/build/example_pkg/resource/example_pkg -> /home/robousr/Semestre-2026-1/Workspaces/example_ws/src/install/example_pkg/share/ament_index/resource_index/packages
[4.034s] symbolically linking /home/robousr/Semestre-2026-1/Workspaces/example_ws/src/build/example_pkg/package.xml -> /home/robousr/Semestre-2026-1/Workspaces/example_ws/src/install/example_pkg/share/example_pkg
[4.034s] creating /home/robousr/Semestre-2026-1/Workspaces/example_ws/src/install/example_pkg/share/example_pkg/launch
[4.034s] symbolically linking /home/robousr/Semestre-2026-1/Workspaces/example_ws/src/build/example_pkg/launch/launcher_copy.launch.py -> /home/robousr/Semestre-2026-1/Workspaces/example_ws/src/install/example_pkg/share/example_pkg/launch
[4.034s] symbolically linking /home/robousr/Semestre-2026-1/Workspaces/example_ws/src/build/example_pkg/launch/launcher.launch.py -> /home/robousr/Semestre-2026-1/Workspaces/example_ws/src/install/example_pkg/share/example_pkg/launch
[4.113s] Invoked command in '/home/robousr/Semestre-2026-1/Workspaces/example_ws/src/build/example_pkg' returned '0': PYTHONPATH=/home/robousr/Semestre-2026-1/Workspaces/example_ws/src/build/example_pkg/prefix_override:/usr/lib/python3/dist-packages/colcon_core/task/python/colcon_distutils_commands:/home/robousr/Semestre-2026-1/Workspaces/example_ws/src/install/example_pkg/lib/python3.10/site-packages:${PYTHONPATH} /usr/bin/python3 -W ignore:setup.py install is deprecated -W ignore:easy_install command is deprecated setup.py develop --editable --build-directory /home/robousr/Semestre-2026-1/Workspaces/example_ws/src/build/example_pkg/build --no-deps symlink_data
