[0.882s] Invoking command in '/home/robousr/workspace/proyecto/Spatial/build/example_control': PYTHONPATH=/home/robousr/workspace/proyecto/Spatial/build/example_control/prefix_override:/usr/lib/python3/dist-packages/colcon_core/task/python/colcon_distutils_commands:/home/robousr/workspace/proyecto/Spatial/install/example_control/lib/python3.10/site-packages:${PYTHONPATH} /usr/bin/python3 -W ignore:setup.py install is deprecated -W ignore:easy_install command is deprecated setup.py develop --editable --build-directory /home/robousr/workspace/proyecto/Spatial/build/example_control/build --no-deps symlink_data
[1.114s] running develop
[1.267s] running egg_info
[1.267s] creating example_control.egg-info
[1.267s] writing example_control.egg-info/PKG-INFO
[1.269s] writing dependency_links to example_control.egg-info/dependency_links.txt
[1.269s] writing entry points to example_control.egg-info/entry_points.txt
[1.269s] writing requirements to example_control.egg-info/requires.txt
[1.269s] writing top-level names to example_control.egg-info/top_level.txt
[1.269s] writing manifest file 'example_control.egg-info/SOURCES.txt'
[1.270s] reading manifest file 'example_control.egg-info/SOURCES.txt'
[1.270s] writing manifest file 'example_control.egg-info/SOURCES.txt'
[1.271s] running build_ext
[1.271s] Creating /home/robousr/workspace/proyecto/Spatial/install/example_control/lib/python3.10/site-packages/example-control.egg-link (link to .)
[1.272s] Installing controller_manager script to /home/robousr/workspace/proyecto/Spatial/install/example_control/lib/example_control
[1.272s] Installing hardware_interface script to /home/robousr/workspace/proyecto/Spatial/install/example_control/lib/example_control
[1.272s] Installing manipulator_controller script to /home/robousr/workspace/proyecto/Spatial/install/example_control/lib/example_control
[1.272s] 
[1.272s] Installed /home/robousr/workspace/proyecto/Spatial/build/example_control
[1.272s] running symlink_data
[1.273s] creating /home/robousr/workspace/proyecto/Spatial/install/example_control/share/ament_index
[1.273s] creating /home/robousr/workspace/proyecto/Spatial/install/example_control/share/ament_index/resource_index
[1.273s] creating /home/robousr/workspace/proyecto/Spatial/install/example_control/share/ament_index/resource_index/packages
[1.273s] symbolically linking /home/robousr/workspace/proyecto/Spatial/build/example_control/resource/example_control -> /home/robousr/workspace/proyecto/Spatial/install/example_control/share/ament_index/resource_index/packages
[1.273s] symbolically linking /home/robousr/workspace/proyecto/Spatial/build/example_control/package.xml -> /home/robousr/workspace/proyecto/Spatial/install/example_control/share/example_control
[1.297s] Invoked command in '/home/robousr/workspace/proyecto/Spatial/build/example_control' returned '0': PYTHONPATH=/home/robousr/workspace/proyecto/Spatial/build/example_control/prefix_override:/usr/lib/python3/dist-packages/colcon_core/task/python/colcon_distutils_commands:/home/robousr/workspace/proyecto/Spatial/install/example_control/lib/python3.10/site-packages:${PYTHONPATH} /usr/bin/python3 -W ignore:setup.py install is deprecated -W ignore:easy_install command is deprecated setup.py develop --editable --build-directory /home/robousr/workspace/proyecto/Spatial/build/example_control/build --no-deps symlink_data
