running develop
running egg_info
creating rrr_control.egg-info
writing rrr_control.egg-info/PKG-INFO
writing dependency_links to rrr_control.egg-info/dependency_links.txt
writing entry points to rrr_control.egg-info/entry_points.txt
writing requirements to rrr_control.egg-info/requires.txt
writing top-level names to rrr_control.egg-info/top_level.txt
writing manifest file 'rrr_control.egg-info/SOURCES.txt'
reading manifest file 'rrr_control.egg-info/SOURCES.txt'
writing manifest file 'rrr_control.egg-info/SOURCES.txt'
running build_ext
Creating /home/julio/Repo_Robotica_2026_2/Robotica-2026-2/install/rrr_control/lib/python3.10/site-packages/rrr-control.egg-link (link to .)

Installed /home/julio/Repo_Robotica_2026_2/Robotica-2026-2/build/rrr_control
running symlink_data
creating /home/julio/Repo_Robotica_2026_2/Robotica-2026-2/install/rrr_control/share/ament_index
creating /home/julio/Repo_Robotica_2026_2/Robotica-2026-2/install/rrr_control/share/ament_index/resource_index
creating /home/julio/Repo_Robotica_2026_2/Robotica-2026-2/install/rrr_control/share/ament_index/resource_index/packages
symbolically linking /home/julio/Repo_Robotica_2026_2/Robotica-2026-2/build/rrr_control/resource/rrr_control -> /home/julio/Repo_Robotica_2026_2/Robotica-2026-2/install/rrr_control/share/ament_index/resource_index/packages
symbolically linking /home/julio/Repo_Robotica_2026_2/Robotica-2026-2/build/rrr_control/package.xml -> /home/julio/Repo_Robotica_2026_2/Robotica-2026-2/install/rrr_control/share/rrr_control
