[0.694s] Invoking command in '/home/julio/Repo_Robotica_2026_2/Robotica-2026-2/build/rrr_control': PYTHONPATH=/home/julio/Repo_Robotica_2026_2/Robotica-2026-2/build/rrr_control/prefix_override:/usr/lib/python3/dist-packages/colcon_core/task/python/colcon_distutils_commands:/home/julio/Repo_Robotica_2026_2/Robotica-2026-2/install/rrr_control/lib/python3.10/site-packages:${PYTHONPATH} /usr/bin/python3 -W ignore:setup.py install is deprecated -W ignore:easy_install command is deprecated setup.py develop --editable --build-directory /home/julio/Repo_Robotica_2026_2/Robotica-2026-2/build/rrr_control/build --no-deps symlink_data
[0.833s] running develop
[0.929s] running egg_info
[0.929s] creating rrr_control.egg-info
[0.929s] writing rrr_control.egg-info/PKG-INFO
[0.929s] writing dependency_links to rrr_control.egg-info/dependency_links.txt
[0.929s] writing entry points to rrr_control.egg-info/entry_points.txt
[0.929s] writing requirements to rrr_control.egg-info/requires.txt
[0.929s] writing top-level names to rrr_control.egg-info/top_level.txt
[0.929s] writing manifest file 'rrr_control.egg-info/SOURCES.txt'
[0.930s] reading manifest file 'rrr_control.egg-info/SOURCES.txt'
[0.931s] writing manifest file 'rrr_control.egg-info/SOURCES.txt'
[0.931s] running build_ext
[0.932s] Creating /home/julio/Repo_Robotica_2026_2/Robotica-2026-2/install/rrr_control/lib/python3.10/site-packages/rrr-control.egg-link (link to .)
[0.932s] 
[0.932s] Installed /home/julio/Repo_Robotica_2026_2/Robotica-2026-2/build/rrr_control
[0.932s] running symlink_data
[0.932s] creating /home/julio/Repo_Robotica_2026_2/Robotica-2026-2/install/rrr_control/share/ament_index
[0.932s] creating /home/julio/Repo_Robotica_2026_2/Robotica-2026-2/install/rrr_control/share/ament_index/resource_index
[0.932s] creating /home/julio/Repo_Robotica_2026_2/Robotica-2026-2/install/rrr_control/share/ament_index/resource_index/packages
[0.932s] symbolically linking /home/julio/Repo_Robotica_2026_2/Robotica-2026-2/build/rrr_control/resource/rrr_control -> /home/julio/Repo_Robotica_2026_2/Robotica-2026-2/install/rrr_control/share/ament_index/resource_index/packages
[0.933s] symbolically linking /home/julio/Repo_Robotica_2026_2/Robotica-2026-2/build/rrr_control/package.xml -> /home/julio/Repo_Robotica_2026_2/Robotica-2026-2/install/rrr_control/share/rrr_control
[0.961s] Invoked command in '/home/julio/Repo_Robotica_2026_2/Robotica-2026-2/build/rrr_control' returned '0': PYTHONPATH=/home/julio/Repo_Robotica_2026_2/Robotica-2026-2/build/rrr_control/prefix_override:/usr/lib/python3/dist-packages/colcon_core/task/python/colcon_distutils_commands:/home/julio/Repo_Robotica_2026_2/Robotica-2026-2/install/rrr_control/lib/python3.10/site-packages:${PYTHONPATH} /usr/bin/python3 -W ignore:setup.py install is deprecated -W ignore:easy_install command is deprecated setup.py develop --editable --build-directory /home/julio/Repo_Robotica_2026_2/Robotica-2026-2/build/rrr_control/build --no-deps symlink_data
