[0.905s] Invoking command in '/home/robousr/workspace/proyecto/Planar/build/example_bringup': PYTHONPATH=/home/robousr/workspace/proyecto/Planar/build/example_bringup/prefix_override:/usr/lib/python3/dist-packages/colcon_core/task/python/colcon_distutils_commands:/home/robousr/workspace/proyecto/Planar/install/example_bringup/lib/python3.10/site-packages:${PYTHONPATH} /usr/bin/python3 -W ignore:setup.py install is deprecated -W ignore:easy_install command is deprecated setup.py develop --editable --build-directory /home/robousr/workspace/proyecto/Planar/build/example_bringup/build --no-deps symlink_data
[1.133s] running develop
[1.285s] running egg_info
[1.285s] creating example_bringup.egg-info
[1.285s] writing example_bringup.egg-info/PKG-INFO
[1.288s] writing dependency_links to example_bringup.egg-info/dependency_links.txt
[1.288s] writing entry points to example_bringup.egg-info/entry_points.txt
[1.288s] writing requirements to example_bringup.egg-info/requires.txt
[1.288s] writing top-level names to example_bringup.egg-info/top_level.txt
[1.288s] writing manifest file 'example_bringup.egg-info/SOURCES.txt'
[1.288s] reading manifest file 'example_bringup.egg-info/SOURCES.txt'
[1.288s] writing manifest file 'example_bringup.egg-info/SOURCES.txt'
[1.289s] running build_ext
[1.289s] Creating /home/robousr/workspace/proyecto/Planar/install/example_bringup/lib/python3.10/site-packages/example-bringup.egg-link (link to .)
[1.290s] 
[1.290s] Installed /home/robousr/workspace/proyecto/Planar/build/example_bringup
[1.292s] running symlink_data
[1.292s] creating /home/robousr/workspace/proyecto/Planar/install/example_bringup/share/ament_index
[1.292s] creating /home/robousr/workspace/proyecto/Planar/install/example_bringup/share/ament_index/resource_index
[1.292s] creating /home/robousr/workspace/proyecto/Planar/install/example_bringup/share/ament_index/resource_index/packages
[1.292s] symbolically linking /home/robousr/workspace/proyecto/Planar/build/example_bringup/resource/example_bringup -> /home/robousr/workspace/proyecto/Planar/install/example_bringup/share/ament_index/resource_index/packages
[1.292s] symbolically linking /home/robousr/workspace/proyecto/Planar/build/example_bringup/package.xml -> /home/robousr/workspace/proyecto/Planar/install/example_bringup/share/example_bringup
[1.292s] creating /home/robousr/workspace/proyecto/Planar/install/example_bringup/share/example_bringup/launch
[1.292s] symbolically linking /home/robousr/workspace/proyecto/Planar/build/example_bringup/launch/controler.launch.py -> /home/robousr/workspace/proyecto/Planar/install/example_bringup/share/example_bringup/launch
[1.292s] symbolically linking /home/robousr/workspace/proyecto/Planar/build/example_bringup/launch/rviz_bringup.launch.py -> /home/robousr/workspace/proyecto/Planar/install/example_bringup/share/example_bringup/launch
[1.311s] Invoked command in '/home/robousr/workspace/proyecto/Planar/build/example_bringup' returned '0': PYTHONPATH=/home/robousr/workspace/proyecto/Planar/build/example_bringup/prefix_override:/usr/lib/python3/dist-packages/colcon_core/task/python/colcon_distutils_commands:/home/robousr/workspace/proyecto/Planar/install/example_bringup/lib/python3.10/site-packages:${PYTHONPATH} /usr/bin/python3 -W ignore:setup.py install is deprecated -W ignore:easy_install command is deprecated setup.py develop --editable --build-directory /home/robousr/workspace/proyecto/Planar/build/example_bringup/build --no-deps symlink_data
