[0.498s] Invoking command in '/home/robousr/workspace/proyecto/Spatial/build/example_pkg': PYTHONPATH=/home/robousr/workspace/proyecto/Spatial/build/example_pkg/prefix_override:/usr/lib/python3/dist-packages/colcon_core/task/python/colcon_distutils_commands:/home/robousr/workspace/proyecto/Spatial/install/example_pkg/lib/python3.10/site-packages:${PYTHONPATH} /usr/bin/python3 -W ignore:setup.py install is deprecated -W ignore:easy_install command is deprecated setup.py develop --editable --build-directory /home/robousr/workspace/proyecto/Spatial/build/example_pkg/build --no-deps symlink_data
[0.697s] running develop
[0.824s] running egg_info
[0.824s] creating example_pkg.egg-info
[0.824s] writing example_pkg.egg-info/PKG-INFO
[0.824s] writing dependency_links to example_pkg.egg-info/dependency_links.txt
[0.824s] writing entry points to example_pkg.egg-info/entry_points.txt
[0.824s] writing requirements to example_pkg.egg-info/requires.txt
[0.824s] writing top-level names to example_pkg.egg-info/top_level.txt
[0.825s] writing manifest file 'example_pkg.egg-info/SOURCES.txt'
[0.826s] reading manifest file 'example_pkg.egg-info/SOURCES.txt'
[0.826s] writing manifest file 'example_pkg.egg-info/SOURCES.txt'
[0.827s] running build_ext
[0.827s] Creating /home/robousr/workspace/proyecto/Spatial/install/example_pkg/lib/python3.10/site-packages/example-pkg.egg-link (link to .)
[0.828s] Installing publisher_node script to /home/robousr/workspace/proyecto/Spatial/install/example_pkg/lib/example_pkg
[0.828s] Installing subscriber_node script to /home/robousr/workspace/proyecto/Spatial/install/example_pkg/lib/example_pkg
[0.829s] 
[0.829s] Installed /home/robousr/workspace/proyecto/Spatial/build/example_pkg
[0.829s] running symlink_data
[0.829s] creating /home/robousr/workspace/proyecto/Spatial/install/example_pkg/share/ament_index
[0.829s] creating /home/robousr/workspace/proyecto/Spatial/install/example_pkg/share/ament_index/resource_index
[0.829s] creating /home/robousr/workspace/proyecto/Spatial/install/example_pkg/share/ament_index/resource_index/packages
[0.829s] symbolically linking /home/robousr/workspace/proyecto/Spatial/build/example_pkg/resource/example_pkg -> /home/robousr/workspace/proyecto/Spatial/install/example_pkg/share/ament_index/resource_index/packages
[0.829s] symbolically linking /home/robousr/workspace/proyecto/Spatial/build/example_pkg/package.xml -> /home/robousr/workspace/proyecto/Spatial/install/example_pkg/share/example_pkg
[0.829s] creating /home/robousr/workspace/proyecto/Spatial/install/example_pkg/share/example_pkg/launch
[0.829s] symbolically linking /home/robousr/workspace/proyecto/Spatial/build/example_pkg/launch/launcher_copy.launch.py -> /home/robousr/workspace/proyecto/Spatial/install/example_pkg/share/example_pkg/launch
[0.829s] symbolically linking /home/robousr/workspace/proyecto/Spatial/build/example_pkg/launch/launcher.launch.py -> /home/robousr/workspace/proyecto/Spatial/install/example_pkg/share/example_pkg/launch
[0.847s] Invoked command in '/home/robousr/workspace/proyecto/Spatial/build/example_pkg' returned '0': PYTHONPATH=/home/robousr/workspace/proyecto/Spatial/build/example_pkg/prefix_override:/usr/lib/python3/dist-packages/colcon_core/task/python/colcon_distutils_commands:/home/robousr/workspace/proyecto/Spatial/install/example_pkg/lib/python3.10/site-packages:${PYTHONPATH} /usr/bin/python3 -W ignore:setup.py install is deprecated -W ignore:easy_install command is deprecated setup.py develop --editable --build-directory /home/robousr/workspace/proyecto/Spatial/build/example_pkg/build --no-deps symlink_data
