[0.601s] Invoking command in '/home/robousr/workspace/proyecto/Spatial/build/example_interfaces': CMAKE_PREFIX_PATH=${CMAKE_PREFIX_PATH}:/home/robousr/workspace/proyecto/Planar/install/example_pkg:/home/robousr/workspace/proyecto/Planar/install/example_description:/home/robousr/workspace/proyecto/Planar/install/example_control:/home/robousr/workspace/proyecto/Planar/install/example_bringup:/opt/ros/humble /usr/bin/cmake --build /home/robousr/workspace/proyecto/Spatial/build/example_interfaces -- -j4 -l4
[0.644s] [35m[1mConsolidate compiler generated dependencies of target example_interfaces__rosidl_generator_c[0m
[0.658s] [  9%] Built target example_interfaces__rosidl_generator_c
[0.666s] [ 12%] Built target example_interfaces__cpp
[0.674s] [35m[1mConsolidate compiler generated dependencies of target example_interfaces__rosidl_typesupport_fastrtps_c[0m
[0.683s] [ 12%] Built target ament_cmake_python_symlink_example_interfaces
[0.688s] [35m[1mConsolidate compiler generated dependencies of target example_interfaces__rosidl_typesupport_c[0m
[0.688s] [35m[1mConsolidate compiler generated dependencies of target example_interfaces__rosidl_typesupport_introspection_c[0m
[0.689s] [ 22%] Built target example_interfaces__rosidl_typesupport_fastrtps_c
[0.700s] [35m[1mConsolidate compiler generated dependencies of target example_interfaces__rosidl_typesupport_fastrtps_cpp[0m
[0.710s] [35m[1mConsolidate compiler generated dependencies of target example_interfaces__rosidl_typesupport_introspection_cpp[0m
[0.712s] [ 32%] Built target example_interfaces__rosidl_typesupport_introspection_c
[0.714s] [ 41%] Built target example_interfaces__rosidl_typesupport_c
[0.724s] [ 51%] Built target example_interfaces__rosidl_typesupport_fastrtps_cpp
[0.741s] [ 61%] Built target example_interfaces__rosidl_typesupport_introspection_cpp
[0.744s] [35m[1mConsolidate compiler generated dependencies of target example_interfaces__rosidl_typesupport_cpp[0m
[0.769s] [ 70%] Built target example_interfaces__rosidl_typesupport_cpp
[0.814s] [ 70%] Built target example_interfaces
[0.852s] [ 74%] Built target example_interfaces__py
[0.864s] [35m[1mConsolidate compiler generated dependencies of target example_interfaces__rosidl_generator_py[0m
[0.897s] [ 80%] Built target example_interfaces__rosidl_generator_py
[0.920s] [35m[1mConsolidate compiler generated dependencies of target example_interfaces__rosidl_typesupport_introspection_c__pyext[0m
[0.928s] [35m[1mConsolidate compiler generated dependencies of target example_interfaces__rosidl_typesupport_fastrtps_c__pyext[0m
[0.931s] [35m[1mConsolidate compiler generated dependencies of target example_interfaces__rosidl_typesupport_c__pyext[0m
[0.945s] [ 87%] Built target example_interfaces__rosidl_typesupport_introspection_c__pyext
[0.962s] [ 93%] Built target example_interfaces__rosidl_typesupport_fastrtps_c__pyext
[0.963s] [100%] Built target example_interfaces__rosidl_typesupport_c__pyext
[1.094s] running egg_info
[1.095s] writing example_interfaces.egg-info/PKG-INFO
[1.095s] writing dependency_links to example_interfaces.egg-info/dependency_links.txt
[1.095s] writing top-level names to example_interfaces.egg-info/top_level.txt
[1.097s] reading manifest file 'example_interfaces.egg-info/SOURCES.txt'
[1.097s] writing manifest file 'example_interfaces.egg-info/SOURCES.txt'
[1.116s] [100%] Built target ament_cmake_python_build_example_interfaces_egg
[1.125s] Invoked command in '/home/robousr/workspace/proyecto/Spatial/build/example_interfaces' returned '0': CMAKE_PREFIX_PATH=${CMAKE_PREFIX_PATH}:/home/robousr/workspace/proyecto/Planar/install/example_pkg:/home/robousr/workspace/proyecto/Planar/install/example_description:/home/robousr/workspace/proyecto/Planar/install/example_control:/home/robousr/workspace/proyecto/Planar/install/example_bringup:/opt/ros/humble /usr/bin/cmake --build /home/robousr/workspace/proyecto/Spatial/build/example_interfaces -- -j4 -l4
[1.133s] Invoking command in '/home/robousr/workspace/proyecto/Spatial/build/example_interfaces': CMAKE_PREFIX_PATH=${CMAKE_PREFIX_PATH}:/home/robousr/workspace/proyecto/Planar/install/example_pkg:/home/robousr/workspace/proyecto/Planar/install/example_description:/home/robousr/workspace/proyecto/Planar/install/example_control:/home/robousr/workspace/proyecto/Planar/install/example_bringup:/opt/ros/humble /usr/bin/cmake --install /home/robousr/workspace/proyecto/Spatial/build/example_interfaces
[1.140s] -- Install configuration: ""
[1.141s] -- Execute custom install script
[1.141s] -- Up-to-date symlink: /home/robousr/workspace/proyecto/Spatial/install/example_interfaces/share/ament_index/resource_index/rosidl_interfaces/example_interfaces
[1.142s] -- Up-to-date symlink: /home/robousr/workspace/proyecto/Spatial/install/example_interfaces/include/example_interfaces/example_interfaces/msg/detail/example_msg__functions.h
[1.142s] -- Up-to-date symlink: /home/robousr/workspace/proyecto/Spatial/install/example_interfaces/include/example_interfaces/example_interfaces/msg/detail/example_msg__struct.h
[1.142s] -- Up-to-date symlink: /home/robousr/workspace/proyecto/Spatial/install/example_interfaces/include/example_interfaces/example_interfaces/msg/detail/example_msg__type_support.h
[1.142s] -- Up-to-date symlink: /home/robousr/workspace/proyecto/Spatial/install/example_interfaces/include/example_interfaces/example_interfaces/msg/example_msg.h
[1.142s] -- Up-to-date symlink: /home/robousr/workspace/proyecto/Spatial/install/example_interfaces/include/example_interfaces/example_interfaces/msg/rosidl_generator_c__visibility_control.h
[1.142s] -- Up-to-date symlink: /home/robousr/workspace/proyecto/Spatial/install/example_interfaces/share/example_interfaces/environment/library_path.sh
[1.143s] -- Up-to-date symlink: /home/robousr/workspace/proyecto/Spatial/install/example_interfaces/share/example_interfaces/environment/library_path.dsv
[1.143s] -- Up-to-date symlink: /home/robousr/workspace/proyecto/Spatial/install/example_interfaces/include/example_interfaces/example_interfaces/msg/detail/example_msg__rosidl_typesupport_fastrtps_c.h
[1.143s] -- Up-to-date symlink: /home/robousr/workspace/proyecto/Spatial/install/example_interfaces/include/example_interfaces/example_interfaces/msg/rosidl_typesupport_fastrtps_c__visibility_control.h
[1.143s] -- Up-to-date symlink: /home/robousr/workspace/proyecto/Spatial/install/example_interfaces/include/example_interfaces/example_interfaces/msg/detail/example_msg__rosidl_typesupport_introspection_c.h
[1.143s] -- Up-to-date symlink: /home/robousr/workspace/proyecto/Spatial/install/example_interfaces/include/example_interfaces/example_interfaces/msg/rosidl_typesupport_introspection_c__visibility_control.h
[1.143s] -- Up-to-date symlink: /home/robousr/workspace/proyecto/Spatial/install/example_interfaces/include/example_interfaces/example_interfaces/msg/detail/example_msg__builder.hpp
[1.143s] -- Up-to-date symlink: /home/robousr/workspace/proyecto/Spatial/install/example_interfaces/include/example_interfaces/example_interfaces/msg/detail/example_msg__struct.hpp
[1.143s] -- Up-to-date symlink: /home/robousr/workspace/proyecto/Spatial/install/example_interfaces/include/example_interfaces/example_interfaces/msg/detail/example_msg__traits.hpp
[1.143s] -- Up-to-date symlink: /home/robousr/workspace/proyecto/Spatial/install/example_interfaces/include/example_interfaces/example_interfaces/msg/detail/example_msg__type_support.hpp
[1.143s] -- Up-to-date symlink: /home/robousr/workspace/proyecto/Spatial/install/example_interfaces/include/example_interfaces/example_interfaces/msg/example_msg.hpp
[1.144s] -- Up-to-date symlink: /home/robousr/workspace/proyecto/Spatial/install/example_interfaces/include/example_interfaces/example_interfaces/msg/rosidl_generator_cpp__visibility_control.hpp
[1.144s] -- Up-to-date symlink: /home/robousr/workspace/proyecto/Spatial/install/example_interfaces/include/example_interfaces/example_interfaces/msg/detail/example_msg__rosidl_typesupport_fastrtps_cpp.hpp
[1.144s] -- Up-to-date symlink: /home/robousr/workspace/proyecto/Spatial/install/example_interfaces/include/example_interfaces/example_interfaces/msg/rosidl_typesupport_fastrtps_cpp__visibility_control.h
[1.144s] -- Up-to-date symlink: /home/robousr/workspace/proyecto/Spatial/install/example_interfaces/include/example_interfaces/example_interfaces/msg/detail/example_msg__rosidl_typesupport_introspection_cpp.hpp
[1.144s] -- Up-to-date symlink: /home/robousr/workspace/proyecto/Spatial/install/example_interfaces/share/example_interfaces/environment/pythonpath.sh
[1.144s] -- Up-to-date symlink: /home/robousr/workspace/proyecto/Spatial/install/example_interfaces/share/example_interfaces/environment/pythonpath.dsv
[1.144s] -- Up-to-date symlink: /home/robousr/workspace/proyecto/Spatial/install/example_interfaces/local/lib/python3.10/dist-packages/example_interfaces-0.0.0-py3.10.egg-info/PKG-INFO
[1.144s] -- Up-to-date symlink: /home/robousr/workspace/proyecto/Spatial/install/example_interfaces/local/lib/python3.10/dist-packages/example_interfaces-0.0.0-py3.10.egg-info/SOURCES.txt
[1.145s] -- Up-to-date symlink: /home/robousr/workspace/proyecto/Spatial/install/example_interfaces/local/lib/python3.10/dist-packages/example_interfaces-0.0.0-py3.10.egg-info/dependency_links.txt
[1.145s] -- Up-to-date symlink: /home/robousr/workspace/proyecto/Spatial/install/example_interfaces/local/lib/python3.10/dist-packages/example_interfaces-0.0.0-py3.10.egg-info/top_level.txt
[1.145s] -- Up-to-date symlink: /home/robousr/workspace/proyecto/Spatial/install/example_interfaces/local/lib/python3.10/dist-packages/example_interfaces/__init__.py
[1.145s] -- Up-to-date symlink: /home/robousr/workspace/proyecto/Spatial/install/example_interfaces/local/lib/python3.10/dist-packages/example_interfaces/_example_interfaces_s.ep.rosidl_typesupport_c.c
[1.145s] -- Up-to-date symlink: /home/robousr/workspace/proyecto/Spatial/install/example_interfaces/local/lib/python3.10/dist-packages/example_interfaces/_example_interfaces_s.ep.rosidl_typesupport_fastrtps_c.c
[1.145s] -- Up-to-date symlink: /home/robousr/workspace/proyecto/Spatial/install/example_interfaces/local/lib/python3.10/dist-packages/example_interfaces/_example_interfaces_s.ep.rosidl_typesupport_introspection_c.c
[1.145s] -- Up-to-date symlink: /home/robousr/workspace/proyecto/Spatial/install/example_interfaces/local/lib/python3.10/dist-packages/example_interfaces/example_interfaces_s__rosidl_typesupport_c.cpython-310-x86_64-linux-gnu.so
[1.146s] -- Up-to-date symlink: /home/robousr/workspace/proyecto/Spatial/install/example_interfaces/local/lib/python3.10/dist-packages/example_interfaces/example_interfaces_s__rosidl_typesupport_fastrtps_c.cpython-310-x86_64-linux-gnu.so
[1.146s] -- Up-to-date symlink: /home/robousr/workspace/proyecto/Spatial/install/example_interfaces/local/lib/python3.10/dist-packages/example_interfaces/example_interfaces_s__rosidl_typesupport_introspection_c.cpython-310-x86_64-linux-gnu.so
[1.146s] -- Up-to-date symlink: /home/robousr/workspace/proyecto/Spatial/install/example_interfaces/local/lib/python3.10/dist-packages/example_interfaces/libexample_interfaces__rosidl_generator_py.so
[1.146s] -- Up-to-date symlink: /home/robousr/workspace/proyecto/Spatial/install/example_interfaces/local/lib/python3.10/dist-packages/example_interfaces/msg/__init__.py
[1.146s] -- Up-to-date symlink: /home/robousr/workspace/proyecto/Spatial/install/example_interfaces/local/lib/python3.10/dist-packages/example_interfaces/msg/_example_msg.py
[1.146s] -- Up-to-date symlink: /home/robousr/workspace/proyecto/Spatial/install/example_interfaces/local/lib/python3.10/dist-packages/example_interfaces/msg/_example_msg_s.c
[1.147s] -- Up-to-date symlink: /home/robousr/workspace/proyecto/Spatial/install/example_interfaces/local/lib/python3.10/dist-packages/example_interfaces/example_interfaces_s__rosidl_typesupport_fastrtps_c.cpython-310-x86_64-linux-gnu.so
[1.147s] -- Up-to-date symlink: /home/robousr/workspace/proyecto/Spatial/install/example_interfaces/local/lib/python3.10/dist-packages/example_interfaces/example_interfaces_s__rosidl_typesupport_introspection_c.cpython-310-x86_64-linux-gnu.so
[1.147s] -- Up-to-date symlink: /home/robousr/workspace/proyecto/Spatial/install/example_interfaces/local/lib/python3.10/dist-packages/example_interfaces/example_interfaces_s__rosidl_typesupport_c.cpython-310-x86_64-linux-gnu.so
[1.147s] -- Up-to-date symlink: /home/robousr/workspace/proyecto/Spatial/install/example_interfaces/share/example_interfaces/msg/ExampleMsg.idl
[1.147s] -- Up-to-date symlink: /home/robousr/workspace/proyecto/Spatial/install/example_interfaces/share/example_interfaces/msg/ExampleMsg.msg
[1.148s] -- Up-to-date symlink: /home/robousr/workspace/proyecto/Spatial/install/example_interfaces/share/ament_index/resource_index/package_run_dependencies/example_interfaces
[1.148s] -- Up-to-date symlink: /home/robousr/workspace/proyecto/Spatial/install/example_interfaces/share/ament_index/resource_index/parent_prefix_path/example_interfaces
[1.148s] -- Up-to-date symlink: /home/robousr/workspace/proyecto/Spatial/install/example_interfaces/share/example_interfaces/environment/ament_prefix_path.sh
[1.148s] -- Up-to-date symlink: /home/robousr/workspace/proyecto/Spatial/install/example_interfaces/share/example_interfaces/environment/ament_prefix_path.dsv
[1.148s] -- Up-to-date symlink: /home/robousr/workspace/proyecto/Spatial/install/example_interfaces/share/example_interfaces/environment/path.sh
[1.148s] -- Up-to-date symlink: /home/robousr/workspace/proyecto/Spatial/install/example_interfaces/share/example_interfaces/environment/path.dsv
[1.148s] -- Up-to-date symlink: /home/robousr/workspace/proyecto/Spatial/install/example_interfaces/share/example_interfaces/local_setup.bash
[1.148s] -- Up-to-date symlink: /home/robousr/workspace/proyecto/Spatial/install/example_interfaces/share/example_interfaces/local_setup.sh
[1.148s] -- Up-to-date symlink: /home/robousr/workspace/proyecto/Spatial/install/example_interfaces/share/example_interfaces/local_setup.zsh
[1.148s] -- Up-to-date symlink: /home/robousr/workspace/proyecto/Spatial/install/example_interfaces/share/example_interfaces/local_setup.dsv
[1.149s] -- Symlinking: /home/robousr/workspace/proyecto/Spatial/install/example_interfaces/share/example_interfaces/package.dsv
[1.156s] -- Up-to-date symlink: /home/robousr/workspace/proyecto/Spatial/install/example_interfaces/share/ament_index/resource_index/packages/example_interfaces
[1.156s] -- Up-to-date symlink: /home/robousr/workspace/proyecto/Spatial/install/example_interfaces/share/example_interfaces/cmake/rosidl_cmake-extras.cmake
[1.156s] -- Up-to-date symlink: /home/robousr/workspace/proyecto/Spatial/install/example_interfaces/share/example_interfaces/cmake/ament_cmake_export_dependencies-extras.cmake
[1.156s] -- Up-to-date symlink: /home/robousr/workspace/proyecto/Spatial/install/example_interfaces/share/example_interfaces/cmake/ament_cmake_export_include_directories-extras.cmake
[1.157s] -- Up-to-date symlink: /home/robousr/workspace/proyecto/Spatial/install/example_interfaces/share/example_interfaces/cmake/ament_cmake_export_libraries-extras.cmake
[1.157s] -- Up-to-date symlink: /home/robousr/workspace/proyecto/Spatial/install/example_interfaces/share/example_interfaces/cmake/ament_cmake_export_targets-extras.cmake
[1.157s] -- Up-to-date symlink: /home/robousr/workspace/proyecto/Spatial/install/example_interfaces/share/example_interfaces/cmake/rosidl_cmake_export_typesupport_targets-extras.cmake
[1.157s] -- Up-to-date symlink: /home/robousr/workspace/proyecto/Spatial/install/example_interfaces/share/example_interfaces/cmake/rosidl_cmake_export_typesupport_libraries-extras.cmake
[1.158s] -- Up-to-date symlink: /home/robousr/workspace/proyecto/Spatial/install/example_interfaces/share/example_interfaces/cmake/example_interfacesConfig.cmake
[1.158s] -- Up-to-date symlink: /home/robousr/workspace/proyecto/Spatial/install/example_interfaces/share/example_interfaces/cmake/example_interfacesConfig-version.cmake
[1.158s] -- Up-to-date symlink: /home/robousr/workspace/proyecto/Spatial/install/example_interfaces/share/example_interfaces/package.xml
[1.158s] -- Up-to-date: /home/robousr/workspace/proyecto/Spatial/install/example_interfaces/lib/libexample_interfaces__rosidl_generator_c.so
[1.159s] -- Up-to-date: /home/robousr/workspace/proyecto/Spatial/install/example_interfaces/lib/libexample_interfaces__rosidl_typesupport_fastrtps_c.so
[1.159s] -- Up-to-date: /home/robousr/workspace/proyecto/Spatial/install/example_interfaces/lib/libexample_interfaces__rosidl_typesupport_introspection_c.so
[1.160s] -- Up-to-date: /home/robousr/workspace/proyecto/Spatial/install/example_interfaces/lib/libexample_interfaces__rosidl_typesupport_c.so
[1.160s] -- Up-to-date: /home/robousr/workspace/proyecto/Spatial/install/example_interfaces/lib/libexample_interfaces__rosidl_typesupport_fastrtps_cpp.so
[1.160s] -- Up-to-date: /home/robousr/workspace/proyecto/Spatial/install/example_interfaces/lib/libexample_interfaces__rosidl_typesupport_introspection_cpp.so
[1.161s] -- Up-to-date: /home/robousr/workspace/proyecto/Spatial/install/example_interfaces/lib/libexample_interfaces__rosidl_typesupport_cpp.so
[1.234s] Listing '/home/robousr/workspace/proyecto/Spatial/install/example_interfaces/local/lib/python3.10/dist-packages/example_interfaces'...
[1.234s] Listing '/home/robousr/workspace/proyecto/Spatial/install/example_interfaces/local/lib/python3.10/dist-packages/example_interfaces/msg'...
[1.238s] -- Up-to-date: /home/robousr/workspace/proyecto/Spatial/install/example_interfaces/lib/libexample_interfaces__rosidl_generator_py.so
[1.238s] -- Up-to-date: /home/robousr/workspace/proyecto/Spatial/install/example_interfaces/share/example_interfaces/cmake/export_example_interfaces__rosidl_generator_cExport.cmake
[1.238s] -- Up-to-date: /home/robousr/workspace/proyecto/Spatial/install/example_interfaces/share/example_interfaces/cmake/export_example_interfaces__rosidl_generator_cExport-noconfig.cmake
[1.239s] -- Up-to-date: /home/robousr/workspace/proyecto/Spatial/install/example_interfaces/share/example_interfaces/cmake/export_example_interfaces__rosidl_typesupport_fastrtps_cExport.cmake
[1.239s] -- Up-to-date: /home/robousr/workspace/proyecto/Spatial/install/example_interfaces/share/example_interfaces/cmake/export_example_interfaces__rosidl_typesupport_fastrtps_cExport-noconfig.cmake
[1.239s] -- Up-to-date: /home/robousr/workspace/proyecto/Spatial/install/example_interfaces/share/example_interfaces/cmake/example_interfaces__rosidl_typesupport_introspection_cExport.cmake
[1.239s] -- Up-to-date: /home/robousr/workspace/proyecto/Spatial/install/example_interfaces/share/example_interfaces/cmake/example_interfaces__rosidl_typesupport_introspection_cExport-noconfig.cmake
[1.239s] -- Up-to-date: /home/robousr/workspace/proyecto/Spatial/install/example_interfaces/share/example_interfaces/cmake/example_interfaces__rosidl_typesupport_cExport.cmake
[1.239s] -- Up-to-date: /home/robousr/workspace/proyecto/Spatial/install/example_interfaces/share/example_interfaces/cmake/example_interfaces__rosidl_typesupport_cExport-noconfig.cmake
[1.240s] -- Up-to-date: /home/robousr/workspace/proyecto/Spatial/install/example_interfaces/share/example_interfaces/cmake/export_example_interfaces__rosidl_generator_cppExport.cmake
[1.240s] -- Up-to-date: /home/robousr/workspace/proyecto/Spatial/install/example_interfaces/share/example_interfaces/cmake/export_example_interfaces__rosidl_typesupport_fastrtps_cppExport.cmake
[1.240s] -- Up-to-date: /home/robousr/workspace/proyecto/Spatial/install/example_interfaces/share/example_interfaces/cmake/export_example_interfaces__rosidl_typesupport_fastrtps_cppExport-noconfig.cmake
[1.240s] -- Up-to-date: /home/robousr/workspace/proyecto/Spatial/install/example_interfaces/share/example_interfaces/cmake/example_interfaces__rosidl_typesupport_introspection_cppExport.cmake
[1.240s] -- Up-to-date: /home/robousr/workspace/proyecto/Spatial/install/example_interfaces/share/example_interfaces/cmake/example_interfaces__rosidl_typesupport_introspection_cppExport-noconfig.cmake
[1.240s] -- Up-to-date: /home/robousr/workspace/proyecto/Spatial/install/example_interfaces/share/example_interfaces/cmake/example_interfaces__rosidl_typesupport_cppExport.cmake
[1.240s] -- Up-to-date: /home/robousr/workspace/proyecto/Spatial/install/example_interfaces/share/example_interfaces/cmake/example_interfaces__rosidl_typesupport_cppExport-noconfig.cmake
[1.241s] -- Up-to-date: /home/robousr/workspace/proyecto/Spatial/install/example_interfaces/share/example_interfaces/cmake/export_example_interfaces__rosidl_generator_pyExport.cmake
[1.241s] -- Up-to-date: /home/robousr/workspace/proyecto/Spatial/install/example_interfaces/share/example_interfaces/cmake/export_example_interfaces__rosidl_generator_pyExport-noconfig.cmake
[1.245s] Invoked command in '/home/robousr/workspace/proyecto/Spatial/build/example_interfaces' returned '0': CMAKE_PREFIX_PATH=${CMAKE_PREFIX_PATH}:/home/robousr/workspace/proyecto/Planar/install/example_pkg:/home/robousr/workspace/proyecto/Planar/install/example_description:/home/robousr/workspace/proyecto/Planar/install/example_control:/home/robousr/workspace/proyecto/Planar/install/example_bringup:/opt/ros/humble /usr/bin/cmake --install /home/robousr/workspace/proyecto/Spatial/build/example_interfaces
